2023-08-19 19:14:46.077 [info] Extension host with pid 858 started
2023-08-19 19:14:46.092 [error] Error: EEXIST: file already exists, open '/var/www/.local/share/code-server/User/workspaceStorage/5e324e47/vscode.lock'
2023-08-19 19:14:46.094 [info] Lock '/var/www/.local/share/code-server/User/workspaceStorage/5e324e47/vscode.lock': Could not acquire lock, checking if the file is stale.
2023-08-19 19:14:46.101 [info] Lock '/var/www/.local/share/code-server/User/workspaceStorage/5e324e47/vscode.lock': The pid 722 appears to be gone.
2023-08-19 19:14:46.101 [info] Lock '/var/www/.local/share/code-server/User/workspaceStorage/5e324e47/vscode.lock': Deleting a stale lock.
2023-08-19 19:14:46.104 [info] Lock '/var/www/.local/share/code-server/User/workspaceStorage/5e324e47/vscode.lock': Lock acquired.
2023-08-19 19:14:46.213 [info] ExtensionService#_doActivateExtension vscode.php-language-features, startup: false, activationEvent: 'onLanguage:php'
2023-08-19 19:14:46.214 [info] ExtensionService#_doActivateExtension vscode.emmet, startup: false, activationEvent: 'onLanguage'
2023-08-19 19:14:46.558 [info] ExtensionService#_doActivateExtension vscode.git-base, startup: true, activationEvent: '*', root cause: vscode.git
2023-08-19 19:14:46.616 [info] ExtensionService#_doActivateExtension vscode.git, startup: true, activationEvent: '*'
2023-08-19 19:14:46.617 [info] ExtensionService#_doActivateExtension vscode.github, startup: true, activationEvent: '*'
2023-08-19 19:14:46.825 [info] Eager extensions activated
2023-08-19 19:14:46.826 [info] ExtensionService#_doActivateExtension vscode.debug-auto-launch, startup: false, activationEvent: 'onStartupFinished'
2023-08-19 19:14:46.826 [info] ExtensionService#_doActivateExtension vscode.merge-conflict, startup: false, activationEvent: 'onStartupFinished'
2023-08-19 20:55:42.886 [warning] [Decorations] CAPPING events from decorations provider vscode.git 251
2023-08-19 20:55:48.079 [warning] [Decorations] CAPPING events from decorations provider vscode.git 251
2023-08-19 20:55:53.273 [warning] [Decorations] CAPPING events from decorations provider vscode.git 251
2023-08-19 20:55:58.461 [warning] [Decorations] CAPPING events from decorations provider vscode.git 251
2023-08-19 20:56:03.655 [warning] [Decorations] CAPPING events from decorations provider vscode.git 251
2023-08-19 20:56:08.837 [warning] [Decorations] CAPPING events from decorations provider vscode.git 251
2023-08-19 20:56:14.034 [warning] [Decorations] CAPPING events from decorations provider vscode.git 251
2023-08-19 20:56:19.242 [warning] [Decorations] CAPPING events from decorations provider vscode.git 251
2023-08-19 20:56:24.639 [warning] [Decorations] CAPPING events from decorations provider vscode.git 251
2023-08-19 20:56:29.842 [warning] [Decorations] CAPPING events from decorations provider vscode.git 251
2023-08-19 20:56:35.038 [warning] [Decorations] CAPPING events from decorations provider vscode.git 251
2023-08-19 20:56:40.219 [warning] [Decorations] CAPPING events from decorations provider vscode.git 251
2023-08-19 20:56:45.408 [warning] [Decorations] CAPPING events from decorations provider vscode.git 251
2023-08-19 20:56:50.601 [warning] [Decorations] CAPPING events from decorations provider vscode.git 251
2023-08-19 20:56:55.800 [warning] [Decorations] CAPPING events from decorations provider vscode.git 251
2023-08-19 20:57:00.986 [warning] [Decorations] CAPPING events from decorations provider vscode.git 251
2023-08-19 20:57:06.182 [warning] [Decorations] CAPPING events from decorations provider vscode.git 251
2023-08-19 20:57:11.374 [warning] [Decorations] CAPPING events from decorations provider vscode.git 251
2023-08-19 20:57:16.571 [warning] [Decorations] CAPPING events from decorations provider vscode.git 251
2023-08-19 20:57:21.766 [warning] [Decorations] CAPPING events from decorations provider vscode.git 251
2023-08-19 20:57:27.136 [warning] [Decorations] CAPPING events from decorations provider vscode.git 254
2023-08-19 20:57:32.327 [warning] [Decorations] CAPPING events from decorations provider vscode.git 254
2023-08-19 20:57:37.507 [warning] [Decorations] CAPPING events from decorations provider vscode.git 254
2023-08-19 20:57:42.703 [warning] [Decorations] CAPPING events from decorations provider vscode.git 254
2023-08-19 20:57:54.021 [warning] [Decorations] CAPPING events from decorations provider vscode.git 257
2023-08-19 20:57:59.214 [warning] [Decorations] CAPPING events from decorations provider vscode.git 257
2023-08-19 20:58:04.409 [warning] [Decorations] CAPPING events from decorations provider vscode.git 260
2023-08-19 20:58:14.033 [warning] [Decorations] CAPPING events from decorations provider vscode.git 260
2023-08-19 20:58:19.223 [warning] [Decorations] CAPPING events from decorations provider vscode.git 260
2023-08-19 20:58:24.416 [warning] [Decorations] CAPPING events from decorations provider vscode.git 260
2023-08-19 20:58:29.813 [warning] [Decorations] CAPPING events from decorations provider vscode.git 260
2023-08-19 20:58:35.010 [warning] [Decorations] CAPPING events from decorations provider vscode.git 260
2023-08-19 20:58:40.199 [warning] [Decorations] CAPPING events from decorations provider vscode.git 260
2023-08-19 20:58:45.381 [warning] [Decorations] CAPPING events from decorations provider vscode.git 260
2023-08-19 20:58:50.574 [warning] [Decorations] CAPPING events from decorations provider vscode.git 260
2023-08-19 20:58:55.762 [warning] [Decorations] CAPPING events from decorations provider vscode.git 260
2023-08-19 20:59:00.941 [warning] [Decorations] CAPPING events from decorations provider vscode.git 260
2023-08-19 21:02:45.145 [warning] [Decorations] CAPPING events from decorations provider vscode.git 260
2023-08-19 21:02:50.358 [warning] [Decorations] CAPPING events from decorations provider vscode.git 260
2023-08-19 21:02:55.567 [warning] [Decorations] CAPPING events from decorations provider vscode.git 260
2023-08-19 21:03:00.768 [warning] [Decorations] CAPPING events from decorations provider vscode.git 260
2023-08-19 21:03:05.948 [warning] [Decorations] CAPPING events from decorations provider vscode.git 260
2023-08-19 21:03:11.127 [warning] [Decorations] CAPPING events from decorations provider vscode.git 260
2023-08-19 21:03:16.352 [warning] [Decorations] CAPPING events from decorations provider vscode.git 260
2023-08-19 21:03:21.542 [warning] [Decorations] CAPPING events from decorations provider vscode.git 260
2023-08-19 21:03:26.735 [warning] [Decorations] CAPPING events from decorations provider vscode.git 260
2023-08-19 21:03:31.920 [warning] [Decorations] CAPPING events from decorations provider vscode.git 260
2023-08-19 21:03:37.118 [warning] [Decorations] CAPPING events from decorations provider vscode.git 260
2023-08-19 21:03:42.308 [warning] [Decorations] CAPPING events from decorations provider vscode.git 260
2023-08-19 21:03:47.667 [warning] [Decorations] CAPPING events from decorations provider vscode.git 260
2023-08-19 21:03:52.851 [warning] [Decorations] CAPPING events from decorations provider vscode.git 260
2023-08-19 21:03:58.042 [warning] [Decorations] CAPPING events from decorations provider vscode.git 260
2023-08-19 21:04:03.230 [warning] [Decorations] CAPPING events from decorations provider vscode.git 260
2023-08-19 21:04:08.427 [warning] [Decorations] CAPPING events from decorations provider vscode.git 260
2023-08-19 21:04:13.623 [warning] [Decorations] CAPPING events from decorations provider vscode.git 260
2023-08-19 21:04:18.818 [warning] [Decorations] CAPPING events from decorations provider vscode.git 260
2023-08-19 21:04:24.254 [warning] [Decorations] CAPPING events from decorations provider vscode.git 263
2023-08-19 21:04:29.449 [warning] [Decorations] CAPPING events from decorations provider vscode.git 263
2023-08-19 21:04:34.636 [warning] [Decorations] CAPPING events from decorations provider vscode.git 263
2023-08-19 21:04:39.813 [warning] [Decorations] CAPPING events from decorations provider vscode.git 263
2023-08-19 21:04:44.993 [warning] [Decorations] CAPPING events from decorations provider vscode.git 263
2023-08-19 21:04:50.375 [warning] [Decorations] CAPPING events from decorations provider vscode.git 263
2023-08-19 21:04:55.571 [warning] [Decorations] CAPPING events from decorations provider vscode.git 263
2023-08-19 21:05:00.783 [warning] [Decorations] CAPPING events from decorations provider vscode.git 266
2023-08-19 21:05:05.967 [warning] [Decorations] CAPPING events from decorations provider vscode.git 266
2023-08-19 21:05:11.161 [warning] [Decorations] CAPPING events from decorations provider vscode.git 266
2023-08-19 21:05:16.354 [warning] [Decorations] CAPPING events from decorations provider vscode.git 266
2023-08-19 21:05:21.534 [warning] [Decorations] CAPPING events from decorations provider vscode.git 269
2023-08-19 21:05:26.721 [warning] [Decorations] CAPPING events from decorations provider vscode.git 269
2023-08-19 21:05:31.902 [warning] [Decorations] CAPPING events from decorations provider vscode.git 269
2023-08-19 21:05:37.090 [warning] [Decorations] CAPPING events from decorations provider vscode.git 269
2023-08-19 21:05:42.293 [warning] [Decorations] CAPPING events from decorations provider vscode.git 269
2023-08-19 21:05:47.483 [warning] [Decorations] CAPPING events from decorations provider vscode.git 269
2023-08-19 21:05:52.836 [warning] [Decorations] CAPPING events from decorations provider vscode.git 269
2023-08-19 21:05:58.031 [warning] [Decorations] CAPPING events from decorations provider vscode.git 269
2023-08-19 21:06:03.226 [warning] [Decorations] CAPPING events from decorations provider vscode.git 269
2023-08-19 21:06:08.414 [warning] [Decorations] CAPPING events from decorations provider vscode.git 269
2023-08-19 21:06:13.604 [warning] [Decorations] CAPPING events from decorations provider vscode.git 269
2023-08-19 21:06:18.786 [warning] [Decorations] CAPPING events from decorations provider vscode.git 269
2023-08-19 21:06:23.973 [warning] [Decorations] CAPPING events from decorations provider vscode.git 269
2023-08-19 21:06:29.163 [warning] [Decorations] CAPPING events from decorations provider vscode.git 269
2023-08-19 21:06:34.361 [warning] [Decorations] CAPPING events from decorations provider vscode.git 269
2023-08-19 21:06:39.540 [warning] [Decorations] CAPPING events from decorations provider vscode.git 269
2023-08-19 21:06:44.716 [warning] [Decorations] CAPPING events from decorations provider vscode.git 269
2023-08-19 21:06:49.899 [warning] [Decorations] CAPPING events from decorations provider vscode.git 269
2023-08-19 21:06:55.299 [warning] [Decorations] CAPPING events from decorations provider vscode.git 269
2023-08-19 21:07:00.509 [warning] [Decorations] CAPPING events from decorations provider vscode.git 269
2023-08-19 21:07:05.705 [warning] [Decorations] CAPPING events from decorations provider vscode.git 269
2023-08-19 21:07:10.886 [warning] [Decorations] CAPPING events from decorations provider vscode.git 269
2023-08-19 21:07:16.065 [warning] [Decorations] CAPPING events from decorations provider vscode.git 269
2023-08-19 21:07:21.263 [warning] [Decorations] CAPPING events from decorations provider vscode.git 269
2023-08-19 21:07:26.471 [warning] [Decorations] CAPPING events from decorations provider vscode.git 269
2023-08-19 21:07:31.707 [warning] [Decorations] CAPPING events from decorations provider vscode.git 269
2023-08-19 21:07:36.889 [warning] [Decorations] CAPPING events from decorations provider vscode.git 269
2023-08-19 21:07:42.359 [warning] [Decorations] CAPPING events from decorations provider vscode.git 272
2023-08-19 21:07:47.552 [warning] [Decorations] CAPPING events from decorations provider vscode.git 272
2023-08-19 21:07:52.757 [warning] [Decorations] CAPPING events from decorations provider vscode.git 272
2023-08-19 21:07:58.134 [warning] [Decorations] CAPPING events from decorations provider vscode.git 272
2023-08-19 21:08:03.324 [warning] [Decorations] CAPPING events from decorations provider vscode.git 272
2023-08-19 21:08:08.537 [warning] [Decorations] CAPPING events from decorations provider vscode.git 272
2023-08-19 21:08:13.730 [warning] [Decorations] CAPPING events from decorations provider vscode.git 272
2023-08-19 21:08:18.916 [warning] [Decorations] CAPPING events from decorations provider vscode.git 272
2023-08-19 21:08:24.101 [warning] [Decorations] CAPPING events from decorations provider vscode.git 275
2023-08-19 21:08:29.302 [warning] [Decorations] CAPPING events from decorations provider vscode.git 275
2023-08-19 21:08:34.490 [warning] [Decorations] CAPPING events from decorations provider vscode.git 275
2023-08-19 21:08:39.688 [warning] [Decorations] CAPPING events from decorations provider vscode.git 275
2023-08-19 21:08:44.873 [warning] [Decorations] CAPPING events from decorations provider vscode.git 278
2023-08-19 21:08:50.062 [warning] [Decorations] CAPPING events from decorations provider vscode.git 278
2023-08-19 21:08:55.261 [warning] [Decorations] CAPPING events from decorations provider vscode.git 278
2023-08-19 21:09:00.637 [warning] [Decorations] CAPPING events from decorations provider vscode.git 278
2023-08-19 21:09:05.828 [warning] [Decorations] CAPPING events from decorations provider vscode.git 278
2023-08-19 21:09:11.020 [warning] [Decorations] CAPPING events from decorations provider vscode.git 278
2023-08-19 21:09:16.226 [warning] [Decorations] CAPPING events from decorations provider vscode.git 278
2023-08-19 21:09:21.416 [warning] [Decorations] CAPPING events from decorations provider vscode.git 278
2023-08-19 21:09:26.613 [warning] [Decorations] CAPPING events from decorations provider vscode.git 279
2023-08-19 21:09:31.798 [warning] [Decorations] CAPPING events from decorations provider vscode.git 281
2023-08-19 21:09:36.982 [warning] [Decorations] CAPPING events from decorations provider vscode.git 281
2023-08-19 21:09:42.196 [warning] [Decorations] CAPPING events from decorations provider vscode.git 281
2023-08-19 21:09:47.392 [warning] [Decorations] CAPPING events from decorations provider vscode.git 281
2023-08-19 21:09:52.604 [warning] [Decorations] CAPPING events from decorations provider vscode.git 284
2023-08-19 21:09:57.803 [warning] [Decorations] CAPPING events from decorations provider vscode.git 284
2023-08-19 21:10:03.285 [warning] [Decorations] CAPPING events from decorations provider vscode.git 284
2023-08-19 21:10:08.495 [warning] [Decorations] CAPPING events from decorations provider vscode.git 284
2023-08-19 21:10:13.698 [warning] [Decorations] CAPPING events from decorations provider vscode.git 284
2023-08-19 21:10:18.893 [warning] [Decorations] CAPPING events from decorations provider vscode.git 284
2023-08-19 21:10:24.075 [warning] [Decorations] CAPPING events from decorations provider vscode.git 284
2023-08-19 21:10:29.267 [warning] [Decorations] CAPPING events from decorations provider vscode.git 284
2023-08-19 21:10:34.466 [warning] [Decorations] CAPPING events from decorations provider vscode.git 284
2023-08-19 21:10:39.642 [warning] [Decorations] CAPPING events from decorations provider vscode.git 284
2023-08-19 21:10:44.846 [warning] [Decorations] CAPPING events from decorations provider vscode.git 284
2023-08-19 21:10:50.046 [warning] [Decorations] CAPPING events from decorations provider vscode.git 284
2023-08-19 21:10:55.268 [warning] [Decorations] CAPPING events from decorations provider vscode.git 284
2023-08-19 21:11:00.483 [warning] [Decorations] CAPPING events from decorations provider vscode.git 284
2023-08-19 21:11:05.840 [warning] [Decorations] CAPPING events from decorations provider vscode.git 284
2023-08-19 21:11:11.033 [warning] [Decorations] CAPPING events from decorations provider vscode.git 284
2023-08-19 21:11:16.224 [warning] [Decorations] CAPPING events from decorations provider vscode.git 284
2023-08-19 21:11:21.418 [warning] [Decorations] CAPPING events from decorations provider vscode.git 284
2023-08-19 21:11:26.605 [warning] [Decorations] CAPPING events from decorations provider vscode.git 284
2023-08-19 21:11:31.789 [warning] [Decorations] CAPPING events from decorations provider vscode.git 284
2023-08-19 21:11:36.970 [warning] [Decorations] CAPPING events from decorations provider vscode.git 284
2023-08-19 21:11:42.156 [warning] [Decorations] CAPPING events from decorations provider vscode.git 284
2023-08-19 21:11:47.357 [warning] [Decorations] CAPPING events from decorations provider vscode.git 284
2023-08-19 21:11:52.550 [warning] [Decorations] CAPPING events from decorations provider vscode.git 284
2023-08-19 21:11:57.748 [warning] [Decorations] CAPPING events from decorations provider vscode.git 284
2023-08-19 21:12:02.949 [warning] [Decorations] CAPPING events from decorations provider vscode.git 284
2023-08-19 21:12:08.317 [warning] [Decorations] CAPPING events from decorations provider vscode.git 284
2023-08-19 21:12:13.533 [warning] [Decorations] CAPPING events from decorations provider vscode.git 284
2023-08-19 21:12:18.737 [warning] [Decorations] CAPPING events from decorations provider vscode.git 284
2023-08-19 21:12:23.942 [warning] [Decorations] CAPPING events from decorations provider vscode.git 284
2023-08-19 21:12:29.131 [warning] [Decorations] CAPPING events from decorations provider vscode.git 284
2023-08-19 21:12:34.336 [warning] [Decorations] CAPPING events from decorations provider vscode.git 284
2023-08-19 21:12:39.519 [warning] [Decorations] CAPPING events from decorations provider vscode.git 284
2023-08-19 21:12:44.702 [warning] [Decorations] CAPPING events from decorations provider vscode.git 284
2023-08-19 21:12:49.886 [warning] [Decorations] CAPPING events from decorations provider vscode.git 284
2023-08-19 21:12:55.090 [warning] [Decorations] CAPPING events from decorations provider vscode.git 284
2023-08-19 21:13:00.289 [warning] [Decorations] CAPPING events from decorations provider vscode.git 284
2023-08-19 21:13:05.486 [warning] [Decorations] CAPPING events from decorations provider vscode.git 284
2023-08-19 21:13:10.858 [warning] [Decorations] CAPPING events from decorations provider vscode.git 284
2023-08-19 21:13:16.044 [warning] [Decorations] CAPPING events from decorations provider vscode.git 284
2023-08-19 21:13:21.239 [warning] [Decorations] CAPPING events from decorations provider vscode.git 284
2023-08-19 21:13:26.442 [warning] [Decorations] CAPPING events from decorations provider vscode.git 284
2023-08-19 21:13:31.636 [warning] [Decorations] CAPPING events from decorations provider vscode.git 284
2023-08-19 21:13:36.826 [warning] [Decorations] CAPPING events from decorations provider vscode.git 284
2023-08-19 21:13:42.015 [warning] [Decorations] CAPPING events from decorations provider vscode.git 284
2023-08-19 21:13:47.202 [warning] [Decorations] CAPPING events from decorations provider vscode.git 284
2023-08-19 21:13:52.404 [warning] [Decorations] CAPPING events from decorations provider vscode.git 284
2023-08-19 21:13:57.601 [warning] [Decorations] CAPPING events from decorations provider vscode.git 284
2023-08-19 21:14:02.814 [warning] [Decorations] CAPPING events from decorations provider vscode.git 284
2023-08-19 21:14:08.006 [warning] [Decorations] CAPPING events from decorations provider vscode.git 284
2023-08-19 21:14:13.385 [warning] [Decorations] CAPPING events from decorations provider vscode.git 284
2023-08-19 21:14:18.580 [warning] [Decorations] CAPPING events from decorations provider vscode.git 284
2023-08-19 21:14:22.850 [info] ExtensionService#_doActivateExtension vscode.npm, startup: false, activationEvent: 'onTerminalQuickFixRequest:ms-vscode.npm-command'
2023-08-19 21:14:23.821 [warning] [Decorations] CAPPING events from decorations provider vscode.git 285
2023-08-19 21:14:29.019 [warning] [Decorations] CAPPING events from decorations provider vscode.git 285
2023-08-19 21:14:34.483 [warning] [Decorations] CAPPING events from decorations provider vscode.git 285
2023-08-19 21:14:39.688 [warning] [Decorations] CAPPING events from decorations provider vscode.git 285
2023-08-19 21:14:44.880 [warning] [Decorations] CAPPING events from decorations provider vscode.git 285
2023-08-19 21:14:50.075 [warning] [Decorations] CAPPING events from decorations provider vscode.git 285
2023-08-19 21:14:55.290 [warning] [Decorations] CAPPING events from decorations provider vscode.git 285
2023-08-19 21:15:00.527 [warning] [Decorations] CAPPING events from decorations provider vscode.git 285
2023-08-19 21:15:05.735 [warning] [Decorations] CAPPING events from decorations provider vscode.git 285
2023-08-19 21:15:10.958 [warning] [Decorations] CAPPING events from decorations provider vscode.git 285
2023-08-19 21:15:16.352 [warning] [Decorations] CAPPING events from decorations provider vscode.git 285
2023-08-19 21:15:21.555 [warning] [Decorations] CAPPING events from decorations provider vscode.git 285
2023-08-19 21:15:26.762 [warning] [Decorations] CAPPING events from decorations provider vscode.git 281
2023-08-19 21:15:31.958 [warning] [Decorations] CAPPING events from decorations provider vscode.git 281
2023-08-19 21:15:37.153 [warning] [Decorations] CAPPING events from decorations provider vscode.git 281
2023-08-19 21:15:42.362 [warning] [Decorations] CAPPING events from decorations provider vscode.git 281
2023-08-19 21:15:47.565 [warning] [Decorations] CAPPING events from decorations provider vscode.git 281
2023-08-19 21:15:52.805 [warning] [Decorations] CAPPING events from decorations provider vscode.git 281
2023-08-19 21:15:58.033 [warning] [Decorations] CAPPING events from decorations provider vscode.git 281
2023-08-19 21:16:03.252 [warning] [Decorations] CAPPING events from decorations provider vscode.git 281
2023-08-19 21:16:08.471 [warning] [Decorations] CAPPING events from decorations provider vscode.git 281
2023-08-19 21:16:13.674 [warning] [Decorations] CAPPING events from decorations provider vscode.git 281
2023-08-19 21:16:19.056 [warning] [Decorations] CAPPING events from decorations provider vscode.git 281
2023-08-19 21:16:24.275 [warning] [Decorations] CAPPING events from decorations provider vscode.git 281
2023-08-19 21:16:29.478 [warning] [Decorations] CAPPING events from decorations provider vscode.git 281
2023-08-19 21:16:34.673 [warning] [Decorations] CAPPING events from decorations provider vscode.git 281
2023-08-19 21:16:39.872 [warning] [Decorations] CAPPING events from decorations provider vscode.git 281
2023-08-19 21:16:45.083 [warning] [Decorations] CAPPING events from decorations provider vscode.git 281
2023-08-19 21:16:50.293 [warning] [Decorations] CAPPING events from decorations provider vscode.git 281
2023-08-19 21:16:55.499 [warning] [Decorations] CAPPING events from decorations provider vscode.git 281
2023-08-19 21:17:00.702 [warning] [Decorations] CAPPING events from decorations provider vscode.git 281
2023-08-19 21:17:05.904 [warning] [Decorations] CAPPING events from decorations provider vscode.git 281
2023-08-19 21:17:11.096 [warning] [Decorations] CAPPING events from decorations provider vscode.git 281
2023-08-19 21:17:16.299 [warning] [Decorations] CAPPING events from decorations provider vscode.git 281
2023-08-19 21:17:21.666 [warning] [Decorations] CAPPING events from decorations provider vscode.git 281
2023-08-19 21:17:26.874 [warning] [Decorations] CAPPING events from decorations provider vscode.git 281
2023-08-19 21:17:32.085 [warning] [Decorations] CAPPING events from decorations provider vscode.git 281
2023-08-19 21:17:37.279 [warning] [Decorations] CAPPING events from decorations provider vscode.git 281
2023-08-19 21:17:42.477 [warning] [Decorations] CAPPING events from decorations provider vscode.git 281
2023-08-19 21:17:47.697 [warning] [Decorations] CAPPING events from decorations provider vscode.git 281
2023-08-19 21:17:52.895 [warning] [Decorations] CAPPING events from decorations provider vscode.git 281
2023-08-19 21:17:58.089 [warning] [Decorations] CAPPING events from decorations provider vscode.git 281
2023-08-19 21:18:03.288 [warning] [Decorations] CAPPING events from decorations provider vscode.git 281
2023-08-19 21:18:08.487 [warning] [Decorations] CAPPING events from decorations provider vscode.git 281
2023-08-19 21:18:13.703 [warning] [Decorations] CAPPING events from decorations provider vscode.git 281
2023-08-19 21:18:18.906 [warning] [Decorations] CAPPING events from decorations provider vscode.git 281
2023-08-19 21:18:24.285 [warning] [Decorations] CAPPING events from decorations provider vscode.git 281
2023-08-19 21:18:29.472 [warning] [Decorations] CAPPING events from decorations provider vscode.git 281
2023-08-19 21:18:34.681 [warning] [Decorations] CAPPING events from decorations provider vscode.git 281
2023-08-19 21:18:39.880 [warning] [Decorations] CAPPING events from decorations provider vscode.git 281
2023-08-19 21:18:45.098 [warning] [Decorations] CAPPING events from decorations provider vscode.git 281
2023-08-19 21:18:50.289 [warning] [Decorations] CAPPING events from decorations provider vscode.git 281
2023-08-19 21:18:55.483 [warning] [Decorations] CAPPING events from decorations provider vscode.git 281
2023-08-19 21:19:00.711 [warning] [Decorations] CAPPING events from decorations provider vscode.git 281
2023-08-19 21:19:05.904 [warning] [Decorations] CAPPING events from decorations provider vscode.git 281
2023-08-19 21:19:11.126 [warning] [Decorations] CAPPING events from decorations provider vscode.git 281
2023-08-19 21:19:16.322 [warning] [Decorations] CAPPING events from decorations provider vscode.git 281
2023-08-19 21:19:21.519 [warning] [Decorations] CAPPING events from decorations provider vscode.git 281
2023-08-19 21:19:26.875 [warning] [Decorations] CAPPING events from decorations provider vscode.git 281
2023-08-19 21:19:32.060 [warning] [Decorations] CAPPING events from decorations provider vscode.git 281
2023-08-19 21:19:37.246 [warning] [Decorations] CAPPING events from decorations provider vscode.git 281
2023-08-19 21:19:42.433 [warning] [Decorations] CAPPING events from decorations provider vscode.git 281
2023-08-19 21:19:47.634 [warning] [Decorations] CAPPING events from decorations provider vscode.git 281
2023-08-19 21:19:52.822 [warning] [Decorations] CAPPING events from decorations provider vscode.git 281
2023-08-19 21:19:58.012 [warning] [Decorations] CAPPING events from decorations provider vscode.git 281
2023-08-19 21:20:03.217 [warning] [Decorations] CAPPING events from decorations provider vscode.git 281
2023-08-19 21:20:08.997 [warning] [Decorations] CAPPING events from decorations provider vscode.git 281
2023-08-19 21:20:14.193 [warning] [Decorations] CAPPING events from decorations provider vscode.git 281
