2023-08-14 10:52:50.798 [info] Extension host with pid 818 started
2023-08-14 10:52:50.828 [info] Lock '/var/www/.local/share/code-server/User/workspaceStorage/5e324e47/vscode.lock': Lock acquired.
2023-08-14 10:52:50.881 [info] ExtensionService#_doActivateExtension vscode.git-base, startup: true, activationEvent: '*', root cause: vscode.git
2023-08-14 10:52:50.981 [info] ExtensionService#_doActivateExtension vscode.emmet, startup: false, activationEvent: 'onLanguage'
2023-08-14 10:52:51.005 [info] ExtensionService#_doActivateExtension vscode.git, startup: true, activationEvent: '*'
2023-08-14 10:52:51.005 [info] ExtensionService#_doActivateExtension vscode.github, startup: true, activationEvent: '*'
2023-08-14 10:52:51.286 [info] Eager extensions activated
2023-08-14 10:52:51.286 [info] ExtensionService#_doActivateExtension vscode.debug-auto-launch, startup: false, activationEvent: 'onStartupFinished'
2023-08-14 10:52:51.286 [info] ExtensionService#_doActivateExtension vscode.merge-conflict, startup: false, activationEvent: 'onStartupFinished'
2023-08-14 10:52:52.290 [error] {"message":"Git error","stdout":"","stderr":"fatal: Pathspec '/var/www/html/webAppDev/WebDev-Examples original/week3' is in submodule 'html/webAppDev/WebDev-Examples original'\n","exitCode":128,"gitErrorCode":"IsInSubmodule"}
2023-08-14 10:52:52.290 [error] {"message":"Git error","stdout":"","stderr":"fatal: Pathspec '/var/www/html/webAppDev/WebDev-Examples original/week3' is in submodule 'html/webAppDev/WebDev-Examples original'\n","exitCode":128,"gitErrorCode":"IsInSubmodule"}
2023-08-14 10:52:52.290 [error] {"message":"Git error","stdout":"","stderr":"fatal: Pathspec '/var/www/html/webAppDev/WebDev-Examples original/week3' is in submodule 'html/webAppDev/WebDev-Examples original'\n","exitCode":128,"gitErrorCode":"IsInSubmodule"}
2023-08-14 10:52:52.290 [error] {"message":"Git error","stdout":"","stderr":"fatal: Pathspec '/var/www/html/webAppDev/WebDev-Examples original/week3' is in submodule 'html/webAppDev/WebDev-Examples original'\n","exitCode":128,"gitErrorCode":"IsInSubmodule"}
2023-08-14 10:52:52.290 [error] {"message":"Git error","stdout":"","stderr":"fatal: Pathspec '/var/www/html/webAppDev/WebDev-Examples original/week3' is in submodule 'html/webAppDev/WebDev-Examples original'\n","exitCode":128,"gitErrorCode":"IsInSubmodule"}
2023-08-14 10:52:52.290 [error] {"message":"Git error","stdout":"","stderr":"fatal: Pathspec '/var/www/html/webAppDev/WebDev-Examples original/week3' is in submodule 'html/webAppDev/WebDev-Examples original'\n","exitCode":128,"gitErrorCode":"IsInSubmodule"}
2023-08-14 10:52:52.290 [error] {"message":"Git error","stdout":"","stderr":"fatal: Pathspec '/var/www/html/webAppDev/WebDev-Examples original/week3' is in submodule 'html/webAppDev/WebDev-Examples original'\n","exitCode":128,"gitErrorCode":"IsInSubmodule"}
2023-08-14 10:52:52.290 [error] {"message":"Git error","stdout":"","stderr":"fatal: Pathspec '/var/www/html/webAppDev/WebDev-Examples original/week3' is in submodule 'html/webAppDev/WebDev-Examples original'\n","exitCode":128,"gitErrorCode":"IsInSubmodule"}
2023-08-14 10:52:52.290 [error] {"message":"Git error","stdout":"","stderr":"fatal: Pathspec '/var/www/html/webAppDev/WebDev-Examples original/week3' is in submodule 'html/webAppDev/WebDev-Examples original'\n","exitCode":128,"gitErrorCode":"IsInSubmodule"}
2023-08-14 10:52:52.290 [error] {"message":"Git error","stdout":"","stderr":"fatal: Pathspec '/var/www/html/webAppDev/WebDev-Examples original/week3' is in submodule 'html/webAppDev/WebDev-Examples original'\n","exitCode":128,"gitErrorCode":"IsInSubmodule"}
2023-08-14 10:52:52.290 [error] {"message":"Git error","stdout":"","stderr":"fatal: Pathspec '/var/www/html/webAppDev/WebDev-Examples original/week3' is in submodule 'html/webAppDev/WebDev-Examples original'\n","exitCode":128,"gitErrorCode":"IsInSubmodule"}
2023-08-14 10:52:52.290 [error] {"message":"Git error","stdout":"","stderr":"fatal: Pathspec '/var/www/html/webAppDev/WebDev-Examples original/week3' is in submodule 'html/webAppDev/WebDev-Examples original'\n","exitCode":128,"gitErrorCode":"IsInSubmodule"}
2023-08-14 10:52:52.290 [error] {"message":"Git error","stdout":"","stderr":"fatal: Pathspec '/var/www/html/webAppDev/WebDev-Examples original/week3' is in submodule 'html/webAppDev/WebDev-Examples original'\n","exitCode":128,"gitErrorCode":"IsInSubmodule"}
2023-08-14 10:52:52.290 [error] {"message":"Git error","stdout":"","stderr":"fatal: Pathspec '/var/www/html/webAppDev/WebDev-Examples original/week3' is in submodule 'html/webAppDev/WebDev-Examples original'\n","exitCode":128,"gitErrorCode":"IsInSubmodule"}
2023-08-14 10:52:52.290 [error] {"message":"Git error","stdout":"","stderr":"fatal: Pathspec '/var/www/html/webAppDev/WebDev-Examples original/week3' is in submodule 'html/webAppDev/WebDev-Examples original'\n","exitCode":128,"gitErrorCode":"IsInSubmodule"}
2023-08-14 10:52:52.290 [error] {"message":"Git error","stdout":"","stderr":"fatal: Pathspec '/var/www/html/webAppDev/WebDev-Examples original/week3' is in submodule 'html/webAppDev/WebDev-Examples original'\n","exitCode":128,"gitErrorCode":"IsInSubmodule"}
2023-08-14 10:52:52.290 [error] {"message":"Git error","stdout":"","stderr":"fatal: Pathspec '/var/www/html/webAppDev/WebDev-Examples original/week3' is in submodule 'html/webAppDev/WebDev-Examples original'\n","exitCode":128,"gitErrorCode":"IsInSubmodule"}
2023-08-14 10:52:52.290 [error] {"message":"Git error","stdout":"","stderr":"fatal: Pathspec '/var/www/html/webAppDev/WebDev-Examples original/week3' is in submodule 'html/webAppDev/WebDev-Examples original'\n","exitCode":128,"gitErrorCode":"IsInSubmodule"}
2023-08-14 10:52:52.290 [error] {"message":"Git error","stdout":"","stderr":"fatal: Pathspec '/var/www/html/webAppDev/WebDev-Examples original/week3' is in submodule 'html/webAppDev/WebDev-Examples original'\n","exitCode":128,"gitErrorCode":"IsInSubmodule"}
2023-08-14 10:52:52.290 [error] {"message":"Git error","stdout":"","stderr":"fatal: Pathspec '/var/www/html/webAppDev/WebDev-Examples original/week3' is in submodule 'html/webAppDev/WebDev-Examples original'\n","exitCode":128,"gitErrorCode":"IsInSubmodule"}
2023-08-14 10:52:52.290 [error] {"message":"Git error","stdout":"","stderr":"fatal: Pathspec '/var/www/html/webAppDev/WebDev-Examples original/week3' is in submodule 'html/webAppDev/WebDev-Examples original'\n","exitCode":128,"gitErrorCode":"IsInSubmodule"}
2023-08-14 10:52:52.290 [error] {"message":"Git error","stdout":"","stderr":"fatal: Pathspec '/var/www/html/webAppDev/WebDev-Examples original/week3' is in submodule 'html/webAppDev/WebDev-Examples original'\n","exitCode":128,"gitErrorCode":"IsInSubmodule"}
2023-08-14 10:52:52.290 [error] {"message":"Git error","stdout":"","stderr":"fatal: Pathspec '/var/www/html/webAppDev/WebDev-Examples original/week3' is in submodule 'html/webAppDev/WebDev-Examples original'\n","exitCode":128,"gitErrorCode":"IsInSubmodule"}
2023-08-14 10:52:52.290 [error] {"message":"Git error","stdout":"","stderr":"fatal: Pathspec '/var/www/html/webAppDev/WebDev-Examples original/week3' is in submodule 'html/webAppDev/WebDev-Examples original'\n","exitCode":128,"gitErrorCode":"IsInSubmodule"}
2023-08-14 10:52:52.290 [error] {"message":"Git error","stdout":"","stderr":"fatal: Pathspec '/var/www/html/webAppDev/WebDev-Examples original/week3' is in submodule 'html/webAppDev/WebDev-Examples original'\n","exitCode":128,"gitErrorCode":"IsInSubmodule"}
2023-08-14 10:52:52.290 [error] {"message":"Git error","stdout":"","stderr":"fatal: Pathspec '/var/www/html/webAppDev/WebDev-Examples original/week3' is in submodule 'html/webAppDev/WebDev-Examples original'\n","exitCode":128,"gitErrorCode":"IsInSubmodule"}
2023-08-14 10:52:52.290 [error] {"message":"Git error","stdout":"","stderr":"fatal: Pathspec '/var/www/html/webAppDev/WebDev-Examples original/week3' is in submodule 'html/webAppDev/WebDev-Examples original'\n","exitCode":128,"gitErrorCode":"IsInSubmodule"}
2023-08-14 10:52:52.290 [error] {"message":"Git error","stdout":"","stderr":"fatal: Pathspec '/var/www/html/webAppDev/WebDev-Examples original/week3' is in submodule 'html/webAppDev/WebDev-Examples original'\n","exitCode":128,"gitErrorCode":"IsInSubmodule"}
2023-08-14 10:52:52.290 [error] {"message":"Git error","stdout":"","stderr":"fatal: Pathspec '/var/www/html/webAppDev/WebDev-Examples original/week3' is in submodule 'html/webAppDev/WebDev-Examples original'\n","exitCode":128,"gitErrorCode":"IsInSubmodule"}
2023-08-14 10:52:52.290 [error] {"message":"Git error","stdout":"","stderr":"fatal: Pathspec '/var/www/html/webAppDev/WebDev-Examples original/week3' is in submodule 'html/webAppDev/WebDev-Examples original'\n","exitCode":128,"gitErrorCode":"IsInSubmodule"}
2023-08-14 10:52:52.290 [error] {"message":"Git error","stdout":"","stderr":"fatal: Pathspec '/var/www/html/webAppDev/WebDev-Examples original/week3' is in submodule 'html/webAppDev/WebDev-Examples original'\n","exitCode":128,"gitErrorCode":"IsInSubmodule"}
2023-08-14 10:52:52.290 [error] {"message":"Git error","stdout":"","stderr":"fatal: Pathspec '/var/www/html/webAppDev/WebDev-Examples original/week3' is in submodule 'html/webAppDev/WebDev-Examples original'\n","exitCode":128,"gitErrorCode":"IsInSubmodule"}
2023-08-14 10:52:52.290 [error] {"message":"Git error","stdout":"","stderr":"fatal: Pathspec '/var/www/html/webAppDev/WebDev-Examples original/week3' is in submodule 'html/webAppDev/WebDev-Examples original'\n","exitCode":128,"gitErrorCode":"IsInSubmodule"}
2023-08-14 10:52:52.290 [error] {"message":"Git error","stdout":"","stderr":"fatal: Pathspec '/var/www/html/webAppDev/WebDev-Examples original/week3' is in submodule 'html/webAppDev/WebDev-Examples original'\n","exitCode":128,"gitErrorCode":"IsInSubmodule"}
2023-08-14 10:52:52.290 [error] {"message":"Git error","stdout":"","stderr":"fatal: Pathspec '/var/www/html/webAppDev/WebDev-Examples original/week3' is in submodule 'html/webAppDev/WebDev-Examples original'\n","exitCode":128,"gitErrorCode":"IsInSubmodule"}
2023-08-14 10:52:52.290 [error] {"message":"Git error","stdout":"","stderr":"fatal: Pathspec '/var/www/html/webAppDev/WebDev-Examples original/week3' is in submodule 'html/webAppDev/WebDev-Examples original'\n","exitCode":128,"gitErrorCode":"IsInSubmodule"}
2023-08-14 10:52:52.290 [error] {"message":"Git error","stdout":"","stderr":"fatal: Pathspec '/var/www/html/webAppDev/WebDev-Examples original/week3' is in submodule 'html/webAppDev/WebDev-Examples original'\n","exitCode":128,"gitErrorCode":"IsInSubmodule"}
2023-08-14 10:52:52.290 [error] {"message":"Git error","stdout":"","stderr":"fatal: Pathspec '/var/www/html/webAppDev/WebDev-Examples original/week3' is in submodule 'html/webAppDev/WebDev-Examples original'\n","exitCode":128,"gitErrorCode":"IsInSubmodule"}
2023-08-14 10:52:52.290 [error] {"message":"Git error","stdout":"","stderr":"fatal: Pathspec '/var/www/html/webAppDev/WebDev-Examples original/week3' is in submodule 'html/webAppDev/WebDev-Examples original'\n","exitCode":128,"gitErrorCode":"IsInSubmodule"}
2023-08-14 10:52:52.290 [error] {"message":"Git error","stdout":"","stderr":"fatal: Pathspec '/var/www/html/webAppDev/WebDev-Examples original/week3' is in submodule 'html/webAppDev/WebDev-Examples original'\n","exitCode":128,"gitErrorCode":"IsInSubmodule"}
2023-08-14 10:52:52.290 [error] {"message":"Git error","stdout":"","stderr":"fatal: Pathspec '/var/www/html/webAppDev/WebDev-Examples original/week3' is in submodule 'html/webAppDev/WebDev-Examples original'\n","exitCode":128,"gitErrorCode":"IsInSubmodule"}
2023-08-14 10:52:52.290 [error] {"message":"Git error","stdout":"","stderr":"fatal: Pathspec '/var/www/html/webAppDev/WebDev-Examples original/week3' is in submodule 'html/webAppDev/WebDev-Examples original'\n","exitCode":128,"gitErrorCode":"IsInSubmodule"}
2023-08-14 10:52:52.290 [error] {"message":"Git error","stdout":"","stderr":"fatal: Pathspec '/var/www/html/webAppDev/WebDev-Examples original/week3' is in submodule 'html/webAppDev/WebDev-Examples original'\n","exitCode":128,"gitErrorCode":"IsInSubmodule"}
2023-08-14 10:52:52.290 [error] {"message":"Git error","stdout":"","stderr":"fatal: Pathspec '/var/www/html/webAppDev/WebDev-Examples original/week3' is in submodule 'html/webAppDev/WebDev-Examples original'\n","exitCode":128,"gitErrorCode":"IsInSubmodule"}
2023-08-14 10:52:52.290 [error] {"message":"Git error","stdout":"","stderr":"fatal: Pathspec '/var/www/html/webAppDev/WebDev-Examples original/week3' is in submodule 'html/webAppDev/WebDev-Examples original'\n","exitCode":128,"gitErrorCode":"IsInSubmodule"}
2023-08-14 10:52:52.290 [error] {"message":"Git error","stdout":"","stderr":"fatal: Pathspec '/var/www/html/webAppDev/WebDev-Examples original/week3' is in submodule 'html/webAppDev/WebDev-Examples original'\n","exitCode":128,"gitErrorCode":"IsInSubmodule"}
2023-08-14 10:52:52.290 [error] {"message":"Git error","stdout":"","stderr":"fatal: Pathspec '/var/www/html/webAppDev/WebDev-Examples original/week3' is in submodule 'html/webAppDev/WebDev-Examples original'\n","exitCode":128,"gitErrorCode":"IsInSubmodule"}
2023-08-14 10:52:52.290 [error] {"message":"Git error","stdout":"","stderr":"fatal: Pathspec '/var/www/html/webAppDev/WebDev-Examples original/week3' is in submodule 'html/webAppDev/WebDev-Examples original'\n","exitCode":128,"gitErrorCode":"IsInSubmodule"}
2023-08-14 10:52:52.290 [error] {"message":"Git error","stdout":"","stderr":"fatal: Pathspec '/var/www/html/webAppDev/WebDev-Examples original/week3' is in submodule 'html/webAppDev/WebDev-Examples original'\n","exitCode":128,"gitErrorCode":"IsInSubmodule"}
2023-08-14 10:52:52.290 [error] {"message":"Git error","stdout":"","stderr":"fatal: Pathspec '/var/www/html/webAppDev/WebDev-Examples original/week3' is in submodule 'html/webAppDev/WebDev-Examples original'\n","exitCode":128,"gitErrorCode":"IsInSubmodule"}
2023-08-14 10:52:52.290 [error] {"message":"Git error","stdout":"","stderr":"fatal: Pathspec '/var/www/html/webAppDev/WebDev-Examples original/week3' is in submodule 'html/webAppDev/WebDev-Examples original'\n","exitCode":128,"gitErrorCode":"IsInSubmodule"}
2023-08-14 10:52:52.290 [error] {"message":"Git error","stdout":"","stderr":"fatal: Pathspec '/var/www/html/webAppDev/WebDev-Examples original/week3' is in submodule 'html/webAppDev/WebDev-Examples original'\n","exitCode":128,"gitErrorCode":"IsInSubmodule"}
2023-08-14 10:52:52.290 [error] {"message":"Git error","stdout":"","stderr":"fatal: Pathspec '/var/www/html/webAppDev/WebDev-Examples original/week3' is in submodule 'html/webAppDev/WebDev-Examples original'\n","exitCode":128,"gitErrorCode":"IsInSubmodule"}
2023-08-14 10:52:52.290 [error] {"message":"Git error","stdout":"","stderr":"fatal: Pathspec '/var/www/html/webAppDev/WebDev-Examples original/week3' is in submodule 'html/webAppDev/WebDev-Examples original'\n","exitCode":128,"gitErrorCode":"IsInSubmodule"}
2023-08-14 10:52:52.290 [error] {"message":"Git error","stdout":"","stderr":"fatal: Pathspec '/var/www/html/webAppDev/WebDev-Examples original/week3' is in submodule 'html/webAppDev/WebDev-Examples original'\n","exitCode":128,"gitErrorCode":"IsInSubmodule"}
2023-08-14 10:52:52.290 [error] {"message":"Git error","stdout":"","stderr":"fatal: Pathspec '/var/www/html/webAppDev/WebDev-Examples original/week3' is in submodule 'html/webAppDev/WebDev-Examples original'\n","exitCode":128,"gitErrorCode":"IsInSubmodule"}
2023-08-14 10:52:52.290 [error] {"message":"Git error","stdout":"","stderr":"fatal: Pathspec '/var/www/html/webAppDev/WebDev-Examples original/week3' is in submodule 'html/webAppDev/WebDev-Examples original'\n","exitCode":128,"gitErrorCode":"IsInSubmodule"}
2023-08-14 10:52:52.290 [error] {"message":"Git error","stdout":"","stderr":"fatal: Pathspec '/var/www/html/webAppDev/WebDev-Examples original/week3' is in submodule 'html/webAppDev/WebDev-Examples original'\n","exitCode":128,"gitErrorCode":"IsInSubmodule"}
2023-08-14 10:52:52.290 [error] {"message":"Git error","stdout":"","stderr":"fatal: Pathspec '/var/www/html/webAppDev/WebDev-Examples original/week3' is in submodule 'html/webAppDev/WebDev-Examples original'\n","exitCode":128,"gitErrorCode":"IsInSubmodule"}
2023-08-14 10:52:52.290 [error] {"message":"Git error","stdout":"","stderr":"fatal: Pathspec '/var/www/html/webAppDev/WebDev-Examples original/week3' is in submodule 'html/webAppDev/WebDev-Examples original'\n","exitCode":128,"gitErrorCode":"IsInSubmodule"}
2023-08-14 10:52:52.290 [error] {"message":"Git error","stdout":"","stderr":"fatal: Pathspec '/var/www/html/webAppDev/WebDev-Examples original/week3' is in submodule 'html/webAppDev/WebDev-Examples original'\n","exitCode":128,"gitErrorCode":"IsInSubmodule"}
2023-08-14 10:52:52.291 [error] {"message":"Git error","stdout":"","stderr":"fatal: Pathspec '/var/www/html/webAppDev/WebDev-Examples original/week3' is in submodule 'html/webAppDev/WebDev-Examples original'\n","exitCode":128,"gitErrorCode":"IsInSubmodule"}
2023-08-14 10:52:52.291 [error] {"message":"Git error","stdout":"","stderr":"fatal: Pathspec '/var/www/html/webAppDev/WebDev-Examples original/week3' is in submodule 'html/webAppDev/WebDev-Examples original'\n","exitCode":128,"gitErrorCode":"IsInSubmodule"}
2023-08-14 10:52:52.291 [error] {"message":"Git error","stdout":"","stderr":"fatal: Pathspec '/var/www/html/webAppDev/WebDev-Examples original/week3' is in submodule 'html/webAppDev/WebDev-Examples original'\n","exitCode":128,"gitErrorCode":"IsInSubmodule"}
2023-08-14 10:52:52.291 [error] {"message":"Git error","stdout":"","stderr":"fatal: Pathspec '/var/www/html/webAppDev/WebDev-Examples original/week3' is in submodule 'html/webAppDev/WebDev-Examples original'\n","exitCode":128,"gitErrorCode":"IsInSubmodule"}
2023-08-14 10:52:52.291 [error] {"message":"Git error","stdout":"","stderr":"fatal: Pathspec '/var/www/html/webAppDev/WebDev-Examples original/week3' is in submodule 'html/webAppDev/WebDev-Examples original'\n","exitCode":128,"gitErrorCode":"IsInSubmodule"}
2023-08-14 10:52:52.291 [error] {"message":"Git error","stdout":"","stderr":"fatal: Pathspec '/var/www/html/webAppDev/WebDev-Examples original/week3' is in submodule 'html/webAppDev/WebDev-Examples original'\n","exitCode":128,"gitErrorCode":"IsInSubmodule"}
2023-08-14 10:52:52.291 [error] {"message":"Git error","stdout":"","stderr":"fatal: Pathspec '/var/www/html/webAppDev/WebDev-Examples original/week3' is in submodule 'html/webAppDev/WebDev-Examples original'\n","exitCode":128,"gitErrorCode":"IsInSubmodule"}
2023-08-14 10:52:52.291 [error] {"message":"Git error","stdout":"","stderr":"fatal: Pathspec '/var/www/html/webAppDev/WebDev-Examples original/week3' is in submodule 'html/webAppDev/WebDev-Examples original'\n","exitCode":128,"gitErrorCode":"IsInSubmodule"}
2023-08-14 10:52:52.291 [error] {"message":"Git error","stdout":"","stderr":"fatal: Pathspec '/var/www/html/webAppDev/WebDev-Examples original/week3' is in submodule 'html/webAppDev/WebDev-Examples original'\n","exitCode":128,"gitErrorCode":"IsInSubmodule"}
2023-08-14 10:52:52.291 [error] {"message":"Git error","stdout":"","stderr":"fatal: Pathspec '/var/www/html/webAppDev/WebDev-Examples original/week3' is in submodule 'html/webAppDev/WebDev-Examples original'\n","exitCode":128,"gitErrorCode":"IsInSubmodule"}
2023-08-14 10:52:53.292 [error] {"message":"Git error","stdout":"","stderr":"fatal: Pathspec '/var/www/html/webAppDev/WebDev-Examples original/week3' is in submodule 'html/webAppDev/WebDev-Examples original'\n","exitCode":128,"gitErrorCode":"IsInSubmodule"}
2023-08-14 10:52:53.292 [error] {"message":"Git error","stdout":"","stderr":"fatal: Pathspec '/var/www/html/webAppDev/WebDev-Examples original/week3' is in submodule 'html/webAppDev/WebDev-Examples original'\n","exitCode":128,"gitErrorCode":"IsInSubmodule"}
2023-08-14 10:52:53.292 [error] {"message":"Git error","stdout":"","stderr":"fatal: Pathspec '/var/www/html/webAppDev/WebDev-Examples original/week3' is in submodule 'html/webAppDev/WebDev-Examples original'\n","exitCode":128,"gitErrorCode":"IsInSubmodule"}
2023-08-14 10:52:53.293 [error] {"message":"Git error","stdout":"","stderr":"fatal: Pathspec '/var/www/html/webAppDev/WebDev-Examples original/week3' is in submodule 'html/webAppDev/WebDev-Examples original'\n","exitCode":128,"gitErrorCode":"IsInSubmodule"}
2023-08-14 10:52:53.293 [error] {"message":"Git error","stdout":"","stderr":"fatal: Pathspec '/var/www/html/webAppDev/WebDev-Examples original/week3' is in submodule 'html/webAppDev/WebDev-Examples original'\n","exitCode":128,"gitErrorCode":"IsInSubmodule"}
2023-08-14 10:52:53.293 [error] {"message":"Git error","stdout":"","stderr":"fatal: Pathspec '/var/www/html/webAppDev/WebDev-Examples original/week3' is in submodule 'html/webAppDev/WebDev-Examples original'\n","exitCode":128,"gitErrorCode":"IsInSubmodule"}
2023-08-14 10:52:53.293 [error] {"message":"Git error","stdout":"","stderr":"fatal: Pathspec '/var/www/html/webAppDev/WebDev-Examples original/week3' is in submodule 'html/webAppDev/WebDev-Examples original'\n","exitCode":128,"gitErrorCode":"IsInSubmodule"}
2023-08-14 10:52:53.293 [error] {"message":"Git error","stdout":"","stderr":"fatal: Pathspec '/var/www/html/webAppDev/WebDev-Examples original/week3' is in submodule 'html/webAppDev/WebDev-Examples original'\n","exitCode":128,"gitErrorCode":"IsInSubmodule"}
2023-08-14 10:52:53.293 [error] {"message":"Git error","stdout":"","stderr":"fatal: Pathspec '/var/www/html/webAppDev/WebDev-Examples original/week3' is in submodule 'html/webAppDev/WebDev-Examples original'\n","exitCode":128,"gitErrorCode":"IsInSubmodule"}
2023-08-14 10:52:53.293 [error] {"message":"Git error","stdout":"","stderr":"fatal: Pathspec '/var/www/html/webAppDev/WebDev-Examples original/week3' is in submodule 'html/webAppDev/WebDev-Examples original'\n","exitCode":128,"gitErrorCode":"IsInSubmodule"}
2023-08-14 10:52:53.293 [error] {"message":"Git error","stdout":"","stderr":"fatal: Pathspec '/var/www/html/webAppDev/WebDev-Examples original/week3' is in submodule 'html/webAppDev/WebDev-Examples original'\n","exitCode":128,"gitErrorCode":"IsInSubmodule"}
2023-08-14 10:52:53.294 [error] {"message":"Git error","stdout":"","stderr":"fatal: Pathspec '/var/www/html/webAppDev/WebDev-Examples original/week3' is in submodule 'html/webAppDev/WebDev-Examples original'\n","exitCode":128,"gitErrorCode":"IsInSubmodule"}
2023-08-14 10:52:53.294 [error] {"message":"Git error","stdout":"","stderr":"fatal: Pathspec '/var/www/html/webAppDev/WebDev-Examples original/week3' is in submodule 'html/webAppDev/WebDev-Examples original'\n","exitCode":128,"gitErrorCode":"IsInSubmodule"}
2023-08-14 10:52:53.294 [error] {"message":"Git error","stdout":"","stderr":"fatal: Pathspec '/var/www/html/webAppDev/WebDev-Examples original/week3' is in submodule 'html/webAppDev/WebDev-Examples original'\n","exitCode":128,"gitErrorCode":"IsInSubmodule"}
2023-08-14 10:52:53.294 [error] {"message":"Git error","stdout":"","stderr":"fatal: Pathspec '/var/www/html/webAppDev/WebDev-Examples original/week3' is in submodule 'html/webAppDev/WebDev-Examples original'\n","exitCode":128,"gitErrorCode":"IsInSubmodule"}
2023-08-14 10:52:53.294 [error] {"message":"Git error","stdout":"","stderr":"fatal: Pathspec '/var/www/html/webAppDev/WebDev-Examples original/week3' is in submodule 'html/webAppDev/WebDev-Examples original'\n","exitCode":128,"gitErrorCode":"IsInSubmodule"}
2023-08-14 10:52:53.294 [error] {"message":"Git error","stdout":"","stderr":"fatal: Pathspec '/var/www/html/webAppDev/WebDev-Examples original/week3' is in submodule 'html/webAppDev/WebDev-Examples original'\n","exitCode":128,"gitErrorCode":"IsInSubmodule"}
2023-08-14 10:52:53.294 [error] {"message":"Git error","stdout":"","stderr":"fatal: Pathspec '/var/www/html/webAppDev/WebDev-Examples original/week3' is in submodule 'html/webAppDev/WebDev-Examples original'\n","exitCode":128,"gitErrorCode":"IsInSubmodule"}
2023-08-14 10:52:53.294 [error] {"message":"Git error","stdout":"","stderr":"fatal: Pathspec '/var/www/html/webAppDev/WebDev-Examples original/week3' is in submodule 'html/webAppDev/WebDev-Examples original'\n","exitCode":128,"gitErrorCode":"IsInSubmodule"}
2023-08-14 10:52:53.294 [error] {"message":"Git error","stdout":"","stderr":"fatal: Pathspec '/var/www/html/webAppDev/WebDev-Examples original/week3' is in submodule 'html/webAppDev/WebDev-Examples original'\n","exitCode":128,"gitErrorCode":"IsInSubmodule"}
2023-08-14 10:52:53.294 [error] {"message":"Git error","stdout":"","stderr":"fatal: Pathspec '/var/www/html/webAppDev/WebDev-Examples original/week3' is in submodule 'html/webAppDev/WebDev-Examples original'\n","exitCode":128,"gitErrorCode":"IsInSubmodule"}
2023-08-14 10:52:53.295 [error] {"message":"Git error","stdout":"","stderr":"fatal: Pathspec '/var/www/html/webAppDev/WebDev-Examples original/week3' is in submodule 'html/webAppDev/WebDev-Examples original'\n","exitCode":128,"gitErrorCode":"IsInSubmodule"}
2023-08-14 10:52:53.295 [error] {"message":"Git error","stdout":"","stderr":"fatal: Pathspec '/var/www/html/webAppDev/WebDev-Examples original/week3' is in submodule 'html/webAppDev/WebDev-Examples original'\n","exitCode":128,"gitErrorCode":"IsInSubmodule"}
2023-08-14 10:52:53.295 [error] {"message":"Git error","stdout":"","stderr":"fatal: Pathspec '/var/www/html/webAppDev/WebDev-Examples original/week3' is in submodule 'html/webAppDev/WebDev-Examples original'\n","exitCode":128,"gitErrorCode":"IsInSubmodule"}
2023-08-14 10:52:53.295 [error] {"message":"Git error","stdout":"","stderr":"fatal: Pathspec '/var/www/html/webAppDev/WebDev-Examples original/week3' is in submodule 'html/webAppDev/WebDev-Examples original'\n","exitCode":128,"gitErrorCode":"IsInSubmodule"}
2023-08-14 10:52:53.295 [error] {"message":"Git error","stdout":"","stderr":"fatal: Pathspec '/var/www/html/webAppDev/WebDev-Examples original/week3' is in submodule 'html/webAppDev/WebDev-Examples original'\n","exitCode":128,"gitErrorCode":"IsInSubmodule"}
2023-08-14 10:52:53.295 [error] {"message":"Git error","stdout":"","stderr":"fatal: Pathspec '/var/www/html/webAppDev/WebDev-Examples original/week3' is in submodule 'html/webAppDev/WebDev-Examples original'\n","exitCode":128,"gitErrorCode":"IsInSubmodule"}
2023-08-14 10:52:53.295 [error] {"message":"Git error","stdout":"","stderr":"fatal: Pathspec '/var/www/html/webAppDev/WebDev-Examples original/week3' is in submodule 'html/webAppDev/WebDev-Examples original'\n","exitCode":128,"gitErrorCode":"IsInSubmodule"}
2023-08-14 10:52:53.295 [error] {"message":"Git error","stdout":"","stderr":"fatal: Pathspec '/var/www/html/webAppDev/WebDev-Examples original/week3' is in submodule 'html/webAppDev/WebDev-Examples original'\n","exitCode":128,"gitErrorCode":"IsInSubmodule"}
2023-08-14 10:52:53.295 [error] {"message":"Git error","stdout":"","stderr":"fatal: Pathspec '/var/www/html/webAppDev/WebDev-Examples original/week3' is in submodule 'html/webAppDev/WebDev-Examples original'\n","exitCode":128,"gitErrorCode":"IsInSubmodule"}
2023-08-14 10:52:53.295 [error] {"message":"Git error","stdout":"","stderr":"fatal: Pathspec '/var/www/html/webAppDev/WebDev-Examples original/week3' is in submodule 'html/webAppDev/WebDev-Examples original'\n","exitCode":128,"gitErrorCode":"IsInSubmodule"}
2023-08-14 10:52:53.295 [error] {"message":"Git error","stdout":"","stderr":"fatal: Pathspec '/var/www/html/webAppDev/WebDev-Examples original/week3' is in submodule 'html/webAppDev/WebDev-Examples original'\n","exitCode":128,"gitErrorCode":"IsInSubmodule"}
2023-08-14 10:52:53.295 [error] {"message":"Git error","stdout":"","stderr":"fatal: Pathspec '/var/www/html/webAppDev/WebDev-Examples original/week3' is in submodule 'html/webAppDev/WebDev-Examples original'\n","exitCode":128,"gitErrorCode":"IsInSubmodule"}
2023-08-14 10:52:53.296 [error] {"message":"Git error","stdout":"","stderr":"fatal: Pathspec '/var/www/html/webAppDev/WebDev-Examples original/week3' is in submodule 'html/webAppDev/WebDev-Examples original'\n","exitCode":128,"gitErrorCode":"IsInSubmodule"}
2023-08-14 10:52:53.296 [error] {"message":"Git error","stdout":"","stderr":"fatal: Pathspec '/var/www/html/webAppDev/WebDev-Examples original/week3' is in submodule 'html/webAppDev/WebDev-Examples original'\n","exitCode":128,"gitErrorCode":"IsInSubmodule"}
2023-08-14 10:52:53.296 [error] {"message":"Git error","stdout":"","stderr":"fatal: Pathspec '/var/www/html/webAppDev/WebDev-Examples original/week3' is in submodule 'html/webAppDev/WebDev-Examples original'\n","exitCode":128,"gitErrorCode":"IsInSubmodule"}
2023-08-14 10:52:53.296 [error] {"message":"Git error","stdout":"","stderr":"fatal: Pathspec '/var/www/html/webAppDev/WebDev-Examples original/week3' is in submodule 'html/webAppDev/WebDev-Examples original'\n","exitCode":128,"gitErrorCode":"IsInSubmodule"}
2023-08-14 10:53:07.287 [warning] [Decorations] CAPPING events from decorations provider vscode.git 1093
2023-08-14 10:53:07.621 [warning] [Decorations] CAPPING events from decorations provider vscode.git 1093
2023-08-14 10:54:57.424 [warning] [Decorations] CAPPING events from decorations provider vscode.git 1093
2023-08-14 10:55:02.641 [warning] [Decorations] CAPPING events from decorations provider vscode.git 1093
2023-08-14 10:55:07.835 [warning] [Decorations] CAPPING events from decorations provider vscode.git 1093
2023-08-14 10:55:13.094 [warning] [Decorations] CAPPING events from decorations provider vscode.git 1093
2023-08-14 10:55:18.343 [warning] [Decorations] CAPPING events from decorations provider vscode.git 1093
2023-08-14 10:55:23.567 [warning] [Decorations] CAPPING events from decorations provider vscode.git 1093
2023-08-14 10:55:28.776 [warning] [Decorations] CAPPING events from decorations provider vscode.git 1093
2023-08-14 10:55:34.002 [warning] [Decorations] CAPPING events from decorations provider vscode.git 1093
2023-08-14 10:55:39.236 [warning] [Decorations] CAPPING events from decorations provider vscode.git 1093
2023-08-14 10:55:44.461 [warning] [Decorations] CAPPING events from decorations provider vscode.git 1093
2023-08-14 10:55:49.738 [warning] [Decorations] CAPPING events from decorations provider vscode.git 1093
2023-08-14 10:55:55.131 [warning] [Decorations] CAPPING events from decorations provider vscode.git 1093
2023-08-14 10:56:00.392 [warning] [Decorations] CAPPING events from decorations provider vscode.git 1093
2023-08-14 10:56:05.601 [warning] [Decorations] CAPPING events from decorations provider vscode.git 1093
2023-08-14 10:56:10.807 [warning] [Decorations] CAPPING events from decorations provider vscode.git 1093
2023-08-14 10:56:16.107 [warning] [Decorations] CAPPING events from decorations provider vscode.git 1093
2023-08-14 10:56:21.323 [warning] [Decorations] CAPPING events from decorations provider vscode.git 1093
2023-08-14 10:56:26.568 [warning] [Decorations] CAPPING events from decorations provider vscode.git 1093
2023-08-14 10:56:31.794 [warning] [Decorations] CAPPING events from decorations provider vscode.git 1093
2023-08-14 10:56:37.005 [warning] [Decorations] CAPPING events from decorations provider vscode.git 1093
2023-08-14 10:56:42.238 [warning] [Decorations] CAPPING events from decorations provider vscode.git 1093
2023-08-14 10:56:47.466 [warning] [Decorations] CAPPING events from decorations provider vscode.git 1093
2023-08-14 10:56:52.734 [warning] [Decorations] CAPPING events from decorations provider vscode.git 1093
2023-08-14 10:56:58.118 [warning] [Decorations] CAPPING events from decorations provider vscode.git 1093
2023-08-14 10:57:49.753 [info] Extension host terminating: received terminate message from renderer
2023-08-14 10:57:49.754 [info] Lock '/var/www/.local/share/code-server/User/workspaceStorage/5e324e47/vscode.lock': Marking the lockfile as scheduled to be released in 6000 ms.
2023-08-14 10:57:49.767 [error] Canceled: Canceled
	at new l (/usr/local/code-server-4.13.0-linux-amd64/lib/vscode/out/vs/workbench/api/node/extensionHostProcess.js:98:104563)
	at a.O (/usr/local/code-server-4.13.0-linux-amd64/lib/vscode/out/vs/workbench/api/node/extensionHostProcess.js:110:11657)
	at Proxy.H.<computed>.V.charCodeAt.H.<computed> (/usr/local/code-server-4.13.0-linux-amd64/lib/vscode/out/vs/workbench/api/node/extensionHostProcess.js:110:8947)
	at e.ExtHostCommands.g (/usr/local/code-server-4.13.0-linux-amd64/lib/vscode/out/vs/workbench/api/node/extensionHostProcess.js:98:124729)
	at e.ExtHostCommands.executeCommand (/usr/local/code-server-4.13.0-linux-amd64/lib/vscode/out/vs/workbench/api/node/extensionHostProcess.js:98:124105)
	at C.registerCommand.description (/usr/local/code-server-4.13.0-linux-amd64/lib/vscode/out/vs/workbench/api/node/extensionHostProcess.js:98:123398)
	at e.ExtHostCommands.h (/usr/local/code-server-4.13.0-linux-amd64/lib/vscode/out/vs/workbench/api/node/extensionHostProcess.js:98:125315)
	at e.ExtHostCommands.g (/usr/local/code-server-4.13.0-linux-amd64/lib/vscode/out/vs/workbench/api/node/extensionHostProcess.js:98:124205)
	at e.ExtHostCommands.executeCommand (/usr/local/code-server-4.13.0-linux-amd64/lib/vscode/out/vs/workbench/api/node/extensionHostProcess.js:98:124105)
	at Object.executeCommand (/usr/local/code-server-4.13.0-linux-amd64/lib/vscode/out/vs/workbench/api/node/extensionHostProcess.js:116:24043)
	at D (/usr/local/code-server-4.13.0-linux-amd64/lib/vscode/extensions/git/dist/main.js:2:1259661)
	at v.invoke (/usr/local/code-server-4.13.0-linux-amd64/lib/vscode/out/vs/workbench/api/node/extensionHostProcess.js:60:145)
	at h.deliver (/usr/local/code-server-4.13.0-linux-amd64/lib/vscode/out/vs/workbench/api/node/extensionHostProcess.js:60:2121)
	at i.fire (/usr/local/code-server-4.13.0-linux-amd64/lib/vscode/out/vs/workbench/api/node/extensionHostProcess.js:60:1729)
	at Object.m [as dispose] (/usr/local/code-server-4.13.0-linux-amd64/lib/vscode/extensions/git/dist/main.js:2:1274494)
	at /usr/local/code-server-4.13.0-linux-amd64/lib/vscode/extensions/git/dist/main.js:2:1278940
	at Array.forEach (<anonymous>)
	at g.dispose (/usr/local/code-server-4.13.0-linux-amd64/lib/vscode/extensions/git/dist/main.js:2:1278926)
	at t.<anonymous> (/usr/local/code-server-4.13.0-linux-amd64/lib/vscode/out/vs/workbench/api/node/extensionHostProcess.js:96:12369)
	at t.dispose (/usr/local/code-server-4.13.0-linux-amd64/lib/vscode/out/vs/workbench/api/node/extensionHostProcess.js:96:12504)
	at t.<anonymous> (/usr/local/code-server-4.13.0-linux-amd64/lib/vscode/extensions/git/dist/main.js:2:1261791)
	at t.dispose (/usr/local/code-server-4.13.0-linux-amd64/lib/vscode/out/vs/workbench/api/node/extensionHostProcess.js:96:12504)
	at T (/usr/local/code-server-4.13.0-linux-amd64/lib/vscode/out/vs/workbench/api/node/extensionHostProcess.js:10:12080)
	at h.Y (/usr/local/code-server-4.13.0-linux-amd64/lib/vscode/out/vs/workbench/api/node/extensionHostProcess.js:112:11173)
	at /usr/local/code-server-4.13.0-linux-amd64/lib/vscode/out/vs/workbench/api/node/extensionHostProcess.js:112:9157
	at Array.map (<anonymous>)
	at h.R (/usr/local/code-server-4.13.0-linux-amd64/lib/vscode/out/vs/workbench/api/node/extensionHostProcess.js:112:9144)
	at h.terminate (/usr/local/code-server-4.13.0-linux-amd64/lib/vscode/out/vs/workbench/api/node/extensionHostProcess.js:112:9415)
	at d.terminate (/usr/local/code-server-4.13.0-linux-amd64/lib/vscode/out/vs/workbench/api/node/extensionHostProcess.js:116:1544)
	at g (/usr/local/code-server-4.13.0-linux-amd64/lib/vscode/out/vs/workbench/api/node/extensionHostProcess.js:126:34552)
	at /usr/local/code-server-4.13.0-linux-amd64/lib/vscode/out/vs/workbench/api/node/extensionHostProcess.js:126:32462
	at v.invoke (/usr/local/code-server-4.13.0-linux-amd64/lib/vscode/out/vs/workbench/api/node/extensionHostProcess.js:60:145)
	at h.deliver (/usr/local/code-server-4.13.0-linux-amd64/lib/vscode/out/vs/workbench/api/node/extensionHostProcess.js:60:2121)
	at i.fire (/usr/local/code-server-4.13.0-linux-amd64/lib/vscode/out/vs/workbench/api/node/extensionHostProcess.js:60:1729)
	at g.fire (/usr/local/code-server-4.13.0-linux-amd64/lib/vscode/out/vs/workbench/api/node/extensionHostProcess.js:71:14852)
	at u.E (/usr/local/code-server-4.13.0-linux-amd64/lib/vscode/out/vs/workbench/api/node/extensionHostProcess.js:71:18899)
	at /usr/local/code-server-4.13.0-linux-amd64/lib/vscode/out/vs/workbench/api/node/extensionHostProcess.js:71:16887
	at v.invoke (/usr/local/code-server-4.13.0-linux-amd64/lib/vscode/out/vs/workbench/api/node/extensionHostProcess.js:60:145)
	at h.deliver (/usr/local/code-server-4.13.0-linux-amd64/lib/vscode/out/vs/workbench/api/node/extensionHostProcess.js:60:2121)
	at i.fire (/usr/local/code-server-4.13.0-linux-amd64/lib/vscode/out/vs/workbench/api/node/extensionHostProcess.js:60:1729)
	at d.acceptChunk (/usr/local/code-server-4.13.0-linux-amd64/lib/vscode/out/vs/workbench/api/node/extensionHostProcess.js:71:12583)
	at /usr/local/code-server-4.13.0-linux-amd64/lib/vscode/out/vs/workbench/api/node/extensionHostProcess.js:71:11870
	at v.invoke (/usr/local/code-server-4.13.0-linux-amd64/lib/vscode/out/vs/workbench/api/node/extensionHostProcess.js:60:145)
	at h.deliver (/usr/local/code-server-4.13.0-linux-amd64/lib/vscode/out/vs/workbench/api/node/extensionHostProcess.js:60:2121)
	at i.fire (/usr/local/code-server-4.13.0-linux-amd64/lib/vscode/out/vs/workbench/api/node/extensionHostProcess.js:60:1729)
	at D.u (/usr/local/code-server-4.13.0-linux-amd64/lib/vscode/out/vs/workbench/api/node/extensionHostProcess.js:126:20019) setContext undefined
2023-08-14 10:57:49.767 [info] Extension host with pid 818 exiting with code 0
