2023-08-20 01:18:49.825 [info] Extension host with pid 68507 started
2023-08-20 01:18:49.829 [error] Error: EEXIST: file already exists, open '/var/www/.local/share/code-server/User/workspaceStorage/5e324e47/vscode.lock'
2023-08-20 01:18:49.837 [info] Lock '/var/www/.local/share/code-server/User/workspaceStorage/5e324e47/vscode.lock': Could not acquire lock, checking if the file is stale.
2023-08-20 01:18:49.841 [info] Lock '/var/www/.local/share/code-server/User/workspaceStorage/5e324e47/vscode.lock': The lock does not look stale, elapsed: 972 ms, giving up.
2023-08-20 01:18:49.850 [info] Lock '/var/www/.local/share/code-server/User/workspaceStorage/5e324e47-1/vscode.lock': Lock acquired.
2023-08-20 01:18:49.911 [info] ExtensionService#_doActivateExtension vscode.php-language-features, startup: false, activationEvent: 'onLanguage:php'
2023-08-20 01:18:49.912 [info] ExtensionService#_doActivateExtension vscode.emmet, startup: false, activationEvent: 'onLanguage'
2023-08-20 01:18:50.032 [info] ExtensionService#_doActivateExtension vscode.git-base, startup: true, activationEvent: '*', root cause: vscode.git
2023-08-20 01:18:50.118 [info] ExtensionService#_doActivateExtension vscode.git, startup: true, activationEvent: '*'
2023-08-20 01:18:50.119 [info] ExtensionService#_doActivateExtension vscode.github, startup: true, activationEvent: '*'
2023-08-20 01:18:50.313 [info] Eager extensions activated
2023-08-20 01:18:50.314 [info] ExtensionService#_doActivateExtension vscode.debug-auto-launch, startup: false, activationEvent: 'onStartupFinished'
2023-08-20 01:18:50.315 [info] ExtensionService#_doActivateExtension vscode.merge-conflict, startup: false, activationEvent: 'onStartupFinished'
2023-08-20 01:18:50.842 [warning] [Decorations] CAPPING events from decorations provider vscode.git 500
2023-08-20 01:18:51.224 [warning] [Decorations] CAPPING events from decorations provider vscode.git 502
2023-08-20 01:18:54.469 [warning] [Decorations] CAPPING events from decorations provider vscode.git 502
2023-08-20 01:19:17.234 [warning] [Decorations] CAPPING events from decorations provider vscode.git 502
2023-08-20 01:19:22.448 [warning] [Decorations] CAPPING events from decorations provider vscode.git 502
2023-08-20 01:19:27.808 [warning] [Decorations] CAPPING events from decorations provider vscode.git 502
2023-08-20 01:19:33.026 [warning] [Decorations] CAPPING events from decorations provider vscode.git 502
2023-08-20 01:19:38.247 [warning] [Decorations] CAPPING events from decorations provider vscode.git 502
2023-08-20 01:19:43.455 [warning] [Decorations] CAPPING events from decorations provider vscode.git 502
2023-08-20 01:19:48.655 [warning] [Decorations] CAPPING events from decorations provider vscode.git 502
2023-08-20 01:19:53.994 [warning] [Decorations] CAPPING events from decorations provider vscode.git 503
2023-08-20 01:19:59.253 [warning] [Decorations] CAPPING events from decorations provider vscode.git 502
2023-08-20 01:20:04.495 [warning] [Decorations] CAPPING events from decorations provider vscode.git 503
2023-08-20 01:20:09.725 [warning] [Decorations] CAPPING events from decorations provider vscode.git 502
2023-08-20 01:20:14.971 [warning] [Decorations] CAPPING events from decorations provider vscode.git 502
2023-08-20 01:20:20.197 [warning] [Decorations] CAPPING events from decorations provider vscode.git 502
2023-08-20 01:20:25.417 [warning] [Decorations] CAPPING events from decorations provider vscode.git 502
2023-08-20 01:20:30.756 [warning] [Decorations] CAPPING events from decorations provider vscode.git 502
2023-08-20 01:20:36.005 [warning] [Decorations] CAPPING events from decorations provider vscode.git 502
2023-08-20 01:20:41.260 [warning] [Decorations] CAPPING events from decorations provider vscode.git 502
2023-08-20 01:20:46.496 [warning] [Decorations] CAPPING events from decorations provider vscode.git 502
2023-08-20 01:20:51.720 [warning] [Decorations] CAPPING events from decorations provider vscode.git 502
2023-08-20 01:20:57.150 [warning] [Decorations] CAPPING events from decorations provider vscode.git 502
2023-08-20 01:21:02.377 [warning] [Decorations] CAPPING events from decorations provider vscode.git 502
2023-08-20 01:21:07.609 [warning] [Decorations] CAPPING events from decorations provider vscode.git 502
2023-08-20 01:21:10.502 [info] Extension host terminating: received terminate message from renderer
2023-08-20 01:21:10.503 [info] Lock '/var/www/.local/share/code-server/User/workspaceStorage/5e324e47-1/vscode.lock': Marking the lockfile as scheduled to be released in 6000 ms.
2023-08-20 01:21:10.516 [error] Canceled: Canceled
	at new l (/usr/local/code-server-4.13.0-linux-amd64/lib/vscode/out/vs/workbench/api/node/extensionHostProcess.js:98:104563)
	at a.O (/usr/local/code-server-4.13.0-linux-amd64/lib/vscode/out/vs/workbench/api/node/extensionHostProcess.js:110:11657)
	at Proxy.H.<computed>.V.charCodeAt.H.<computed> (/usr/local/code-server-4.13.0-linux-amd64/lib/vscode/out/vs/workbench/api/node/extensionHostProcess.js:110:8947)
	at e.ExtHostCommands.g (/usr/local/code-server-4.13.0-linux-amd64/lib/vscode/out/vs/workbench/api/node/extensionHostProcess.js:98:124729)
	at e.ExtHostCommands.executeCommand (/usr/local/code-server-4.13.0-linux-amd64/lib/vscode/out/vs/workbench/api/node/extensionHostProcess.js:98:124105)
	at C.registerCommand.description (/usr/local/code-server-4.13.0-linux-amd64/lib/vscode/out/vs/workbench/api/node/extensionHostProcess.js:98:123398)
	at e.ExtHostCommands.h (/usr/local/code-server-4.13.0-linux-amd64/lib/vscode/out/vs/workbench/api/node/extensionHostProcess.js:98:125315)
	at e.ExtHostCommands.g (/usr/local/code-server-4.13.0-linux-amd64/lib/vscode/out/vs/workbench/api/node/extensionHostProcess.js:98:124205)
	at e.ExtHostCommands.executeCommand (/usr/local/code-server-4.13.0-linux-amd64/lib/vscode/out/vs/workbench/api/node/extensionHostProcess.js:98:124105)
	at Object.executeCommand (/usr/local/code-server-4.13.0-linux-amd64/lib/vscode/out/vs/workbench/api/node/extensionHostProcess.js:116:24043)
	at D (/usr/local/code-server-4.13.0-linux-amd64/lib/vscode/extensions/git/dist/main.js:2:1259661)
	at v.invoke (/usr/local/code-server-4.13.0-linux-amd64/lib/vscode/out/vs/workbench/api/node/extensionHostProcess.js:60:145)
	at h.deliver (/usr/local/code-server-4.13.0-linux-amd64/lib/vscode/out/vs/workbench/api/node/extensionHostProcess.js:60:2121)
	at i.fire (/usr/local/code-server-4.13.0-linux-amd64/lib/vscode/out/vs/workbench/api/node/extensionHostProcess.js:60:1729)
	at Object.m [as dispose] (/usr/local/code-server-4.13.0-linux-amd64/lib/vscode/extensions/git/dist/main.js:2:1274494)
	at /usr/local/code-server-4.13.0-linux-amd64/lib/vscode/extensions/git/dist/main.js:2:1278940
	at Array.forEach (<anonymous>)
	at g.dispose (/usr/local/code-server-4.13.0-linux-amd64/lib/vscode/extensions/git/dist/main.js:2:1278926)
	at t.<anonymous> (/usr/local/code-server-4.13.0-linux-amd64/lib/vscode/out/vs/workbench/api/node/extensionHostProcess.js:96:12369)
	at t.dispose (/usr/local/code-server-4.13.0-linux-amd64/lib/vscode/out/vs/workbench/api/node/extensionHostProcess.js:96:12504)
	at t.<anonymous> (/usr/local/code-server-4.13.0-linux-amd64/lib/vscode/extensions/git/dist/main.js:2:1261791)
	at t.dispose (/usr/local/code-server-4.13.0-linux-amd64/lib/vscode/out/vs/workbench/api/node/extensionHostProcess.js:96:12504)
	at T (/usr/local/code-server-4.13.0-linux-amd64/lib/vscode/out/vs/workbench/api/node/extensionHostProcess.js:10:12080)
	at h.Y (/usr/local/code-server-4.13.0-linux-amd64/lib/vscode/out/vs/workbench/api/node/extensionHostProcess.js:112:11173)
	at /usr/local/code-server-4.13.0-linux-amd64/lib/vscode/out/vs/workbench/api/node/extensionHostProcess.js:112:9157
	at Array.map (<anonymous>)
	at h.R (/usr/local/code-server-4.13.0-linux-amd64/lib/vscode/out/vs/workbench/api/node/extensionHostProcess.js:112:9144)
	at h.terminate (/usr/local/code-server-4.13.0-linux-amd64/lib/vscode/out/vs/workbench/api/node/extensionHostProcess.js:112:9415)
	at d.terminate (/usr/local/code-server-4.13.0-linux-amd64/lib/vscode/out/vs/workbench/api/node/extensionHostProcess.js:116:1544)
	at g (/usr/local/code-server-4.13.0-linux-amd64/lib/vscode/out/vs/workbench/api/node/extensionHostProcess.js:126:34552)
	at /usr/local/code-server-4.13.0-linux-amd64/lib/vscode/out/vs/workbench/api/node/extensionHostProcess.js:126:32462
	at v.invoke (/usr/local/code-server-4.13.0-linux-amd64/lib/vscode/out/vs/workbench/api/node/extensionHostProcess.js:60:145)
	at h.deliver (/usr/local/code-server-4.13.0-linux-amd64/lib/vscode/out/vs/workbench/api/node/extensionHostProcess.js:60:2121)
	at i.fire (/usr/local/code-server-4.13.0-linux-amd64/lib/vscode/out/vs/workbench/api/node/extensionHostProcess.js:60:1729)
	at g.fire (/usr/local/code-server-4.13.0-linux-amd64/lib/vscode/out/vs/workbench/api/node/extensionHostProcess.js:71:14852)
	at u.E (/usr/local/code-server-4.13.0-linux-amd64/lib/vscode/out/vs/workbench/api/node/extensionHostProcess.js:71:18899)
	at /usr/local/code-server-4.13.0-linux-amd64/lib/vscode/out/vs/workbench/api/node/extensionHostProcess.js:71:16887
	at v.invoke (/usr/local/code-server-4.13.0-linux-amd64/lib/vscode/out/vs/workbench/api/node/extensionHostProcess.js:60:145)
	at h.deliver (/usr/local/code-server-4.13.0-linux-amd64/lib/vscode/out/vs/workbench/api/node/extensionHostProcess.js:60:2121)
	at i.fire (/usr/local/code-server-4.13.0-linux-amd64/lib/vscode/out/vs/workbench/api/node/extensionHostProcess.js:60:1729)
	at d.acceptChunk (/usr/local/code-server-4.13.0-linux-amd64/lib/vscode/out/vs/workbench/api/node/extensionHostProcess.js:71:12583)
	at /usr/local/code-server-4.13.0-linux-amd64/lib/vscode/out/vs/workbench/api/node/extensionHostProcess.js:71:11870
	at v.invoke (/usr/local/code-server-4.13.0-linux-amd64/lib/vscode/out/vs/workbench/api/node/extensionHostProcess.js:60:145)
	at h.deliver (/usr/local/code-server-4.13.0-linux-amd64/lib/vscode/out/vs/workbench/api/node/extensionHostProcess.js:60:2121)
	at i.fire (/usr/local/code-server-4.13.0-linux-amd64/lib/vscode/out/vs/workbench/api/node/extensionHostProcess.js:60:1729)
	at D.u (/usr/local/code-server-4.13.0-linux-amd64/lib/vscode/out/vs/workbench/api/node/extensionHostProcess.js:126:20019) setContext undefined
2023-08-20 01:21:10.516 [info] Extension host with pid 68507 exiting with code 0
