2023-08-17 21:10:36.121 [info] Log level: Info
2023-08-17 21:10:36.121 [info] Validating found git in: "git"
2023-08-17 21:10:36.121 [info] Using git "2.30.2" from "git"
2023-08-17 21:10:36.121 [info] > git rev-parse --show-toplevel [42ms]
2023-08-17 21:10:36.121 [info] > git rev-parse --git-dir --git-common-dir [4ms]
2023-08-17 21:10:36.121 [info] Open repository: /var/www
2023-08-17 21:10:36.121 [info] No remotes found in the git config file.
2023-08-17 21:10:36.121 [info] > git config --get commit.template [11ms]
2023-08-17 21:10:36.121 [info] > git for-each-ref --format=%(refname)%00%(upstream:short)%00%(objectname)%00%(upstream:track)%00%(upstream:remotename)%00%(upstream:remoteref) refs/heads/master refs/remotes/master [15ms]
2023-08-17 21:10:36.121 [info] > git rev-parse --show-toplevel [48ms]
2023-08-17 21:10:36.121 [info] > git rev-parse --show-toplevel [53ms]
2023-08-17 21:10:36.121 [info] > git rev-parse --show-toplevel [9ms]
2023-08-17 21:10:36.121 [info] > git rev-parse --show-toplevel [10ms]
2023-08-17 21:10:36.121 [info] > git rev-parse --show-toplevel [2ms]
2023-08-17 21:10:36.121 [info] > git rev-parse --show-toplevel [3ms]
2023-08-17 21:10:36.121 [info] > git rev-parse --show-toplevel [4ms]
2023-08-17 21:10:36.121 [info] > git ls-files --stage -- /var/www/html/webAppDev/assignment1/resources/views/pages/post_detail.blade.php [6ms]
2023-08-17 21:10:36.121 [info] > git show --textconv :html/webAppDev/assignment1/resources/views/pages/post_detail.blade.php [25ms]
2023-08-17 21:10:36.121 [info] > git cat-file -s 0433e104cf7a42e33da49b0a6e7a2d9343e071ef [6ms]
2023-08-17 21:10:36.204 [info] > git check-ignore -v -z --stdin [16ms]
2023-08-17 21:10:36.385 [info] > git status -z -uall [803ms]
2023-08-17 21:10:36.409 [info] No remotes found in the git config file.
2023-08-17 21:10:36.415 [info] > git config --get commit.template [14ms]
2023-08-17 21:10:36.439 [info] > git for-each-ref --format=%(refname)%00%(upstream:short)%00%(objectname)%00%(upstream:track)%00%(upstream:remotename)%00%(upstream:remoteref) refs/heads/master refs/remotes/master [29ms]
2023-08-17 21:10:36.838 [info] > git check-ignore -v -z --stdin [34ms]
2023-08-17 21:10:36.934 [info] > git status -z -uall [488ms]
2023-08-17 21:10:39.634 [info] No remotes found in the git config file.
2023-08-17 21:10:39.635 [info] > git config --get commit.template [8ms]
2023-08-17 21:10:39.639 [info] > git for-each-ref --format=%(refname)%00%(upstream:short)%00%(objectname)%00%(upstream:track)%00%(upstream:remotename)%00%(upstream:remoteref) refs/heads/master refs/remotes/master [5ms]
2023-08-17 21:10:39.828 [info] > git status -z -uall [183ms]
2023-08-17 21:11:05.040 [info] No remotes found in the git config file.
2023-08-17 21:11:05.041 [info] > git config --get commit.template [11ms]
2023-08-17 21:11:05.046 [info] > git for-each-ref --format=%(refname)%00%(upstream:short)%00%(objectname)%00%(upstream:track)%00%(upstream:remotename)%00%(upstream:remoteref) refs/heads/master refs/remotes/master [6ms]
2023-08-17 21:11:05.241 [info] > git status -z -uall [189ms]
2023-08-17 21:11:10.256 [info] No remotes found in the git config file.
2023-08-17 21:11:10.263 [info] > git config --get commit.template [7ms]
2023-08-17 21:11:10.266 [info] > git for-each-ref --format=%(refname)%00%(upstream:short)%00%(objectname)%00%(upstream:track)%00%(upstream:remotename)%00%(upstream:remoteref) refs/heads/master refs/remotes/master [4ms]
2023-08-17 21:11:10.448 [info] > git status -z -uall [175ms]
2023-08-17 21:11:11.629 [info] > git show --textconv :html/webAppDev/assignment1/resources/views/pages/post_list.blade.php [9ms]
2023-08-17 21:11:11.630 [info] > git ls-files --stage -- /var/www/html/webAppDev/assignment1/resources/views/pages/post_list.blade.php [4ms]
2023-08-17 21:11:11.639 [info] > git cat-file -s b6281fc816f2f2e976a54359f677b61d1845ac27 [4ms]
2023-08-17 21:11:15.468 [info] No remotes found in the git config file.
2023-08-17 21:11:15.469 [info] > git config --get commit.template [9ms]
2023-08-17 21:11:15.473 [info] > git for-each-ref --format=%(refname)%00%(upstream:short)%00%(objectname)%00%(upstream:track)%00%(upstream:remotename)%00%(upstream:remoteref) refs/heads/master refs/remotes/master [4ms]
2023-08-17 21:11:15.662 [info] > git status -z -uall [184ms]
2023-08-17 21:11:20.677 [info] No remotes found in the git config file.
2023-08-17 21:11:20.677 [info] > git config --get commit.template [3ms]
2023-08-17 21:11:20.691 [info] > git for-each-ref --format=%(refname)%00%(upstream:short)%00%(objectname)%00%(upstream:track)%00%(upstream:remotename)%00%(upstream:remoteref) refs/heads/master refs/remotes/master [8ms]
2023-08-17 21:11:20.882 [info] > git status -z -uall [185ms]
2023-08-17 21:11:25.899 [info] No remotes found in the git config file.
2023-08-17 21:11:25.900 [info] > git config --get commit.template [8ms]
2023-08-17 21:11:25.903 [info] > git for-each-ref --format=%(refname)%00%(upstream:short)%00%(objectname)%00%(upstream:track)%00%(upstream:remotename)%00%(upstream:remoteref) refs/heads/master refs/remotes/master [4ms]
2023-08-17 21:11:26.081 [info] > git status -z -uall [173ms]
2023-08-17 21:11:31.094 [info] No remotes found in the git config file.
2023-08-17 21:11:31.104 [info] > git config --get commit.template [11ms]
2023-08-17 21:11:31.108 [info] > git for-each-ref --format=%(refname)%00%(upstream:short)%00%(objectname)%00%(upstream:track)%00%(upstream:remotename)%00%(upstream:remoteref) refs/heads/master refs/remotes/master [5ms]
2023-08-17 21:11:31.291 [info] > git status -z -uall [175ms]
2023-08-17 21:11:36.310 [info] No remotes found in the git config file.
2023-08-17 21:11:36.311 [info] > git config --get commit.template [7ms]
2023-08-17 21:11:36.315 [info] > git for-each-ref --format=%(refname)%00%(upstream:short)%00%(objectname)%00%(upstream:track)%00%(upstream:remotename)%00%(upstream:remoteref) refs/heads/master refs/remotes/master [5ms]
2023-08-17 21:11:36.673 [info] > git status -z -uall [353ms]
2023-08-17 21:11:41.694 [info] No remotes found in the git config file.
2023-08-17 21:11:41.695 [info] > git config --get commit.template [8ms]
2023-08-17 21:11:41.699 [info] > git for-each-ref --format=%(refname)%00%(upstream:short)%00%(objectname)%00%(upstream:track)%00%(upstream:remotename)%00%(upstream:remoteref) refs/heads/master refs/remotes/master [4ms]
2023-08-17 21:11:41.877 [info] > git status -z -uall [173ms]
2023-08-17 21:11:46.892 [info] No remotes found in the git config file.
2023-08-17 21:11:46.898 [info] > git config --get commit.template [8ms]
2023-08-17 21:11:46.902 [info] > git for-each-ref --format=%(refname)%00%(upstream:short)%00%(objectname)%00%(upstream:track)%00%(upstream:remotename)%00%(upstream:remoteref) refs/heads/master refs/remotes/master [4ms]
2023-08-17 21:11:47.086 [info] > git status -z -uall [179ms]
2023-08-17 21:11:52.107 [info] No remotes found in the git config file.
2023-08-17 21:11:52.108 [info] > git config --get commit.template [9ms]
2023-08-17 21:11:52.111 [info] > git for-each-ref --format=%(refname)%00%(upstream:short)%00%(objectname)%00%(upstream:track)%00%(upstream:remotename)%00%(upstream:remoteref) refs/heads/master refs/remotes/master [4ms]
2023-08-17 21:11:52.297 [info] > git status -z -uall [181ms]
2023-08-17 21:11:57.309 [info] No remotes found in the git config file.
2023-08-17 21:11:57.316 [info] > git config --get commit.template [8ms]
2023-08-17 21:11:57.321 [info] > git for-each-ref --format=%(refname)%00%(upstream:short)%00%(objectname)%00%(upstream:track)%00%(upstream:remotename)%00%(upstream:remoteref) refs/heads/master refs/remotes/master [5ms]
2023-08-17 21:11:57.528 [info] > git status -z -uall [201ms]
2023-08-17 21:12:02.546 [info] No remotes found in the git config file.
2023-08-17 21:12:02.547 [info] > git config --get commit.template [9ms]
2023-08-17 21:12:02.551 [info] > git for-each-ref --format=%(refname)%00%(upstream:short)%00%(objectname)%00%(upstream:track)%00%(upstream:remotename)%00%(upstream:remoteref) refs/heads/master refs/remotes/master [5ms]
2023-08-17 21:12:02.754 [info] > git status -z -uall [198ms]
2023-08-17 21:12:07.771 [info] No remotes found in the git config file.
2023-08-17 21:12:07.772 [info] > git config --get commit.template [7ms]
2023-08-17 21:12:07.775 [info] > git for-each-ref --format=%(refname)%00%(upstream:short)%00%(objectname)%00%(upstream:track)%00%(upstream:remotename)%00%(upstream:remoteref) refs/heads/master refs/remotes/master [4ms]
2023-08-17 21:12:07.968 [info] > git status -z -uall [188ms]
2023-08-17 21:12:12.986 [info] No remotes found in the git config file.
2023-08-17 21:12:12.987 [info] > git config --get commit.template [8ms]
2023-08-17 21:12:12.990 [info] > git for-each-ref --format=%(refname)%00%(upstream:short)%00%(objectname)%00%(upstream:track)%00%(upstream:remotename)%00%(upstream:remoteref) refs/heads/master refs/remotes/master [4ms]
2023-08-17 21:12:13.169 [info] > git status -z -uall [173ms]
2023-08-17 21:13:31.834 [info] No remotes found in the git config file.
2023-08-17 21:13:31.841 [info] > git config --get commit.template [8ms]
2023-08-17 21:13:31.847 [info] > git for-each-ref --format=%(refname)%00%(upstream:short)%00%(objectname)%00%(upstream:track)%00%(upstream:remotename)%00%(upstream:remoteref) refs/heads/master refs/remotes/master [5ms]
2023-08-17 21:13:32.346 [info] > git status -z -uall [492ms]
2023-08-17 21:16:18.390 [info] No remotes found in the git config file.
2023-08-17 21:16:18.396 [info] > git config --get commit.template [8ms]
2023-08-17 21:16:18.402 [info] > git for-each-ref --format=%(refname)%00%(upstream:short)%00%(objectname)%00%(upstream:track)%00%(upstream:remotename)%00%(upstream:remoteref) refs/heads/master refs/remotes/master [5ms]
2023-08-17 21:16:18.930 [info] > git status -z -uall [522ms]
