2023-08-15 17:59:16.968 [info] Extension host with pid 769 started
2023-08-15 17:59:16.988 [error] Error: EEXIST: file already exists, open '/var/www/.local/share/code-server/User/workspaceStorage/5e324e47/vscode.lock'
2023-08-15 17:59:17.032 [info] Lock '/var/www/.local/share/code-server/User/workspaceStorage/5e324e47/vscode.lock': Could not acquire lock, checking if the file is stale.
2023-08-15 17:59:17.043 [info] Lock '/var/www/.local/share/code-server/User/workspaceStorage/5e324e47/vscode.lock': The pid 626 appears to be gone.
2023-08-15 17:59:17.043 [info] Lock '/var/www/.local/share/code-server/User/workspaceStorage/5e324e47/vscode.lock': Deleting a stale lock.
2023-08-15 17:59:17.081 [info] Lock '/var/www/.local/share/code-server/User/workspaceStorage/5e324e47/vscode.lock': Lock acquired.
2023-08-15 17:59:17.166 [info] ExtensionService#_doActivateExtension vscode.git-base, startup: true, activationEvent: '*', root cause: vscode.git
2023-08-15 17:59:17.382 [info] ExtensionService#_doActivateExtension vscode.git, startup: true, activationEvent: '*'
2023-08-15 17:59:17.382 [info] ExtensionService#_doActivateExtension vscode.github, startup: true, activationEvent: '*'
2023-08-15 17:59:17.595 [info] Eager extensions activated
2023-08-15 17:59:17.595 [info] ExtensionService#_doActivateExtension vscode.debug-auto-launch, startup: false, activationEvent: 'onStartupFinished'
2023-08-15 17:59:17.596 [info] ExtensionService#_doActivateExtension vscode.merge-conflict, startup: false, activationEvent: 'onStartupFinished'
2023-08-15 17:59:18.102 [info] ExtensionService#_doActivateExtension vscode.emmet, startup: false, activationEvent: 'onLanguage'
2023-08-15 17:59:52.434 [info] ExtensionService#_doActivateExtension vscode.php-language-features, startup: false, activationEvent: 'onLanguage:php'
2023-08-15 18:24:41.682 [info] ExtensionService#_doActivateExtension vscode.css-language-features, startup: false, activationEvent: 'onLanguage:css'
2023-08-15 18:24:45.262 [info] ExtensionService#_doActivateExtension vscode.html-language-features, startup: false, activationEvent: 'onLanguage:html'
2023-08-15 20:18:07.971 [warning] [Decorations] CAPPING events from decorations provider vscode.git 254
2023-08-15 20:30:20.475 [info] ExtensionService#_doActivateExtension vscode.npm, startup: false, activationEvent: 'onTerminalQuickFixRequest:ms-vscode.npm-command'
2023-08-15 20:34:39.737 [info] Extension host terminating: received terminate message from renderer
2023-08-15 20:34:39.737 [info] Lock '/var/www/.local/share/code-server/User/workspaceStorage/5e324e47/vscode.lock': Marking the lockfile as scheduled to be released in 6000 ms.
2023-08-15 20:34:39.761 [error] Canceled: Canceled
	at new l (/usr/local/code-server-4.13.0-linux-amd64/lib/vscode/out/vs/workbench/api/node/extensionHostProcess.js:98:104563)
	at a.O (/usr/local/code-server-4.13.0-linux-amd64/lib/vscode/out/vs/workbench/api/node/extensionHostProcess.js:110:11657)
	at Proxy.H.<computed>.V.charCodeAt.H.<computed> (/usr/local/code-server-4.13.0-linux-amd64/lib/vscode/out/vs/workbench/api/node/extensionHostProcess.js:110:8947)
	at e.ExtHostCommands.g (/usr/local/code-server-4.13.0-linux-amd64/lib/vscode/out/vs/workbench/api/node/extensionHostProcess.js:98:124729)
	at e.ExtHostCommands.executeCommand (/usr/local/code-server-4.13.0-linux-amd64/lib/vscode/out/vs/workbench/api/node/extensionHostProcess.js:98:124105)
	at C.registerCommand.description (/usr/local/code-server-4.13.0-linux-amd64/lib/vscode/out/vs/workbench/api/node/extensionHostProcess.js:98:123398)
	at e.ExtHostCommands.h (/usr/local/code-server-4.13.0-linux-amd64/lib/vscode/out/vs/workbench/api/node/extensionHostProcess.js:98:125315)
	at e.ExtHostCommands.g (/usr/local/code-server-4.13.0-linux-amd64/lib/vscode/out/vs/workbench/api/node/extensionHostProcess.js:98:124205)
	at e.ExtHostCommands.executeCommand (/usr/local/code-server-4.13.0-linux-amd64/lib/vscode/out/vs/workbench/api/node/extensionHostProcess.js:98:124105)
	at Object.executeCommand (/usr/local/code-server-4.13.0-linux-amd64/lib/vscode/out/vs/workbench/api/node/extensionHostProcess.js:116:24043)
	at D (/usr/local/code-server-4.13.0-linux-amd64/lib/vscode/extensions/git/dist/main.js:2:1259661)
	at v.invoke (/usr/local/code-server-4.13.0-linux-amd64/lib/vscode/out/vs/workbench/api/node/extensionHostProcess.js:60:145)
	at h.deliver (/usr/local/code-server-4.13.0-linux-amd64/lib/vscode/out/vs/workbench/api/node/extensionHostProcess.js:60:2121)
	at i.fire (/usr/local/code-server-4.13.0-linux-amd64/lib/vscode/out/vs/workbench/api/node/extensionHostProcess.js:60:1729)
	at Object.m [as dispose] (/usr/local/code-server-4.13.0-linux-amd64/lib/vscode/extensions/git/dist/main.js:2:1274494)
	at /usr/local/code-server-4.13.0-linux-amd64/lib/vscode/extensions/git/dist/main.js:2:1278940
	at Array.forEach (<anonymous>)
	at g.dispose (/usr/local/code-server-4.13.0-linux-amd64/lib/vscode/extensions/git/dist/main.js:2:1278926)
	at t.<anonymous> (/usr/local/code-server-4.13.0-linux-amd64/lib/vscode/out/vs/workbench/api/node/extensionHostProcess.js:96:12369)
	at t.dispose (/usr/local/code-server-4.13.0-linux-amd64/lib/vscode/out/vs/workbench/api/node/extensionHostProcess.js:96:12504)
	at t.<anonymous> (/usr/local/code-server-4.13.0-linux-amd64/lib/vscode/extensions/git/dist/main.js:2:1261791)
	at t.dispose (/usr/local/code-server-4.13.0-linux-amd64/lib/vscode/out/vs/workbench/api/node/extensionHostProcess.js:96:12504)
	at T (/usr/local/code-server-4.13.0-linux-amd64/lib/vscode/out/vs/workbench/api/node/extensionHostProcess.js:10:12080)
	at h.Y (/usr/local/code-server-4.13.0-linux-amd64/lib/vscode/out/vs/workbench/api/node/extensionHostProcess.js:112:11173)
	at /usr/local/code-server-4.13.0-linux-amd64/lib/vscode/out/vs/workbench/api/node/extensionHostProcess.js:112:9157
	at Array.map (<anonymous>)
	at h.R (/usr/local/code-server-4.13.0-linux-amd64/lib/vscode/out/vs/workbench/api/node/extensionHostProcess.js:112:9144)
	at h.terminate (/usr/local/code-server-4.13.0-linux-amd64/lib/vscode/out/vs/workbench/api/node/extensionHostProcess.js:112:9415)
	at d.terminate (/usr/local/code-server-4.13.0-linux-amd64/lib/vscode/out/vs/workbench/api/node/extensionHostProcess.js:116:1544)
	at g (/usr/local/code-server-4.13.0-linux-amd64/lib/vscode/out/vs/workbench/api/node/extensionHostProcess.js:126:34552)
	at /usr/local/code-server-4.13.0-linux-amd64/lib/vscode/out/vs/workbench/api/node/extensionHostProcess.js:126:32462
	at v.invoke (/usr/local/code-server-4.13.0-linux-amd64/lib/vscode/out/vs/workbench/api/node/extensionHostProcess.js:60:145)
	at h.deliver (/usr/local/code-server-4.13.0-linux-amd64/lib/vscode/out/vs/workbench/api/node/extensionHostProcess.js:60:2121)
	at i.fire (/usr/local/code-server-4.13.0-linux-amd64/lib/vscode/out/vs/workbench/api/node/extensionHostProcess.js:60:1729)
	at g.fire (/usr/local/code-server-4.13.0-linux-amd64/lib/vscode/out/vs/workbench/api/node/extensionHostProcess.js:71:14852)
	at u.E (/usr/local/code-server-4.13.0-linux-amd64/lib/vscode/out/vs/workbench/api/node/extensionHostProcess.js:71:18899)
	at /usr/local/code-server-4.13.0-linux-amd64/lib/vscode/out/vs/workbench/api/node/extensionHostProcess.js:71:16887
	at v.invoke (/usr/local/code-server-4.13.0-linux-amd64/lib/vscode/out/vs/workbench/api/node/extensionHostProcess.js:60:145)
	at h.deliver (/usr/local/code-server-4.13.0-linux-amd64/lib/vscode/out/vs/workbench/api/node/extensionHostProcess.js:60:2121)
	at i.fire (/usr/local/code-server-4.13.0-linux-amd64/lib/vscode/out/vs/workbench/api/node/extensionHostProcess.js:60:1729)
	at d.acceptChunk (/usr/local/code-server-4.13.0-linux-amd64/lib/vscode/out/vs/workbench/api/node/extensionHostProcess.js:71:12583)
	at /usr/local/code-server-4.13.0-linux-amd64/lib/vscode/out/vs/workbench/api/node/extensionHostProcess.js:71:11870
	at v.invoke (/usr/local/code-server-4.13.0-linux-amd64/lib/vscode/out/vs/workbench/api/node/extensionHostProcess.js:60:145)
	at h.deliver (/usr/local/code-server-4.13.0-linux-amd64/lib/vscode/out/vs/workbench/api/node/extensionHostProcess.js:60:2121)
	at i.fire (/usr/local/code-server-4.13.0-linux-amd64/lib/vscode/out/vs/workbench/api/node/extensionHostProcess.js:60:1729)
	at D.u (/usr/local/code-server-4.13.0-linux-amd64/lib/vscode/out/vs/workbench/api/node/extensionHostProcess.js:126:20019) setContext undefined
2023-08-15 20:34:39.774 [info] Extension host with pid 769 exiting with code 0
