0 verbose cli /usr/bin/node /usr/bin/npm
1 info using npm@9.7.2
2 info using node@v18.16.1
3 timing npm:load:whichnode Completed in 2ms
4 timing config:load:defaults Completed in 2ms
5 timing config:load:file:/usr/lib/node_modules/npm/npmrc Completed in 1ms
6 timing config:load:builtin Completed in 1ms
7 timing config:load:cli Completed in 4ms
8 timing config:load:env Completed in 1ms
9 timing config:load:file:/var/www/.cache/typescript/5.0/.npmrc Completed in 0ms
10 timing config:load:project Completed in 4ms
11 timing config:load:file:/var/www/.npmrc Completed in 0ms
12 timing config:load:user Completed in 1ms
13 timing config:load:file:/usr/etc/npmrc Completed in 0ms
14 timing config:load:global Completed in 0ms
15 timing config:load:setEnvs Completed in 1ms
16 timing config:load Completed in 14ms
17 timing npm:load:configload Completed in 14ms
18 timing config:load:flatten Completed in 3ms
19 timing npm:load:mkdirpcache Completed in 1ms
20 timing npm:load:mkdirplogs Completed in 0ms
21 verbose title npm install @types/bootstrap@ts5.0
22 verbose argv "install" "--ignore-scripts" "@types/bootstrap@ts5.0" "--save-dev" "--user-agent" "typesInstaller/5.0.4"
23 timing npm:load:setTitle Completed in 1ms
24 timing npm:load:display Completed in 1ms
25 verbose logfile logs-max:10 dir:/var/www/.npm/_logs/2023-08-12T07_57_57_129Z-
26 verbose logfile /var/www/.npm/_logs/2023-08-12T07_57_57_129Z-debug-0.log
27 timing npm:load:logFile Completed in 14ms
28 timing npm:load:timers Completed in 1ms
29 timing npm:load:configScope Completed in 0ms
30 timing npm:load Completed in 51ms
31 timing arborist:ctor Completed in 1ms
32 silly logfile done cleaning log files
33 timing idealTree:init Completed in 14ms
34 timing arborist:ctor Completed in 1ms
35 http fetch GET 200 https://registry.npmjs.org/npm 488ms (cache miss)
36 http fetch GET 200 https://registry.npmjs.org/@types%2fbootstrap 1222ms (cache miss)
37 timing idealTree:userRequests Completed in 1227ms
38 silly idealTree buildDeps
39 silly fetch manifest @types/bootstrap@5.2.6
40 silly placeDep ROOT @types/bootstrap@5.2.6 OK for:  want: 5.2.6
41 silly fetch manifest @popperjs/core@^2.9.2
42 http fetch GET 200 https://registry.npmjs.org/@popperjs%2fcore 358ms (cache miss)
43 timing idealTree:#root Completed in 367ms
44 silly placeDep ROOT @popperjs/core@2.11.8 OK for: @types/bootstrap@5.2.6 want: ^2.9.2
45 timing idealTree:node_modules/@types/bootstrap Completed in 3ms
46 timing idealTree:node_modules/@popperjs/core Completed in 0ms
47 timing idealTree:buildDeps Completed in 373ms
48 timing idealTree:fixDepFlags Completed in 0ms
49 timing idealTree Completed in 1615ms
50 timing reify:loadTrees Completed in 1616ms
51 timing reify:diffTrees Completed in 2ms
52 silly reify moves {}
53 timing reify:retireShallow Completed in 1ms
54 timing reify:createSparse Completed in 25ms
55 timing reify:loadBundles Completed in 0ms
56 silly audit bulk request {
56 silly audit   'types-registry': [ '0.1.655' ],
56 silly audit   '@types/bootstrap': [ '5.2.6' ],
56 silly audit   '@popperjs/core': [ '2.11.8' ]
56 silly audit }
57 silly tarball no local data for @types/bootstrap@https://registry.npmjs.org/@types/bootstrap/-/bootstrap-5.2.6.tgz. Extracting by manifest.
58 silly tarball no local data for @popperjs/core@https://registry.npmjs.org/@popperjs/core/-/core-2.11.8.tgz. Extracting by manifest.
59 http fetch POST 200 https://registry.npmjs.org/-/npm/v1/security/advisories/bulk 190ms
60 timing auditReport:getReport Completed in 193ms
61 silly audit report {}
62 timing auditReport:init Completed in 0ms
63 timing reify:audit Completed in 193ms
64 http fetch GET 200 https://registry.npmjs.org/@types/bootstrap/-/bootstrap-5.2.6.tgz 285ms (cache miss)
65 timing reifyNode:node_modules/@types/bootstrap Completed in 314ms
66 http fetch GET 200 https://registry.npmjs.org/@popperjs/core/-/core-2.11.8.tgz 1475ms (cache miss)
67 timing reifyNode:node_modules/@popperjs/core Completed in 1487ms
68 timing reify:unpack Completed in 1489ms
69 timing reify:unretire Completed in 0ms
70 timing build:queue Completed in 0ms
71 timing build:deps Completed in 1ms
72 timing build Completed in 1ms
73 timing reify:build Completed in 1ms
74 timing reify:trash Completed in 0ms
75 timing reify:save Completed in 7ms
76 timing reify Completed in 3207ms
77 silly ADD node_modules/@popperjs/core
78 silly ADD node_modules/@types/bootstrap
79 timing command:install Completed in 3212ms
80 notice
80 notice New minor version of npm available! 9.7.2 -> 9.8.1
80 notice Changelog: <https://github.com/npm/cli/releases/tag/v9.8.1>
80 notice Run `npm install -g npm@9.8.1` to update!
80 notice
81 verbose exit 0
82 timing npm Completed in 3432ms
83 info ok
