0 verbose cli /usr/bin/node /usr/bin/npm
1 info using npm@9.7.2
2 info using node@v18.16.1
3 timing npm:load:whichnode Completed in 1ms
4 timing config:load:defaults Completed in 2ms
5 timing config:load:file:/usr/lib/node_modules/npm/npmrc Completed in 1ms
6 timing config:load:builtin Completed in 1ms
7 timing config:load:cli Completed in 3ms
8 timing config:load:env Completed in 0ms
9 timing config:load:file:/var/www/.cache/typescript/5.0/.npmrc Completed in 0ms
10 timing config:load:project Completed in 5ms
11 timing config:load:file:/var/www/.npmrc Completed in 0ms
12 timing config:load:user Completed in 0ms
13 timing config:load:file:/usr/etc/npmrc Completed in 0ms
14 timing config:load:global Completed in 0ms
15 timing config:load:setEnvs Completed in 1ms
16 timing config:load Completed in 13ms
17 timing npm:load:configload Completed in 13ms
18 timing config:load:flatten Completed in 2ms
19 timing npm:load:mkdirpcache Completed in 0ms
20 timing npm:load:mkdirplogs Completed in 1ms
21 verbose title npm install types-registry@latest
22 verbose argv "install" "--ignore-scripts" "types-registry@latest"
23 timing npm:load:setTitle Completed in 1ms
24 timing npm:load:display Completed in 1ms
25 verbose logfile logs-max:10 dir:/var/www/.npm/_logs/2023-08-12T07_57_54_419Z-
26 verbose logfile /var/www/.npm/_logs/2023-08-12T07_57_54_419Z-debug-0.log
27 timing npm:load:logFile Completed in 10ms
28 timing npm:load:timers Completed in 0ms
29 timing npm:load:configScope Completed in 0ms
30 timing npm:load Completed in 47ms
31 timing arborist:ctor Completed in 1ms
32 timing arborist:ctor Completed in 0ms
33 timing idealTree:init Completed in 11ms
34 silly logfile done cleaning log files
35 http fetch GET 200 https://registry.npmjs.org/types-registry 139ms (cache miss)
36 timing idealTree:userRequests Completed in 147ms
37 silly idealTree buildDeps
38 silly fetch manifest types-registry@0.1.655
39 silly placeDep ROOT types-registry@0.1.655 OK for:  want: 0.1.655
40 timing idealTree:#root Completed in 7ms
41 timing idealTree:node_modules/types-registry Completed in 0ms
42 timing idealTree:buildDeps Completed in 9ms
43 timing idealTree:fixDepFlags Completed in 1ms
44 timing idealTree Completed in 170ms
45 timing reify:loadTrees Completed in 170ms
46 timing reify:diffTrees Completed in 0ms
47 silly reify moves {}
48 timing reify:retireShallow Completed in 1ms
49 timing reify:createSparse Completed in 6ms
50 timing reify:loadBundles Completed in 0ms
51 silly audit bulk request { 'types-registry': [ '0.1.655' ] }
52 silly tarball no local data for types-registry@https://registry.npmjs.org/types-registry/-/types-registry-0.1.655.tgz. Extracting by manifest.
53 http fetch GET 200 https://registry.npmjs.org/types-registry/-/types-registry-0.1.655.tgz 124ms (cache miss)
54 timing reifyNode:node_modules/types-registry Completed in 131ms
55 timing reify:unpack Completed in 131ms
56 timing reify:unretire Completed in 0ms
57 timing build:queue Completed in 1ms
58 timing build:deps Completed in 1ms
59 timing build Completed in 1ms
60 timing reify:build Completed in 2ms
61 timing reify:trash Completed in 0ms
62 timing reify:save Completed in 7ms
63 http fetch POST 200 https://registry.npmjs.org/-/npm/v1/security/advisories/bulk 208ms
64 timing auditReport:getReport Completed in 209ms
65 silly audit report {}
66 timing auditReport:init Completed in 0ms
67 timing reify:audit Completed in 210ms
68 timing reify Completed in 443ms
69 silly ADD node_modules/types-registry
70 timing command:install Completed in 448ms
71 verbose exit 0
72 timing npm Completed in 672ms
73 info ok
