2023-08-14 17:41:34.670 [info] Extension host with pid 626 started
2023-08-14 17:41:34.673 [error] Error: EEXIST: file already exists, open '/var/www/.local/share/code-server/User/workspaceStorage/5e324e47/vscode.lock'
2023-08-14 17:41:34.679 [info] Lock '/var/www/.local/share/code-server/User/workspaceStorage/5e324e47/vscode.lock': Lock acquired.
2023-08-14 17:41:34.759 [info] ExtensionService#_doActivateExtension vscode.git-base, startup: true, activationEvent: '*', root cause: vscode.git
2023-08-14 17:41:34.883 [info] ExtensionService#_doActivateExtension vscode.php-language-features, startup: false, activationEvent: 'onLanguage:php'
2023-08-14 17:41:34.883 [info] ExtensionService#_doActivateExtension vscode.emmet, startup: false, activationEvent: 'onLanguage'
2023-08-14 17:41:34.916 [info] ExtensionService#_doActivateExtension vscode.git, startup: true, activationEvent: '*'
2023-08-14 17:41:34.916 [info] ExtensionService#_doActivateExtension vscode.github, startup: true, activationEvent: '*'
2023-08-14 17:41:35.154 [info] Eager extensions activated
2023-08-14 17:41:35.154 [info] ExtensionService#_doActivateExtension vscode.debug-auto-launch, startup: false, activationEvent: 'onStartupFinished'
2023-08-14 17:41:35.154 [info] ExtensionService#_doActivateExtension vscode.merge-conflict, startup: false, activationEvent: 'onStartupFinished'
2023-08-14 17:41:35.682 [warning] [Decorations] CAPPING events from decorations provider vscode.git 1290
2023-08-14 17:41:35.966 [warning] [Decorations] CAPPING events from decorations provider vscode.git 1290
2023-08-14 17:41:36.765 [error] {"message":"Git error","stdout":"","stderr":"fatal: Pathspec '/var/www/html/webAppDev/WebDev-Examples original/week3' is in submodule 'html/webAppDev/WebDev-Examples original'\n","exitCode":128,"gitErrorCode":"IsInSubmodule"}
2023-08-14 17:41:36.765 [error] {"message":"Git error","stdout":"","stderr":"fatal: Pathspec '/var/www/html/webAppDev/WebDev-Examples original/week3' is in submodule 'html/webAppDev/WebDev-Examples original'\n","exitCode":128,"gitErrorCode":"IsInSubmodule"}
2023-08-14 17:41:36.765 [error] {"message":"Git error","stdout":"","stderr":"fatal: Pathspec '/var/www/html/webAppDev/WebDev-Examples original/week3' is in submodule 'html/webAppDev/WebDev-Examples original'\n","exitCode":128,"gitErrorCode":"IsInSubmodule"}
2023-08-14 17:41:36.765 [error] {"message":"Git error","stdout":"","stderr":"fatal: Pathspec '/var/www/html/webAppDev/WebDev-Examples original/week3' is in submodule 'html/webAppDev/WebDev-Examples original'\n","exitCode":128,"gitErrorCode":"IsInSubmodule"}
2023-08-14 17:41:36.765 [error] {"message":"Git error","stdout":"","stderr":"fatal: Pathspec '/var/www/html/webAppDev/WebDev-Examples original/week3' is in submodule 'html/webAppDev/WebDev-Examples original'\n","exitCode":128,"gitErrorCode":"IsInSubmodule"}
2023-08-14 17:41:36.765 [error] {"message":"Git error","stdout":"","stderr":"fatal: Pathspec '/var/www/html/webAppDev/WebDev-Examples original/week3' is in submodule 'html/webAppDev/WebDev-Examples original'\n","exitCode":128,"gitErrorCode":"IsInSubmodule"}
2023-08-14 17:41:36.765 [error] {"message":"Git error","stdout":"","stderr":"fatal: Pathspec '/var/www/html/webAppDev/WebDev-Examples original/week3' is in submodule 'html/webAppDev/WebDev-Examples original'\n","exitCode":128,"gitErrorCode":"IsInSubmodule"}
2023-08-14 17:41:36.765 [error] {"message":"Git error","stdout":"","stderr":"fatal: Pathspec '/var/www/html/webAppDev/WebDev-Examples original/week3' is in submodule 'html/webAppDev/WebDev-Examples original'\n","exitCode":128,"gitErrorCode":"IsInSubmodule"}
2023-08-14 17:41:36.765 [error] {"message":"Git error","stdout":"","stderr":"fatal: Pathspec '/var/www/html/webAppDev/WebDev-Examples original/week3' is in submodule 'html/webAppDev/WebDev-Examples original'\n","exitCode":128,"gitErrorCode":"IsInSubmodule"}
2023-08-14 17:41:36.765 [error] {"message":"Git error","stdout":"","stderr":"fatal: Pathspec '/var/www/html/webAppDev/WebDev-Examples original/week3' is in submodule 'html/webAppDev/WebDev-Examples original'\n","exitCode":128,"gitErrorCode":"IsInSubmodule"}
2023-08-14 17:41:36.765 [error] {"message":"Git error","stdout":"","stderr":"fatal: Pathspec '/var/www/html/webAppDev/WebDev-Examples original/week3' is in submodule 'html/webAppDev/WebDev-Examples original'\n","exitCode":128,"gitErrorCode":"IsInSubmodule"}
2023-08-14 17:41:36.765 [error] {"message":"Git error","stdout":"","stderr":"fatal: Pathspec '/var/www/html/webAppDev/WebDev-Examples original/week3' is in submodule 'html/webAppDev/WebDev-Examples original'\n","exitCode":128,"gitErrorCode":"IsInSubmodule"}
2023-08-14 17:41:36.765 [error] {"message":"Git error","stdout":"","stderr":"fatal: Pathspec '/var/www/html/webAppDev/WebDev-Examples original/week3' is in submodule 'html/webAppDev/WebDev-Examples original'\n","exitCode":128,"gitErrorCode":"IsInSubmodule"}
2023-08-14 17:41:36.765 [error] {"message":"Git error","stdout":"","stderr":"fatal: Pathspec '/var/www/html/webAppDev/WebDev-Examples original/week3' is in submodule 'html/webAppDev/WebDev-Examples original'\n","exitCode":128,"gitErrorCode":"IsInSubmodule"}
2023-08-14 17:41:36.765 [error] {"message":"Git error","stdout":"","stderr":"fatal: Pathspec '/var/www/html/webAppDev/WebDev-Examples original/week3' is in submodule 'html/webAppDev/WebDev-Examples original'\n","exitCode":128,"gitErrorCode":"IsInSubmodule"}
2023-08-14 17:41:36.765 [error] {"message":"Git error","stdout":"","stderr":"fatal: Pathspec '/var/www/html/webAppDev/WebDev-Examples original/week3' is in submodule 'html/webAppDev/WebDev-Examples original'\n","exitCode":128,"gitErrorCode":"IsInSubmodule"}
2023-08-14 17:41:36.765 [error] {"message":"Git error","stdout":"","stderr":"fatal: Pathspec '/var/www/html/webAppDev/WebDev-Examples original/week3' is in submodule 'html/webAppDev/WebDev-Examples original'\n","exitCode":128,"gitErrorCode":"IsInSubmodule"}
2023-08-14 17:41:36.765 [error] {"message":"Git error","stdout":"","stderr":"fatal: Pathspec '/var/www/html/webAppDev/WebDev-Examples original/week3' is in submodule 'html/webAppDev/WebDev-Examples original'\n","exitCode":128,"gitErrorCode":"IsInSubmodule"}
2023-08-14 17:41:36.765 [error] {"message":"Git error","stdout":"","stderr":"fatal: Pathspec '/var/www/html/webAppDev/WebDev-Examples original/week3' is in submodule 'html/webAppDev/WebDev-Examples original'\n","exitCode":128,"gitErrorCode":"IsInSubmodule"}
2023-08-14 17:41:36.765 [error] {"message":"Git error","stdout":"","stderr":"fatal: Pathspec '/var/www/html/webAppDev/WebDev-Examples original/week3' is in submodule 'html/webAppDev/WebDev-Examples original'\n","exitCode":128,"gitErrorCode":"IsInSubmodule"}
2023-08-14 17:41:36.765 [error] {"message":"Git error","stdout":"","stderr":"fatal: Pathspec '/var/www/html/webAppDev/WebDev-Examples original/week3' is in submodule 'html/webAppDev/WebDev-Examples original'\n","exitCode":128,"gitErrorCode":"IsInSubmodule"}
2023-08-14 17:41:36.765 [error] {"message":"Git error","stdout":"","stderr":"fatal: Pathspec '/var/www/html/webAppDev/WebDev-Examples original/week3' is in submodule 'html/webAppDev/WebDev-Examples original'\n","exitCode":128,"gitErrorCode":"IsInSubmodule"}
2023-08-14 17:41:36.765 [error] {"message":"Git error","stdout":"","stderr":"fatal: Pathspec '/var/www/html/webAppDev/WebDev-Examples original/week3' is in submodule 'html/webAppDev/WebDev-Examples original'\n","exitCode":128,"gitErrorCode":"IsInSubmodule"}
2023-08-14 17:41:36.765 [error] {"message":"Git error","stdout":"","stderr":"fatal: Pathspec '/var/www/html/webAppDev/WebDev-Examples original/week3' is in submodule 'html/webAppDev/WebDev-Examples original'\n","exitCode":128,"gitErrorCode":"IsInSubmodule"}
2023-08-14 17:41:36.765 [error] {"message":"Git error","stdout":"","stderr":"fatal: Pathspec '/var/www/html/webAppDev/WebDev-Examples original/week3' is in submodule 'html/webAppDev/WebDev-Examples original'\n","exitCode":128,"gitErrorCode":"IsInSubmodule"}
2023-08-14 17:41:36.765 [error] {"message":"Git error","stdout":"","stderr":"fatal: Pathspec '/var/www/html/webAppDev/WebDev-Examples original/week3' is in submodule 'html/webAppDev/WebDev-Examples original'\n","exitCode":128,"gitErrorCode":"IsInSubmodule"}
2023-08-14 17:41:36.765 [error] {"message":"Git error","stdout":"","stderr":"fatal: Pathspec '/var/www/html/webAppDev/WebDev-Examples original/week3' is in submodule 'html/webAppDev/WebDev-Examples original'\n","exitCode":128,"gitErrorCode":"IsInSubmodule"}
2023-08-14 17:41:36.765 [error] {"message":"Git error","stdout":"","stderr":"fatal: Pathspec '/var/www/html/webAppDev/WebDev-Examples original/week3' is in submodule 'html/webAppDev/WebDev-Examples original'\n","exitCode":128,"gitErrorCode":"IsInSubmodule"}
2023-08-14 17:41:36.765 [error] {"message":"Git error","stdout":"","stderr":"fatal: Pathspec '/var/www/html/webAppDev/WebDev-Examples original/week3' is in submodule 'html/webAppDev/WebDev-Examples original'\n","exitCode":128,"gitErrorCode":"IsInSubmodule"}
2023-08-14 17:41:36.765 [error] {"message":"Git error","stdout":"","stderr":"fatal: Pathspec '/var/www/html/webAppDev/WebDev-Examples original/week3' is in submodule 'html/webAppDev/WebDev-Examples original'\n","exitCode":128,"gitErrorCode":"IsInSubmodule"}
2023-08-14 17:41:36.765 [error] {"message":"Git error","stdout":"","stderr":"fatal: Pathspec '/var/www/html/webAppDev/WebDev-Examples original/week3' is in submodule 'html/webAppDev/WebDev-Examples original'\n","exitCode":128,"gitErrorCode":"IsInSubmodule"}
2023-08-14 17:41:36.765 [error] {"message":"Git error","stdout":"","stderr":"fatal: Pathspec '/var/www/html/webAppDev/WebDev-Examples original/week3' is in submodule 'html/webAppDev/WebDev-Examples original'\n","exitCode":128,"gitErrorCode":"IsInSubmodule"}
2023-08-14 17:41:36.765 [error] {"message":"Git error","stdout":"","stderr":"fatal: Pathspec '/var/www/html/webAppDev/WebDev-Examples original/week3' is in submodule 'html/webAppDev/WebDev-Examples original'\n","exitCode":128,"gitErrorCode":"IsInSubmodule"}
2023-08-14 17:41:36.765 [error] {"message":"Git error","stdout":"","stderr":"fatal: Pathspec '/var/www/html/webAppDev/WebDev-Examples original/week3' is in submodule 'html/webAppDev/WebDev-Examples original'\n","exitCode":128,"gitErrorCode":"IsInSubmodule"}
2023-08-14 17:41:36.765 [error] {"message":"Git error","stdout":"","stderr":"fatal: Pathspec '/var/www/html/webAppDev/WebDev-Examples original/week3' is in submodule 'html/webAppDev/WebDev-Examples original'\n","exitCode":128,"gitErrorCode":"IsInSubmodule"}
2023-08-14 17:41:36.765 [error] {"message":"Git error","stdout":"","stderr":"fatal: Pathspec '/var/www/html/webAppDev/WebDev-Examples original/week3' is in submodule 'html/webAppDev/WebDev-Examples original'\n","exitCode":128,"gitErrorCode":"IsInSubmodule"}
2023-08-14 17:41:36.765 [error] {"message":"Git error","stdout":"","stderr":"fatal: Pathspec '/var/www/html/webAppDev/WebDev-Examples original/week3' is in submodule 'html/webAppDev/WebDev-Examples original'\n","exitCode":128,"gitErrorCode":"IsInSubmodule"}
2023-08-14 17:41:36.765 [error] {"message":"Git error","stdout":"","stderr":"fatal: Pathspec '/var/www/html/webAppDev/WebDev-Examples original/week3' is in submodule 'html/webAppDev/WebDev-Examples original'\n","exitCode":128,"gitErrorCode":"IsInSubmodule"}
2023-08-14 17:41:36.765 [error] {"message":"Git error","stdout":"","stderr":"fatal: Pathspec '/var/www/html/webAppDev/WebDev-Examples original/week3' is in submodule 'html/webAppDev/WebDev-Examples original'\n","exitCode":128,"gitErrorCode":"IsInSubmodule"}
2023-08-14 17:41:36.765 [error] {"message":"Git error","stdout":"","stderr":"fatal: Pathspec '/var/www/html/webAppDev/WebDev-Examples original/week3' is in submodule 'html/webAppDev/WebDev-Examples original'\n","exitCode":128,"gitErrorCode":"IsInSubmodule"}
2023-08-14 17:41:36.765 [error] {"message":"Git error","stdout":"","stderr":"fatal: Pathspec '/var/www/html/webAppDev/WebDev-Examples original/week3' is in submodule 'html/webAppDev/WebDev-Examples original'\n","exitCode":128,"gitErrorCode":"IsInSubmodule"}
2023-08-14 17:41:36.765 [error] {"message":"Git error","stdout":"","stderr":"fatal: Pathspec '/var/www/html/webAppDev/WebDev-Examples original/week3' is in submodule 'html/webAppDev/WebDev-Examples original'\n","exitCode":128,"gitErrorCode":"IsInSubmodule"}
2023-08-14 17:41:36.765 [error] {"message":"Git error","stdout":"","stderr":"fatal: Pathspec '/var/www/html/webAppDev/WebDev-Examples original/week3' is in submodule 'html/webAppDev/WebDev-Examples original'\n","exitCode":128,"gitErrorCode":"IsInSubmodule"}
2023-08-14 17:41:36.765 [error] {"message":"Git error","stdout":"","stderr":"fatal: Pathspec '/var/www/html/webAppDev/WebDev-Examples original/week3' is in submodule 'html/webAppDev/WebDev-Examples original'\n","exitCode":128,"gitErrorCode":"IsInSubmodule"}
2023-08-14 17:41:36.765 [error] {"message":"Git error","stdout":"","stderr":"fatal: Pathspec '/var/www/html/webAppDev/WebDev-Examples original/week3' is in submodule 'html/webAppDev/WebDev-Examples original'\n","exitCode":128,"gitErrorCode":"IsInSubmodule"}
2023-08-14 17:41:36.765 [error] {"message":"Git error","stdout":"","stderr":"fatal: Pathspec '/var/www/html/webAppDev/WebDev-Examples original/week3' is in submodule 'html/webAppDev/WebDev-Examples original'\n","exitCode":128,"gitErrorCode":"IsInSubmodule"}
2023-08-14 17:41:36.765 [error] {"message":"Git error","stdout":"","stderr":"fatal: Pathspec '/var/www/html/webAppDev/WebDev-Examples original/week3' is in submodule 'html/webAppDev/WebDev-Examples original'\n","exitCode":128,"gitErrorCode":"IsInSubmodule"}
2023-08-14 17:41:36.765 [error] {"message":"Git error","stdout":"","stderr":"fatal: Pathspec '/var/www/html/webAppDev/WebDev-Examples original/week3' is in submodule 'html/webAppDev/WebDev-Examples original'\n","exitCode":128,"gitErrorCode":"IsInSubmodule"}
2023-08-14 17:41:36.765 [error] {"message":"Git error","stdout":"","stderr":"fatal: Pathspec '/var/www/html/webAppDev/WebDev-Examples original/week3' is in submodule 'html/webAppDev/WebDev-Examples original'\n","exitCode":128,"gitErrorCode":"IsInSubmodule"}
2023-08-14 17:41:36.765 [error] {"message":"Git error","stdout":"","stderr":"fatal: Pathspec '/var/www/html/webAppDev/WebDev-Examples original/week3' is in submodule 'html/webAppDev/WebDev-Examples original'\n","exitCode":128,"gitErrorCode":"IsInSubmodule"}
2023-08-14 17:41:36.765 [error] {"message":"Git error","stdout":"","stderr":"fatal: Pathspec '/var/www/html/webAppDev/WebDev-Examples original/week3' is in submodule 'html/webAppDev/WebDev-Examples original'\n","exitCode":128,"gitErrorCode":"IsInSubmodule"}
2023-08-14 17:41:36.765 [error] {"message":"Git error","stdout":"","stderr":"fatal: Pathspec '/var/www/html/webAppDev/WebDev-Examples original/week3' is in submodule 'html/webAppDev/WebDev-Examples original'\n","exitCode":128,"gitErrorCode":"IsInSubmodule"}
2023-08-14 17:41:36.765 [error] {"message":"Git error","stdout":"","stderr":"fatal: Pathspec '/var/www/html/webAppDev/WebDev-Examples original/week3' is in submodule 'html/webAppDev/WebDev-Examples original'\n","exitCode":128,"gitErrorCode":"IsInSubmodule"}
2023-08-14 17:41:36.766 [error] {"message":"Git error","stdout":"","stderr":"fatal: Pathspec '/var/www/html/webAppDev/WebDev-Examples original/week3' is in submodule 'html/webAppDev/WebDev-Examples original'\n","exitCode":128,"gitErrorCode":"IsInSubmodule"}
2023-08-14 17:41:36.766 [error] {"message":"Git error","stdout":"","stderr":"fatal: Pathspec '/var/www/html/webAppDev/WebDev-Examples original/week3' is in submodule 'html/webAppDev/WebDev-Examples original'\n","exitCode":128,"gitErrorCode":"IsInSubmodule"}
2023-08-14 17:41:37.767 [error] {"message":"Git error","stdout":"","stderr":"fatal: Pathspec '/var/www/html/webAppDev/WebDev-Examples original/week3' is in submodule 'html/webAppDev/WebDev-Examples original'\n","exitCode":128,"gitErrorCode":"IsInSubmodule"}
2023-08-14 17:41:37.767 [error] {"message":"Git error","stdout":"","stderr":"fatal: Pathspec '/var/www/html/webAppDev/WebDev-Examples original/week3' is in submodule 'html/webAppDev/WebDev-Examples original'\n","exitCode":128,"gitErrorCode":"IsInSubmodule"}
2023-08-14 17:41:37.768 [error] {"message":"Git error","stdout":"","stderr":"fatal: Pathspec '/var/www/html/webAppDev/WebDev-Examples original/week3' is in submodule 'html/webAppDev/WebDev-Examples original'\n","exitCode":128,"gitErrorCode":"IsInSubmodule"}
2023-08-14 17:41:37.768 [error] {"message":"Git error","stdout":"","stderr":"fatal: Pathspec '/var/www/html/webAppDev/WebDev-Examples original/week3' is in submodule 'html/webAppDev/WebDev-Examples original'\n","exitCode":128,"gitErrorCode":"IsInSubmodule"}
2023-08-14 17:41:37.768 [error] {"message":"Git error","stdout":"","stderr":"fatal: Pathspec '/var/www/html/webAppDev/WebDev-Examples original/week3' is in submodule 'html/webAppDev/WebDev-Examples original'\n","exitCode":128,"gitErrorCode":"IsInSubmodule"}
2023-08-14 17:41:37.768 [error] {"message":"Git error","stdout":"","stderr":"fatal: Pathspec '/var/www/html/webAppDev/WebDev-Examples original/week3' is in submodule 'html/webAppDev/WebDev-Examples original'\n","exitCode":128,"gitErrorCode":"IsInSubmodule"}
2023-08-14 17:41:37.768 [error] {"message":"Git error","stdout":"","stderr":"fatal: Pathspec '/var/www/html/webAppDev/WebDev-Examples original/week3' is in submodule 'html/webAppDev/WebDev-Examples original'\n","exitCode":128,"gitErrorCode":"IsInSubmodule"}
2023-08-14 17:41:37.768 [error] {"message":"Git error","stdout":"","stderr":"fatal: Pathspec '/var/www/html/webAppDev/WebDev-Examples original/week3' is in submodule 'html/webAppDev/WebDev-Examples original'\n","exitCode":128,"gitErrorCode":"IsInSubmodule"}
2023-08-14 17:41:37.768 [error] {"message":"Git error","stdout":"","stderr":"fatal: Pathspec '/var/www/html/webAppDev/WebDev-Examples original/week3' is in submodule 'html/webAppDev/WebDev-Examples original'\n","exitCode":128,"gitErrorCode":"IsInSubmodule"}
2023-08-14 17:41:37.769 [error] {"message":"Git error","stdout":"","stderr":"fatal: Pathspec '/var/www/html/webAppDev/WebDev-Examples original/week3' is in submodule 'html/webAppDev/WebDev-Examples original'\n","exitCode":128,"gitErrorCode":"IsInSubmodule"}
2023-08-14 17:41:37.769 [error] {"message":"Git error","stdout":"","stderr":"fatal: Pathspec '/var/www/html/webAppDev/WebDev-Examples original/week3' is in submodule 'html/webAppDev/WebDev-Examples original'\n","exitCode":128,"gitErrorCode":"IsInSubmodule"}
2023-08-14 17:41:37.769 [error] {"message":"Git error","stdout":"","stderr":"fatal: Pathspec '/var/www/html/webAppDev/WebDev-Examples original/week3' is in submodule 'html/webAppDev/WebDev-Examples original'\n","exitCode":128,"gitErrorCode":"IsInSubmodule"}
2023-08-14 17:41:37.769 [error] {"message":"Git error","stdout":"","stderr":"fatal: Pathspec '/var/www/html/webAppDev/WebDev-Examples original/week3' is in submodule 'html/webAppDev/WebDev-Examples original'\n","exitCode":128,"gitErrorCode":"IsInSubmodule"}
2023-08-14 17:41:37.769 [error] {"message":"Git error","stdout":"","stderr":"fatal: Pathspec '/var/www/html/webAppDev/WebDev-Examples original/week3' is in submodule 'html/webAppDev/WebDev-Examples original'\n","exitCode":128,"gitErrorCode":"IsInSubmodule"}
2023-08-14 17:41:37.769 [error] {"message":"Git error","stdout":"","stderr":"fatal: Pathspec '/var/www/html/webAppDev/WebDev-Examples original/week3' is in submodule 'html/webAppDev/WebDev-Examples original'\n","exitCode":128,"gitErrorCode":"IsInSubmodule"}
2023-08-14 17:41:37.770 [error] {"message":"Git error","stdout":"","stderr":"fatal: Pathspec '/var/www/html/webAppDev/WebDev-Examples original/week3' is in submodule 'html/webAppDev/WebDev-Examples original'\n","exitCode":128,"gitErrorCode":"IsInSubmodule"}
2023-08-14 17:41:37.770 [error] {"message":"Git error","stdout":"","stderr":"fatal: Pathspec '/var/www/html/webAppDev/WebDev-Examples original/week3' is in submodule 'html/webAppDev/WebDev-Examples original'\n","exitCode":128,"gitErrorCode":"IsInSubmodule"}
2023-08-14 17:41:37.770 [error] {"message":"Git error","stdout":"","stderr":"fatal: Pathspec '/var/www/html/webAppDev/WebDev-Examples original/week3' is in submodule 'html/webAppDev/WebDev-Examples original'\n","exitCode":128,"gitErrorCode":"IsInSubmodule"}
2023-08-14 17:41:37.770 [error] {"message":"Git error","stdout":"","stderr":"fatal: Pathspec '/var/www/html/webAppDev/WebDev-Examples original/week3' is in submodule 'html/webAppDev/WebDev-Examples original'\n","exitCode":128,"gitErrorCode":"IsInSubmodule"}
2023-08-14 17:41:37.770 [error] {"message":"Git error","stdout":"","stderr":"fatal: Pathspec '/var/www/html/webAppDev/WebDev-Examples original/week3' is in submodule 'html/webAppDev/WebDev-Examples original'\n","exitCode":128,"gitErrorCode":"IsInSubmodule"}
2023-08-14 17:41:37.770 [error] {"message":"Git error","stdout":"","stderr":"fatal: Pathspec '/var/www/html/webAppDev/WebDev-Examples original/week3' is in submodule 'html/webAppDev/WebDev-Examples original'\n","exitCode":128,"gitErrorCode":"IsInSubmodule"}
2023-08-14 17:41:37.770 [error] {"message":"Git error","stdout":"","stderr":"fatal: Pathspec '/var/www/html/webAppDev/WebDev-Examples original/week3' is in submodule 'html/webAppDev/WebDev-Examples original'\n","exitCode":128,"gitErrorCode":"IsInSubmodule"}
2023-08-14 17:41:37.771 [error] {"message":"Git error","stdout":"","stderr":"fatal: Pathspec '/var/www/html/webAppDev/WebDev-Examples original/week3' is in submodule 'html/webAppDev/WebDev-Examples original'\n","exitCode":128,"gitErrorCode":"IsInSubmodule"}
2023-08-14 17:41:37.771 [error] {"message":"Git error","stdout":"","stderr":"fatal: Pathspec '/var/www/html/webAppDev/WebDev-Examples original/week3' is in submodule 'html/webAppDev/WebDev-Examples original'\n","exitCode":128,"gitErrorCode":"IsInSubmodule"}
2023-08-14 17:41:37.771 [error] {"message":"Git error","stdout":"","stderr":"fatal: Pathspec '/var/www/html/webAppDev/WebDev-Examples original/week3' is in submodule 'html/webAppDev/WebDev-Examples original'\n","exitCode":128,"gitErrorCode":"IsInSubmodule"}
2023-08-14 17:41:37.771 [error] {"message":"Git error","stdout":"","stderr":"fatal: Pathspec '/var/www/html/webAppDev/WebDev-Examples original/week3' is in submodule 'html/webAppDev/WebDev-Examples original'\n","exitCode":128,"gitErrorCode":"IsInSubmodule"}
2023-08-14 17:41:37.771 [error] {"message":"Git error","stdout":"","stderr":"fatal: Pathspec '/var/www/html/webAppDev/WebDev-Examples original/week3' is in submodule 'html/webAppDev/WebDev-Examples original'\n","exitCode":128,"gitErrorCode":"IsInSubmodule"}
2023-08-14 17:41:37.771 [error] {"message":"Git error","stdout":"","stderr":"fatal: Pathspec '/var/www/html/webAppDev/WebDev-Examples original/week3' is in submodule 'html/webAppDev/WebDev-Examples original'\n","exitCode":128,"gitErrorCode":"IsInSubmodule"}
2023-08-14 17:41:37.771 [error] {"message":"Git error","stdout":"","stderr":"fatal: Pathspec '/var/www/html/webAppDev/WebDev-Examples original/week3' is in submodule 'html/webAppDev/WebDev-Examples original'\n","exitCode":128,"gitErrorCode":"IsInSubmodule"}
2023-08-14 17:41:37.771 [error] {"message":"Git error","stdout":"","stderr":"fatal: Pathspec '/var/www/html/webAppDev/WebDev-Examples original/week3' is in submodule 'html/webAppDev/WebDev-Examples original'\n","exitCode":128,"gitErrorCode":"IsInSubmodule"}
2023-08-14 17:41:37.771 [error] {"message":"Git error","stdout":"","stderr":"fatal: Pathspec '/var/www/html/webAppDev/WebDev-Examples original/week3' is in submodule 'html/webAppDev/WebDev-Examples original'\n","exitCode":128,"gitErrorCode":"IsInSubmodule"}
2023-08-14 17:41:37.771 [error] {"message":"Git error","stdout":"","stderr":"fatal: Pathspec '/var/www/html/webAppDev/WebDev-Examples original/week3' is in submodule 'html/webAppDev/WebDev-Examples original'\n","exitCode":128,"gitErrorCode":"IsInSubmodule"}
2023-08-14 17:41:37.771 [error] {"message":"Git error","stdout":"","stderr":"fatal: Pathspec '/var/www/html/webAppDev/WebDev-Examples original/week3' is in submodule 'html/webAppDev/WebDev-Examples original'\n","exitCode":128,"gitErrorCode":"IsInSubmodule"}
2023-08-14 17:41:37.772 [error] {"message":"Git error","stdout":"","stderr":"fatal: Pathspec '/var/www/html/webAppDev/WebDev-Examples original/week3' is in submodule 'html/webAppDev/WebDev-Examples original'\n","exitCode":128,"gitErrorCode":"IsInSubmodule"}
2023-08-14 17:41:37.772 [error] {"message":"Git error","stdout":"","stderr":"fatal: Pathspec '/var/www/html/webAppDev/WebDev-Examples original/week3' is in submodule 'html/webAppDev/WebDev-Examples original'\n","exitCode":128,"gitErrorCode":"IsInSubmodule"}
2023-08-14 17:41:37.772 [error] {"message":"Git error","stdout":"","stderr":"fatal: Pathspec '/var/www/html/webAppDev/WebDev-Examples original/week3' is in submodule 'html/webAppDev/WebDev-Examples original'\n","exitCode":128,"gitErrorCode":"IsInSubmodule"}
2023-08-14 17:41:37.772 [error] {"message":"Git error","stdout":"","stderr":"fatal: Pathspec '/var/www/html/webAppDev/WebDev-Examples original/week3' is in submodule 'html/webAppDev/WebDev-Examples original'\n","exitCode":128,"gitErrorCode":"IsInSubmodule"}
2023-08-14 17:41:37.772 [error] {"message":"Git error","stdout":"","stderr":"fatal: Pathspec '/var/www/html/webAppDev/WebDev-Examples original/week3' is in submodule 'html/webAppDev/WebDev-Examples original'\n","exitCode":128,"gitErrorCode":"IsInSubmodule"}
2023-08-14 17:41:37.772 [error] {"message":"Git error","stdout":"","stderr":"fatal: Pathspec '/var/www/html/webAppDev/WebDev-Examples original/week3' is in submodule 'html/webAppDev/WebDev-Examples original'\n","exitCode":128,"gitErrorCode":"IsInSubmodule"}
2023-08-14 17:41:37.772 [error] {"message":"Git error","stdout":"","stderr":"fatal: Pathspec '/var/www/html/webAppDev/WebDev-Examples original/week3' is in submodule 'html/webAppDev/WebDev-Examples original'\n","exitCode":128,"gitErrorCode":"IsInSubmodule"}
2023-08-14 17:41:37.772 [error] {"message":"Git error","stdout":"","stderr":"fatal: Pathspec '/var/www/html/webAppDev/WebDev-Examples original/week3' is in submodule 'html/webAppDev/WebDev-Examples original'\n","exitCode":128,"gitErrorCode":"IsInSubmodule"}
2023-08-14 17:41:37.772 [error] {"message":"Git error","stdout":"","stderr":"fatal: Pathspec '/var/www/html/webAppDev/WebDev-Examples original/week3' is in submodule 'html/webAppDev/WebDev-Examples original'\n","exitCode":128,"gitErrorCode":"IsInSubmodule"}
2023-08-14 17:41:37.772 [error] {"message":"Git error","stdout":"","stderr":"fatal: Pathspec '/var/www/html/webAppDev/WebDev-Examples original/week3' is in submodule 'html/webAppDev/WebDev-Examples original'\n","exitCode":128,"gitErrorCode":"IsInSubmodule"}
2023-08-14 17:41:37.773 [error] {"message":"Git error","stdout":"","stderr":"fatal: Pathspec '/var/www/html/webAppDev/WebDev-Examples original/week3' is in submodule 'html/webAppDev/WebDev-Examples original'\n","exitCode":128,"gitErrorCode":"IsInSubmodule"}
2023-08-14 17:41:37.773 [error] {"message":"Git error","stdout":"","stderr":"fatal: Pathspec '/var/www/html/webAppDev/WebDev-Examples original/week3' is in submodule 'html/webAppDev/WebDev-Examples original'\n","exitCode":128,"gitErrorCode":"IsInSubmodule"}
2023-08-14 17:41:37.773 [error] {"message":"Git error","stdout":"","stderr":"fatal: Pathspec '/var/www/html/webAppDev/WebDev-Examples original/week3' is in submodule 'html/webAppDev/WebDev-Examples original'\n","exitCode":128,"gitErrorCode":"IsInSubmodule"}
2023-08-14 17:41:37.773 [error] {"message":"Git error","stdout":"","stderr":"fatal: Pathspec '/var/www/html/webAppDev/WebDev-Examples original/week3' is in submodule 'html/webAppDev/WebDev-Examples original'\n","exitCode":128,"gitErrorCode":"IsInSubmodule"}
2023-08-14 17:41:37.773 [error] {"message":"Git error","stdout":"","stderr":"fatal: Pathspec '/var/www/html/webAppDev/WebDev-Examples original/week3' is in submodule 'html/webAppDev/WebDev-Examples original'\n","exitCode":128,"gitErrorCode":"IsInSubmodule"}
2023-08-14 17:41:37.773 [error] {"message":"Git error","stdout":"","stderr":"fatal: Pathspec '/var/www/html/webAppDev/WebDev-Examples original/week3' is in submodule 'html/webAppDev/WebDev-Examples original'\n","exitCode":128,"gitErrorCode":"IsInSubmodule"}
2023-08-14 17:41:37.773 [error] {"message":"Git error","stdout":"","stderr":"fatal: Pathspec '/var/www/html/webAppDev/WebDev-Examples original/week3' is in submodule 'html/webAppDev/WebDev-Examples original'\n","exitCode":128,"gitErrorCode":"IsInSubmodule"}
2023-08-14 17:41:37.773 [error] {"message":"Git error","stdout":"","stderr":"fatal: Pathspec '/var/www/html/webAppDev/WebDev-Examples original/week3' is in submodule 'html/webAppDev/WebDev-Examples original'\n","exitCode":128,"gitErrorCode":"IsInSubmodule"}
2023-08-14 17:41:37.773 [error] {"message":"Git error","stdout":"","stderr":"fatal: Pathspec '/var/www/html/webAppDev/WebDev-Examples original/week3' is in submodule 'html/webAppDev/WebDev-Examples original'\n","exitCode":128,"gitErrorCode":"IsInSubmodule"}
2023-08-14 17:41:37.773 [error] {"message":"Git error","stdout":"","stderr":"fatal: Pathspec '/var/www/html/webAppDev/WebDev-Examples original/week3' is in submodule 'html/webAppDev/WebDev-Examples original'\n","exitCode":128,"gitErrorCode":"IsInSubmodule"}
2023-08-14 17:41:37.773 [error] {"message":"Git error","stdout":"","stderr":"fatal: Pathspec '/var/www/html/webAppDev/WebDev-Examples original/week3' is in submodule 'html/webAppDev/WebDev-Examples original'\n","exitCode":128,"gitErrorCode":"IsInSubmodule"}
2023-08-14 17:41:37.773 [error] {"message":"Git error","stdout":"","stderr":"fatal: Pathspec '/var/www/html/webAppDev/WebDev-Examples original/week3' is in submodule 'html/webAppDev/WebDev-Examples original'\n","exitCode":128,"gitErrorCode":"IsInSubmodule"}
2023-08-14 17:41:39.673 [warning] [Decorations] CAPPING events from decorations provider vscode.git 1292
2023-08-14 17:42:00.024 [warning] [Decorations] CAPPING events from decorations provider vscode.git 1292
2023-08-14 17:42:05.236 [warning] [Decorations] CAPPING events from decorations provider vscode.git 1292
2023-08-14 17:42:10.460 [warning] [Decorations] CAPPING events from decorations provider vscode.git 1292
2023-08-14 17:42:15.683 [warning] [Decorations] CAPPING events from decorations provider vscode.git 1292
2023-08-14 17:42:20.905 [warning] [Decorations] CAPPING events from decorations provider vscode.git 1292
2023-08-14 17:42:26.108 [warning] [Decorations] CAPPING events from decorations provider vscode.git 1292
2023-08-14 17:42:31.319 [warning] [Decorations] CAPPING events from decorations provider vscode.git 1292
2023-08-14 17:42:36.743 [warning] [Decorations] CAPPING events from decorations provider vscode.git 1292
2023-08-14 17:42:41.963 [warning] [Decorations] CAPPING events from decorations provider vscode.git 1292
2023-08-14 17:42:47.187 [warning] [Decorations] CAPPING events from decorations provider vscode.git 1292
2023-08-14 17:42:52.401 [warning] [Decorations] CAPPING events from decorations provider vscode.git 1293
2023-08-14 17:42:57.605 [warning] [Decorations] CAPPING events from decorations provider vscode.git 1292
2023-08-14 17:43:02.814 [warning] [Decorations] CAPPING events from decorations provider vscode.git 1292
2023-08-14 17:43:08.017 [warning] [Decorations] CAPPING events from decorations provider vscode.git 1292
2023-08-14 17:43:13.239 [warning] [Decorations] CAPPING events from decorations provider vscode.git 1292
2023-08-14 17:43:18.447 [warning] [Decorations] CAPPING events from decorations provider vscode.git 1292
2023-08-14 17:43:23.660 [warning] [Decorations] CAPPING events from decorations provider vscode.git 1293
2023-08-14 17:43:28.858 [warning] [Decorations] CAPPING events from decorations provider vscode.git 1292
2023-08-14 17:43:34.048 [warning] [Decorations] CAPPING events from decorations provider vscode.git 1292
2023-08-14 17:43:39.463 [warning] [Decorations] CAPPING events from decorations provider vscode.git 1292
2023-08-14 17:43:44.665 [warning] [Decorations] CAPPING events from decorations provider vscode.git 1292
2023-08-14 17:43:49.860 [warning] [Decorations] CAPPING events from decorations provider vscode.git 1292
2023-08-14 17:43:55.062 [warning] [Decorations] CAPPING events from decorations provider vscode.git 1292
2023-08-14 17:44:00.279 [warning] [Decorations] CAPPING events from decorations provider vscode.git 1292
2023-08-14 17:44:05.484 [warning] [Decorations] CAPPING events from decorations provider vscode.git 1292
2023-08-14 17:44:10.708 [warning] [Decorations] CAPPING events from decorations provider vscode.git 1292
2023-08-14 17:44:17.302 [warning] [Decorations] CAPPING events from decorations provider vscode.git 1293
2023-08-14 17:44:22.498 [warning] [Decorations] CAPPING events from decorations provider vscode.git 1293
2023-08-14 17:44:27.702 [warning] [Decorations] CAPPING events from decorations provider vscode.git 1293
2023-08-14 17:44:32.903 [warning] [Decorations] CAPPING events from decorations provider vscode.git 1293
2023-08-14 17:44:38.119 [warning] [Decorations] CAPPING events from decorations provider vscode.git 1293
2023-08-14 17:44:43.527 [warning] [Decorations] CAPPING events from decorations provider vscode.git 1293
2023-08-14 17:44:48.754 [warning] [Decorations] CAPPING events from decorations provider vscode.git 1293
2023-08-14 17:44:53.974 [warning] [Decorations] CAPPING events from decorations provider vscode.git 1293
2023-08-14 17:44:59.176 [warning] [Decorations] CAPPING events from decorations provider vscode.git 1293
2023-08-14 17:45:04.420 [warning] [Decorations] CAPPING events from decorations provider vscode.git 1293
2023-08-14 17:45:09.871 [warning] [Decorations] CAPPING events from decorations provider vscode.git 1293
2023-08-14 17:45:15.094 [warning] [Decorations] CAPPING events from decorations provider vscode.git 1293
2023-08-14 17:45:20.303 [warning] [Decorations] CAPPING events from decorations provider vscode.git 1293
2023-08-14 17:45:25.516 [warning] [Decorations] CAPPING events from decorations provider vscode.git 1293
2023-08-14 17:45:30.743 [warning] [Decorations] CAPPING events from decorations provider vscode.git 1293
2023-08-14 17:45:35.941 [warning] [Decorations] CAPPING events from decorations provider vscode.git 1293
2023-08-14 17:45:41.155 [warning] [Decorations] CAPPING events from decorations provider vscode.git 1293
2023-08-14 17:45:46.596 [warning] [Decorations] CAPPING events from decorations provider vscode.git 1293
2023-08-14 17:45:51.808 [warning] [Decorations] CAPPING events from decorations provider vscode.git 1293
2023-08-14 17:45:57.015 [warning] [Decorations] CAPPING events from decorations provider vscode.git 1293
2023-08-14 17:46:02.222 [warning] [Decorations] CAPPING events from decorations provider vscode.git 1293
2023-08-14 17:46:07.429 [warning] [Decorations] CAPPING events from decorations provider vscode.git 1293
2023-08-14 17:46:12.639 [warning] [Decorations] CAPPING events from decorations provider vscode.git 1293
2023-08-14 17:46:17.837 [warning] [Decorations] CAPPING events from decorations provider vscode.git 1293
2023-08-14 17:46:23.038 [warning] [Decorations] CAPPING events from decorations provider vscode.git 1293
2023-08-14 17:46:28.248 [warning] [Decorations] CAPPING events from decorations provider vscode.git 1293
2023-08-14 17:46:33.448 [warning] [Decorations] CAPPING events from decorations provider vscode.git 1294
2023-08-14 17:46:38.673 [warning] [Decorations] CAPPING events from decorations provider vscode.git 1293
2023-08-14 17:46:43.893 [warning] [Decorations] CAPPING events from decorations provider vscode.git 1293
2023-08-14 17:46:49.300 [warning] [Decorations] CAPPING events from decorations provider vscode.git 1293
2023-08-14 17:46:54.531 [warning] [Decorations] CAPPING events from decorations provider vscode.git 1293
2023-08-14 17:46:59.738 [warning] [Decorations] CAPPING events from decorations provider vscode.git 1293
2023-08-14 17:47:04.972 [warning] [Decorations] CAPPING events from decorations provider vscode.git 1293
2023-08-14 17:47:10.176 [warning] [Decorations] CAPPING events from decorations provider vscode.git 1293
2023-08-14 17:47:15.387 [warning] [Decorations] CAPPING events from decorations provider vscode.git 1293
2023-08-14 17:47:20.591 [warning] [Decorations] CAPPING events from decorations provider vscode.git 1293
2023-08-14 17:47:25.802 [warning] [Decorations] CAPPING events from decorations provider vscode.git 1293
2023-08-14 17:47:31.003 [warning] [Decorations] CAPPING events from decorations provider vscode.git 1293
2023-08-14 17:47:36.203 [warning] [Decorations] CAPPING events from decorations provider vscode.git 1293
2023-08-14 17:47:41.412 [warning] [Decorations] CAPPING events from decorations provider vscode.git 1293
2023-08-14 17:47:46.614 [warning] [Decorations] CAPPING events from decorations provider vscode.git 1293
2023-08-14 17:47:52.032 [warning] [Decorations] CAPPING events from decorations provider vscode.git 1293
2023-08-14 17:47:57.273 [warning] [Decorations] CAPPING events from decorations provider vscode.git 1293
2023-08-14 17:48:02.474 [warning] [Decorations] CAPPING events from decorations provider vscode.git 1293
2023-08-14 17:48:07.706 [warning] [Decorations] CAPPING events from decorations provider vscode.git 1293
2023-08-14 17:48:12.912 [warning] [Decorations] CAPPING events from decorations provider vscode.git 1293
2023-08-14 17:48:18.126 [warning] [Decorations] CAPPING events from decorations provider vscode.git 1294
2023-08-14 17:48:23.344 [warning] [Decorations] CAPPING events from decorations provider vscode.git 1293
2023-08-14 17:48:28.565 [warning] [Decorations] CAPPING events from decorations provider vscode.git 1293
2023-08-14 17:48:33.789 [warning] [Decorations] CAPPING events from decorations provider vscode.git 1293
2023-08-14 17:48:38.988 [warning] [Decorations] CAPPING events from decorations provider vscode.git 1293
2023-08-14 17:48:44.194 [warning] [Decorations] CAPPING events from decorations provider vscode.git 1293
2023-08-14 17:48:49.403 [warning] [Decorations] CAPPING events from decorations provider vscode.git 1293
2023-08-14 17:48:54.820 [warning] [Decorations] CAPPING events from decorations provider vscode.git 1293
2023-08-14 17:49:00.056 [warning] [Decorations] CAPPING events from decorations provider vscode.git 1293
2023-08-14 17:49:05.260 [warning] [Decorations] CAPPING events from decorations provider vscode.git 1293
2023-08-14 17:49:10.473 [warning] [Decorations] CAPPING events from decorations provider vscode.git 1293
2023-08-14 17:49:15.685 [warning] [Decorations] CAPPING events from decorations provider vscode.git 1293
2023-08-14 17:49:20.890 [warning] [Decorations] CAPPING events from decorations provider vscode.git 1293
2023-08-14 17:49:26.110 [warning] [Decorations] CAPPING events from decorations provider vscode.git 1293
2023-08-14 17:49:31.309 [warning] [Decorations] CAPPING events from decorations provider vscode.git 1293
2023-08-14 17:49:36.523 [warning] [Decorations] CAPPING events from decorations provider vscode.git 1293
2023-08-14 17:49:41.736 [warning] [Decorations] CAPPING events from decorations provider vscode.git 1293
2023-08-14 17:49:46.940 [warning] [Decorations] CAPPING events from decorations provider vscode.git 1293
2023-08-14 17:49:52.145 [warning] [Decorations] CAPPING events from decorations provider vscode.git 1293
2023-08-14 17:50:00.471 [warning] [Decorations] CAPPING events from decorations provider vscode.git 1294
2023-08-14 17:50:05.684 [warning] [Decorations] CAPPING events from decorations provider vscode.git 1293
2023-08-14 17:50:10.898 [warning] [Decorations] CAPPING events from decorations provider vscode.git 1293
2023-08-14 17:50:16.098 [warning] [Decorations] CAPPING events from decorations provider vscode.git 1293
2023-08-14 17:50:21.301 [warning] [Decorations] CAPPING events from decorations provider vscode.git 1293
2023-08-14 17:50:26.514 [warning] [Decorations] CAPPING events from decorations provider vscode.git 1293
2023-08-14 17:50:31.716 [warning] [Decorations] CAPPING events from decorations provider vscode.git 1293
2023-08-14 17:50:36.933 [warning] [Decorations] CAPPING events from decorations provider vscode.git 1293
2023-08-14 17:50:42.143 [warning] [Decorations] CAPPING events from decorations provider vscode.git 1293
2023-08-14 17:50:47.351 [warning] [Decorations] CAPPING events from decorations provider vscode.git 1293
2023-08-14 17:50:52.556 [warning] [Decorations] CAPPING events from decorations provider vscode.git 1293
2023-08-14 17:50:57.791 [warning] [Decorations] CAPPING events from decorations provider vscode.git 1293
2023-08-14 17:51:03.178 [warning] [Decorations] CAPPING events from decorations provider vscode.git 1293
2023-08-14 17:51:08.386 [warning] [Decorations] CAPPING events from decorations provider vscode.git 1293
2023-08-14 17:51:13.589 [warning] [Decorations] CAPPING events from decorations provider vscode.git 1293
2023-08-14 17:51:18.814 [warning] [Decorations] CAPPING events from decorations provider vscode.git 1293
2023-08-14 17:51:24.029 [warning] [Decorations] CAPPING events from decorations provider vscode.git 1293
2023-08-14 17:51:29.244 [warning] [Decorations] CAPPING events from decorations provider vscode.git 1293
2023-08-14 17:51:34.448 [warning] [Decorations] CAPPING events from decorations provider vscode.git 1293
2023-08-14 17:51:39.648 [warning] [Decorations] CAPPING events from decorations provider vscode.git 1293
2023-08-14 17:51:44.864 [warning] [Decorations] CAPPING events from decorations provider vscode.git 1293
2023-08-14 17:51:50.061 [warning] [Decorations] CAPPING events from decorations provider vscode.git 1293
2023-08-14 17:51:55.265 [warning] [Decorations] CAPPING events from decorations provider vscode.git 1293
2023-08-14 17:52:00.489 [warning] [Decorations] CAPPING events from decorations provider vscode.git 1293
2023-08-14 17:52:05.887 [warning] [Decorations] CAPPING events from decorations provider vscode.git 1293
2023-08-14 17:52:11.097 [warning] [Decorations] CAPPING events from decorations provider vscode.git 1293
2023-08-14 17:52:16.292 [warning] [Decorations] CAPPING events from decorations provider vscode.git 1293
2023-08-14 17:52:21.507 [warning] [Decorations] CAPPING events from decorations provider vscode.git 1293
2023-08-14 17:52:26.722 [warning] [Decorations] CAPPING events from decorations provider vscode.git 1293
2023-08-14 17:52:31.930 [warning] [Decorations] CAPPING events from decorations provider vscode.git 1293
2023-08-14 17:52:37.150 [warning] [Decorations] CAPPING events from decorations provider vscode.git 1293
2023-08-14 17:52:42.358 [warning] [Decorations] CAPPING events from decorations provider vscode.git 1293
2023-08-14 17:52:47.569 [warning] [Decorations] CAPPING events from decorations provider vscode.git 1293
2023-08-14 17:52:52.784 [warning] [Decorations] CAPPING events from decorations provider vscode.git 1293
2023-08-14 17:53:44.798 [warning] [Decorations] CAPPING events from decorations provider vscode.git 1293
2023-08-14 17:53:50.012 [warning] [Decorations] CAPPING events from decorations provider vscode.git 1293
2023-08-14 17:53:55.214 [warning] [Decorations] CAPPING events from decorations provider vscode.git 1293
2023-08-14 17:54:00.427 [warning] [Decorations] CAPPING events from decorations provider vscode.git 1293
2023-08-14 17:54:05.658 [warning] [Decorations] CAPPING events from decorations provider vscode.git 1293
2023-08-14 17:54:10.861 [warning] [Decorations] CAPPING events from decorations provider vscode.git 1293
2023-08-14 17:54:16.073 [warning] [Decorations] CAPPING events from decorations provider vscode.git 1293
2023-08-14 17:54:21.267 [warning] [Decorations] CAPPING events from decorations provider vscode.git 1293
2023-08-14 17:54:26.473 [warning] [Decorations] CAPPING events from decorations provider vscode.git 1293
2023-08-14 17:54:31.694 [warning] [Decorations] CAPPING events from decorations provider vscode.git 1293
2023-08-14 17:54:36.905 [warning] [Decorations] CAPPING events from decorations provider vscode.git 1293
2023-08-14 17:54:42.139 [warning] [Decorations] CAPPING events from decorations provider vscode.git 1293
2023-08-14 17:54:47.543 [warning] [Decorations] CAPPING events from decorations provider vscode.git 1293
2023-08-14 17:54:52.760 [warning] [Decorations] CAPPING events from decorations provider vscode.git 1293
2023-08-14 17:54:57.974 [warning] [Decorations] CAPPING events from decorations provider vscode.git 1293
2023-08-14 17:55:03.184 [warning] [Decorations] CAPPING events from decorations provider vscode.git 1293
2023-08-14 17:55:08.396 [warning] [Decorations] CAPPING events from decorations provider vscode.git 1293
2023-08-14 17:55:13.593 [warning] [Decorations] CAPPING events from decorations provider vscode.git 1293
2023-08-14 17:55:18.797 [warning] [Decorations] CAPPING events from decorations provider vscode.git 1293
2023-08-14 17:55:24.004 [warning] [Decorations] CAPPING events from decorations provider vscode.git 1293
2023-08-14 17:55:29.211 [warning] [Decorations] CAPPING events from decorations provider vscode.git 1293
2023-08-14 17:55:34.416 [warning] [Decorations] CAPPING events from decorations provider vscode.git 1293
2023-08-14 17:55:39.627 [warning] [Decorations] CAPPING events from decorations provider vscode.git 1293
2023-08-14 17:55:44.840 [warning] [Decorations] CAPPING events from decorations provider vscode.git 1293
2023-08-14 17:55:50.277 [warning] [Decorations] CAPPING events from decorations provider vscode.git 1293
2023-08-14 17:55:55.488 [warning] [Decorations] CAPPING events from decorations provider vscode.git 1293
2023-08-14 17:56:00.694 [warning] [Decorations] CAPPING events from decorations provider vscode.git 1293
2023-08-14 17:56:05.893 [warning] [Decorations] CAPPING events from decorations provider vscode.git 1293
2023-08-14 17:56:11.080 [warning] [Decorations] CAPPING events from decorations provider vscode.git 1293
2023-08-14 17:56:16.295 [warning] [Decorations] CAPPING events from decorations provider vscode.git 1293
2023-08-14 17:56:21.499 [warning] [Decorations] CAPPING events from decorations provider vscode.git 1293
2023-08-14 17:56:26.713 [warning] [Decorations] CAPPING events from decorations provider vscode.git 1293
2023-08-14 17:56:31.916 [warning] [Decorations] CAPPING events from decorations provider vscode.git 1293
2023-08-14 17:56:37.124 [warning] [Decorations] CAPPING events from decorations provider vscode.git 1293
2023-08-14 17:56:42.360 [warning] [Decorations] CAPPING events from decorations provider vscode.git 1293
2023-08-14 17:56:47.573 [warning] [Decorations] CAPPING events from decorations provider vscode.git 1293
2023-08-14 17:56:52.989 [warning] [Decorations] CAPPING events from decorations provider vscode.git 1293
2023-08-14 17:56:58.191 [warning] [Decorations] CAPPING events from decorations provider vscode.git 1293
2023-08-14 17:57:03.399 [warning] [Decorations] CAPPING events from decorations provider vscode.git 1293
2023-08-14 17:57:08.609 [warning] [Decorations] CAPPING events from decorations provider vscode.git 1293
2023-08-14 17:57:13.825 [warning] [Decorations] CAPPING events from decorations provider vscode.git 1293
2023-08-14 17:57:19.030 [warning] [Decorations] CAPPING events from decorations provider vscode.git 1293
2023-08-14 17:57:24.228 [warning] [Decorations] CAPPING events from decorations provider vscode.git 1293
2023-08-14 17:57:29.426 [warning] [Decorations] CAPPING events from decorations provider vscode.git 1293
2023-08-14 17:57:34.624 [warning] [Decorations] CAPPING events from decorations provider vscode.git 1293
2023-08-14 17:57:39.829 [warning] [Decorations] CAPPING events from decorations provider vscode.git 1293
2023-08-14 17:57:45.029 [warning] [Decorations] CAPPING events from decorations provider vscode.git 1293
2023-08-14 17:57:50.252 [warning] [Decorations] CAPPING events from decorations provider vscode.git 1293
2023-08-14 17:57:55.687 [warning] [Decorations] CAPPING events from decorations provider vscode.git 1293
2023-08-14 17:58:00.883 [warning] [Decorations] CAPPING events from decorations provider vscode.git 1293
2023-08-14 17:58:06.097 [warning] [Decorations] CAPPING events from decorations provider vscode.git 1293
2023-08-14 17:58:11.305 [warning] [Decorations] CAPPING events from decorations provider vscode.git 1293
2023-08-14 17:58:16.506 [warning] [Decorations] CAPPING events from decorations provider vscode.git 1293
2023-08-14 17:58:21.707 [warning] [Decorations] CAPPING events from decorations provider vscode.git 1293
2023-08-14 17:58:26.914 [warning] [Decorations] CAPPING events from decorations provider vscode.git 1293
2023-08-14 17:58:32.117 [warning] [Decorations] CAPPING events from decorations provider vscode.git 1293
2023-08-14 17:58:37.329 [warning] [Decorations] CAPPING events from decorations provider vscode.git 1293
2023-08-14 17:58:42.534 [warning] [Decorations] CAPPING events from decorations provider vscode.git 1293
2023-08-14 17:58:47.754 [warning] [Decorations] CAPPING events from decorations provider vscode.git 1293
2023-08-14 17:58:52.959 [warning] [Decorations] CAPPING events from decorations provider vscode.git 1293
2023-08-14 17:58:58.375 [warning] [Decorations] CAPPING events from decorations provider vscode.git 1293
2023-08-14 17:59:03.594 [warning] [Decorations] CAPPING events from decorations provider vscode.git 1293
2023-08-14 17:59:08.813 [warning] [Decorations] CAPPING events from decorations provider vscode.git 1293
2023-08-14 17:59:14.029 [warning] [Decorations] CAPPING events from decorations provider vscode.git 1293
2023-08-14 17:59:19.230 [warning] [Decorations] CAPPING events from decorations provider vscode.git 1293
2023-08-14 17:59:24.434 [warning] [Decorations] CAPPING events from decorations provider vscode.git 1293
2023-08-14 17:59:29.634 [warning] [Decorations] CAPPING events from decorations provider vscode.git 1293
2023-08-14 17:59:34.871 [warning] [Decorations] CAPPING events from decorations provider vscode.git 1293
2023-08-14 17:59:40.065 [warning] [Decorations] CAPPING events from decorations provider vscode.git 1293
2023-08-14 17:59:45.288 [warning] [Decorations] CAPPING events from decorations provider vscode.git 1293
2023-08-14 17:59:50.493 [warning] [Decorations] CAPPING events from decorations provider vscode.git 1293
2023-08-14 17:59:55.703 [warning] [Decorations] CAPPING events from decorations provider vscode.git 1293
2023-08-14 18:00:01.216 [warning] [Decorations] CAPPING events from decorations provider vscode.git 1293
2023-08-14 18:00:06.440 [warning] [Decorations] CAPPING events from decorations provider vscode.git 1293
2023-08-14 18:00:11.648 [warning] [Decorations] CAPPING events from decorations provider vscode.git 1293
2023-08-14 18:00:16.872 [warning] [Decorations] CAPPING events from decorations provider vscode.git 1293
2023-08-14 18:00:22.106 [warning] [Decorations] CAPPING events from decorations provider vscode.git 1293
2023-08-14 18:00:27.310 [warning] [Decorations] CAPPING events from decorations provider vscode.git 1293
2023-08-14 18:00:32.524 [warning] [Decorations] CAPPING events from decorations provider vscode.git 1293
2023-08-14 18:00:37.740 [warning] [Decorations] CAPPING events from decorations provider vscode.git 1293
2023-08-14 18:00:42.960 [warning] [Decorations] CAPPING events from decorations provider vscode.git 1293
2023-08-14 18:00:48.177 [warning] [Decorations] CAPPING events from decorations provider vscode.git 1293
2023-08-14 18:00:53.397 [warning] [Decorations] CAPPING events from decorations provider vscode.git 1293
2023-08-14 18:00:58.607 [warning] [Decorations] CAPPING events from decorations provider vscode.git 1293
2023-08-14 18:01:04.023 [warning] [Decorations] CAPPING events from decorations provider vscode.git 1294
2023-08-14 18:01:09.249 [warning] [Decorations] CAPPING events from decorations provider vscode.git 1294
2023-08-14 18:01:14.457 [warning] [Decorations] CAPPING events from decorations provider vscode.git 1294
2023-08-14 18:01:19.668 [warning] [Decorations] CAPPING events from decorations provider vscode.git 1295
2023-08-14 18:01:24.882 [warning] [Decorations] CAPPING events from decorations provider vscode.git 1295
2023-08-14 18:01:30.233 [warning] [Decorations] CAPPING events from decorations provider vscode.git 1295
2023-08-14 18:01:35.451 [warning] [Decorations] CAPPING events from decorations provider vscode.git 1295
2023-08-14 18:01:40.672 [warning] [Decorations] CAPPING events from decorations provider vscode.git 1295
2023-08-14 18:01:45.891 [warning] [Decorations] CAPPING events from decorations provider vscode.git 1295
2023-08-14 18:01:51.095 [warning] [Decorations] CAPPING events from decorations provider vscode.git 1295
2023-08-14 18:01:56.297 [warning] [Decorations] CAPPING events from decorations provider vscode.git 1295
2023-08-14 18:02:01.506 [warning] [Decorations] CAPPING events from decorations provider vscode.git 1296
2023-08-14 18:02:06.951 [warning] [Decorations] CAPPING events from decorations provider vscode.git 1296
2023-08-14 18:02:12.155 [warning] [Decorations] CAPPING events from decorations provider vscode.git 1297
2023-08-14 18:02:17.364 [warning] [Decorations] CAPPING events from decorations provider vscode.git 1297
2023-08-14 18:02:22.575 [warning] [Decorations] CAPPING events from decorations provider vscode.git 1297
2023-08-14 18:02:34.238 [warning] [Decorations] CAPPING events from decorations provider vscode.git 1297
2023-08-14 18:02:39.438 [warning] [Decorations] CAPPING events from decorations provider vscode.git 1297
2023-08-14 18:02:44.636 [warning] [Decorations] CAPPING events from decorations provider vscode.git 1297
2023-08-14 18:02:49.829 [warning] [Decorations] CAPPING events from decorations provider vscode.git 1297
2023-08-14 18:02:55.020 [warning] [Decorations] CAPPING events from decorations provider vscode.git 1297
2023-08-14 18:03:00.248 [warning] [Decorations] CAPPING events from decorations provider vscode.git 1297
2023-08-14 18:03:05.447 [warning] [Decorations] CAPPING events from decorations provider vscode.git 1297
2023-08-14 18:03:10.861 [warning] [Decorations] CAPPING events from decorations provider vscode.git 1297
2023-08-14 18:03:16.070 [warning] [Decorations] CAPPING events from decorations provider vscode.git 1297
2023-08-14 18:03:21.283 [warning] [Decorations] CAPPING events from decorations provider vscode.git 1297
2023-08-14 18:03:26.505 [warning] [Decorations] CAPPING events from decorations provider vscode.git 1297
2023-08-14 18:03:31.724 [warning] [Decorations] CAPPING events from decorations provider vscode.git 1297
2023-08-14 18:03:36.927 [warning] [Decorations] CAPPING events from decorations provider vscode.git 1298
2023-08-14 18:03:42.135 [warning] [Decorations] CAPPING events from decorations provider vscode.git 1298
2023-08-14 18:03:47.357 [warning] [Decorations] CAPPING events from decorations provider vscode.git 1298
2023-08-14 18:03:52.586 [warning] [Decorations] CAPPING events from decorations provider vscode.git 1298
2023-08-14 18:03:57.804 [warning] [Decorations] CAPPING events from decorations provider vscode.git 1298
2023-08-14 18:04:03.023 [warning] [Decorations] CAPPING events from decorations provider vscode.git 1298
2023-08-14 18:04:08.227 [warning] [Decorations] CAPPING events from decorations provider vscode.git 1298
2023-08-14 18:04:13.630 [warning] [Decorations] CAPPING events from decorations provider vscode.git 1298
2023-08-14 18:04:18.846 [warning] [Decorations] CAPPING events from decorations provider vscode.git 1298
2023-08-14 18:04:24.053 [warning] [Decorations] CAPPING events from decorations provider vscode.git 1298
2023-08-14 18:04:29.257 [warning] [Decorations] CAPPING events from decorations provider vscode.git 1298
2023-08-14 18:04:34.459 [warning] [Decorations] CAPPING events from decorations provider vscode.git 1298
2023-08-14 18:04:39.665 [warning] [Decorations] CAPPING events from decorations provider vscode.git 1298
2023-08-14 18:04:44.875 [warning] [Decorations] CAPPING events from decorations provider vscode.git 1298
2023-08-14 18:04:50.088 [warning] [Decorations] CAPPING events from decorations provider vscode.git 1298
2023-08-14 18:04:55.307 [warning] [Decorations] CAPPING events from decorations provider vscode.git 1298
2023-08-14 18:05:00.548 [warning] [Decorations] CAPPING events from decorations provider vscode.git 1298
2023-08-14 18:05:05.752 [warning] [Decorations] CAPPING events from decorations provider vscode.git 1298
2023-08-14 18:05:10.978 [warning] [Decorations] CAPPING events from decorations provider vscode.git 1298
2023-08-14 18:05:16.412 [warning] [Decorations] CAPPING events from decorations provider vscode.git 1298
2023-08-14 18:05:21.617 [warning] [Decorations] CAPPING events from decorations provider vscode.git 1298
2023-08-14 18:05:26.815 [warning] [Decorations] CAPPING events from decorations provider vscode.git 1298
2023-08-14 18:05:32.037 [warning] [Decorations] CAPPING events from decorations provider vscode.git 1298
2023-08-14 18:05:37.251 [warning] [Decorations] CAPPING events from decorations provider vscode.git 1298
2023-08-14 18:05:42.449 [warning] [Decorations] CAPPING events from decorations provider vscode.git 1298
2023-08-14 18:05:47.650 [warning] [Decorations] CAPPING events from decorations provider vscode.git 1298
2023-08-14 18:05:52.849 [warning] [Decorations] CAPPING events from decorations provider vscode.git 1298
2023-08-14 18:05:58.045 [warning] [Decorations] CAPPING events from decorations provider vscode.git 1298
2023-08-14 18:06:03.288 [warning] [Decorations] CAPPING events from decorations provider vscode.git 1298
2023-08-14 18:06:08.501 [warning] [Decorations] CAPPING events from decorations provider vscode.git 1298
2023-08-14 18:06:13.714 [warning] [Decorations] CAPPING events from decorations provider vscode.git 1298
2023-08-14 18:06:19.107 [warning] [Decorations] CAPPING events from decorations provider vscode.git 1298
2023-08-14 18:06:24.324 [warning] [Decorations] CAPPING events from decorations provider vscode.git 1298
2023-08-14 18:06:29.533 [warning] [Decorations] CAPPING events from decorations provider vscode.git 1298
2023-08-14 18:06:34.735 [warning] [Decorations] CAPPING events from decorations provider vscode.git 1298
2023-08-14 18:06:39.937 [warning] [Decorations] CAPPING events from decorations provider vscode.git 1298
2023-08-14 18:06:45.153 [warning] [Decorations] CAPPING events from decorations provider vscode.git 1298
2023-08-14 18:06:50.377 [warning] [Decorations] CAPPING events from decorations provider vscode.git 1298
2023-08-14 18:06:55.574 [warning] [Decorations] CAPPING events from decorations provider vscode.git 1298
2023-08-14 18:07:00.797 [warning] [Decorations] CAPPING events from decorations provider vscode.git 1298
2023-08-14 18:07:06.002 [warning] [Decorations] CAPPING events from decorations provider vscode.git 1298
2023-08-14 18:07:11.195 [warning] [Decorations] CAPPING events from decorations provider vscode.git 1298
2023-08-14 18:07:16.401 [warning] [Decorations] CAPPING events from decorations provider vscode.git 1298
2023-08-14 18:07:21.826 [warning] [Decorations] CAPPING events from decorations provider vscode.git 1298
2023-08-14 18:07:27.041 [warning] [Decorations] CAPPING events from decorations provider vscode.git 1298
2023-08-14 18:07:32.242 [warning] [Decorations] CAPPING events from decorations provider vscode.git 1298
2023-08-14 18:07:37.448 [warning] [Decorations] CAPPING events from decorations provider vscode.git 1298
2023-08-14 18:07:42.664 [warning] [Decorations] CAPPING events from decorations provider vscode.git 1298
2023-08-14 18:07:47.892 [warning] [Decorations] CAPPING events from decorations provider vscode.git 1298
2023-08-14 18:07:53.106 [warning] [Decorations] CAPPING events from decorations provider vscode.git 1298
2023-08-14 18:07:58.322 [warning] [Decorations] CAPPING events from decorations provider vscode.git 1298
2023-08-14 18:08:03.522 [warning] [Decorations] CAPPING events from decorations provider vscode.git 1298
2023-08-14 18:08:08.730 [warning] [Decorations] CAPPING events from decorations provider vscode.git 1298
2023-08-14 18:08:13.949 [warning] [Decorations] CAPPING events from decorations provider vscode.git 1298
2023-08-14 18:08:19.147 [warning] [Decorations] CAPPING events from decorations provider vscode.git 1298
2023-08-14 18:08:24.575 [warning] [Decorations] CAPPING events from decorations provider vscode.git 1298
2023-08-14 18:08:29.943 [warning] [Decorations] CAPPING events from decorations provider vscode.git 1298
2023-08-14 18:08:35.159 [warning] [Decorations] CAPPING events from decorations provider vscode.git 1298
2023-08-14 18:08:40.368 [warning] [Decorations] CAPPING events from decorations provider vscode.git 1298
2023-08-14 18:08:45.570 [warning] [Decorations] CAPPING events from decorations provider vscode.git 1298
2023-08-14 18:08:50.773 [warning] [Decorations] CAPPING events from decorations provider vscode.git 1298
2023-08-14 18:08:55.975 [warning] [Decorations] CAPPING events from decorations provider vscode.git 1298
2023-08-14 18:09:01.212 [warning] [Decorations] CAPPING events from decorations provider vscode.git 1298
2023-08-14 18:09:06.453 [warning] [Decorations] CAPPING events from decorations provider vscode.git 1298
2023-08-14 18:09:11.671 [warning] [Decorations] CAPPING events from decorations provider vscode.git 1298
2023-08-14 18:09:16.888 [warning] [Decorations] CAPPING events from decorations provider vscode.git 1298
2023-08-14 18:09:22.077 [warning] [Decorations] CAPPING events from decorations provider vscode.git 1298
2023-08-14 18:09:27.575 [warning] [Decorations] CAPPING events from decorations provider vscode.git 1298
2023-08-14 18:09:32.786 [warning] [Decorations] CAPPING events from decorations provider vscode.git 1298
2023-08-14 18:09:38.017 [warning] [Decorations] CAPPING events from decorations provider vscode.git 1298
2023-08-14 18:09:43.219 [warning] [Decorations] CAPPING events from decorations provider vscode.git 1298
2023-08-14 18:09:48.411 [warning] [Decorations] CAPPING events from decorations provider vscode.git 1298
2023-08-14 18:09:53.615 [warning] [Decorations] CAPPING events from decorations provider vscode.git 1298
2023-08-14 18:09:58.820 [warning] [Decorations] CAPPING events from decorations provider vscode.git 1298
2023-08-14 18:10:04.033 [warning] [Decorations] CAPPING events from decorations provider vscode.git 1298
2023-08-14 18:10:09.241 [warning] [Decorations] CAPPING events from decorations provider vscode.git 1298
2023-08-14 18:10:14.451 [warning] [Decorations] CAPPING events from decorations provider vscode.git 1298
2023-08-14 18:10:19.636 [warning] [Decorations] CAPPING events from decorations provider vscode.git 1298
2023-08-14 18:10:24.849 [warning] [Decorations] CAPPING events from decorations provider vscode.git 1298
2023-08-14 18:10:30.267 [warning] [Decorations] CAPPING events from decorations provider vscode.git 1299
2023-08-14 18:10:35.459 [warning] [Decorations] CAPPING events from decorations provider vscode.git 1298
2023-08-14 18:10:40.657 [warning] [Decorations] CAPPING events from decorations provider vscode.git 1298
2023-08-14 18:10:45.860 [warning] [Decorations] CAPPING events from decorations provider vscode.git 1298
2023-08-14 18:10:51.058 [warning] [Decorations] CAPPING events from decorations provider vscode.git 1298
2023-08-14 18:10:56.257 [warning] [Decorations] CAPPING events from decorations provider vscode.git 1298
2023-08-14 18:11:01.482 [warning] [Decorations] CAPPING events from decorations provider vscode.git 1298
2023-08-14 18:11:06.677 [warning] [Decorations] CAPPING events from decorations provider vscode.git 1298
2023-08-14 18:11:11.868 [warning] [Decorations] CAPPING events from decorations provider vscode.git 1298
2023-08-14 18:11:17.077 [warning] [Decorations] CAPPING events from decorations provider vscode.git 1299
2023-08-14 18:11:22.273 [warning] [Decorations] CAPPING events from decorations provider vscode.git 1298
2023-08-14 18:11:27.469 [warning] [Decorations] CAPPING events from decorations provider vscode.git 1298
2023-08-14 18:11:34.441 [warning] [Decorations] CAPPING events from decorations provider vscode.git 1298
2023-08-14 18:11:39.634 [warning] [Decorations] CAPPING events from decorations provider vscode.git 1299
2023-08-14 18:11:44.840 [warning] [Decorations] CAPPING events from decorations provider vscode.git 1298
2023-08-14 18:11:50.045 [warning] [Decorations] CAPPING events from decorations provider vscode.git 1298
2023-08-14 18:11:55.257 [warning] [Decorations] CAPPING events from decorations provider vscode.git 1298
2023-08-14 18:12:00.479 [warning] [Decorations] CAPPING events from decorations provider vscode.git 1298
2023-08-14 18:12:05.687 [warning] [Decorations] CAPPING events from decorations provider vscode.git 1298
2023-08-14 18:12:10.912 [warning] [Decorations] CAPPING events from decorations provider vscode.git 1298
2023-08-14 18:12:16.114 [warning] [Decorations] CAPPING events from decorations provider vscode.git 1298
2023-08-14 18:12:21.311 [warning] [Decorations] CAPPING events from decorations provider vscode.git 1298
2023-08-14 18:12:26.533 [warning] [Decorations] CAPPING events from decorations provider vscode.git 1298
2023-08-14 18:12:31.728 [warning] [Decorations] CAPPING events from decorations provider vscode.git 1298
2023-08-14 18:12:37.151 [warning] [Decorations] CAPPING events from decorations provider vscode.git 1298
2023-08-14 18:12:42.379 [warning] [Decorations] CAPPING events from decorations provider vscode.git 1298
2023-08-14 18:12:47.580 [warning] [Decorations] CAPPING events from decorations provider vscode.git 1298
2023-08-14 18:12:52.789 [warning] [Decorations] CAPPING events from decorations provider vscode.git 1298
2023-08-14 18:12:57.994 [warning] [Decorations] CAPPING events from decorations provider vscode.git 1298
2023-08-14 18:13:03.204 [warning] [Decorations] CAPPING events from decorations provider vscode.git 1298
2023-08-14 18:13:08.413 [warning] [Decorations] CAPPING events from decorations provider vscode.git 1298
2023-08-14 18:13:13.617 [warning] [Decorations] CAPPING events from decorations provider vscode.git 1298
2023-08-14 18:13:18.828 [warning] [Decorations] CAPPING events from decorations provider vscode.git 1298
2023-08-14 18:13:24.024 [warning] [Decorations] CAPPING events from decorations provider vscode.git 1298
2023-08-14 18:13:29.226 [warning] [Decorations] CAPPING events from decorations provider vscode.git 1298
2023-08-14 18:13:34.437 [warning] [Decorations] CAPPING events from decorations provider vscode.git 1298
2023-08-14 18:13:39.865 [warning] [Decorations] CAPPING events from decorations provider vscode.git 1298
2023-08-14 18:13:45.078 [warning] [Decorations] CAPPING events from decorations provider vscode.git 1298
2023-08-14 18:13:50.265 [warning] [Decorations] CAPPING events from decorations provider vscode.git 1298
2023-08-14 18:13:55.472 [warning] [Decorations] CAPPING events from decorations provider vscode.git 1298
2023-08-14 18:14:00.718 [warning] [Decorations] CAPPING events from decorations provider vscode.git 1298
2023-08-14 18:14:05.923 [warning] [Decorations] CAPPING events from decorations provider vscode.git 1298
2023-08-14 18:14:11.123 [warning] [Decorations] CAPPING events from decorations provider vscode.git 1298
2023-08-14 18:14:16.332 [warning] [Decorations] CAPPING events from decorations provider vscode.git 1298
2023-08-14 18:14:21.534 [warning] [Decorations] CAPPING events from decorations provider vscode.git 1298
2023-08-14 18:14:26.735 [warning] [Decorations] CAPPING events from decorations provider vscode.git 1298
2023-08-14 18:14:31.947 [warning] [Decorations] CAPPING events from decorations provider vscode.git 1298
2023-08-14 18:14:37.165 [warning] [Decorations] CAPPING events from decorations provider vscode.git 1298
2023-08-14 18:14:42.602 [warning] [Decorations] CAPPING events from decorations provider vscode.git 1298
2023-08-14 18:14:47.815 [warning] [Decorations] CAPPING events from decorations provider vscode.git 1298
2023-08-14 18:14:53.011 [warning] [Decorations] CAPPING events from decorations provider vscode.git 1298
2023-08-14 18:14:58.213 [warning] [Decorations] CAPPING events from decorations provider vscode.git 1298
2023-08-14 18:15:03.419 [warning] [Decorations] CAPPING events from decorations provider vscode.git 1298
2023-08-14 18:15:09.506 [warning] [Decorations] CAPPING events from decorations provider vscode.git 1298
2023-08-14 18:15:14.725 [warning] [Decorations] CAPPING events from decorations provider vscode.git 1298
2023-08-14 18:15:19.927 [warning] [Decorations] CAPPING events from decorations provider vscode.git 1298
2023-08-14 18:15:25.156 [warning] [Decorations] CAPPING events from decorations provider vscode.git 1298
2023-08-14 18:15:30.405 [warning] [Decorations] CAPPING events from decorations provider vscode.git 1298
2023-08-14 18:15:35.612 [warning] [Decorations] CAPPING events from decorations provider vscode.git 1298
2023-08-14 18:15:40.813 [warning] [Decorations] CAPPING events from decorations provider vscode.git 1298
2023-08-14 18:15:46.265 [warning] [Decorations] CAPPING events from decorations provider vscode.git 1298
2023-08-14 18:15:51.468 [warning] [Decorations] CAPPING events from decorations provider vscode.git 1298
2023-08-14 18:15:56.673 [warning] [Decorations] CAPPING events from decorations provider vscode.git 1298
2023-08-14 18:16:01.879 [warning] [Decorations] CAPPING events from decorations provider vscode.git 1298
2023-08-14 18:16:07.083 [warning] [Decorations] CAPPING events from decorations provider vscode.git 1298
2023-08-14 18:16:12.292 [warning] [Decorations] CAPPING events from decorations provider vscode.git 1298
2023-08-14 18:16:17.503 [warning] [Decorations] CAPPING events from decorations provider vscode.git 1298
2023-08-14 18:16:22.706 [warning] [Decorations] CAPPING events from decorations provider vscode.git 1298
2023-08-14 18:16:27.909 [warning] [Decorations] CAPPING events from decorations provider vscode.git 1298
2023-08-14 18:16:33.119 [warning] [Decorations] CAPPING events from decorations provider vscode.git 1298
2023-08-14 18:16:38.345 [warning] [Decorations] CAPPING events from decorations provider vscode.git 1298
2023-08-14 18:16:43.563 [warning] [Decorations] CAPPING events from decorations provider vscode.git 1298
2023-08-14 18:16:48.997 [warning] [Decorations] CAPPING events from decorations provider vscode.git 1298
2023-08-14 18:16:54.228 [warning] [Decorations] CAPPING events from decorations provider vscode.git 1298
2023-08-14 18:16:59.439 [warning] [Decorations] CAPPING events from decorations provider vscode.git 1298
2023-08-14 18:17:04.630 [warning] [Decorations] CAPPING events from decorations provider vscode.git 1298
2023-08-14 18:17:09.846 [warning] [Decorations] CAPPING events from decorations provider vscode.git 1298
2023-08-14 18:17:15.047 [warning] [Decorations] CAPPING events from decorations provider vscode.git 1298
2023-08-14 18:17:20.262 [warning] [Decorations] CAPPING events from decorations provider vscode.git 1298
2023-08-14 18:17:25.470 [warning] [Decorations] CAPPING events from decorations provider vscode.git 1298
2023-08-14 18:17:30.688 [warning] [Decorations] CAPPING events from decorations provider vscode.git 1298
2023-08-14 18:17:35.898 [warning] [Decorations] CAPPING events from decorations provider vscode.git 1298
2023-08-14 18:17:41.109 [warning] [Decorations] CAPPING events from decorations provider vscode.git 1298
2023-08-14 18:17:46.311 [warning] [Decorations] CAPPING events from decorations provider vscode.git 1298
2023-08-14 18:17:51.755 [warning] [Decorations] CAPPING events from decorations provider vscode.git 1298
2023-08-14 18:17:56.952 [warning] [Decorations] CAPPING events from decorations provider vscode.git 1298
2023-08-14 18:18:02.160 [warning] [Decorations] CAPPING events from decorations provider vscode.git 1298
2023-08-14 18:18:07.366 [warning] [Decorations] CAPPING events from decorations provider vscode.git 1298
2023-08-14 18:18:12.575 [warning] [Decorations] CAPPING events from decorations provider vscode.git 1298
2023-08-14 18:18:17.778 [warning] [Decorations] CAPPING events from decorations provider vscode.git 1298
2023-08-14 18:18:22.982 [warning] [Decorations] CAPPING events from decorations provider vscode.git 1298
2023-08-14 18:18:28.177 [warning] [Decorations] CAPPING events from decorations provider vscode.git 1298
2023-08-14 18:18:33.380 [warning] [Decorations] CAPPING events from decorations provider vscode.git 1298
2023-08-14 18:18:38.592 [warning] [Decorations] CAPPING events from decorations provider vscode.git 1298
2023-08-14 18:18:43.798 [warning] [Decorations] CAPPING events from decorations provider vscode.git 1298
2023-08-14 18:18:49.011 [warning] [Decorations] CAPPING events from decorations provider vscode.git 1298
2023-08-14 18:18:54.450 [warning] [Decorations] CAPPING events from decorations provider vscode.git 1298
2023-08-14 18:18:59.658 [warning] [Decorations] CAPPING events from decorations provider vscode.git 1298
2023-08-14 18:19:05.204 [warning] [Decorations] CAPPING events from decorations provider vscode.git 1298
2023-08-14 18:19:10.406 [warning] [Decorations] CAPPING events from decorations provider vscode.git 1298
2023-08-14 18:19:15.626 [warning] [Decorations] CAPPING events from decorations provider vscode.git 1298
2023-08-14 18:19:20.822 [warning] [Decorations] CAPPING events from decorations provider vscode.git 1298
2023-08-14 18:19:26.021 [warning] [Decorations] CAPPING events from decorations provider vscode.git 1298
2023-08-14 18:19:31.215 [warning] [Decorations] CAPPING events from decorations provider vscode.git 1298
2023-08-14 18:19:36.410 [warning] [Decorations] CAPPING events from decorations provider vscode.git 1298
2023-08-14 18:19:41.608 [warning] [Decorations] CAPPING events from decorations provider vscode.git 1298
2023-08-14 18:19:46.815 [warning] [Decorations] CAPPING events from decorations provider vscode.git 1298
2023-08-14 18:19:52.042 [warning] [Decorations] CAPPING events from decorations provider vscode.git 1298
2023-08-14 18:19:57.446 [warning] [Decorations] CAPPING events from decorations provider vscode.git 1298
2023-08-14 18:20:02.653 [warning] [Decorations] CAPPING events from decorations provider vscode.git 1298
2023-08-14 18:20:07.880 [warning] [Decorations] CAPPING events from decorations provider vscode.git 1298
2023-08-14 18:20:13.087 [warning] [Decorations] CAPPING events from decorations provider vscode.git 1298
2023-08-14 18:20:18.296 [warning] [Decorations] CAPPING events from decorations provider vscode.git 1299
2023-08-14 18:20:23.497 [warning] [Decorations] CAPPING events from decorations provider vscode.git 1299
2023-08-14 18:20:28.705 [warning] [Decorations] CAPPING events from decorations provider vscode.git 1299
2023-08-14 18:20:35.273 [warning] [Decorations] CAPPING events from decorations provider vscode.git 1299
2023-08-14 18:20:40.472 [warning] [Decorations] CAPPING events from decorations provider vscode.git 1299
2023-08-14 18:20:45.673 [warning] [Decorations] CAPPING events from decorations provider vscode.git 1299
2023-08-14 18:20:52.259 [warning] [Decorations] CAPPING events from decorations provider vscode.git 1300
2023-08-14 18:20:57.664 [warning] [Decorations] CAPPING events from decorations provider vscode.git 1300
2023-08-14 18:21:02.871 [warning] [Decorations] CAPPING events from decorations provider vscode.git 1300
2023-08-14 18:21:08.077 [warning] [Decorations] CAPPING events from decorations provider vscode.git 1300
2023-08-14 18:21:13.290 [warning] [Decorations] CAPPING events from decorations provider vscode.git 1300
2023-08-14 18:21:18.494 [warning] [Decorations] CAPPING events from decorations provider vscode.git 1301
2023-08-14 18:21:23.696 [warning] [Decorations] CAPPING events from decorations provider vscode.git 1301
2023-08-14 18:21:28.902 [warning] [Decorations] CAPPING events from decorations provider vscode.git 1301
2023-08-14 18:21:34.122 [warning] [Decorations] CAPPING events from decorations provider vscode.git 1301
2023-08-14 18:21:39.328 [warning] [Decorations] CAPPING events from decorations provider vscode.git 1301
2023-08-14 18:21:44.537 [warning] [Decorations] CAPPING events from decorations provider vscode.git 1301
2023-08-14 18:21:49.743 [warning] [Decorations] CAPPING events from decorations provider vscode.git 1301
2023-08-14 18:21:54.951 [warning] [Decorations] CAPPING events from decorations provider vscode.git 1301
2023-08-14 18:22:00.407 [warning] [Decorations] CAPPING events from decorations provider vscode.git 1301
2023-08-14 18:22:05.612 [warning] [Decorations] CAPPING events from decorations provider vscode.git 1301
2023-08-14 18:22:10.811 [warning] [Decorations] CAPPING events from decorations provider vscode.git 1301
2023-08-14 18:22:16.010 [warning] [Decorations] CAPPING events from decorations provider vscode.git 1301
2023-08-14 18:22:21.209 [warning] [Decorations] CAPPING events from decorations provider vscode.git 1301
2023-08-14 18:22:26.436 [warning] [Decorations] CAPPING events from decorations provider vscode.git 1301
2023-08-14 18:22:31.640 [warning] [Decorations] CAPPING events from decorations provider vscode.git 1301
2023-08-14 18:22:36.835 [warning] [Decorations] CAPPING events from decorations provider vscode.git 1301
2023-08-14 18:22:42.050 [warning] [Decorations] CAPPING events from decorations provider vscode.git 1301
2023-08-14 18:22:47.263 [warning] [Decorations] CAPPING events from decorations provider vscode.git 1301
2023-08-14 18:22:52.460 [warning] [Decorations] CAPPING events from decorations provider vscode.git 1301
2023-08-14 18:22:57.665 [warning] [Decorations] CAPPING events from decorations provider vscode.git 1301
2023-08-14 18:23:03.080 [warning] [Decorations] CAPPING events from decorations provider vscode.git 1301
2023-08-14 18:23:08.284 [warning] [Decorations] CAPPING events from decorations provider vscode.git 1301
2023-08-14 18:23:13.493 [warning] [Decorations] CAPPING events from decorations provider vscode.git 1301
2023-08-14 18:23:18.702 [warning] [Decorations] CAPPING events from decorations provider vscode.git 1301
2023-08-14 18:23:23.900 [warning] [Decorations] CAPPING events from decorations provider vscode.git 1301
2023-08-14 18:23:31.448 [warning] [Decorations] CAPPING events from decorations provider vscode.git 1301
2023-08-14 18:23:36.643 [warning] [Decorations] CAPPING events from decorations provider vscode.git 1301
2023-08-14 18:23:41.830 [warning] [Decorations] CAPPING events from decorations provider vscode.git 1301
2023-08-14 18:23:47.029 [warning] [Decorations] CAPPING events from decorations provider vscode.git 1302
2023-08-14 18:23:52.227 [warning] [Decorations] CAPPING events from decorations provider vscode.git 1302
2023-08-14 18:23:57.445 [warning] [Decorations] CAPPING events from decorations provider vscode.git 1302
2023-08-14 18:24:02.647 [warning] [Decorations] CAPPING events from decorations provider vscode.git 1302
2023-08-14 18:24:08.090 [warning] [Decorations] CAPPING events from decorations provider vscode.git 1302
2023-08-14 18:24:13.287 [warning] [Decorations] CAPPING events from decorations provider vscode.git 1303
2023-08-14 18:24:18.491 [warning] [Decorations] CAPPING events from decorations provider vscode.git 1304
2023-08-14 18:24:23.687 [warning] [Decorations] CAPPING events from decorations provider vscode.git 1304
2023-08-14 18:24:28.907 [warning] [Decorations] CAPPING events from decorations provider vscode.git 1304
2023-08-14 18:24:34.112 [warning] [Decorations] CAPPING events from decorations provider vscode.git 1304
2023-08-14 18:24:39.322 [warning] [Decorations] CAPPING events from decorations provider vscode.git 1304
2023-08-14 18:24:44.523 [warning] [Decorations] CAPPING events from decorations provider vscode.git 1304
2023-08-14 18:24:49.715 [warning] [Decorations] CAPPING events from decorations provider vscode.git 1304
2023-08-14 18:24:54.920 [warning] [Decorations] CAPPING events from decorations provider vscode.git 1304
2023-08-14 18:25:00.156 [warning] [Decorations] CAPPING events from decorations provider vscode.git 1304
2023-08-14 18:25:12.960 [warning] [Decorations] CAPPING events from decorations provider vscode.git 1305
2023-08-14 18:25:18.155 [warning] [Decorations] CAPPING events from decorations provider vscode.git 1305
2023-08-14 18:25:23.360 [warning] [Decorations] CAPPING events from decorations provider vscode.git 1305
2023-08-14 18:25:28.560 [warning] [Decorations] CAPPING events from decorations provider vscode.git 1305
2023-08-14 18:25:33.759 [warning] [Decorations] CAPPING events from decorations provider vscode.git 1305
2023-08-14 18:25:38.969 [warning] [Decorations] CAPPING events from decorations provider vscode.git 1305
2023-08-14 18:25:44.180 [warning] [Decorations] CAPPING events from decorations provider vscode.git 1305
2023-08-14 18:25:49.391 [warning] [Decorations] CAPPING events from decorations provider vscode.git 1305
2023-08-14 18:25:54.595 [warning] [Decorations] CAPPING events from decorations provider vscode.git 1305
2023-08-14 18:25:59.788 [warning] [Decorations] CAPPING events from decorations provider vscode.git 1305
2023-08-14 18:26:05.015 [warning] [Decorations] CAPPING events from decorations provider vscode.git 1305
2023-08-14 18:26:10.213 [warning] [Decorations] CAPPING events from decorations provider vscode.git 1305
2023-08-14 18:26:15.623 [warning] [Decorations] CAPPING events from decorations provider vscode.git 1305
2023-08-14 18:26:20.827 [warning] [Decorations] CAPPING events from decorations provider vscode.git 1305
2023-08-14 18:26:26.049 [warning] [Decorations] CAPPING events from decorations provider vscode.git 1305
2023-08-14 18:26:31.256 [warning] [Decorations] CAPPING events from decorations provider vscode.git 1305
2023-08-14 18:26:36.445 [warning] [Decorations] CAPPING events from decorations provider vscode.git 1305
2023-08-14 18:26:41.650 [warning] [Decorations] CAPPING events from decorations provider vscode.git 1305
2023-08-14 18:26:46.857 [warning] [Decorations] CAPPING events from decorations provider vscode.git 1305
2023-08-14 18:26:52.060 [warning] [Decorations] CAPPING events from decorations provider vscode.git 1305
2023-08-14 18:26:57.273 [warning] [Decorations] CAPPING events from decorations provider vscode.git 1305
2023-08-14 18:27:02.488 [warning] [Decorations] CAPPING events from decorations provider vscode.git 1305
2023-08-14 18:27:07.696 [warning] [Decorations] CAPPING events from decorations provider vscode.git 1305
2023-08-14 18:27:12.931 [warning] [Decorations] CAPPING events from decorations provider vscode.git 1305
2023-08-14 18:27:18.360 [warning] [Decorations] CAPPING events from decorations provider vscode.git 1305
2023-08-14 18:27:23.560 [warning] [Decorations] CAPPING events from decorations provider vscode.git 1305
2023-08-14 18:27:28.805 [warning] [Decorations] CAPPING events from decorations provider vscode.git 1305
2023-08-14 18:27:34.021 [warning] [Decorations] CAPPING events from decorations provider vscode.git 1305
2023-08-14 18:27:39.229 [warning] [Decorations] CAPPING events from decorations provider vscode.git 1305
2023-08-14 18:27:44.436 [warning] [Decorations] CAPPING events from decorations provider vscode.git 1305
2023-08-14 18:27:49.646 [warning] [Decorations] CAPPING events from decorations provider vscode.git 1305
2023-08-14 18:27:54.839 [warning] [Decorations] CAPPING events from decorations provider vscode.git 1305
2023-08-14 18:28:00.055 [warning] [Decorations] CAPPING events from decorations provider vscode.git 1305
2023-08-14 18:28:05.270 [warning] [Decorations] CAPPING events from decorations provider vscode.git 1305
2023-08-14 18:28:10.475 [warning] [Decorations] CAPPING events from decorations provider vscode.git 1305
2023-08-14 18:28:15.682 [warning] [Decorations] CAPPING events from decorations provider vscode.git 1305
2023-08-14 18:28:21.146 [warning] [Decorations] CAPPING events from decorations provider vscode.git 1305
2023-08-14 18:28:26.344 [warning] [Decorations] CAPPING events from decorations provider vscode.git 1305
2023-08-14 18:28:31.536 [warning] [Decorations] CAPPING events from decorations provider vscode.git 1305
2023-08-14 18:28:36.743 [warning] [Decorations] CAPPING events from decorations provider vscode.git 1305
2023-08-14 18:28:41.941 [warning] [Decorations] CAPPING events from decorations provider vscode.git 1305
2023-08-14 18:28:47.142 [warning] [Decorations] CAPPING events from decorations provider vscode.git 1305
2023-08-14 18:28:52.350 [warning] [Decorations] CAPPING events from decorations provider vscode.git 1305
2023-08-14 18:28:57.547 [warning] [Decorations] CAPPING events from decorations provider vscode.git 1305
2023-08-14 18:29:02.751 [warning] [Decorations] CAPPING events from decorations provider vscode.git 1306
2023-08-14 18:29:07.957 [warning] [Decorations] CAPPING events from decorations provider vscode.git 1305
2023-08-14 18:29:13.167 [warning] [Decorations] CAPPING events from decorations provider vscode.git 1305
2023-08-14 18:29:18.367 [warning] [Decorations] CAPPING events from decorations provider vscode.git 1305
2023-08-14 18:29:23.783 [warning] [Decorations] CAPPING events from decorations provider vscode.git 1305
2023-08-14 18:29:28.996 [warning] [Decorations] CAPPING events from decorations provider vscode.git 1305
2023-08-14 18:29:34.229 [warning] [Decorations] CAPPING events from decorations provider vscode.git 1305
2023-08-14 18:29:43.400 [warning] [Decorations] CAPPING events from decorations provider vscode.git 1305
2023-08-14 18:29:51.986 [warning] [Decorations] CAPPING events from decorations provider vscode.git 1270
2023-08-14 18:30:00.851 [warning] [Decorations] CAPPING events from decorations provider vscode.git 1270
2023-08-14 18:30:06.149 [warning] [Decorations] CAPPING events from decorations provider vscode.git 1270
