2023-08-16 16:37:53.450 [info] Log level: Info
2023-08-16 16:37:53.450 [info] Validating found git in: "git"
2023-08-16 16:37:53.450 [info] Using git "2.30.2" from "git"
2023-08-16 16:37:53.450 [info] > git rev-parse --show-toplevel [43ms]
2023-08-16 16:37:53.450 [info] > git rev-parse --git-dir --git-common-dir [2ms]
2023-08-16 16:37:53.450 [info] Open repository: /var/www
2023-08-16 16:37:53.450 [info] > git rev-parse --show-toplevel [9ms]
2023-08-16 16:37:53.450 [info] > git config --get commit.template [9ms]
2023-08-16 16:37:53.450 [info] No remotes found in the git config file.
2023-08-16 16:37:53.450 [info] > git rev-parse --show-toplevel [8ms]
2023-08-16 16:37:53.450 [info] > git for-each-ref --format=%(refname)%00%(upstream:short)%00%(objectname)%00%(upstream:track)%00%(upstream:remotename)%00%(upstream:remoteref) refs/heads/master refs/remotes/master [7ms]
2023-08-16 16:37:53.451 [info] > git rev-parse --show-toplevel [8ms]
2023-08-16 16:37:53.451 [info] > git rev-parse --show-toplevel [2ms]
2023-08-16 16:37:53.451 [info] > git rev-parse --show-toplevel [24ms]
2023-08-16 16:37:53.451 [info] > git rev-parse --show-toplevel [4ms]
2023-08-16 16:37:53.451 [info] > git rev-parse --show-toplevel [3ms]
2023-08-16 16:37:53.451 [info] > git rev-parse --show-toplevel [4ms]
2023-08-16 16:37:53.451 [info] > git status -z -uall [244ms]
2023-08-16 16:37:53.451 [info] No remotes found in the git config file.
2023-08-16 16:37:53.451 [info] > git config --get commit.template [8ms]
2023-08-16 16:37:53.454 [info] > git for-each-ref --format=%(refname)%00%(upstream:short)%00%(objectname)%00%(upstream:track)%00%(upstream:remotename)%00%(upstream:remoteref) refs/heads/master refs/remotes/master [8ms]
2023-08-16 16:37:53.829 [info] > git status -z -uall [370ms]
2023-08-16 16:37:53.901 [info] > git check-ignore -v -z --stdin [6ms]
2023-08-16 16:37:54.486 [info] > git ls-files --stage -- /var/www/html/webAppDev/assignment1/public/css/wp.css [4ms]
2023-08-16 16:37:54.492 [info] > git show --textconv :html/webAppDev/assignment1/public/css/wp.css [16ms]
2023-08-16 16:37:54.498 [info] > git cat-file -s 77bd474d8ca04a6d8c35828636c8081c32222acf [6ms]
2023-08-16 16:38:02.712 [info] No remotes found in the git config file.
2023-08-16 16:38:02.714 [info] > git config --get commit.template [8ms]
2023-08-16 16:38:02.724 [info] > git for-each-ref --format=%(refname)%00%(upstream:short)%00%(objectname)%00%(upstream:track)%00%(upstream:remotename)%00%(upstream:remoteref) refs/heads/master refs/remotes/master [11ms]
2023-08-16 16:38:03.057 [info] > git status -z -uall [329ms]
2023-08-16 16:44:54.816 [info] No remotes found in the git config file.
2023-08-16 16:44:54.818 [info] > git config --get commit.template [7ms]
2023-08-16 16:44:54.821 [info] > git for-each-ref --format=%(refname)%00%(upstream:short)%00%(objectname)%00%(upstream:track)%00%(upstream:remotename)%00%(upstream:remoteref) refs/heads/master refs/remotes/master [5ms]
2023-08-16 16:44:55.234 [info] > git status -z -uall [409ms]
