2023-08-13 21:39:44.760 [info] Extension host with pid 674 started
2023-08-13 21:39:44.795 [info] Lock '/var/www/.local/share/code-server/User/workspaceStorage/5e324e47/vscode.lock': Lock acquired.
2023-08-13 21:39:44.843 [info] ExtensionService#_doActivateExtension vscode.git-base, startup: true, activationEvent: '*', root cause: vscode.git
2023-08-13 21:39:48.566 [info] ExtensionService#_doActivateExtension vscode.git, startup: true, activationEvent: '*'
2023-08-13 21:39:48.567 [info] ExtensionService#_doActivateExtension vscode.github, startup: true, activationEvent: '*'
2023-08-13 21:39:48.778 [info] Eager extensions activated
2023-08-13 21:39:48.779 [info] ExtensionService#_doActivateExtension vscode.debug-auto-launch, startup: false, activationEvent: 'onStartupFinished'
2023-08-13 21:39:48.779 [info] ExtensionService#_doActivateExtension vscode.merge-conflict, startup: false, activationEvent: 'onStartupFinished'
2023-08-13 21:39:49.642 [info] ExtensionService#_doActivateExtension vscode.emmet, startup: false, activationEvent: 'onLanguage'
2023-08-13 21:39:52.834 [warning] [Decorations] CAPPING events from decorations provider vscode.git 1029
2023-08-13 21:39:53.096 [warning] [Decorations] CAPPING events from decorations provider vscode.git 1029
2023-08-13 21:40:12.460 [info] ExtensionService#_doActivateExtension vscode.php-language-features, startup: false, activationEvent: 'onLanguage:php'
2023-08-13 21:40:55.387 [warning] [Decorations] CAPPING events from decorations provider vscode.git 1035
2023-08-13 21:41:00.581 [warning] [Decorations] CAPPING events from decorations provider vscode.git 1035
2023-08-13 21:41:05.764 [warning] [Decorations] CAPPING events from decorations provider vscode.git 1035
2023-08-13 21:41:10.967 [warning] [Decorations] CAPPING events from decorations provider vscode.git 1035
2023-08-13 21:41:16.171 [warning] [Decorations] CAPPING events from decorations provider vscode.git 1035
2023-08-13 21:45:04.617 [warning] [Decorations] CAPPING events from decorations provider vscode.git 1035
2023-08-13 21:45:09.818 [warning] [Decorations] CAPPING events from decorations provider vscode.git 1035
2023-08-13 21:45:15.027 [warning] [Decorations] CAPPING events from decorations provider vscode.git 1035
2023-08-13 21:45:20.235 [warning] [Decorations] CAPPING events from decorations provider vscode.git 1035
2023-08-13 21:45:25.431 [warning] [Decorations] CAPPING events from decorations provider vscode.git 1035
2023-08-13 21:45:27.429 [error] {"message":"Git error","stdout":"","stderr":"fatal: Pathspec '/var/www/html/webAppDev/WebDev-Examples original/week3' is in submodule 'html/webAppDev/WebDev-Examples original'\n","exitCode":128,"gitErrorCode":"IsInSubmodule"}
2023-08-13 21:45:27.429 [error] {"message":"Git error","stdout":"","stderr":"fatal: Pathspec '/var/www/html/webAppDev/WebDev-Examples original/week3' is in submodule 'html/webAppDev/WebDev-Examples original'\n","exitCode":128,"gitErrorCode":"IsInSubmodule"}
2023-08-13 21:45:27.429 [error] {"message":"Git error","stdout":"","stderr":"fatal: Pathspec '/var/www/html/webAppDev/WebDev-Examples original/week3' is in submodule 'html/webAppDev/WebDev-Examples original'\n","exitCode":128,"gitErrorCode":"IsInSubmodule"}
2023-08-13 21:45:27.429 [error] {"message":"Git error","stdout":"","stderr":"fatal: Pathspec '/var/www/html/webAppDev/WebDev-Examples original/week3' is in submodule 'html/webAppDev/WebDev-Examples original'\n","exitCode":128,"gitErrorCode":"IsInSubmodule"}
2023-08-13 21:45:27.429 [error] {"message":"Git error","stdout":"","stderr":"fatal: Pathspec '/var/www/html/webAppDev/WebDev-Examples original/week3' is in submodule 'html/webAppDev/WebDev-Examples original'\n","exitCode":128,"gitErrorCode":"IsInSubmodule"}
2023-08-13 21:45:27.429 [error] {"message":"Git error","stdout":"","stderr":"fatal: Pathspec '/var/www/html/webAppDev/WebDev-Examples original/week3' is in submodule 'html/webAppDev/WebDev-Examples original'\n","exitCode":128,"gitErrorCode":"IsInSubmodule"}
2023-08-13 21:45:27.429 [error] {"message":"Git error","stdout":"","stderr":"fatal: Pathspec '/var/www/html/webAppDev/WebDev-Examples original/week3' is in submodule 'html/webAppDev/WebDev-Examples original'\n","exitCode":128,"gitErrorCode":"IsInSubmodule"}
2023-08-13 21:45:28.430 [error] {"message":"Git error","stdout":"","stderr":"fatal: Pathspec '/var/www/html/webAppDev/WebDev-Examples original/week3' is in submodule 'html/webAppDev/WebDev-Examples original'\n","exitCode":128,"gitErrorCode":"IsInSubmodule"}
2023-08-13 21:45:28.430 [error] {"message":"Git error","stdout":"","stderr":"fatal: Pathspec '/var/www/html/webAppDev/WebDev-Examples original/week3' is in submodule 'html/webAppDev/WebDev-Examples original'\n","exitCode":128,"gitErrorCode":"IsInSubmodule"}
2023-08-13 21:45:28.430 [error] {"message":"Git error","stdout":"","stderr":"fatal: Pathspec '/var/www/html/webAppDev/WebDev-Examples original/week3' is in submodule 'html/webAppDev/WebDev-Examples original'\n","exitCode":128,"gitErrorCode":"IsInSubmodule"}
2023-08-13 21:45:28.431 [error] {"message":"Git error","stdout":"","stderr":"fatal: Pathspec '/var/www/html/webAppDev/WebDev-Examples original/week3' is in submodule 'html/webAppDev/WebDev-Examples original'\n","exitCode":128,"gitErrorCode":"IsInSubmodule"}
2023-08-13 21:45:28.431 [error] {"message":"Git error","stdout":"","stderr":"fatal: Pathspec '/var/www/html/webAppDev/WebDev-Examples original/week3' is in submodule 'html/webAppDev/WebDev-Examples original'\n","exitCode":128,"gitErrorCode":"IsInSubmodule"}
2023-08-13 21:45:28.431 [error] {"message":"Git error","stdout":"","stderr":"fatal: Pathspec '/var/www/html/webAppDev/WebDev-Examples original/week3' is in submodule 'html/webAppDev/WebDev-Examples original'\n","exitCode":128,"gitErrorCode":"IsInSubmodule"}
2023-08-13 21:45:28.432 [error] {"message":"Git error","stdout":"","stderr":"fatal: Pathspec '/var/www/html/webAppDev/WebDev-Examples original/week3' is in submodule 'html/webAppDev/WebDev-Examples original'\n","exitCode":128,"gitErrorCode":"IsInSubmodule"}
2023-08-13 21:45:28.628 [error] {"message":"Git error","stdout":"","stderr":"fatal: Pathspec '/var/www/html/webAppDev/WebDev-Examples original/week5/pms.sql' is in submodule 'html/webAppDev/WebDev-Examples original'\n","exitCode":128,"gitErrorCode":"IsInSubmodule"}
2023-08-13 21:45:28.628 [error] {"message":"Git error","stdout":"","stderr":"fatal: Pathspec '/var/www/html/webAppDev/WebDev-Examples original/week5/pms.sql' is in submodule 'html/webAppDev/WebDev-Examples original'\n","exitCode":128,"gitErrorCode":"IsInSubmodule"}
2023-08-13 21:45:29.628 [error] {"message":"Git error","stdout":"","stderr":"fatal: Pathspec '/var/www/html/webAppDev/WebDev-Examples original/week5/pms.sql' is in submodule 'html/webAppDev/WebDev-Examples original'\n","exitCode":128,"gitErrorCode":"IsInSubmodule"}
2023-08-13 21:45:29.628 [error] {"message":"Git error","stdout":"","stderr":"fatal: Pathspec '/var/www/html/webAppDev/WebDev-Examples original/week5/pms.sql' is in submodule 'html/webAppDev/WebDev-Examples original'\n","exitCode":128,"gitErrorCode":"IsInSubmodule"}
2023-08-13 21:45:30.642 [warning] [Decorations] CAPPING events from decorations provider vscode.git 1035
2023-08-13 21:45:35.847 [warning] [Decorations] CAPPING events from decorations provider vscode.git 1035
2023-08-13 21:45:41.037 [warning] [Decorations] CAPPING events from decorations provider vscode.git 1035
2023-08-13 21:45:46.225 [warning] [Decorations] CAPPING events from decorations provider vscode.git 1037
2023-08-13 21:45:51.434 [warning] [Decorations] CAPPING events from decorations provider vscode.git 1037
2023-08-13 21:45:56.648 [warning] [Decorations] CAPPING events from decorations provider vscode.git 1037
2023-08-13 21:46:01.843 [warning] [Decorations] CAPPING events from decorations provider vscode.git 1037
2023-08-13 21:46:07.262 [warning] [Decorations] CAPPING events from decorations provider vscode.git 1037
2023-08-13 21:46:12.454 [warning] [Decorations] CAPPING events from decorations provider vscode.git 1037
2023-08-13 21:46:17.642 [warning] [Decorations] CAPPING events from decorations provider vscode.git 1037
2023-08-13 21:46:22.831 [warning] [Decorations] CAPPING events from decorations provider vscode.git 1037
2023-08-13 21:46:28.029 [warning] [Decorations] CAPPING events from decorations provider vscode.git 1037
2023-08-13 21:46:33.224 [warning] [Decorations] CAPPING events from decorations provider vscode.git 1037
2023-08-13 21:46:38.421 [warning] [Decorations] CAPPING events from decorations provider vscode.git 1037
2023-08-13 21:46:43.605 [warning] [Decorations] CAPPING events from decorations provider vscode.git 1037
2023-08-13 21:46:48.814 [warning] [Decorations] CAPPING events from decorations provider vscode.git 1037
2023-08-13 21:46:54.003 [warning] [Decorations] CAPPING events from decorations provider vscode.git 1037
2023-08-13 21:46:59.194 [warning] [Decorations] CAPPING events from decorations provider vscode.git 1037
2023-08-13 21:47:04.396 [warning] [Decorations] CAPPING events from decorations provider vscode.git 1037
2023-08-13 21:47:09.826 [warning] [Decorations] CAPPING events from decorations provider vscode.git 1037
2023-08-13 21:47:15.029 [warning] [Decorations] CAPPING events from decorations provider vscode.git 1037
2023-08-13 21:47:20.209 [warning] [Decorations] CAPPING events from decorations provider vscode.git 1037
2023-08-13 21:47:25.403 [warning] [Decorations] CAPPING events from decorations provider vscode.git 1037
2023-08-13 21:47:30.604 [warning] [Decorations] CAPPING events from decorations provider vscode.git 1037
2023-08-13 21:47:35.792 [warning] [Decorations] CAPPING events from decorations provider vscode.git 1037
2023-08-13 21:47:40.976 [warning] [Decorations] CAPPING events from decorations provider vscode.git 1037
2023-08-13 21:47:46.184 [warning] [Decorations] CAPPING events from decorations provider vscode.git 1037
2023-08-13 21:47:51.404 [warning] [Decorations] CAPPING events from decorations provider vscode.git 1037
2023-08-13 21:47:56.604 [warning] [Decorations] CAPPING events from decorations provider vscode.git 1037
2023-08-13 21:48:01.823 [warning] [Decorations] CAPPING events from decorations provider vscode.git 1037
2023-08-13 21:48:07.021 [warning] [Decorations] CAPPING events from decorations provider vscode.git 1037
2023-08-13 21:48:12.420 [warning] [Decorations] CAPPING events from decorations provider vscode.git 1037
2023-08-13 21:48:17.610 [warning] [Decorations] CAPPING events from decorations provider vscode.git 1037
2023-08-13 21:48:22.828 [warning] [Decorations] CAPPING events from decorations provider vscode.git 1037
2023-08-13 21:48:28.029 [warning] [Decorations] CAPPING events from decorations provider vscode.git 1037
2023-08-13 21:48:33.231 [warning] [Decorations] CAPPING events from decorations provider vscode.git 1037
2023-08-13 21:48:38.416 [warning] [Decorations] CAPPING events from decorations provider vscode.git 1037
2023-08-13 21:48:43.617 [warning] [Decorations] CAPPING events from decorations provider vscode.git 1037
2023-08-13 21:48:48.813 [warning] [Decorations] CAPPING events from decorations provider vscode.git 1037
2023-08-13 21:48:54.015 [warning] [Decorations] CAPPING events from decorations provider vscode.git 1037
2023-08-13 21:48:59.208 [warning] [Decorations] CAPPING events from decorations provider vscode.git 1037
2023-08-13 21:49:04.410 [warning] [Decorations] CAPPING events from decorations provider vscode.git 1037
2023-08-13 21:49:09.603 [warning] [Decorations] CAPPING events from decorations provider vscode.git 1037
2023-08-13 21:49:14.984 [warning] [Decorations] CAPPING events from decorations provider vscode.git 1037
2023-08-13 21:49:20.166 [warning] [Decorations] CAPPING events from decorations provider vscode.git 1037
2023-08-13 21:49:25.354 [warning] [Decorations] CAPPING events from decorations provider vscode.git 1038
2023-08-13 21:49:30.545 [warning] [Decorations] CAPPING events from decorations provider vscode.git 1038
2023-08-13 21:49:35.733 [warning] [Decorations] CAPPING events from decorations provider vscode.git 1038
2023-08-13 21:49:40.932 [warning] [Decorations] CAPPING events from decorations provider vscode.git 1038
2023-08-13 21:49:46.134 [warning] [Decorations] CAPPING events from decorations provider vscode.git 1038
2023-08-13 21:49:51.321 [warning] [Decorations] CAPPING events from decorations provider vscode.git 1038
2023-08-13 21:49:56.514 [warning] [Decorations] CAPPING events from decorations provider vscode.git 1038
2023-08-13 21:50:01.713 [warning] [Decorations] CAPPING events from decorations provider vscode.git 1038
2023-08-13 21:50:06.903 [warning] [Decorations] CAPPING events from decorations provider vscode.git 1038
2023-08-13 21:50:12.103 [warning] [Decorations] CAPPING events from decorations provider vscode.git 1038
2023-08-13 21:50:17.506 [warning] [Decorations] CAPPING events from decorations provider vscode.git 1038
2023-08-13 21:50:22.690 [warning] [Decorations] CAPPING events from decorations provider vscode.git 1038
2023-08-13 21:50:27.897 [warning] [Decorations] CAPPING events from decorations provider vscode.git 1038
2023-08-13 21:50:33.083 [warning] [Decorations] CAPPING events from decorations provider vscode.git 1038
2023-08-13 21:50:38.268 [warning] [Decorations] CAPPING events from decorations provider vscode.git 1038
2023-08-13 21:50:43.457 [warning] [Decorations] CAPPING events from decorations provider vscode.git 1038
2023-08-13 21:50:48.644 [warning] [Decorations] CAPPING events from decorations provider vscode.git 1038
2023-08-13 21:50:53.830 [warning] [Decorations] CAPPING events from decorations provider vscode.git 1038
2023-08-13 21:50:59.021 [warning] [Decorations] CAPPING events from decorations provider vscode.git 1038
2023-08-13 21:51:04.214 [warning] [Decorations] CAPPING events from decorations provider vscode.git 1038
2023-08-13 21:51:09.397 [warning] [Decorations] CAPPING events from decorations provider vscode.git 1038
2023-08-13 21:51:14.580 [warning] [Decorations] CAPPING events from decorations provider vscode.git 1038
2023-08-13 21:51:20.013 [warning] [Decorations] CAPPING events from decorations provider vscode.git 1038
2023-08-13 21:51:25.199 [warning] [Decorations] CAPPING events from decorations provider vscode.git 1038
2023-08-13 21:51:30.393 [warning] [Decorations] CAPPING events from decorations provider vscode.git 1038
2023-08-13 21:51:35.590 [warning] [Decorations] CAPPING events from decorations provider vscode.git 1038
2023-08-13 21:51:40.790 [warning] [Decorations] CAPPING events from decorations provider vscode.git 1038
2023-08-13 21:51:45.985 [warning] [Decorations] CAPPING events from decorations provider vscode.git 1038
2023-08-13 21:51:51.164 [warning] [Decorations] CAPPING events from decorations provider vscode.git 1038
2023-08-13 21:51:56.355 [warning] [Decorations] CAPPING events from decorations provider vscode.git 1038
2023-08-13 21:52:01.543 [warning] [Decorations] CAPPING events from decorations provider vscode.git 1038
2023-08-13 21:52:06.733 [warning] [Decorations] CAPPING events from decorations provider vscode.git 1038
2023-08-13 21:52:11.916 [warning] [Decorations] CAPPING events from decorations provider vscode.git 1038
2023-08-13 21:52:17.115 [warning] [Decorations] CAPPING events from decorations provider vscode.git 1038
2023-08-13 21:52:22.491 [warning] [Decorations] CAPPING events from decorations provider vscode.git 1038
2023-08-13 21:52:27.685 [warning] [Decorations] CAPPING events from decorations provider vscode.git 1038
2023-08-13 21:52:32.884 [warning] [Decorations] CAPPING events from decorations provider vscode.git 1038
2023-08-13 21:52:38.083 [warning] [Decorations] CAPPING events from decorations provider vscode.git 1038
2023-08-13 21:52:43.274 [warning] [Decorations] CAPPING events from decorations provider vscode.git 1038
2023-08-13 21:52:48.464 [warning] [Decorations] CAPPING events from decorations provider vscode.git 1038
2023-08-13 21:52:53.663 [warning] [Decorations] CAPPING events from decorations provider vscode.git 1038
2023-08-13 21:52:58.858 [warning] [Decorations] CAPPING events from decorations provider vscode.git 1038
2023-08-13 21:53:04.055 [warning] [Decorations] CAPPING events from decorations provider vscode.git 1038
2023-08-13 21:53:09.250 [warning] [Decorations] CAPPING events from decorations provider vscode.git 1038
2023-08-13 21:53:14.438 [warning] [Decorations] CAPPING events from decorations provider vscode.git 1038
2023-08-13 21:53:19.626 [warning] [Decorations] CAPPING events from decorations provider vscode.git 1038
2023-08-13 21:53:25.013 [warning] [Decorations] CAPPING events from decorations provider vscode.git 1038
2023-08-13 21:53:30.209 [warning] [Decorations] CAPPING events from decorations provider vscode.git 1038
2023-08-13 21:53:35.389 [warning] [Decorations] CAPPING events from decorations provider vscode.git 1038
2023-08-13 21:53:40.575 [warning] [Decorations] CAPPING events from decorations provider vscode.git 1038
2023-08-13 21:53:45.769 [warning] [Decorations] CAPPING events from decorations provider vscode.git 1038
2023-08-13 21:53:50.961 [warning] [Decorations] CAPPING events from decorations provider vscode.git 1038
2023-08-13 21:53:56.139 [warning] [Decorations] CAPPING events from decorations provider vscode.git 1038
2023-08-13 21:54:01.322 [warning] [Decorations] CAPPING events from decorations provider vscode.git 1038
2023-08-13 21:54:06.497 [warning] [Decorations] CAPPING events from decorations provider vscode.git 1038
2023-08-13 21:54:11.692 [warning] [Decorations] CAPPING events from decorations provider vscode.git 1038
2023-08-13 21:54:16.889 [warning] [Decorations] CAPPING events from decorations provider vscode.git 1038
2023-08-13 21:54:22.083 [warning] [Decorations] CAPPING events from decorations provider vscode.git 1038
2023-08-13 21:54:27.501 [warning] [Decorations] CAPPING events from decorations provider vscode.git 1038
2023-08-13 21:54:32.702 [warning] [Decorations] CAPPING events from decorations provider vscode.git 1038
2023-08-13 21:54:37.892 [warning] [Decorations] CAPPING events from decorations provider vscode.git 1038
2023-08-13 21:54:43.074 [warning] [Decorations] CAPPING events from decorations provider vscode.git 1038
2023-08-13 21:54:48.265 [warning] [Decorations] CAPPING events from decorations provider vscode.git 1038
2023-08-13 21:54:53.451 [warning] [Decorations] CAPPING events from decorations provider vscode.git 1038
2023-08-13 21:54:58.645 [warning] [Decorations] CAPPING events from decorations provider vscode.git 1038
2023-08-13 21:55:03.848 [warning] [Decorations] CAPPING events from decorations provider vscode.git 1038
2023-08-13 21:55:09.037 [warning] [Decorations] CAPPING events from decorations provider vscode.git 1038
2023-08-13 21:55:14.234 [warning] [Decorations] CAPPING events from decorations provider vscode.git 1038
2023-08-13 21:55:19.421 [warning] [Decorations] CAPPING events from decorations provider vscode.git 1038
2023-08-13 21:55:24.625 [warning] [Decorations] CAPPING events from decorations provider vscode.git 1038
2023-08-13 21:55:30.051 [warning] [Decorations] CAPPING events from decorations provider vscode.git 1038
2023-08-13 21:55:35.244 [warning] [Decorations] CAPPING events from decorations provider vscode.git 1038
2023-08-13 21:55:40.447 [warning] [Decorations] CAPPING events from decorations provider vscode.git 1038
2023-08-13 21:55:45.648 [warning] [Decorations] CAPPING events from decorations provider vscode.git 1038
2023-08-13 21:55:50.855 [warning] [Decorations] CAPPING events from decorations provider vscode.git 1038
2023-08-13 21:55:56.051 [warning] [Decorations] CAPPING events from decorations provider vscode.git 1038
2023-08-13 21:56:01.266 [warning] [Decorations] CAPPING events from decorations provider vscode.git 1039
2023-08-13 21:56:06.472 [warning] [Decorations] CAPPING events from decorations provider vscode.git 1039
2023-08-13 21:56:16.284 [warning] [Decorations] CAPPING events from decorations provider vscode.git 1041
2023-08-13 21:56:21.469 [warning] [Decorations] CAPPING events from decorations provider vscode.git 1041
2023-08-13 21:56:26.652 [warning] [Decorations] CAPPING events from decorations provider vscode.git 1041
2023-08-13 21:56:32.051 [warning] [Decorations] CAPPING events from decorations provider vscode.git 1041
2023-08-13 21:56:37.252 [warning] [Decorations] CAPPING events from decorations provider vscode.git 1041
2023-08-13 21:56:42.432 [warning] [Decorations] CAPPING events from decorations provider vscode.git 1041
2023-08-13 21:56:47.620 [warning] [Decorations] CAPPING events from decorations provider vscode.git 1041
2023-08-13 21:56:52.810 [warning] [Decorations] CAPPING events from decorations provider vscode.git 1041
2023-08-13 21:56:58.008 [warning] [Decorations] CAPPING events from decorations provider vscode.git 1041
2023-08-13 21:57:03.196 [warning] [Decorations] CAPPING events from decorations provider vscode.git 1041
2023-08-13 21:57:08.389 [warning] [Decorations] CAPPING events from decorations provider vscode.git 1041
2023-08-13 21:57:13.572 [warning] [Decorations] CAPPING events from decorations provider vscode.git 1041
2023-08-13 21:57:18.762 [warning] [Decorations] CAPPING events from decorations provider vscode.git 1041
2023-08-13 21:57:23.951 [warning] [Decorations] CAPPING events from decorations provider vscode.git 1041
2023-08-13 21:57:29.159 [warning] [Decorations] CAPPING events from decorations provider vscode.git 1041
2023-08-13 21:57:34.536 [warning] [Decorations] CAPPING events from decorations provider vscode.git 1041
2023-08-13 21:57:39.732 [warning] [Decorations] CAPPING events from decorations provider vscode.git 1042
2023-08-13 21:57:44.922 [warning] [Decorations] CAPPING events from decorations provider vscode.git 1042
2023-08-13 21:57:52.422 [warning] [Decorations] CAPPING events from decorations provider vscode.git 1042
2023-08-13 21:57:57.615 [warning] [Decorations] CAPPING events from decorations provider vscode.git 1042
2023-08-13 21:58:05.439 [warning] [Decorations] CAPPING events from decorations provider vscode.git 1042
2023-08-13 21:58:10.628 [warning] [Decorations] CAPPING events from decorations provider vscode.git 1042
2023-08-13 21:58:15.817 [warning] [Decorations] CAPPING events from decorations provider vscode.git 1043
2023-08-13 21:58:22.450 [warning] [Decorations] CAPPING events from decorations provider vscode.git 1043
2023-08-13 21:58:27.635 [warning] [Decorations] CAPPING events from decorations provider vscode.git 1043
2023-08-13 21:58:32.836 [warning] [Decorations] CAPPING events from decorations provider vscode.git 1043
2023-08-13 21:58:38.243 [warning] [Decorations] CAPPING events from decorations provider vscode.git 1043
2023-08-13 21:58:43.424 [warning] [Decorations] CAPPING events from decorations provider vscode.git 1043
2023-08-13 21:58:48.623 [warning] [Decorations] CAPPING events from decorations provider vscode.git 1043
2023-08-13 21:58:54.452 [warning] [Decorations] CAPPING events from decorations provider vscode.git 1043
2023-08-13 21:58:59.647 [warning] [Decorations] CAPPING events from decorations provider vscode.git 1043
2023-08-13 21:59:04.859 [warning] [Decorations] CAPPING events from decorations provider vscode.git 1043
2023-08-13 21:59:10.040 [warning] [Decorations] CAPPING events from decorations provider vscode.git 1043
2023-08-13 21:59:15.233 [warning] [Decorations] CAPPING events from decorations provider vscode.git 1043
2023-08-13 21:59:20.422 [warning] [Decorations] CAPPING events from decorations provider vscode.git 1043
2023-08-13 21:59:25.619 [warning] [Decorations] CAPPING events from decorations provider vscode.git 1043
2023-08-13 21:59:30.820 [warning] [Decorations] CAPPING events from decorations provider vscode.git 1043
2023-08-13 21:59:36.017 [warning] [Decorations] CAPPING events from decorations provider vscode.git 1043
2023-08-13 21:59:41.421 [warning] [Decorations] CAPPING events from decorations provider vscode.git 1043
2023-08-13 21:59:46.623 [warning] [Decorations] CAPPING events from decorations provider vscode.git 1044
2023-08-13 21:59:51.819 [warning] [Decorations] CAPPING events from decorations provider vscode.git 1044
2023-08-13 21:59:57.018 [warning] [Decorations] CAPPING events from decorations provider vscode.git 1044
2023-08-13 22:00:02.253 [warning] [Decorations] CAPPING events from decorations provider vscode.git 1044
2023-08-13 22:00:07.455 [warning] [Decorations] CAPPING events from decorations provider vscode.git 1044
2023-08-13 22:00:12.647 [warning] [Decorations] CAPPING events from decorations provider vscode.git 1044
2023-08-13 22:00:17.847 [warning] [Decorations] CAPPING events from decorations provider vscode.git 1044
2023-08-13 22:00:23.035 [warning] [Decorations] CAPPING events from decorations provider vscode.git 1044
2023-08-13 22:00:28.230 [warning] [Decorations] CAPPING events from decorations provider vscode.git 1044
2023-08-13 22:00:33.441 [warning] [Decorations] CAPPING events from decorations provider vscode.git 1044
2023-08-13 22:00:38.648 [warning] [Decorations] CAPPING events from decorations provider vscode.git 1044
2023-08-13 22:00:44.060 [warning] [Decorations] CAPPING events from decorations provider vscode.git 1044
2023-08-13 22:00:49.264 [warning] [Decorations] CAPPING events from decorations provider vscode.git 1044
2023-08-13 22:00:54.496 [warning] [Decorations] CAPPING events from decorations provider vscode.git 1044
2023-08-13 22:00:59.676 [warning] [Decorations] CAPPING events from decorations provider vscode.git 1044
2023-08-13 22:01:04.871 [warning] [Decorations] CAPPING events from decorations provider vscode.git 1044
2023-08-13 22:01:10.061 [warning] [Decorations] CAPPING events from decorations provider vscode.git 1044
2023-08-13 22:01:15.271 [warning] [Decorations] CAPPING events from decorations provider vscode.git 1044
2023-08-13 22:01:20.468 [warning] [Decorations] CAPPING events from decorations provider vscode.git 1044
2023-08-13 22:01:25.670 [warning] [Decorations] CAPPING events from decorations provider vscode.git 1044
2023-08-13 22:01:30.866 [warning] [Decorations] CAPPING events from decorations provider vscode.git 1044
2023-08-13 22:01:36.067 [warning] [Decorations] CAPPING events from decorations provider vscode.git 1044
2023-08-13 22:01:41.258 [warning] [Decorations] CAPPING events from decorations provider vscode.git 1044
2023-08-13 22:01:46.685 [warning] [Decorations] CAPPING events from decorations provider vscode.git 1044
2023-08-13 22:01:51.871 [warning] [Decorations] CAPPING events from decorations provider vscode.git 1044
2023-08-13 22:01:57.059 [warning] [Decorations] CAPPING events from decorations provider vscode.git 1044
2023-08-13 22:02:02.247 [warning] [Decorations] CAPPING events from decorations provider vscode.git 1044
2023-08-13 22:02:07.432 [warning] [Decorations] CAPPING events from decorations provider vscode.git 1044
2023-08-13 22:02:12.630 [warning] [Decorations] CAPPING events from decorations provider vscode.git 1044
2023-08-13 22:02:17.814 [warning] [Decorations] CAPPING events from decorations provider vscode.git 1044
2023-08-13 22:02:23.002 [warning] [Decorations] CAPPING events from decorations provider vscode.git 1044
2023-08-13 22:02:28.180 [warning] [Decorations] CAPPING events from decorations provider vscode.git 1044
2023-08-13 22:02:33.365 [warning] [Decorations] CAPPING events from decorations provider vscode.git 1044
2023-08-13 22:02:48.054 [warning] [Decorations] CAPPING events from decorations provider vscode.git 1044
2023-08-13 22:10:00.978 [warning] [Decorations] CAPPING events from decorations provider vscode.git 1044
2023-08-13 22:10:06.166 [warning] [Decorations] CAPPING events from decorations provider vscode.git 1044
2023-08-13 22:10:11.361 [warning] [Decorations] CAPPING events from decorations provider vscode.git 1044
2023-08-13 22:10:16.547 [warning] [Decorations] CAPPING events from decorations provider vscode.git 1044
2023-08-13 22:10:21.744 [warning] [Decorations] CAPPING events from decorations provider vscode.git 1044
2023-08-13 22:10:26.922 [warning] [Decorations] CAPPING events from decorations provider vscode.git 1044
2023-08-13 22:10:32.146 [warning] [Decorations] CAPPING events from decorations provider vscode.git 1045
2023-08-13 22:10:37.351 [warning] [Decorations] CAPPING events from decorations provider vscode.git 1045
2023-08-13 22:10:42.541 [warning] [Decorations] CAPPING events from decorations provider vscode.git 1045
2023-08-13 22:10:47.738 [warning] [Decorations] CAPPING events from decorations provider vscode.git 1045
2023-08-13 22:10:52.923 [warning] [Decorations] CAPPING events from decorations provider vscode.git 1045
2023-08-13 22:10:58.123 [warning] [Decorations] CAPPING events from decorations provider vscode.git 1045
2023-08-13 22:11:03.529 [warning] [Decorations] CAPPING events from decorations provider vscode.git 1045
2023-08-13 22:11:08.728 [warning] [Decorations] CAPPING events from decorations provider vscode.git 1046
2023-08-13 22:11:13.923 [warning] [Decorations] CAPPING events from decorations provider vscode.git 1046
2023-08-13 22:11:19.114 [warning] [Decorations] CAPPING events from decorations provider vscode.git 1047
2023-08-13 22:11:24.299 [warning] [Decorations] CAPPING events from decorations provider vscode.git 1047
2023-08-13 22:11:29.482 [warning] [Decorations] CAPPING events from decorations provider vscode.git 1047
2023-08-13 22:11:38.086 [warning] [Decorations] CAPPING events from decorations provider vscode.git 1047
2023-08-13 22:11:43.279 [warning] [Decorations] CAPPING events from decorations provider vscode.git 1047
2023-08-13 22:11:48.462 [warning] [Decorations] CAPPING events from decorations provider vscode.git 1047
2023-08-13 22:11:53.660 [warning] [Decorations] CAPPING events from decorations provider vscode.git 1047
2023-08-13 22:11:58.846 [warning] [Decorations] CAPPING events from decorations provider vscode.git 1047
2023-08-13 22:12:04.230 [warning] [Decorations] CAPPING events from decorations provider vscode.git 1048
2023-08-13 22:12:09.457 [warning] [Decorations] CAPPING events from decorations provider vscode.git 1048
2023-08-13 22:12:14.639 [warning] [Decorations] CAPPING events from decorations provider vscode.git 1048
2023-08-13 22:12:22.177 [warning] [Decorations] CAPPING events from decorations provider vscode.git 1048
2023-08-13 22:12:27.365 [warning] [Decorations] CAPPING events from decorations provider vscode.git 1048
2023-08-13 22:12:32.569 [warning] [Decorations] CAPPING events from decorations provider vscode.git 1048
2023-08-13 22:12:37.762 [warning] [Decorations] CAPPING events from decorations provider vscode.git 1048
2023-08-13 22:12:42.946 [warning] [Decorations] CAPPING events from decorations provider vscode.git 1048
2023-08-13 22:12:48.154 [warning] [Decorations] CAPPING events from decorations provider vscode.git 1048
2023-08-13 22:12:53.352 [warning] [Decorations] CAPPING events from decorations provider vscode.git 1049
2023-08-13 22:13:01.279 [warning] [Decorations] CAPPING events from decorations provider vscode.git 1051
2023-08-13 22:13:06.698 [warning] [Decorations] CAPPING events from decorations provider vscode.git 1051
2023-08-13 22:13:11.871 [warning] [Decorations] CAPPING events from decorations provider vscode.git 1051
2023-08-13 22:13:17.064 [warning] [Decorations] CAPPING events from decorations provider vscode.git 1051
2023-08-13 22:13:22.266 [warning] [Decorations] CAPPING events from decorations provider vscode.git 1051
2023-08-13 22:13:27.473 [warning] [Decorations] CAPPING events from decorations provider vscode.git 1051
2023-08-13 22:13:32.663 [warning] [Decorations] CAPPING events from decorations provider vscode.git 1051
2023-08-13 22:13:37.861 [warning] [Decorations] CAPPING events from decorations provider vscode.git 1051
2023-08-13 22:13:43.047 [warning] [Decorations] CAPPING events from decorations provider vscode.git 1051
2023-08-13 22:13:48.235 [warning] [Decorations] CAPPING events from decorations provider vscode.git 1051
2023-08-13 22:13:53.442 [warning] [Decorations] CAPPING events from decorations provider vscode.git 1051
2023-08-13 22:13:58.661 [warning] [Decorations] CAPPING events from decorations provider vscode.git 1051
2023-08-13 22:14:03.859 [warning] [Decorations] CAPPING events from decorations provider vscode.git 1051
2023-08-13 22:14:09.267 [warning] [Decorations] CAPPING events from decorations provider vscode.git 1051
2023-08-13 22:14:14.446 [warning] [Decorations] CAPPING events from decorations provider vscode.git 1051
2023-08-13 22:14:19.631 [warning] [Decorations] CAPPING events from decorations provider vscode.git 1051
2023-08-13 22:14:24.823 [warning] [Decorations] CAPPING events from decorations provider vscode.git 1051
2023-08-13 22:14:30.027 [warning] [Decorations] CAPPING events from decorations provider vscode.git 1051
2023-08-13 22:14:35.226 [warning] [Decorations] CAPPING events from decorations provider vscode.git 1051
2023-08-13 22:14:40.532 [warning] [Decorations] CAPPING events from decorations provider vscode.git 1051
2023-08-13 22:14:45.730 [warning] [Decorations] CAPPING events from decorations provider vscode.git 1051
2023-08-13 22:14:50.927 [warning] [Decorations] CAPPING events from decorations provider vscode.git 1051
2023-08-13 22:14:56.117 [warning] [Decorations] CAPPING events from decorations provider vscode.git 1051
2023-08-13 22:15:01.346 [warning] [Decorations] CAPPING events from decorations provider vscode.git 1052
2023-08-13 22:15:06.537 [warning] [Decorations] CAPPING events from decorations provider vscode.git 1052
2023-08-13 22:15:11.935 [warning] [Decorations] CAPPING events from decorations provider vscode.git 1052
2023-08-13 22:15:17.116 [warning] [Decorations] CAPPING events from decorations provider vscode.git 1052
2023-08-13 22:15:22.309 [warning] [Decorations] CAPPING events from decorations provider vscode.git 1052
2023-08-13 22:15:27.497 [warning] [Decorations] CAPPING events from decorations provider vscode.git 1052
2023-08-13 22:15:32.688 [warning] [Decorations] CAPPING events from decorations provider vscode.git 1052
2023-08-13 22:15:37.866 [warning] [Decorations] CAPPING events from decorations provider vscode.git 1052
2023-08-13 22:15:43.052 [warning] [Decorations] CAPPING events from decorations provider vscode.git 1052
2023-08-13 22:15:48.241 [warning] [Decorations] CAPPING events from decorations provider vscode.git 1052
2023-08-13 22:15:53.431 [warning] [Decorations] CAPPING events from decorations provider vscode.git 1052
2023-08-13 22:15:58.622 [warning] [Decorations] CAPPING events from decorations provider vscode.git 1052
2023-08-13 22:16:03.809 [warning] [Decorations] CAPPING events from decorations provider vscode.git 1052
2023-08-13 22:16:09.000 [warning] [Decorations] CAPPING events from decorations provider vscode.git 1052
2023-08-13 22:16:14.408 [warning] [Decorations] CAPPING events from decorations provider vscode.git 1052
2023-08-13 22:16:20.796 [warning] [Decorations] CAPPING events from decorations provider vscode.git 1053
2023-08-13 22:16:25.991 [warning] [Decorations] CAPPING events from decorations provider vscode.git 1053
2023-08-13 22:16:31.189 [warning] [Decorations] CAPPING events from decorations provider vscode.git 1053
2023-08-13 22:16:36.381 [warning] [Decorations] CAPPING events from decorations provider vscode.git 1053
2023-08-13 22:16:41.575 [warning] [Decorations] CAPPING events from decorations provider vscode.git 1053
2023-08-13 22:16:46.765 [warning] [Decorations] CAPPING events from decorations provider vscode.git 1053
2023-08-13 22:16:51.947 [warning] [Decorations] CAPPING events from decorations provider vscode.git 1053
2023-08-13 22:16:57.149 [warning] [Decorations] CAPPING events from decorations provider vscode.git 1053
2023-08-13 22:17:02.341 [warning] [Decorations] CAPPING events from decorations provider vscode.git 1053
2023-08-13 22:17:07.525 [warning] [Decorations] CAPPING events from decorations provider vscode.git 1053
2023-08-13 22:17:12.724 [warning] [Decorations] CAPPING events from decorations provider vscode.git 1053
2023-08-13 22:17:18.095 [warning] [Decorations] CAPPING events from decorations provider vscode.git 1054
2023-08-13 22:17:23.288 [warning] [Decorations] CAPPING events from decorations provider vscode.git 1054
2023-08-13 22:17:28.469 [warning] [Decorations] CAPPING events from decorations provider vscode.git 1054
2023-08-13 22:17:33.649 [warning] [Decorations] CAPPING events from decorations provider vscode.git 1054
2023-08-13 22:17:38.832 [warning] [Decorations] CAPPING events from decorations provider vscode.git 1054
2023-08-13 22:17:44.021 [warning] [Decorations] CAPPING events from decorations provider vscode.git 1054
2023-08-13 22:17:49.204 [warning] [Decorations] CAPPING events from decorations provider vscode.git 1054
2023-08-13 22:17:54.396 [warning] [Decorations] CAPPING events from decorations provider vscode.git 1054
2023-08-13 22:17:59.590 [warning] [Decorations] CAPPING events from decorations provider vscode.git 1054
2023-08-13 22:18:04.782 [warning] [Decorations] CAPPING events from decorations provider vscode.git 1054
2023-08-13 22:18:09.970 [warning] [Decorations] CAPPING events from decorations provider vscode.git 1054
2023-08-13 22:18:15.192 [warning] [Decorations] CAPPING events from decorations provider vscode.git 1054
2023-08-13 22:18:20.597 [warning] [Decorations] CAPPING events from decorations provider vscode.git 1054
2023-08-13 22:18:25.792 [warning] [Decorations] CAPPING events from decorations provider vscode.git 1054
2023-08-13 22:18:30.986 [warning] [Decorations] CAPPING events from decorations provider vscode.git 1054
2023-08-13 22:18:36.183 [warning] [Decorations] CAPPING events from decorations provider vscode.git 1054
2023-08-13 22:18:41.376 [warning] [Decorations] CAPPING events from decorations provider vscode.git 1054
2023-08-13 22:18:46.562 [warning] [Decorations] CAPPING events from decorations provider vscode.git 1054
2023-08-13 22:18:51.751 [warning] [Decorations] CAPPING events from decorations provider vscode.git 1054
2023-08-13 22:18:56.930 [warning] [Decorations] CAPPING events from decorations provider vscode.git 1054
2023-08-13 22:19:02.148 [warning] [Decorations] CAPPING events from decorations provider vscode.git 1054
2023-08-13 22:19:07.344 [warning] [Decorations] CAPPING events from decorations provider vscode.git 1054
2023-08-13 22:19:12.543 [warning] [Decorations] CAPPING events from decorations provider vscode.git 1054
2023-08-13 22:19:17.731 [warning] [Decorations] CAPPING events from decorations provider vscode.git 1054
2023-08-13 22:19:23.138 [warning] [Decorations] CAPPING events from decorations provider vscode.git 1054
2023-08-13 22:19:28.350 [warning] [Decorations] CAPPING events from decorations provider vscode.git 1054
2023-08-13 22:19:33.537 [warning] [Decorations] CAPPING events from decorations provider vscode.git 1054
2023-08-13 22:19:38.727 [warning] [Decorations] CAPPING events from decorations provider vscode.git 1054
2023-08-13 22:19:43.916 [warning] [Decorations] CAPPING events from decorations provider vscode.git 1054
2023-08-13 22:19:49.113 [warning] [Decorations] CAPPING events from decorations provider vscode.git 1054
2023-08-13 22:19:54.315 [warning] [Decorations] CAPPING events from decorations provider vscode.git 1054
2023-08-13 22:19:59.497 [warning] [Decorations] CAPPING events from decorations provider vscode.git 1054
2023-08-13 22:20:04.696 [warning] [Decorations] CAPPING events from decorations provider vscode.git 1055
2023-08-13 22:20:09.885 [warning] [Decorations] CAPPING events from decorations provider vscode.git 1055
2023-08-13 22:20:15.098 [warning] [Decorations] CAPPING events from decorations provider vscode.git 1055
2023-08-13 22:20:20.297 [warning] [Decorations] CAPPING events from decorations provider vscode.git 1055
2023-08-13 22:20:26.526 [warning] [Decorations] CAPPING events from decorations provider vscode.git 1056
2023-08-13 22:20:31.726 [warning] [Decorations] CAPPING events from decorations provider vscode.git 1056
2023-08-13 22:20:36.925 [warning] [Decorations] CAPPING events from decorations provider vscode.git 1056
2023-08-13 22:20:42.124 [warning] [Decorations] CAPPING events from decorations provider vscode.git 1056
2023-08-13 22:20:47.325 [warning] [Decorations] CAPPING events from decorations provider vscode.git 1056
2023-08-13 22:20:52.519 [warning] [Decorations] CAPPING events from decorations provider vscode.git 1056
2023-08-13 22:20:57.731 [warning] [Decorations] CAPPING events from decorations provider vscode.git 1056
2023-08-13 22:21:02.932 [warning] [Decorations] CAPPING events from decorations provider vscode.git 1056
2023-08-13 22:21:08.156 [warning] [Decorations] CAPPING events from decorations provider vscode.git 1057
2023-08-13 22:21:13.349 [warning] [Decorations] CAPPING events from decorations provider vscode.git 1057
2023-08-13 22:21:18.555 [warning] [Decorations] CAPPING events from decorations provider vscode.git 1057
2023-08-13 22:21:23.751 [warning] [Decorations] CAPPING events from decorations provider vscode.git 1057
2023-08-13 22:21:29.174 [warning] [Decorations] CAPPING events from decorations provider vscode.git 1057
2023-08-13 22:21:34.376 [warning] [Decorations] CAPPING events from decorations provider vscode.git 1057
2023-08-13 22:21:39.579 [warning] [Decorations] CAPPING events from decorations provider vscode.git 1057
2023-08-13 22:21:44.767 [warning] [Decorations] CAPPING events from decorations provider vscode.git 1057
2023-08-13 22:21:49.965 [warning] [Decorations] CAPPING events from decorations provider vscode.git 1058
2023-08-13 22:21:55.163 [warning] [Decorations] CAPPING events from decorations provider vscode.git 1058
2023-08-13 22:22:00.359 [warning] [Decorations] CAPPING events from decorations provider vscode.git 1058
2023-08-13 22:22:05.576 [warning] [Decorations] CAPPING events from decorations provider vscode.git 1058
2023-08-13 22:22:10.773 [warning] [Decorations] CAPPING events from decorations provider vscode.git 1058
2023-08-13 22:22:15.970 [warning] [Decorations] CAPPING events from decorations provider vscode.git 1058
2023-08-13 22:22:21.160 [warning] [Decorations] CAPPING events from decorations provider vscode.git 1058
2023-08-13 22:22:26.371 [warning] [Decorations] CAPPING events from decorations provider vscode.git 1059
2023-08-13 22:22:31.761 [warning] [Decorations] CAPPING events from decorations provider vscode.git 1059
2023-08-13 22:22:36.954 [warning] [Decorations] CAPPING events from decorations provider vscode.git 1059
2023-08-13 22:22:42.151 [warning] [Decorations] CAPPING events from decorations provider vscode.git 1059
2023-08-13 22:22:47.360 [warning] [Decorations] CAPPING events from decorations provider vscode.git 1059
2023-08-13 22:22:52.567 [warning] [Decorations] CAPPING events from decorations provider vscode.git 1059
2023-08-13 22:22:57.772 [warning] [Decorations] CAPPING events from decorations provider vscode.git 1059
2023-08-13 22:23:02.968 [warning] [Decorations] CAPPING events from decorations provider vscode.git 1059
2023-08-13 22:23:08.158 [warning] [Decorations] CAPPING events from decorations provider vscode.git 1059
2023-08-13 22:23:13.349 [warning] [Decorations] CAPPING events from decorations provider vscode.git 1059
2023-08-13 22:23:18.548 [warning] [Decorations] CAPPING events from decorations provider vscode.git 1059
2023-08-13 22:23:23.732 [warning] [Decorations] CAPPING events from decorations provider vscode.git 1059
2023-08-13 22:23:28.927 [warning] [Decorations] CAPPING events from decorations provider vscode.git 1059
2023-08-13 22:23:34.367 [warning] [Decorations] CAPPING events from decorations provider vscode.git 1059
2023-08-13 22:23:39.558 [warning] [Decorations] CAPPING events from decorations provider vscode.git 1059
2023-08-13 22:38:16.202 [warning] [Decorations] CAPPING events from decorations provider vscode.git 1059
2023-08-13 22:38:21.413 [warning] [Decorations] CAPPING events from decorations provider vscode.git 1059
2023-08-13 22:38:26.631 [warning] [Decorations] CAPPING events from decorations provider vscode.git 1059
2023-08-13 22:38:31.830 [warning] [Decorations] CAPPING events from decorations provider vscode.git 1059
2023-08-13 22:38:37.030 [warning] [Decorations] CAPPING events from decorations provider vscode.git 1059
2023-08-13 22:38:42.225 [warning] [Decorations] CAPPING events from decorations provider vscode.git 1059
2023-08-13 22:38:47.406 [warning] [Decorations] CAPPING events from decorations provider vscode.git 1059
2023-08-13 22:38:52.601 [warning] [Decorations] CAPPING events from decorations provider vscode.git 1059
2023-08-13 22:38:57.800 [warning] [Decorations] CAPPING events from decorations provider vscode.git 1059
2023-08-13 22:39:03.011 [warning] [Decorations] CAPPING events from decorations provider vscode.git 1060
2023-08-13 22:39:08.215 [warning] [Decorations] CAPPING events from decorations provider vscode.git 1060
2023-08-13 22:39:13.412 [warning] [Decorations] CAPPING events from decorations provider vscode.git 1060
2023-08-13 22:39:18.809 [warning] [Decorations] CAPPING events from decorations provider vscode.git 1060
2023-08-13 22:39:24.018 [warning] [Decorations] CAPPING events from decorations provider vscode.git 1060
2023-08-13 22:39:29.221 [warning] [Decorations] CAPPING events from decorations provider vscode.git 1060
2023-08-13 22:39:34.417 [warning] [Decorations] CAPPING events from decorations provider vscode.git 1060
2023-08-13 22:39:39.646 [warning] [Decorations] CAPPING events from decorations provider vscode.git 1060
2023-08-13 22:39:44.845 [warning] [Decorations] CAPPING events from decorations provider vscode.git 1060
2023-08-13 22:39:50.051 [warning] [Decorations] CAPPING events from decorations provider vscode.git 1060
2023-08-13 22:39:55.239 [warning] [Decorations] CAPPING events from decorations provider vscode.git 1060
2023-08-13 22:40:00.447 [warning] [Decorations] CAPPING events from decorations provider vscode.git 1060
2023-08-13 22:40:05.633 [warning] [Decorations] CAPPING events from decorations provider vscode.git 1060
2023-08-13 22:40:10.846 [warning] [Decorations] CAPPING events from decorations provider vscode.git 1060
2023-08-13 22:40:16.052 [warning] [Decorations] CAPPING events from decorations provider vscode.git 1060
2023-08-13 22:40:21.496 [warning] [Decorations] CAPPING events from decorations provider vscode.git 1060
2023-08-13 22:40:26.693 [warning] [Decorations] CAPPING events from decorations provider vscode.git 1060
2023-08-13 22:40:31.881 [warning] [Decorations] CAPPING events from decorations provider vscode.git 1060
2023-08-13 22:41:02.647 [warning] [Decorations] CAPPING events from decorations provider vscode.git 1060
2023-08-13 22:41:07.826 [warning] [Decorations] CAPPING events from decorations provider vscode.git 1060
2023-08-13 22:41:13.023 [warning] [Decorations] CAPPING events from decorations provider vscode.git 1060
2023-08-13 22:41:18.212 [warning] [Decorations] CAPPING events from decorations provider vscode.git 1060
2023-08-13 22:41:23.626 [warning] [Decorations] CAPPING events from decorations provider vscode.git 1060
2023-08-13 22:41:28.819 [warning] [Decorations] CAPPING events from decorations provider vscode.git 1060
2023-08-13 22:41:34.005 [warning] [Decorations] CAPPING events from decorations provider vscode.git 1060
2023-08-13 22:41:39.197 [warning] [Decorations] CAPPING events from decorations provider vscode.git 1060
2023-08-13 22:41:44.378 [warning] [Decorations] CAPPING events from decorations provider vscode.git 1060
2023-08-13 22:41:49.565 [warning] [Decorations] CAPPING events from decorations provider vscode.git 1060
2023-08-13 22:41:54.752 [warning] [Decorations] CAPPING events from decorations provider vscode.git 1060
2023-08-13 22:41:59.944 [warning] [Decorations] CAPPING events from decorations provider vscode.git 1060
2023-08-13 22:42:05.132 [warning] [Decorations] CAPPING events from decorations provider vscode.git 1060
2023-08-13 22:42:10.323 [warning] [Decorations] CAPPING events from decorations provider vscode.git 1060
2023-08-13 22:42:15.519 [warning] [Decorations] CAPPING events from decorations provider vscode.git 1060
2023-08-13 22:42:20.717 [warning] [Decorations] CAPPING events from decorations provider vscode.git 1060
2023-08-13 22:42:26.123 [warning] [Decorations] CAPPING events from decorations provider vscode.git 1060
2023-08-13 22:42:31.315 [warning] [Decorations] CAPPING events from decorations provider vscode.git 1060
2023-08-13 22:42:36.509 [warning] [Decorations] CAPPING events from decorations provider vscode.git 1060
2023-08-13 22:42:41.697 [warning] [Decorations] CAPPING events from decorations provider vscode.git 1060
2023-08-13 22:42:53.690 [warning] [Decorations] CAPPING events from decorations provider vscode.git 1060
2023-08-13 22:42:58.875 [warning] [Decorations] CAPPING events from decorations provider vscode.git 1060
2023-08-13 22:43:04.060 [warning] [Decorations] CAPPING events from decorations provider vscode.git 1060
2023-08-13 22:43:09.244 [warning] [Decorations] CAPPING events from decorations provider vscode.git 1060
2023-08-13 22:43:14.448 [warning] [Decorations] CAPPING events from decorations provider vscode.git 1060
2023-08-13 22:43:19.640 [warning] [Decorations] CAPPING events from decorations provider vscode.git 1060
2023-08-13 22:43:24.821 [warning] [Decorations] CAPPING events from decorations provider vscode.git 1060
2023-08-13 22:43:30.222 [warning] [Decorations] CAPPING events from decorations provider vscode.git 1060
2023-08-13 22:43:35.420 [warning] [Decorations] CAPPING events from decorations provider vscode.git 1060
2023-08-13 22:43:40.602 [warning] [Decorations] CAPPING events from decorations provider vscode.git 1060
2023-08-13 22:43:45.798 [warning] [Decorations] CAPPING events from decorations provider vscode.git 1060
2023-08-13 22:43:50.993 [warning] [Decorations] CAPPING events from decorations provider vscode.git 1060
2023-08-13 22:43:56.174 [warning] [Decorations] CAPPING events from decorations provider vscode.git 1060
2023-08-13 22:44:01.369 [warning] [Decorations] CAPPING events from decorations provider vscode.git 1060
2023-08-13 22:44:06.559 [warning] [Decorations] CAPPING events from decorations provider vscode.git 1060
2023-08-13 22:44:11.750 [warning] [Decorations] CAPPING events from decorations provider vscode.git 1060
2023-08-13 22:44:16.957 [warning] [Decorations] CAPPING events from decorations provider vscode.git 1060
2023-08-13 22:44:22.157 [warning] [Decorations] CAPPING events from decorations provider vscode.git 1060
2023-08-13 22:44:27.347 [warning] [Decorations] CAPPING events from decorations provider vscode.git 1060
2023-08-13 22:44:32.751 [warning] [Decorations] CAPPING events from decorations provider vscode.git 1060
2023-08-13 22:44:37.939 [warning] [Decorations] CAPPING events from decorations provider vscode.git 1060
2023-08-13 22:44:43.117 [warning] [Decorations] CAPPING events from decorations provider vscode.git 1060
2023-08-13 22:44:48.304 [warning] [Decorations] CAPPING events from decorations provider vscode.git 1060
2023-08-13 22:44:53.495 [warning] [Decorations] CAPPING events from decorations provider vscode.git 1060
2023-08-13 22:44:58.690 [warning] [Decorations] CAPPING events from decorations provider vscode.git 1060
2023-08-13 22:45:03.888 [warning] [Decorations] CAPPING events from decorations provider vscode.git 1060
2023-08-13 22:45:09.085 [warning] [Decorations] CAPPING events from decorations provider vscode.git 1060
2023-08-13 22:45:14.296 [warning] [Decorations] CAPPING events from decorations provider vscode.git 1060
2023-08-13 22:45:19.479 [warning] [Decorations] CAPPING events from decorations provider vscode.git 1060
2023-08-13 22:45:24.662 [warning] [Decorations] CAPPING events from decorations provider vscode.git 1060
2023-08-13 22:45:29.843 [warning] [Decorations] CAPPING events from decorations provider vscode.git 1060
2023-08-13 22:45:35.268 [warning] [Decorations] CAPPING events from decorations provider vscode.git 1060
2023-08-13 22:45:40.497 [warning] [Decorations] CAPPING events from decorations provider vscode.git 1060
2023-08-13 22:45:45.694 [warning] [Decorations] CAPPING events from decorations provider vscode.git 1060
2023-08-13 22:45:50.882 [warning] [Decorations] CAPPING events from decorations provider vscode.git 1060
2023-08-13 22:45:56.068 [warning] [Decorations] CAPPING events from decorations provider vscode.git 1060
2023-08-13 22:46:01.269 [warning] [Decorations] CAPPING events from decorations provider vscode.git 1060
2023-08-13 22:46:06.470 [warning] [Decorations] CAPPING events from decorations provider vscode.git 1060
2023-08-13 22:46:11.669 [warning] [Decorations] CAPPING events from decorations provider vscode.git 1060
2023-08-13 22:46:16.858 [warning] [Decorations] CAPPING events from decorations provider vscode.git 1060
2023-08-13 22:46:22.044 [warning] [Decorations] CAPPING events from decorations provider vscode.git 1060
2023-08-13 22:46:27.234 [warning] [Decorations] CAPPING events from decorations provider vscode.git 1060
2023-08-13 22:46:32.437 [warning] [Decorations] CAPPING events from decorations provider vscode.git 1060
2023-08-13 22:46:37.826 [warning] [Decorations] CAPPING events from decorations provider vscode.git 1060
2023-08-13 22:46:43.013 [warning] [Decorations] CAPPING events from decorations provider vscode.git 1061
2023-08-13 22:46:48.196 [warning] [Decorations] CAPPING events from decorations provider vscode.git 1061
2023-08-13 22:46:53.390 [warning] [Decorations] CAPPING events from decorations provider vscode.git 1061
2023-08-13 22:46:58.589 [warning] [Decorations] CAPPING events from decorations provider vscode.git 1061
2023-08-13 22:47:03.773 [warning] [Decorations] CAPPING events from decorations provider vscode.git 1061
2023-08-13 22:47:08.965 [warning] [Decorations] CAPPING events from decorations provider vscode.git 1061
2023-08-13 22:47:14.157 [warning] [Decorations] CAPPING events from decorations provider vscode.git 1061
2023-08-13 22:47:19.350 [warning] [Decorations] CAPPING events from decorations provider vscode.git 1061
2023-08-13 22:47:24.538 [warning] [Decorations] CAPPING events from decorations provider vscode.git 1061
2023-08-13 22:47:29.733 [warning] [Decorations] CAPPING events from decorations provider vscode.git 1061
2023-08-13 22:47:34.925 [warning] [Decorations] CAPPING events from decorations provider vscode.git 1061
2023-08-13 22:47:40.324 [warning] [Decorations] CAPPING events from decorations provider vscode.git 1061
2023-08-13 22:47:45.545 [warning] [Decorations] CAPPING events from decorations provider vscode.git 1061
2023-08-13 22:47:50.735 [warning] [Decorations] CAPPING events from decorations provider vscode.git 1061
2023-08-13 22:47:55.938 [warning] [Decorations] CAPPING events from decorations provider vscode.git 1061
2023-08-13 22:48:01.126 [warning] [Decorations] CAPPING events from decorations provider vscode.git 1061
2023-08-13 22:48:06.316 [warning] [Decorations] CAPPING events from decorations provider vscode.git 1061
2023-08-13 22:48:11.538 [warning] [Decorations] CAPPING events from decorations provider vscode.git 1061
2023-08-13 22:48:16.741 [warning] [Decorations] CAPPING events from decorations provider vscode.git 1061
2023-08-13 22:48:21.979 [warning] [Decorations] CAPPING events from decorations provider vscode.git 1061
2023-08-13 22:48:27.170 [warning] [Decorations] CAPPING events from decorations provider vscode.git 1061
2023-08-13 22:48:32.370 [warning] [Decorations] CAPPING events from decorations provider vscode.git 1061
2023-08-13 22:48:37.569 [warning] [Decorations] CAPPING events from decorations provider vscode.git 1061
2023-08-13 22:48:42.993 [warning] [Decorations] CAPPING events from decorations provider vscode.git 1061
2023-08-13 22:48:48.185 [warning] [Decorations] CAPPING events from decorations provider vscode.git 1061
2023-08-13 22:48:53.375 [warning] [Decorations] CAPPING events from decorations provider vscode.git 1061
2023-08-13 22:48:58.564 [warning] [Decorations] CAPPING events from decorations provider vscode.git 1061
2023-08-13 22:49:03.756 [warning] [Decorations] CAPPING events from decorations provider vscode.git 1062
2023-08-13 22:49:08.956 [warning] [Decorations] CAPPING events from decorations provider vscode.git 1062
2023-08-13 22:49:14.160 [warning] [Decorations] CAPPING events from decorations provider vscode.git 1062
2023-08-13 22:49:19.359 [warning] [Decorations] CAPPING events from decorations provider vscode.git 1062
2023-08-13 22:49:24.547 [warning] [Decorations] CAPPING events from decorations provider vscode.git 1062
2023-08-13 22:49:29.737 [warning] [Decorations] CAPPING events from decorations provider vscode.git 1063
2023-08-13 22:49:34.935 [warning] [Decorations] CAPPING events from decorations provider vscode.git 1063
2023-08-13 22:49:40.126 [warning] [Decorations] CAPPING events from decorations provider vscode.git 1063
2023-08-13 22:49:45.546 [warning] [Decorations] CAPPING events from decorations provider vscode.git 1063
2023-08-13 22:49:50.751 [warning] [Decorations] CAPPING events from decorations provider vscode.git 1063
2023-08-13 22:49:55.950 [warning] [Decorations] CAPPING events from decorations provider vscode.git 1063
2023-08-13 22:50:01.144 [warning] [Decorations] CAPPING events from decorations provider vscode.git 1063
2023-08-13 22:50:06.332 [warning] [Decorations] CAPPING events from decorations provider vscode.git 1063
2023-08-13 22:50:11.513 [warning] [Decorations] CAPPING events from decorations provider vscode.git 1063
2023-08-13 22:50:16.711 [warning] [Decorations] CAPPING events from decorations provider vscode.git 1063
2023-08-13 22:50:21.905 [warning] [Decorations] CAPPING events from decorations provider vscode.git 1063
2023-08-13 22:50:27.129 [warning] [Decorations] CAPPING events from decorations provider vscode.git 1063
2023-08-13 22:50:32.331 [warning] [Decorations] CAPPING events from decorations provider vscode.git 1063
2023-08-13 22:50:37.524 [warning] [Decorations] CAPPING events from decorations provider vscode.git 1063
2023-08-13 22:50:42.718 [warning] [Decorations] CAPPING events from decorations provider vscode.git 1063
2023-08-13 22:50:48.120 [warning] [Decorations] CAPPING events from decorations provider vscode.git 1063
2023-08-13 22:50:53.317 [warning] [Decorations] CAPPING events from decorations provider vscode.git 1063
2023-08-13 22:50:58.512 [warning] [Decorations] CAPPING events from decorations provider vscode.git 1063
2023-08-13 22:51:03.704 [warning] [Decorations] CAPPING events from decorations provider vscode.git 1063
2023-08-13 22:51:08.901 [warning] [Decorations] CAPPING events from decorations provider vscode.git 1063
2023-08-13 22:51:14.098 [warning] [Decorations] CAPPING events from decorations provider vscode.git 1063
2023-08-13 22:51:19.303 [warning] [Decorations] CAPPING events from decorations provider vscode.git 1063
2023-08-13 22:51:24.503 [warning] [Decorations] CAPPING events from decorations provider vscode.git 1063
2023-08-13 22:51:29.689 [warning] [Decorations] CAPPING events from decorations provider vscode.git 1063
2023-08-13 22:51:34.892 [warning] [Decorations] CAPPING events from decorations provider vscode.git 1063
2023-08-13 22:51:40.090 [warning] [Decorations] CAPPING events from decorations provider vscode.git 1063
2023-08-13 22:51:45.285 [warning] [Decorations] CAPPING events from decorations provider vscode.git 1063
2023-08-13 22:51:50.671 [warning] [Decorations] CAPPING events from decorations provider vscode.git 1063
2023-08-13 22:54:22.969 [warning] [Decorations] CAPPING events from decorations provider vscode.git 1063
2023-08-13 22:54:28.164 [warning] [Decorations] CAPPING events from decorations provider vscode.git 1063
2023-08-13 22:54:33.353 [warning] [Decorations] CAPPING events from decorations provider vscode.git 1063
2023-08-13 22:54:38.539 [warning] [Decorations] CAPPING events from decorations provider vscode.git 1063
2023-08-13 22:54:45.996 [warning] [Decorations] CAPPING events from decorations provider vscode.git 1063
2023-08-13 22:54:51.173 [warning] [Decorations] CAPPING events from decorations provider vscode.git 1063
2023-08-13 22:54:56.364 [warning] [Decorations] CAPPING events from decorations provider vscode.git 1063
2023-08-13 22:54:57.797 [info] Extension host terminating: received terminate message from renderer
2023-08-13 22:54:57.798 [info] Lock '/var/www/.local/share/code-server/User/workspaceStorage/5e324e47/vscode.lock': Marking the lockfile as scheduled to be released in 6000 ms.
2023-08-13 22:54:57.810 [error] Canceled: Canceled
	at new l (/usr/local/code-server-4.13.0-linux-amd64/lib/vscode/out/vs/workbench/api/node/extensionHostProcess.js:98:104563)
	at a.O (/usr/local/code-server-4.13.0-linux-amd64/lib/vscode/out/vs/workbench/api/node/extensionHostProcess.js:110:11657)
	at Proxy.H.<computed>.V.charCodeAt.H.<computed> (/usr/local/code-server-4.13.0-linux-amd64/lib/vscode/out/vs/workbench/api/node/extensionHostProcess.js:110:8947)
	at e.ExtHostCommands.g (/usr/local/code-server-4.13.0-linux-amd64/lib/vscode/out/vs/workbench/api/node/extensionHostProcess.js:98:124729)
	at e.ExtHostCommands.executeCommand (/usr/local/code-server-4.13.0-linux-amd64/lib/vscode/out/vs/workbench/api/node/extensionHostProcess.js:98:124105)
	at C.registerCommand.description (/usr/local/code-server-4.13.0-linux-amd64/lib/vscode/out/vs/workbench/api/node/extensionHostProcess.js:98:123398)
	at e.ExtHostCommands.h (/usr/local/code-server-4.13.0-linux-amd64/lib/vscode/out/vs/workbench/api/node/extensionHostProcess.js:98:125315)
	at e.ExtHostCommands.g (/usr/local/code-server-4.13.0-linux-amd64/lib/vscode/out/vs/workbench/api/node/extensionHostProcess.js:98:124205)
	at e.ExtHostCommands.executeCommand (/usr/local/code-server-4.13.0-linux-amd64/lib/vscode/out/vs/workbench/api/node/extensionHostProcess.js:98:124105)
	at Object.executeCommand (/usr/local/code-server-4.13.0-linux-amd64/lib/vscode/out/vs/workbench/api/node/extensionHostProcess.js:116:24043)
	at D (/usr/local/code-server-4.13.0-linux-amd64/lib/vscode/extensions/git/dist/main.js:2:1259661)
	at v.invoke (/usr/local/code-server-4.13.0-linux-amd64/lib/vscode/out/vs/workbench/api/node/extensionHostProcess.js:60:145)
	at h.deliver (/usr/local/code-server-4.13.0-linux-amd64/lib/vscode/out/vs/workbench/api/node/extensionHostProcess.js:60:2121)
	at i.fire (/usr/local/code-server-4.13.0-linux-amd64/lib/vscode/out/vs/workbench/api/node/extensionHostProcess.js:60:1729)
	at Object.m [as dispose] (/usr/local/code-server-4.13.0-linux-amd64/lib/vscode/extensions/git/dist/main.js:2:1274494)
	at /usr/local/code-server-4.13.0-linux-amd64/lib/vscode/extensions/git/dist/main.js:2:1278940
	at Array.forEach (<anonymous>)
	at g.dispose (/usr/local/code-server-4.13.0-linux-amd64/lib/vscode/extensions/git/dist/main.js:2:1278926)
	at t.<anonymous> (/usr/local/code-server-4.13.0-linux-amd64/lib/vscode/out/vs/workbench/api/node/extensionHostProcess.js:96:12369)
	at t.dispose (/usr/local/code-server-4.13.0-linux-amd64/lib/vscode/out/vs/workbench/api/node/extensionHostProcess.js:96:12504)
	at t.<anonymous> (/usr/local/code-server-4.13.0-linux-amd64/lib/vscode/extensions/git/dist/main.js:2:1261791)
	at t.dispose (/usr/local/code-server-4.13.0-linux-amd64/lib/vscode/out/vs/workbench/api/node/extensionHostProcess.js:96:12504)
	at T (/usr/local/code-server-4.13.0-linux-amd64/lib/vscode/out/vs/workbench/api/node/extensionHostProcess.js:10:12080)
	at h.Y (/usr/local/code-server-4.13.0-linux-amd64/lib/vscode/out/vs/workbench/api/node/extensionHostProcess.js:112:11173)
	at /usr/local/code-server-4.13.0-linux-amd64/lib/vscode/out/vs/workbench/api/node/extensionHostProcess.js:112:9157
	at Array.map (<anonymous>)
	at h.R (/usr/local/code-server-4.13.0-linux-amd64/lib/vscode/out/vs/workbench/api/node/extensionHostProcess.js:112:9144)
	at h.terminate (/usr/local/code-server-4.13.0-linux-amd64/lib/vscode/out/vs/workbench/api/node/extensionHostProcess.js:112:9415)
	at d.terminate (/usr/local/code-server-4.13.0-linux-amd64/lib/vscode/out/vs/workbench/api/node/extensionHostProcess.js:116:1544)
	at g (/usr/local/code-server-4.13.0-linux-amd64/lib/vscode/out/vs/workbench/api/node/extensionHostProcess.js:126:34552)
	at /usr/local/code-server-4.13.0-linux-amd64/lib/vscode/out/vs/workbench/api/node/extensionHostProcess.js:126:32462
	at v.invoke (/usr/local/code-server-4.13.0-linux-amd64/lib/vscode/out/vs/workbench/api/node/extensionHostProcess.js:60:145)
	at h.deliver (/usr/local/code-server-4.13.0-linux-amd64/lib/vscode/out/vs/workbench/api/node/extensionHostProcess.js:60:2121)
	at i.fire (/usr/local/code-server-4.13.0-linux-amd64/lib/vscode/out/vs/workbench/api/node/extensionHostProcess.js:60:1729)
	at g.fire (/usr/local/code-server-4.13.0-linux-amd64/lib/vscode/out/vs/workbench/api/node/extensionHostProcess.js:71:14852)
	at u.E (/usr/local/code-server-4.13.0-linux-amd64/lib/vscode/out/vs/workbench/api/node/extensionHostProcess.js:71:18899)
	at /usr/local/code-server-4.13.0-linux-amd64/lib/vscode/out/vs/workbench/api/node/extensionHostProcess.js:71:16887
	at v.invoke (/usr/local/code-server-4.13.0-linux-amd64/lib/vscode/out/vs/workbench/api/node/extensionHostProcess.js:60:145)
	at h.deliver (/usr/local/code-server-4.13.0-linux-amd64/lib/vscode/out/vs/workbench/api/node/extensionHostProcess.js:60:2121)
	at i.fire (/usr/local/code-server-4.13.0-linux-amd64/lib/vscode/out/vs/workbench/api/node/extensionHostProcess.js:60:1729)
	at d.acceptChunk (/usr/local/code-server-4.13.0-linux-amd64/lib/vscode/out/vs/workbench/api/node/extensionHostProcess.js:71:12583)
	at /usr/local/code-server-4.13.0-linux-amd64/lib/vscode/out/vs/workbench/api/node/extensionHostProcess.js:71:11870
	at v.invoke (/usr/local/code-server-4.13.0-linux-amd64/lib/vscode/out/vs/workbench/api/node/extensionHostProcess.js:60:145)
	at h.deliver (/usr/local/code-server-4.13.0-linux-amd64/lib/vscode/out/vs/workbench/api/node/extensionHostProcess.js:60:2121)
	at i.fire (/usr/local/code-server-4.13.0-linux-amd64/lib/vscode/out/vs/workbench/api/node/extensionHostProcess.js:60:1729)
	at D.u (/usr/local/code-server-4.13.0-linux-amd64/lib/vscode/out/vs/workbench/api/node/extensionHostProcess.js:126:20019) setContext undefined
2023-08-13 22:54:57.810 [info] Extension host with pid 674 exiting with code 0
