2023-08-17 21:16:24.932 [info] Extension host with pid 2410 started
2023-08-17 21:16:24.949 [info] Lock '/var/www/.local/share/code-server/User/workspaceStorage/5e324e47/vscode.lock': Lock acquired.
2023-08-17 21:16:25.052 [info] ExtensionService#_doActivateExtension vscode.php-language-features, startup: false, activationEvent: 'onLanguage:php'
2023-08-17 21:16:25.053 [info] ExtensionService#_doActivateExtension vscode.emmet, startup: false, activationEvent: 'onLanguage'
2023-08-17 21:16:25.224 [info] ExtensionService#_doActivateExtension vscode.git-base, startup: true, activationEvent: '*', root cause: vscode.git
2023-08-17 21:16:25.279 [info] ExtensionService#_doActivateExtension vscode.git, startup: true, activationEvent: '*'
2023-08-17 21:16:25.280 [info] ExtensionService#_doActivateExtension vscode.github, startup: true, activationEvent: '*'
2023-08-17 21:16:25.531 [info] Eager extensions activated
2023-08-17 21:16:25.532 [info] ExtensionService#_doActivateExtension vscode.debug-auto-launch, startup: false, activationEvent: 'onStartupFinished'
2023-08-17 21:16:25.532 [info] ExtensionService#_doActivateExtension vscode.merge-conflict, startup: false, activationEvent: 'onStartupFinished'
2023-08-17 21:26:29.093 [info] ExtensionService#_doActivateExtension vscode.css-language-features, startup: false, activationEvent: 'onLanguage:css'
2023-08-17 22:31:55.255 [error] [vscode.emmet] provider FAILED
2023-08-17 22:31:55.257 [error] Error: Unable to find matching pair for { at char 856
	at r.error (/usr/local/code-server-4.13.0-linux-amd64/lib/vscode/extensions/emmet/dist/node/emmetNodeMain.js:1:22545)
	at f (/usr/local/code-server-4.13.0-linux-amd64/lib/vscode/extensions/emmet/dist/node/emmetNodeMain.js:1:21775)
	at u (/usr/local/code-server-4.13.0-linux-amd64/lib/vscode/extensions/emmet/dist/node/emmetNodeMain.js:1:14499)
	at l (/usr/local/code-server-4.13.0-linux-amd64/lib/vscode/extensions/emmet/dist/node/emmetNodeMain.js:1:14549)
	at /usr/local/code-server-4.13.0-linux-amd64/lib/vscode/extensions/emmet/dist/node/emmetNodeMain.js:1:15164
	at m (/usr/local/code-server-4.13.0-linux-amd64/lib/vscode/extensions/emmet/dist/node/emmetNodeMain.js:1:15271)
	at E (/usr/local/code-server-4.13.0-linux-amd64/lib/vscode/extensions/emmet/dist/node/emmetNodeMain.js:1:16189)
	at I (/usr/local/code-server-4.13.0-linux-amd64/lib/vscode/extensions/emmet/dist/node/emmetNodeMain.js:1:16599)
	at t.getRootNode (/usr/local/code-server-4.13.0-linux-amd64/lib/vscode/extensions/emmet/dist/node/emmetNodeMain.js:1:210241)
	at t.DefaultCompletionItemProvider.b (/usr/local/code-server-4.13.0-linux-amd64/lib/vscode/extensions/emmet/dist/node/emmetNodeMain.js:1:195341)
	at t.DefaultCompletionItemProvider.provideCompletionItems (/usr/local/code-server-4.13.0-linux-amd64/lib/vscode/extensions/emmet/dist/node/emmetNodeMain.js:1:194279)
	at oe.provideCompletionItems (/usr/local/code-server-4.13.0-linux-amd64/lib/vscode/out/vs/workbench/api/node/extensionHostProcess.js:100:52903)
	at /usr/local/code-server-4.13.0-linux-amd64/lib/vscode/out/vs/workbench/api/node/extensionHostProcess.js:100:73510
	at le.s (/usr/local/code-server-4.13.0-linux-amd64/lib/vscode/out/vs/workbench/api/node/extensionHostProcess.js:100:65165)
	at le.$provideCompletionItems (/usr/local/code-server-4.13.0-linux-amd64/lib/vscode/out/vs/workbench/api/node/extensionHostProcess.js:100:73496)
	at a.N (/usr/local/code-server-4.13.0-linux-amd64/lib/vscode/out/vs/workbench/api/node/extensionHostProcess.js:110:11620)
	at a.M (/usr/local/code-server-4.13.0-linux-amd64/lib/vscode/out/vs/workbench/api/node/extensionHostProcess.js:110:11338)
	at a.H (/usr/local/code-server-4.13.0-linux-amd64/lib/vscode/out/vs/workbench/api/node/extensionHostProcess.js:110:10393)
	at a.G (/usr/local/code-server-4.13.0-linux-amd64/lib/vscode/out/vs/workbench/api/node/extensionHostProcess.js:110:9412)
	at /usr/local/code-server-4.13.0-linux-amd64/lib/vscode/out/vs/workbench/api/node/extensionHostProcess.js:110:8200
	at v.invoke (/usr/local/code-server-4.13.0-linux-amd64/lib/vscode/out/vs/workbench/api/node/extensionHostProcess.js:60:145)
	at h.deliver (/usr/local/code-server-4.13.0-linux-amd64/lib/vscode/out/vs/workbench/api/node/extensionHostProcess.js:60:2121)
	at i.fire (/usr/local/code-server-4.13.0-linux-amd64/lib/vscode/out/vs/workbench/api/node/extensionHostProcess.js:60:1729)
	at g.fire (/usr/local/code-server-4.13.0-linux-amd64/lib/vscode/out/vs/workbench/api/node/extensionHostProcess.js:71:14852)
	at /usr/local/code-server-4.13.0-linux-amd64/lib/vscode/out/vs/workbench/api/node/extensionHostProcess.js:126:32516
	at v.invoke (/usr/local/code-server-4.13.0-linux-amd64/lib/vscode/out/vs/workbench/api/node/extensionHostProcess.js:60:145)
	at h.deliver (/usr/local/code-server-4.13.0-linux-amd64/lib/vscode/out/vs/workbench/api/node/extensionHostProcess.js:60:2121)
	at i.fire (/usr/local/code-server-4.13.0-linux-amd64/lib/vscode/out/vs/workbench/api/node/extensionHostProcess.js:60:1729)
	at g.fire (/usr/local/code-server-4.13.0-linux-amd64/lib/vscode/out/vs/workbench/api/node/extensionHostProcess.js:71:14852)
	at u.E (/usr/local/code-server-4.13.0-linux-amd64/lib/vscode/out/vs/workbench/api/node/extensionHostProcess.js:71:18899)
	at /usr/local/code-server-4.13.0-linux-amd64/lib/vscode/out/vs/workbench/api/node/extensionHostProcess.js:71:16887
	at v.invoke (/usr/local/code-server-4.13.0-linux-amd64/lib/vscode/out/vs/workbench/api/node/extensionHostProcess.js:60:145)
	at h.deliver (/usr/local/code-server-4.13.0-linux-amd64/lib/vscode/out/vs/workbench/api/node/extensionHostProcess.js:60:2121)
	at i.fire (/usr/local/code-server-4.13.0-linux-amd64/lib/vscode/out/vs/workbench/api/node/extensionHostProcess.js:60:1729)
	at d.acceptChunk (/usr/local/code-server-4.13.0-linux-amd64/lib/vscode/out/vs/workbench/api/node/extensionHostProcess.js:71:12583)
	at /usr/local/code-server-4.13.0-linux-amd64/lib/vscode/out/vs/workbench/api/node/extensionHostProcess.js:71:11870
	at v.invoke (/usr/local/code-server-4.13.0-linux-amd64/lib/vscode/out/vs/workbench/api/node/extensionHostProcess.js:60:145)
	at h.deliver (/usr/local/code-server-4.13.0-linux-amd64/lib/vscode/out/vs/workbench/api/node/extensionHostProcess.js:60:2121)
	at i.fire (/usr/local/code-server-4.13.0-linux-amd64/lib/vscode/out/vs/workbench/api/node/extensionHostProcess.js:60:1729)
	at D.u (/usr/local/code-server-4.13.0-linux-amd64/lib/vscode/out/vs/workbench/api/node/extensionHostProcess.js:126:20019)
2023-08-17 22:31:59.903 [error] [vscode.emmet] provider FAILED
2023-08-17 22:31:59.904 [error] Error: Unable to find matching pair for { at char 856
	at r.error (/usr/local/code-server-4.13.0-linux-amd64/lib/vscode/extensions/emmet/dist/node/emmetNodeMain.js:1:22545)
	at f (/usr/local/code-server-4.13.0-linux-amd64/lib/vscode/extensions/emmet/dist/node/emmetNodeMain.js:1:21775)
	at u (/usr/local/code-server-4.13.0-linux-amd64/lib/vscode/extensions/emmet/dist/node/emmetNodeMain.js:1:14499)
	at l (/usr/local/code-server-4.13.0-linux-amd64/lib/vscode/extensions/emmet/dist/node/emmetNodeMain.js:1:14549)
	at /usr/local/code-server-4.13.0-linux-amd64/lib/vscode/extensions/emmet/dist/node/emmetNodeMain.js:1:15164
	at m (/usr/local/code-server-4.13.0-linux-amd64/lib/vscode/extensions/emmet/dist/node/emmetNodeMain.js:1:15271)
	at E (/usr/local/code-server-4.13.0-linux-amd64/lib/vscode/extensions/emmet/dist/node/emmetNodeMain.js:1:16189)
	at I (/usr/local/code-server-4.13.0-linux-amd64/lib/vscode/extensions/emmet/dist/node/emmetNodeMain.js:1:16599)
	at t.getRootNode (/usr/local/code-server-4.13.0-linux-amd64/lib/vscode/extensions/emmet/dist/node/emmetNodeMain.js:1:210241)
	at t.DefaultCompletionItemProvider.b (/usr/local/code-server-4.13.0-linux-amd64/lib/vscode/extensions/emmet/dist/node/emmetNodeMain.js:1:195341)
	at t.DefaultCompletionItemProvider.provideCompletionItems (/usr/local/code-server-4.13.0-linux-amd64/lib/vscode/extensions/emmet/dist/node/emmetNodeMain.js:1:194279)
	at oe.provideCompletionItems (/usr/local/code-server-4.13.0-linux-amd64/lib/vscode/out/vs/workbench/api/node/extensionHostProcess.js:100:52903)
	at /usr/local/code-server-4.13.0-linux-amd64/lib/vscode/out/vs/workbench/api/node/extensionHostProcess.js:100:73510
	at le.s (/usr/local/code-server-4.13.0-linux-amd64/lib/vscode/out/vs/workbench/api/node/extensionHostProcess.js:100:65165)
	at le.$provideCompletionItems (/usr/local/code-server-4.13.0-linux-amd64/lib/vscode/out/vs/workbench/api/node/extensionHostProcess.js:100:73496)
	at a.N (/usr/local/code-server-4.13.0-linux-amd64/lib/vscode/out/vs/workbench/api/node/extensionHostProcess.js:110:11620)
	at a.M (/usr/local/code-server-4.13.0-linux-amd64/lib/vscode/out/vs/workbench/api/node/extensionHostProcess.js:110:11338)
	at a.H (/usr/local/code-server-4.13.0-linux-amd64/lib/vscode/out/vs/workbench/api/node/extensionHostProcess.js:110:10393)
	at a.G (/usr/local/code-server-4.13.0-linux-amd64/lib/vscode/out/vs/workbench/api/node/extensionHostProcess.js:110:9412)
	at /usr/local/code-server-4.13.0-linux-amd64/lib/vscode/out/vs/workbench/api/node/extensionHostProcess.js:110:8200
	at v.invoke (/usr/local/code-server-4.13.0-linux-amd64/lib/vscode/out/vs/workbench/api/node/extensionHostProcess.js:60:145)
	at h.deliver (/usr/local/code-server-4.13.0-linux-amd64/lib/vscode/out/vs/workbench/api/node/extensionHostProcess.js:60:2121)
	at i.fire (/usr/local/code-server-4.13.0-linux-amd64/lib/vscode/out/vs/workbench/api/node/extensionHostProcess.js:60:1729)
	at g.fire (/usr/local/code-server-4.13.0-linux-amd64/lib/vscode/out/vs/workbench/api/node/extensionHostProcess.js:71:14852)
	at /usr/local/code-server-4.13.0-linux-amd64/lib/vscode/out/vs/workbench/api/node/extensionHostProcess.js:126:32516
	at v.invoke (/usr/local/code-server-4.13.0-linux-amd64/lib/vscode/out/vs/workbench/api/node/extensionHostProcess.js:60:145)
	at h.deliver (/usr/local/code-server-4.13.0-linux-amd64/lib/vscode/out/vs/workbench/api/node/extensionHostProcess.js:60:2121)
	at i.fire (/usr/local/code-server-4.13.0-linux-amd64/lib/vscode/out/vs/workbench/api/node/extensionHostProcess.js:60:1729)
	at g.fire (/usr/local/code-server-4.13.0-linux-amd64/lib/vscode/out/vs/workbench/api/node/extensionHostProcess.js:71:14852)
	at u.E (/usr/local/code-server-4.13.0-linux-amd64/lib/vscode/out/vs/workbench/api/node/extensionHostProcess.js:71:18899)
	at /usr/local/code-server-4.13.0-linux-amd64/lib/vscode/out/vs/workbench/api/node/extensionHostProcess.js:71:16887
	at v.invoke (/usr/local/code-server-4.13.0-linux-amd64/lib/vscode/out/vs/workbench/api/node/extensionHostProcess.js:60:145)
	at h.deliver (/usr/local/code-server-4.13.0-linux-amd64/lib/vscode/out/vs/workbench/api/node/extensionHostProcess.js:60:2121)
	at i.fire (/usr/local/code-server-4.13.0-linux-amd64/lib/vscode/out/vs/workbench/api/node/extensionHostProcess.js:60:1729)
	at d.acceptChunk (/usr/local/code-server-4.13.0-linux-amd64/lib/vscode/out/vs/workbench/api/node/extensionHostProcess.js:71:12583)
	at /usr/local/code-server-4.13.0-linux-amd64/lib/vscode/out/vs/workbench/api/node/extensionHostProcess.js:71:11870
	at v.invoke (/usr/local/code-server-4.13.0-linux-amd64/lib/vscode/out/vs/workbench/api/node/extensionHostProcess.js:60:145)
	at h.deliver (/usr/local/code-server-4.13.0-linux-amd64/lib/vscode/out/vs/workbench/api/node/extensionHostProcess.js:60:2121)
	at i.fire (/usr/local/code-server-4.13.0-linux-amd64/lib/vscode/out/vs/workbench/api/node/extensionHostProcess.js:60:1729)
	at D.u (/usr/local/code-server-4.13.0-linux-amd64/lib/vscode/out/vs/workbench/api/node/extensionHostProcess.js:126:20019)
2023-08-17 22:32:00.609 [error] [vscode.emmet] provider FAILED
2023-08-17 22:32:00.609 [error] Error: Unable to find matching pair for { at char 856
	at r.error (/usr/local/code-server-4.13.0-linux-amd64/lib/vscode/extensions/emmet/dist/node/emmetNodeMain.js:1:22545)
	at f (/usr/local/code-server-4.13.0-linux-amd64/lib/vscode/extensions/emmet/dist/node/emmetNodeMain.js:1:21775)
	at u (/usr/local/code-server-4.13.0-linux-amd64/lib/vscode/extensions/emmet/dist/node/emmetNodeMain.js:1:14499)
	at l (/usr/local/code-server-4.13.0-linux-amd64/lib/vscode/extensions/emmet/dist/node/emmetNodeMain.js:1:14549)
	at /usr/local/code-server-4.13.0-linux-amd64/lib/vscode/extensions/emmet/dist/node/emmetNodeMain.js:1:15164
	at m (/usr/local/code-server-4.13.0-linux-amd64/lib/vscode/extensions/emmet/dist/node/emmetNodeMain.js:1:15271)
	at E (/usr/local/code-server-4.13.0-linux-amd64/lib/vscode/extensions/emmet/dist/node/emmetNodeMain.js:1:16189)
	at I (/usr/local/code-server-4.13.0-linux-amd64/lib/vscode/extensions/emmet/dist/node/emmetNodeMain.js:1:16599)
	at t.getRootNode (/usr/local/code-server-4.13.0-linux-amd64/lib/vscode/extensions/emmet/dist/node/emmetNodeMain.js:1:210241)
	at t.DefaultCompletionItemProvider.b (/usr/local/code-server-4.13.0-linux-amd64/lib/vscode/extensions/emmet/dist/node/emmetNodeMain.js:1:195341)
	at t.DefaultCompletionItemProvider.provideCompletionItems (/usr/local/code-server-4.13.0-linux-amd64/lib/vscode/extensions/emmet/dist/node/emmetNodeMain.js:1:194279)
	at oe.provideCompletionItems (/usr/local/code-server-4.13.0-linux-amd64/lib/vscode/out/vs/workbench/api/node/extensionHostProcess.js:100:52903)
	at /usr/local/code-server-4.13.0-linux-amd64/lib/vscode/out/vs/workbench/api/node/extensionHostProcess.js:100:73510
	at le.s (/usr/local/code-server-4.13.0-linux-amd64/lib/vscode/out/vs/workbench/api/node/extensionHostProcess.js:100:65165)
	at le.$provideCompletionItems (/usr/local/code-server-4.13.0-linux-amd64/lib/vscode/out/vs/workbench/api/node/extensionHostProcess.js:100:73496)
	at a.N (/usr/local/code-server-4.13.0-linux-amd64/lib/vscode/out/vs/workbench/api/node/extensionHostProcess.js:110:11620)
	at a.M (/usr/local/code-server-4.13.0-linux-amd64/lib/vscode/out/vs/workbench/api/node/extensionHostProcess.js:110:11338)
	at a.H (/usr/local/code-server-4.13.0-linux-amd64/lib/vscode/out/vs/workbench/api/node/extensionHostProcess.js:110:10393)
	at a.G (/usr/local/code-server-4.13.0-linux-amd64/lib/vscode/out/vs/workbench/api/node/extensionHostProcess.js:110:9412)
	at /usr/local/code-server-4.13.0-linux-amd64/lib/vscode/out/vs/workbench/api/node/extensionHostProcess.js:110:8200
	at v.invoke (/usr/local/code-server-4.13.0-linux-amd64/lib/vscode/out/vs/workbench/api/node/extensionHostProcess.js:60:145)
	at h.deliver (/usr/local/code-server-4.13.0-linux-amd64/lib/vscode/out/vs/workbench/api/node/extensionHostProcess.js:60:2121)
	at i.fire (/usr/local/code-server-4.13.0-linux-amd64/lib/vscode/out/vs/workbench/api/node/extensionHostProcess.js:60:1729)
	at g.fire (/usr/local/code-server-4.13.0-linux-amd64/lib/vscode/out/vs/workbench/api/node/extensionHostProcess.js:71:14852)
	at /usr/local/code-server-4.13.0-linux-amd64/lib/vscode/out/vs/workbench/api/node/extensionHostProcess.js:126:32516
	at v.invoke (/usr/local/code-server-4.13.0-linux-amd64/lib/vscode/out/vs/workbench/api/node/extensionHostProcess.js:60:145)
	at h.deliver (/usr/local/code-server-4.13.0-linux-amd64/lib/vscode/out/vs/workbench/api/node/extensionHostProcess.js:60:2121)
	at i.fire (/usr/local/code-server-4.13.0-linux-amd64/lib/vscode/out/vs/workbench/api/node/extensionHostProcess.js:60:1729)
	at g.fire (/usr/local/code-server-4.13.0-linux-amd64/lib/vscode/out/vs/workbench/api/node/extensionHostProcess.js:71:14852)
	at u.E (/usr/local/code-server-4.13.0-linux-amd64/lib/vscode/out/vs/workbench/api/node/extensionHostProcess.js:71:18899)
	at /usr/local/code-server-4.13.0-linux-amd64/lib/vscode/out/vs/workbench/api/node/extensionHostProcess.js:71:16887
	at v.invoke (/usr/local/code-server-4.13.0-linux-amd64/lib/vscode/out/vs/workbench/api/node/extensionHostProcess.js:60:145)
	at h.deliver (/usr/local/code-server-4.13.0-linux-amd64/lib/vscode/out/vs/workbench/api/node/extensionHostProcess.js:60:2121)
	at i.fire (/usr/local/code-server-4.13.0-linux-amd64/lib/vscode/out/vs/workbench/api/node/extensionHostProcess.js:60:1729)
	at d.acceptChunk (/usr/local/code-server-4.13.0-linux-amd64/lib/vscode/out/vs/workbench/api/node/extensionHostProcess.js:71:12583)
	at /usr/local/code-server-4.13.0-linux-amd64/lib/vscode/out/vs/workbench/api/node/extensionHostProcess.js:71:11870
	at v.invoke (/usr/local/code-server-4.13.0-linux-amd64/lib/vscode/out/vs/workbench/api/node/extensionHostProcess.js:60:145)
	at h.deliver (/usr/local/code-server-4.13.0-linux-amd64/lib/vscode/out/vs/workbench/api/node/extensionHostProcess.js:60:2121)
	at i.fire (/usr/local/code-server-4.13.0-linux-amd64/lib/vscode/out/vs/workbench/api/node/extensionHostProcess.js:60:1729)
	at D.u (/usr/local/code-server-4.13.0-linux-amd64/lib/vscode/out/vs/workbench/api/node/extensionHostProcess.js:126:20019)
2023-08-17 22:32:01.852 [error] [vscode.emmet] provider FAILED
2023-08-17 22:32:01.852 [error] Error: Unable to find matching pair for { at char 856
	at r.error (/usr/local/code-server-4.13.0-linux-amd64/lib/vscode/extensions/emmet/dist/node/emmetNodeMain.js:1:22545)
	at f (/usr/local/code-server-4.13.0-linux-amd64/lib/vscode/extensions/emmet/dist/node/emmetNodeMain.js:1:21775)
	at u (/usr/local/code-server-4.13.0-linux-amd64/lib/vscode/extensions/emmet/dist/node/emmetNodeMain.js:1:14499)
	at l (/usr/local/code-server-4.13.0-linux-amd64/lib/vscode/extensions/emmet/dist/node/emmetNodeMain.js:1:14549)
	at /usr/local/code-server-4.13.0-linux-amd64/lib/vscode/extensions/emmet/dist/node/emmetNodeMain.js:1:15164
	at m (/usr/local/code-server-4.13.0-linux-amd64/lib/vscode/extensions/emmet/dist/node/emmetNodeMain.js:1:15271)
	at E (/usr/local/code-server-4.13.0-linux-amd64/lib/vscode/extensions/emmet/dist/node/emmetNodeMain.js:1:16189)
	at I (/usr/local/code-server-4.13.0-linux-amd64/lib/vscode/extensions/emmet/dist/node/emmetNodeMain.js:1:16599)
	at t.getRootNode (/usr/local/code-server-4.13.0-linux-amd64/lib/vscode/extensions/emmet/dist/node/emmetNodeMain.js:1:210241)
	at t.DefaultCompletionItemProvider.b (/usr/local/code-server-4.13.0-linux-amd64/lib/vscode/extensions/emmet/dist/node/emmetNodeMain.js:1:195341)
	at t.DefaultCompletionItemProvider.provideCompletionItems (/usr/local/code-server-4.13.0-linux-amd64/lib/vscode/extensions/emmet/dist/node/emmetNodeMain.js:1:194279)
	at oe.provideCompletionItems (/usr/local/code-server-4.13.0-linux-amd64/lib/vscode/out/vs/workbench/api/node/extensionHostProcess.js:100:52903)
	at /usr/local/code-server-4.13.0-linux-amd64/lib/vscode/out/vs/workbench/api/node/extensionHostProcess.js:100:73510
	at le.s (/usr/local/code-server-4.13.0-linux-amd64/lib/vscode/out/vs/workbench/api/node/extensionHostProcess.js:100:65165)
	at le.$provideCompletionItems (/usr/local/code-server-4.13.0-linux-amd64/lib/vscode/out/vs/workbench/api/node/extensionHostProcess.js:100:73496)
	at a.N (/usr/local/code-server-4.13.0-linux-amd64/lib/vscode/out/vs/workbench/api/node/extensionHostProcess.js:110:11620)
	at a.M (/usr/local/code-server-4.13.0-linux-amd64/lib/vscode/out/vs/workbench/api/node/extensionHostProcess.js:110:11338)
	at a.H (/usr/local/code-server-4.13.0-linux-amd64/lib/vscode/out/vs/workbench/api/node/extensionHostProcess.js:110:10393)
	at a.G (/usr/local/code-server-4.13.0-linux-amd64/lib/vscode/out/vs/workbench/api/node/extensionHostProcess.js:110:9412)
	at /usr/local/code-server-4.13.0-linux-amd64/lib/vscode/out/vs/workbench/api/node/extensionHostProcess.js:110:8200
	at v.invoke (/usr/local/code-server-4.13.0-linux-amd64/lib/vscode/out/vs/workbench/api/node/extensionHostProcess.js:60:145)
	at h.deliver (/usr/local/code-server-4.13.0-linux-amd64/lib/vscode/out/vs/workbench/api/node/extensionHostProcess.js:60:2121)
	at i.fire (/usr/local/code-server-4.13.0-linux-amd64/lib/vscode/out/vs/workbench/api/node/extensionHostProcess.js:60:1729)
	at g.fire (/usr/local/code-server-4.13.0-linux-amd64/lib/vscode/out/vs/workbench/api/node/extensionHostProcess.js:71:14852)
	at /usr/local/code-server-4.13.0-linux-amd64/lib/vscode/out/vs/workbench/api/node/extensionHostProcess.js:126:32516
	at v.invoke (/usr/local/code-server-4.13.0-linux-amd64/lib/vscode/out/vs/workbench/api/node/extensionHostProcess.js:60:145)
	at h.deliver (/usr/local/code-server-4.13.0-linux-amd64/lib/vscode/out/vs/workbench/api/node/extensionHostProcess.js:60:2121)
	at i.fire (/usr/local/code-server-4.13.0-linux-amd64/lib/vscode/out/vs/workbench/api/node/extensionHostProcess.js:60:1729)
	at g.fire (/usr/local/code-server-4.13.0-linux-amd64/lib/vscode/out/vs/workbench/api/node/extensionHostProcess.js:71:14852)
	at u.E (/usr/local/code-server-4.13.0-linux-amd64/lib/vscode/out/vs/workbench/api/node/extensionHostProcess.js:71:18899)
	at /usr/local/code-server-4.13.0-linux-amd64/lib/vscode/out/vs/workbench/api/node/extensionHostProcess.js:71:16887
	at v.invoke (/usr/local/code-server-4.13.0-linux-amd64/lib/vscode/out/vs/workbench/api/node/extensionHostProcess.js:60:145)
	at h.deliver (/usr/local/code-server-4.13.0-linux-amd64/lib/vscode/out/vs/workbench/api/node/extensionHostProcess.js:60:2121)
	at i.fire (/usr/local/code-server-4.13.0-linux-amd64/lib/vscode/out/vs/workbench/api/node/extensionHostProcess.js:60:1729)
	at d.acceptChunk (/usr/local/code-server-4.13.0-linux-amd64/lib/vscode/out/vs/workbench/api/node/extensionHostProcess.js:71:12583)
	at /usr/local/code-server-4.13.0-linux-amd64/lib/vscode/out/vs/workbench/api/node/extensionHostProcess.js:71:11870
	at v.invoke (/usr/local/code-server-4.13.0-linux-amd64/lib/vscode/out/vs/workbench/api/node/extensionHostProcess.js:60:145)
	at h.deliver (/usr/local/code-server-4.13.0-linux-amd64/lib/vscode/out/vs/workbench/api/node/extensionHostProcess.js:60:2121)
	at i.fire (/usr/local/code-server-4.13.0-linux-amd64/lib/vscode/out/vs/workbench/api/node/extensionHostProcess.js:60:1729)
	at D.u (/usr/local/code-server-4.13.0-linux-amd64/lib/vscode/out/vs/workbench/api/node/extensionHostProcess.js:126:20019)
2023-08-17 22:32:28.997 [error] [vscode.emmet] provider FAILED
2023-08-17 22:32:28.998 [error] Error: Unable to find matching pair for { at char 856
	at r.error (/usr/local/code-server-4.13.0-linux-amd64/lib/vscode/extensions/emmet/dist/node/emmetNodeMain.js:1:22545)
	at f (/usr/local/code-server-4.13.0-linux-amd64/lib/vscode/extensions/emmet/dist/node/emmetNodeMain.js:1:21775)
	at u (/usr/local/code-server-4.13.0-linux-amd64/lib/vscode/extensions/emmet/dist/node/emmetNodeMain.js:1:14499)
	at l (/usr/local/code-server-4.13.0-linux-amd64/lib/vscode/extensions/emmet/dist/node/emmetNodeMain.js:1:14549)
	at /usr/local/code-server-4.13.0-linux-amd64/lib/vscode/extensions/emmet/dist/node/emmetNodeMain.js:1:15164
	at m (/usr/local/code-server-4.13.0-linux-amd64/lib/vscode/extensions/emmet/dist/node/emmetNodeMain.js:1:15271)
	at E (/usr/local/code-server-4.13.0-linux-amd64/lib/vscode/extensions/emmet/dist/node/emmetNodeMain.js:1:16189)
	at I (/usr/local/code-server-4.13.0-linux-amd64/lib/vscode/extensions/emmet/dist/node/emmetNodeMain.js:1:16599)
	at t.getRootNode (/usr/local/code-server-4.13.0-linux-amd64/lib/vscode/extensions/emmet/dist/node/emmetNodeMain.js:1:210241)
	at t.DefaultCompletionItemProvider.b (/usr/local/code-server-4.13.0-linux-amd64/lib/vscode/extensions/emmet/dist/node/emmetNodeMain.js:1:195341)
	at t.DefaultCompletionItemProvider.provideCompletionItems (/usr/local/code-server-4.13.0-linux-amd64/lib/vscode/extensions/emmet/dist/node/emmetNodeMain.js:1:194279)
	at oe.provideCompletionItems (/usr/local/code-server-4.13.0-linux-amd64/lib/vscode/out/vs/workbench/api/node/extensionHostProcess.js:100:52903)
	at /usr/local/code-server-4.13.0-linux-amd64/lib/vscode/out/vs/workbench/api/node/extensionHostProcess.js:100:73510
	at le.s (/usr/local/code-server-4.13.0-linux-amd64/lib/vscode/out/vs/workbench/api/node/extensionHostProcess.js:100:65165)
	at le.$provideCompletionItems (/usr/local/code-server-4.13.0-linux-amd64/lib/vscode/out/vs/workbench/api/node/extensionHostProcess.js:100:73496)
	at a.N (/usr/local/code-server-4.13.0-linux-amd64/lib/vscode/out/vs/workbench/api/node/extensionHostProcess.js:110:11620)
	at a.M (/usr/local/code-server-4.13.0-linux-amd64/lib/vscode/out/vs/workbench/api/node/extensionHostProcess.js:110:11338)
	at a.H (/usr/local/code-server-4.13.0-linux-amd64/lib/vscode/out/vs/workbench/api/node/extensionHostProcess.js:110:10393)
	at a.G (/usr/local/code-server-4.13.0-linux-amd64/lib/vscode/out/vs/workbench/api/node/extensionHostProcess.js:110:9412)
	at /usr/local/code-server-4.13.0-linux-amd64/lib/vscode/out/vs/workbench/api/node/extensionHostProcess.js:110:8200
	at v.invoke (/usr/local/code-server-4.13.0-linux-amd64/lib/vscode/out/vs/workbench/api/node/extensionHostProcess.js:60:145)
	at h.deliver (/usr/local/code-server-4.13.0-linux-amd64/lib/vscode/out/vs/workbench/api/node/extensionHostProcess.js:60:2121)
	at i.fire (/usr/local/code-server-4.13.0-linux-amd64/lib/vscode/out/vs/workbench/api/node/extensionHostProcess.js:60:1729)
	at g.fire (/usr/local/code-server-4.13.0-linux-amd64/lib/vscode/out/vs/workbench/api/node/extensionHostProcess.js:71:14852)
	at /usr/local/code-server-4.13.0-linux-amd64/lib/vscode/out/vs/workbench/api/node/extensionHostProcess.js:126:32516
	at v.invoke (/usr/local/code-server-4.13.0-linux-amd64/lib/vscode/out/vs/workbench/api/node/extensionHostProcess.js:60:145)
	at h.deliver (/usr/local/code-server-4.13.0-linux-amd64/lib/vscode/out/vs/workbench/api/node/extensionHostProcess.js:60:2121)
	at i.fire (/usr/local/code-server-4.13.0-linux-amd64/lib/vscode/out/vs/workbench/api/node/extensionHostProcess.js:60:1729)
	at g.fire (/usr/local/code-server-4.13.0-linux-amd64/lib/vscode/out/vs/workbench/api/node/extensionHostProcess.js:71:14852)
	at u.E (/usr/local/code-server-4.13.0-linux-amd64/lib/vscode/out/vs/workbench/api/node/extensionHostProcess.js:71:18899)
	at /usr/local/code-server-4.13.0-linux-amd64/lib/vscode/out/vs/workbench/api/node/extensionHostProcess.js:71:16887
	at v.invoke (/usr/local/code-server-4.13.0-linux-amd64/lib/vscode/out/vs/workbench/api/node/extensionHostProcess.js:60:145)
	at h.deliver (/usr/local/code-server-4.13.0-linux-amd64/lib/vscode/out/vs/workbench/api/node/extensionHostProcess.js:60:2121)
	at i.fire (/usr/local/code-server-4.13.0-linux-amd64/lib/vscode/out/vs/workbench/api/node/extensionHostProcess.js:60:1729)
	at d.acceptChunk (/usr/local/code-server-4.13.0-linux-amd64/lib/vscode/out/vs/workbench/api/node/extensionHostProcess.js:71:12583)
	at /usr/local/code-server-4.13.0-linux-amd64/lib/vscode/out/vs/workbench/api/node/extensionHostProcess.js:71:11870
	at v.invoke (/usr/local/code-server-4.13.0-linux-amd64/lib/vscode/out/vs/workbench/api/node/extensionHostProcess.js:60:145)
	at h.deliver (/usr/local/code-server-4.13.0-linux-amd64/lib/vscode/out/vs/workbench/api/node/extensionHostProcess.js:60:2121)
	at i.fire (/usr/local/code-server-4.13.0-linux-amd64/lib/vscode/out/vs/workbench/api/node/extensionHostProcess.js:60:1729)
	at D.u (/usr/local/code-server-4.13.0-linux-amd64/lib/vscode/out/vs/workbench/api/node/extensionHostProcess.js:126:20019)
2023-08-17 22:32:31.708 [error] [vscode.emmet] provider FAILED
2023-08-17 22:32:31.709 [error] Error: Unable to find matching pair for { at char 856
	at r.error (/usr/local/code-server-4.13.0-linux-amd64/lib/vscode/extensions/emmet/dist/node/emmetNodeMain.js:1:22545)
	at f (/usr/local/code-server-4.13.0-linux-amd64/lib/vscode/extensions/emmet/dist/node/emmetNodeMain.js:1:21775)
	at u (/usr/local/code-server-4.13.0-linux-amd64/lib/vscode/extensions/emmet/dist/node/emmetNodeMain.js:1:14499)
	at l (/usr/local/code-server-4.13.0-linux-amd64/lib/vscode/extensions/emmet/dist/node/emmetNodeMain.js:1:14549)
	at /usr/local/code-server-4.13.0-linux-amd64/lib/vscode/extensions/emmet/dist/node/emmetNodeMain.js:1:15164
	at m (/usr/local/code-server-4.13.0-linux-amd64/lib/vscode/extensions/emmet/dist/node/emmetNodeMain.js:1:15271)
	at E (/usr/local/code-server-4.13.0-linux-amd64/lib/vscode/extensions/emmet/dist/node/emmetNodeMain.js:1:16189)
	at I (/usr/local/code-server-4.13.0-linux-amd64/lib/vscode/extensions/emmet/dist/node/emmetNodeMain.js:1:16599)
	at t.getRootNode (/usr/local/code-server-4.13.0-linux-amd64/lib/vscode/extensions/emmet/dist/node/emmetNodeMain.js:1:210241)
	at t.DefaultCompletionItemProvider.b (/usr/local/code-server-4.13.0-linux-amd64/lib/vscode/extensions/emmet/dist/node/emmetNodeMain.js:1:195341)
	at t.DefaultCompletionItemProvider.provideCompletionItems (/usr/local/code-server-4.13.0-linux-amd64/lib/vscode/extensions/emmet/dist/node/emmetNodeMain.js:1:194279)
	at oe.provideCompletionItems (/usr/local/code-server-4.13.0-linux-amd64/lib/vscode/out/vs/workbench/api/node/extensionHostProcess.js:100:52903)
	at /usr/local/code-server-4.13.0-linux-amd64/lib/vscode/out/vs/workbench/api/node/extensionHostProcess.js:100:73510
	at le.s (/usr/local/code-server-4.13.0-linux-amd64/lib/vscode/out/vs/workbench/api/node/extensionHostProcess.js:100:65165)
	at le.$provideCompletionItems (/usr/local/code-server-4.13.0-linux-amd64/lib/vscode/out/vs/workbench/api/node/extensionHostProcess.js:100:73496)
	at a.N (/usr/local/code-server-4.13.0-linux-amd64/lib/vscode/out/vs/workbench/api/node/extensionHostProcess.js:110:11620)
	at a.M (/usr/local/code-server-4.13.0-linux-amd64/lib/vscode/out/vs/workbench/api/node/extensionHostProcess.js:110:11338)
	at a.H (/usr/local/code-server-4.13.0-linux-amd64/lib/vscode/out/vs/workbench/api/node/extensionHostProcess.js:110:10393)
	at a.G (/usr/local/code-server-4.13.0-linux-amd64/lib/vscode/out/vs/workbench/api/node/extensionHostProcess.js:110:9412)
	at /usr/local/code-server-4.13.0-linux-amd64/lib/vscode/out/vs/workbench/api/node/extensionHostProcess.js:110:8200
	at v.invoke (/usr/local/code-server-4.13.0-linux-amd64/lib/vscode/out/vs/workbench/api/node/extensionHostProcess.js:60:145)
	at h.deliver (/usr/local/code-server-4.13.0-linux-amd64/lib/vscode/out/vs/workbench/api/node/extensionHostProcess.js:60:2121)
	at i.fire (/usr/local/code-server-4.13.0-linux-amd64/lib/vscode/out/vs/workbench/api/node/extensionHostProcess.js:60:1729)
	at g.fire (/usr/local/code-server-4.13.0-linux-amd64/lib/vscode/out/vs/workbench/api/node/extensionHostProcess.js:71:14852)
	at /usr/local/code-server-4.13.0-linux-amd64/lib/vscode/out/vs/workbench/api/node/extensionHostProcess.js:126:32516
	at v.invoke (/usr/local/code-server-4.13.0-linux-amd64/lib/vscode/out/vs/workbench/api/node/extensionHostProcess.js:60:145)
	at h.deliver (/usr/local/code-server-4.13.0-linux-amd64/lib/vscode/out/vs/workbench/api/node/extensionHostProcess.js:60:2121)
	at i.fire (/usr/local/code-server-4.13.0-linux-amd64/lib/vscode/out/vs/workbench/api/node/extensionHostProcess.js:60:1729)
	at g.fire (/usr/local/code-server-4.13.0-linux-amd64/lib/vscode/out/vs/workbench/api/node/extensionHostProcess.js:71:14852)
	at u.E (/usr/local/code-server-4.13.0-linux-amd64/lib/vscode/out/vs/workbench/api/node/extensionHostProcess.js:71:18899)
	at /usr/local/code-server-4.13.0-linux-amd64/lib/vscode/out/vs/workbench/api/node/extensionHostProcess.js:71:16887
	at v.invoke (/usr/local/code-server-4.13.0-linux-amd64/lib/vscode/out/vs/workbench/api/node/extensionHostProcess.js:60:145)
	at h.deliver (/usr/local/code-server-4.13.0-linux-amd64/lib/vscode/out/vs/workbench/api/node/extensionHostProcess.js:60:2121)
	at i.fire (/usr/local/code-server-4.13.0-linux-amd64/lib/vscode/out/vs/workbench/api/node/extensionHostProcess.js:60:1729)
	at d.acceptChunk (/usr/local/code-server-4.13.0-linux-amd64/lib/vscode/out/vs/workbench/api/node/extensionHostProcess.js:71:12583)
	at /usr/local/code-server-4.13.0-linux-amd64/lib/vscode/out/vs/workbench/api/node/extensionHostProcess.js:71:11870
	at v.invoke (/usr/local/code-server-4.13.0-linux-amd64/lib/vscode/out/vs/workbench/api/node/extensionHostProcess.js:60:145)
	at h.deliver (/usr/local/code-server-4.13.0-linux-amd64/lib/vscode/out/vs/workbench/api/node/extensionHostProcess.js:60:2121)
	at i.fire (/usr/local/code-server-4.13.0-linux-amd64/lib/vscode/out/vs/workbench/api/node/extensionHostProcess.js:60:1729)
	at D.u (/usr/local/code-server-4.13.0-linux-amd64/lib/vscode/out/vs/workbench/api/node/extensionHostProcess.js:126:20019)
2023-08-17 22:32:52.511 [error] [vscode.emmet] provider FAILED
2023-08-17 22:32:52.512 [error] Error: Unable to find matching pair for { at char 856
	at r.error (/usr/local/code-server-4.13.0-linux-amd64/lib/vscode/extensions/emmet/dist/node/emmetNodeMain.js:1:22545)
	at f (/usr/local/code-server-4.13.0-linux-amd64/lib/vscode/extensions/emmet/dist/node/emmetNodeMain.js:1:21775)
	at u (/usr/local/code-server-4.13.0-linux-amd64/lib/vscode/extensions/emmet/dist/node/emmetNodeMain.js:1:14499)
	at l (/usr/local/code-server-4.13.0-linux-amd64/lib/vscode/extensions/emmet/dist/node/emmetNodeMain.js:1:14549)
	at /usr/local/code-server-4.13.0-linux-amd64/lib/vscode/extensions/emmet/dist/node/emmetNodeMain.js:1:15164
	at m (/usr/local/code-server-4.13.0-linux-amd64/lib/vscode/extensions/emmet/dist/node/emmetNodeMain.js:1:15271)
	at E (/usr/local/code-server-4.13.0-linux-amd64/lib/vscode/extensions/emmet/dist/node/emmetNodeMain.js:1:16189)
	at I (/usr/local/code-server-4.13.0-linux-amd64/lib/vscode/extensions/emmet/dist/node/emmetNodeMain.js:1:16599)
	at t.getRootNode (/usr/local/code-server-4.13.0-linux-amd64/lib/vscode/extensions/emmet/dist/node/emmetNodeMain.js:1:210241)
	at t.DefaultCompletionItemProvider.b (/usr/local/code-server-4.13.0-linux-amd64/lib/vscode/extensions/emmet/dist/node/emmetNodeMain.js:1:195341)
	at t.DefaultCompletionItemProvider.provideCompletionItems (/usr/local/code-server-4.13.0-linux-amd64/lib/vscode/extensions/emmet/dist/node/emmetNodeMain.js:1:194279)
	at oe.provideCompletionItems (/usr/local/code-server-4.13.0-linux-amd64/lib/vscode/out/vs/workbench/api/node/extensionHostProcess.js:100:52903)
	at /usr/local/code-server-4.13.0-linux-amd64/lib/vscode/out/vs/workbench/api/node/extensionHostProcess.js:100:73510
	at le.s (/usr/local/code-server-4.13.0-linux-amd64/lib/vscode/out/vs/workbench/api/node/extensionHostProcess.js:100:65165)
	at le.$provideCompletionItems (/usr/local/code-server-4.13.0-linux-amd64/lib/vscode/out/vs/workbench/api/node/extensionHostProcess.js:100:73496)
	at a.N (/usr/local/code-server-4.13.0-linux-amd64/lib/vscode/out/vs/workbench/api/node/extensionHostProcess.js:110:11620)
	at a.M (/usr/local/code-server-4.13.0-linux-amd64/lib/vscode/out/vs/workbench/api/node/extensionHostProcess.js:110:11338)
	at a.H (/usr/local/code-server-4.13.0-linux-amd64/lib/vscode/out/vs/workbench/api/node/extensionHostProcess.js:110:10393)
	at a.G (/usr/local/code-server-4.13.0-linux-amd64/lib/vscode/out/vs/workbench/api/node/extensionHostProcess.js:110:9412)
	at /usr/local/code-server-4.13.0-linux-amd64/lib/vscode/out/vs/workbench/api/node/extensionHostProcess.js:110:8200
	at v.invoke (/usr/local/code-server-4.13.0-linux-amd64/lib/vscode/out/vs/workbench/api/node/extensionHostProcess.js:60:145)
	at h.deliver (/usr/local/code-server-4.13.0-linux-amd64/lib/vscode/out/vs/workbench/api/node/extensionHostProcess.js:60:2121)
	at i.fire (/usr/local/code-server-4.13.0-linux-amd64/lib/vscode/out/vs/workbench/api/node/extensionHostProcess.js:60:1729)
	at g.fire (/usr/local/code-server-4.13.0-linux-amd64/lib/vscode/out/vs/workbench/api/node/extensionHostProcess.js:71:14852)
	at /usr/local/code-server-4.13.0-linux-amd64/lib/vscode/out/vs/workbench/api/node/extensionHostProcess.js:126:32516
	at v.invoke (/usr/local/code-server-4.13.0-linux-amd64/lib/vscode/out/vs/workbench/api/node/extensionHostProcess.js:60:145)
	at h.deliver (/usr/local/code-server-4.13.0-linux-amd64/lib/vscode/out/vs/workbench/api/node/extensionHostProcess.js:60:2121)
	at i.fire (/usr/local/code-server-4.13.0-linux-amd64/lib/vscode/out/vs/workbench/api/node/extensionHostProcess.js:60:1729)
	at g.fire (/usr/local/code-server-4.13.0-linux-amd64/lib/vscode/out/vs/workbench/api/node/extensionHostProcess.js:71:14852)
	at u.E (/usr/local/code-server-4.13.0-linux-amd64/lib/vscode/out/vs/workbench/api/node/extensionHostProcess.js:71:18899)
	at /usr/local/code-server-4.13.0-linux-amd64/lib/vscode/out/vs/workbench/api/node/extensionHostProcess.js:71:16887
	at v.invoke (/usr/local/code-server-4.13.0-linux-amd64/lib/vscode/out/vs/workbench/api/node/extensionHostProcess.js:60:145)
	at h.deliver (/usr/local/code-server-4.13.0-linux-amd64/lib/vscode/out/vs/workbench/api/node/extensionHostProcess.js:60:2121)
	at i.fire (/usr/local/code-server-4.13.0-linux-amd64/lib/vscode/out/vs/workbench/api/node/extensionHostProcess.js:60:1729)
	at d.acceptChunk (/usr/local/code-server-4.13.0-linux-amd64/lib/vscode/out/vs/workbench/api/node/extensionHostProcess.js:71:12583)
	at /usr/local/code-server-4.13.0-linux-amd64/lib/vscode/out/vs/workbench/api/node/extensionHostProcess.js:71:11870
	at v.invoke (/usr/local/code-server-4.13.0-linux-amd64/lib/vscode/out/vs/workbench/api/node/extensionHostProcess.js:60:145)
	at h.deliver (/usr/local/code-server-4.13.0-linux-amd64/lib/vscode/out/vs/workbench/api/node/extensionHostProcess.js:60:2121)
	at i.fire (/usr/local/code-server-4.13.0-linux-amd64/lib/vscode/out/vs/workbench/api/node/extensionHostProcess.js:60:1729)
	at D.u (/usr/local/code-server-4.13.0-linux-amd64/lib/vscode/out/vs/workbench/api/node/extensionHostProcess.js:126:20019)
2023-08-17 23:30:41.388 [warning] [Decorations] CAPPING events from decorations provider vscode.git 252
2023-08-17 23:30:51.027 [warning] [Decorations] CAPPING events from decorations provider vscode.git 252
2023-08-17 23:30:56.243 [warning] [Decorations] CAPPING events from decorations provider vscode.git 252
2023-08-17 23:31:01.460 [warning] [Decorations] CAPPING events from decorations provider vscode.git 252
2023-08-17 23:31:06.696 [warning] [Decorations] CAPPING events from decorations provider vscode.git 252
2023-08-17 23:31:11.944 [warning] [Decorations] CAPPING events from decorations provider vscode.git 252
2023-08-17 23:31:17.234 [warning] [Decorations] CAPPING events from decorations provider vscode.git 252
2023-08-17 23:31:22.551 [warning] [Decorations] CAPPING events from decorations provider vscode.git 252
2023-08-17 23:31:27.773 [warning] [Decorations] CAPPING events from decorations provider vscode.git 252
2023-08-17 23:31:33.015 [warning] [Decorations] CAPPING events from decorations provider vscode.git 252
2023-08-17 23:31:38.289 [warning] [Decorations] CAPPING events from decorations provider vscode.git 252
2023-08-17 23:31:43.552 [warning] [Decorations] CAPPING events from decorations provider vscode.git 252
2023-08-17 23:31:48.771 [warning] [Decorations] CAPPING events from decorations provider vscode.git 252
2023-08-17 23:31:53.973 [warning] [Decorations] CAPPING events from decorations provider vscode.git 252
2023-08-17 23:31:59.204 [warning] [Decorations] CAPPING events from decorations provider vscode.git 255
2023-08-17 23:32:04.408 [warning] [Decorations] CAPPING events from decorations provider vscode.git 255
2023-08-17 23:32:09.635 [warning] [Decorations] CAPPING events from decorations provider vscode.git 255
2023-08-17 23:32:14.875 [warning] [Decorations] CAPPING events from decorations provider vscode.git 255
2023-08-17 23:32:20.157 [warning] [Decorations] CAPPING events from decorations provider vscode.git 255
2023-08-17 23:32:25.481 [warning] [Decorations] CAPPING events from decorations provider vscode.git 255
2023-08-17 23:32:38.506 [warning] [Decorations] CAPPING events from decorations provider vscode.git 255
2023-08-17 23:32:43.729 [warning] [Decorations] CAPPING events from decorations provider vscode.git 255
2023-08-17 23:32:48.939 [warning] [Decorations] CAPPING events from decorations provider vscode.git 255
2023-08-17 23:32:54.157 [warning] [Decorations] CAPPING events from decorations provider vscode.git 255
2023-08-17 23:32:59.358 [warning] [Decorations] CAPPING events from decorations provider vscode.git 255
2023-08-17 23:33:04.570 [warning] [Decorations] CAPPING events from decorations provider vscode.git 255
2023-08-17 23:33:09.770 [warning] [Decorations] CAPPING events from decorations provider vscode.git 255
2023-08-17 23:33:14.995 [warning] [Decorations] CAPPING events from decorations provider vscode.git 255
2023-08-17 23:33:20.279 [warning] [Decorations] CAPPING events from decorations provider vscode.git 255
2023-08-17 23:33:25.622 [warning] [Decorations] CAPPING events from decorations provider vscode.git 255
2023-08-17 23:33:30.823 [warning] [Decorations] CAPPING events from decorations provider vscode.git 255
2023-08-17 23:33:36.026 [warning] [Decorations] CAPPING events from decorations provider vscode.git 255
2023-08-17 23:33:41.239 [warning] [Decorations] CAPPING events from decorations provider vscode.git 255
2023-08-17 23:33:46.499 [warning] [Decorations] CAPPING events from decorations provider vscode.git 255
2023-08-17 23:33:51.711 [warning] [Decorations] CAPPING events from decorations provider vscode.git 255
2023-08-17 23:33:56.916 [warning] [Decorations] CAPPING events from decorations provider vscode.git 255
2023-08-17 23:34:02.136 [warning] [Decorations] CAPPING events from decorations provider vscode.git 255
2023-08-17 23:34:07.390 [warning] [Decorations] CAPPING events from decorations provider vscode.git 255
2023-08-17 23:34:12.614 [warning] [Decorations] CAPPING events from decorations provider vscode.git 255
2023-08-17 23:34:17.850 [warning] [Decorations] CAPPING events from decorations provider vscode.git 255
2023-08-17 23:34:23.155 [warning] [Decorations] CAPPING events from decorations provider vscode.git 255
2023-08-17 23:34:28.534 [warning] [Decorations] CAPPING events from decorations provider vscode.git 255
2023-08-17 23:34:33.753 [warning] [Decorations] CAPPING events from decorations provider vscode.git 255
2023-08-17 23:34:38.975 [warning] [Decorations] CAPPING events from decorations provider vscode.git 255
2023-08-17 23:34:44.210 [warning] [Decorations] CAPPING events from decorations provider vscode.git 255
2023-08-17 23:34:49.435 [warning] [Decorations] CAPPING events from decorations provider vscode.git 255
2023-08-17 23:34:54.689 [warning] [Decorations] CAPPING events from decorations provider vscode.git 255
2023-08-17 23:34:59.897 [warning] [Decorations] CAPPING events from decorations provider vscode.git 255
2023-08-17 23:35:05.113 [warning] [Decorations] CAPPING events from decorations provider vscode.git 255
2023-08-17 23:35:10.315 [warning] [Decorations] CAPPING events from decorations provider vscode.git 255
2023-08-17 23:35:15.522 [warning] [Decorations] CAPPING events from decorations provider vscode.git 255
2023-08-17 23:35:20.751 [warning] [Decorations] CAPPING events from decorations provider vscode.git 255
2023-08-17 23:35:26.036 [warning] [Decorations] CAPPING events from decorations provider vscode.git 255
2023-08-17 23:35:31.382 [warning] [Decorations] CAPPING events from decorations provider vscode.git 255
2023-08-17 23:35:36.593 [warning] [Decorations] CAPPING events from decorations provider vscode.git 255
2023-08-17 23:35:41.832 [warning] [Decorations] CAPPING events from decorations provider vscode.git 255
2023-08-17 23:35:47.043 [warning] [Decorations] CAPPING events from decorations provider vscode.git 255
2023-08-17 23:35:52.272 [warning] [Decorations] CAPPING events from decorations provider vscode.git 255
2023-08-17 23:35:57.476 [warning] [Decorations] CAPPING events from decorations provider vscode.git 255
2023-08-17 23:36:02.706 [warning] [Decorations] CAPPING events from decorations provider vscode.git 255
2023-08-17 23:36:07.905 [warning] [Decorations] CAPPING events from decorations provider vscode.git 255
2023-08-17 23:36:13.147 [warning] [Decorations] CAPPING events from decorations provider vscode.git 255
2023-08-17 23:36:18.368 [warning] [Decorations] CAPPING events from decorations provider vscode.git 255
2023-08-17 23:36:23.591 [warning] [Decorations] CAPPING events from decorations provider vscode.git 255
2023-08-17 23:36:28.876 [warning] [Decorations] CAPPING events from decorations provider vscode.git 255
2023-08-17 23:36:34.171 [warning] [Decorations] CAPPING events from decorations provider vscode.git 255
2023-08-17 23:36:39.396 [warning] [Decorations] CAPPING events from decorations provider vscode.git 255
2023-08-17 23:36:44.601 [warning] [Decorations] CAPPING events from decorations provider vscode.git 255
2023-08-17 23:36:49.805 [warning] [Decorations] CAPPING events from decorations provider vscode.git 255
2023-08-17 23:36:55.007 [warning] [Decorations] CAPPING events from decorations provider vscode.git 255
2023-08-17 23:37:00.239 [warning] [Decorations] CAPPING events from decorations provider vscode.git 255
2023-08-17 23:37:05.442 [warning] [Decorations] CAPPING events from decorations provider vscode.git 255
2023-08-17 23:37:10.651 [warning] [Decorations] CAPPING events from decorations provider vscode.git 255
2023-08-17 23:37:15.843 [warning] [Decorations] CAPPING events from decorations provider vscode.git 255
2023-08-17 23:37:21.047 [warning] [Decorations] CAPPING events from decorations provider vscode.git 255
2023-08-17 23:37:26.293 [warning] [Decorations] CAPPING events from decorations provider vscode.git 255
2023-08-17 23:37:31.568 [warning] [Decorations] CAPPING events from decorations provider vscode.git 255
2023-08-17 23:37:36.918 [warning] [Decorations] CAPPING events from decorations provider vscode.git 255
2023-08-17 23:37:42.124 [warning] [Decorations] CAPPING events from decorations provider vscode.git 255
2023-08-17 23:37:47.327 [warning] [Decorations] CAPPING events from decorations provider vscode.git 255
2023-08-17 23:37:52.535 [warning] [Decorations] CAPPING events from decorations provider vscode.git 255
2023-08-17 23:37:57.755 [warning] [Decorations] CAPPING events from decorations provider vscode.git 255
2023-08-17 23:38:02.965 [warning] [Decorations] CAPPING events from decorations provider vscode.git 255
2023-08-17 23:38:08.170 [warning] [Decorations] CAPPING events from decorations provider vscode.git 255
2023-08-17 23:38:13.413 [warning] [Decorations] CAPPING events from decorations provider vscode.git 255
2023-08-17 23:38:18.620 [warning] [Decorations] CAPPING events from decorations provider vscode.git 255
2023-08-17 23:38:23.835 [warning] [Decorations] CAPPING events from decorations provider vscode.git 255
2023-08-17 23:38:29.054 [warning] [Decorations] CAPPING events from decorations provider vscode.git 255
2023-08-17 23:38:34.321 [warning] [Decorations] CAPPING events from decorations provider vscode.git 255
2023-08-17 23:38:39.639 [warning] [Decorations] CAPPING events from decorations provider vscode.git 255
2023-08-17 23:38:44.842 [warning] [Decorations] CAPPING events from decorations provider vscode.git 255
2023-08-17 23:38:50.052 [warning] [Decorations] CAPPING events from decorations provider vscode.git 255
2023-08-17 23:38:55.271 [warning] [Decorations] CAPPING events from decorations provider vscode.git 255
2023-08-17 23:39:00.506 [warning] [Decorations] CAPPING events from decorations provider vscode.git 255
2023-08-17 23:39:05.708 [warning] [Decorations] CAPPING events from decorations provider vscode.git 255
2023-08-17 23:39:10.904 [warning] [Decorations] CAPPING events from decorations provider vscode.git 255
2023-08-17 23:39:16.138 [warning] [Decorations] CAPPING events from decorations provider vscode.git 255
2023-08-17 23:39:21.357 [warning] [Decorations] CAPPING events from decorations provider vscode.git 255
2023-08-17 23:39:26.584 [warning] [Decorations] CAPPING events from decorations provider vscode.git 255
2023-08-17 23:39:31.812 [warning] [Decorations] CAPPING events from decorations provider vscode.git 255
2023-08-17 23:39:37.069 [warning] [Decorations] CAPPING events from decorations provider vscode.git 255
2023-08-17 23:39:42.369 [warning] [Decorations] CAPPING events from decorations provider vscode.git 255
2023-08-17 23:39:47.569 [warning] [Decorations] CAPPING events from decorations provider vscode.git 255
2023-08-17 23:39:52.773 [warning] [Decorations] CAPPING events from decorations provider vscode.git 255
2023-08-17 23:39:57.972 [warning] [Decorations] CAPPING events from decorations provider vscode.git 255
2023-08-17 23:40:03.189 [warning] [Decorations] CAPPING events from decorations provider vscode.git 255
2023-08-17 23:40:08.390 [warning] [Decorations] CAPPING events from decorations provider vscode.git 255
2023-08-17 23:40:13.600 [warning] [Decorations] CAPPING events from decorations provider vscode.git 255
2023-08-17 23:40:18.806 [warning] [Decorations] CAPPING events from decorations provider vscode.git 255
2023-08-17 23:40:23.997 [warning] [Decorations] CAPPING events from decorations provider vscode.git 255
2023-08-17 23:40:29.203 [warning] [Decorations] CAPPING events from decorations provider vscode.git 255
2023-08-17 23:40:34.439 [warning] [Decorations] CAPPING events from decorations provider vscode.git 255
2023-08-17 23:40:39.700 [warning] [Decorations] CAPPING events from decorations provider vscode.git 255
2023-08-17 23:40:45.019 [warning] [Decorations] CAPPING events from decorations provider vscode.git 255
2023-08-17 23:40:50.231 [warning] [Decorations] CAPPING events from decorations provider vscode.git 255
2023-08-17 23:40:55.428 [warning] [Decorations] CAPPING events from decorations provider vscode.git 255
2023-08-17 23:41:00.641 [warning] [Decorations] CAPPING events from decorations provider vscode.git 255
2023-08-17 23:41:05.861 [warning] [Decorations] CAPPING events from decorations provider vscode.git 255
2023-08-17 23:41:11.057 [warning] [Decorations] CAPPING events from decorations provider vscode.git 255
2023-08-17 23:41:16.288 [warning] [Decorations] CAPPING events from decorations provider vscode.git 255
2023-08-17 23:41:21.512 [warning] [Decorations] CAPPING events from decorations provider vscode.git 255
2023-08-17 23:41:26.711 [warning] [Decorations] CAPPING events from decorations provider vscode.git 255
2023-08-17 23:41:31.913 [warning] [Decorations] CAPPING events from decorations provider vscode.git 255
2023-08-17 23:41:37.156 [warning] [Decorations] CAPPING events from decorations provider vscode.git 255
2023-08-17 23:41:42.437 [warning] [Decorations] CAPPING events from decorations provider vscode.git 255
2023-08-17 23:41:47.758 [warning] [Decorations] CAPPING events from decorations provider vscode.git 255
2023-08-17 23:41:52.968 [warning] [Decorations] CAPPING events from decorations provider vscode.git 255
2023-08-17 23:41:58.210 [warning] [Decorations] CAPPING events from decorations provider vscode.git 255
2023-08-17 23:42:03.405 [warning] [Decorations] CAPPING events from decorations provider vscode.git 255
2023-08-17 23:42:08.616 [warning] [Decorations] CAPPING events from decorations provider vscode.git 255
2023-08-17 23:42:13.840 [warning] [Decorations] CAPPING events from decorations provider vscode.git 255
2023-08-17 23:42:19.037 [warning] [Decorations] CAPPING events from decorations provider vscode.git 255
2023-08-17 23:42:24.236 [warning] [Decorations] CAPPING events from decorations provider vscode.git 255
2023-08-17 23:42:29.422 [warning] [Decorations] CAPPING events from decorations provider vscode.git 255
2023-08-17 23:42:34.627 [warning] [Decorations] CAPPING events from decorations provider vscode.git 255
2023-08-17 23:42:39.847 [warning] [Decorations] CAPPING events from decorations provider vscode.git 258
2023-08-17 23:42:45.135 [warning] [Decorations] CAPPING events from decorations provider vscode.git 258
2023-08-17 23:42:50.492 [warning] [Decorations] CAPPING events from decorations provider vscode.git 258
2023-08-17 23:42:55.698 [warning] [Decorations] CAPPING events from decorations provider vscode.git 258
2023-08-17 23:43:00.918 [warning] [Decorations] CAPPING events from decorations provider vscode.git 258
2023-08-17 23:43:06.166 [warning] [Decorations] CAPPING events from decorations provider vscode.git 258
2023-08-17 23:43:11.364 [warning] [Decorations] CAPPING events from decorations provider vscode.git 258
2023-08-17 23:43:16.571 [warning] [Decorations] CAPPING events from decorations provider vscode.git 258
2023-08-17 23:43:21.782 [warning] [Decorations] CAPPING events from decorations provider vscode.git 258
2023-08-17 23:43:26.989 [warning] [Decorations] CAPPING events from decorations provider vscode.git 258
2023-08-17 23:43:32.183 [warning] [Decorations] CAPPING events from decorations provider vscode.git 258
2023-08-17 23:43:37.396 [warning] [Decorations] CAPPING events from decorations provider vscode.git 258
2023-08-17 23:43:42.627 [warning] [Decorations] CAPPING events from decorations provider vscode.git 258
2023-08-17 23:43:47.934 [warning] [Decorations] CAPPING events from decorations provider vscode.git 258
2023-08-17 23:43:53.252 [warning] [Decorations] CAPPING events from decorations provider vscode.git 258
2023-08-17 23:43:58.463 [warning] [Decorations] CAPPING events from decorations provider vscode.git 258
2023-08-17 23:44:03.675 [warning] [Decorations] CAPPING events from decorations provider vscode.git 258
2023-08-17 23:44:08.880 [warning] [Decorations] CAPPING events from decorations provider vscode.git 258
2023-08-17 23:44:14.092 [warning] [Decorations] CAPPING events from decorations provider vscode.git 258
2023-08-17 23:44:19.291 [warning] [Decorations] CAPPING events from decorations provider vscode.git 258
2023-08-17 23:44:24.508 [warning] [Decorations] CAPPING events from decorations provider vscode.git 258
2023-08-17 23:44:29.727 [warning] [Decorations] CAPPING events from decorations provider vscode.git 258
2023-08-17 23:44:34.947 [warning] [Decorations] CAPPING events from decorations provider vscode.git 258
2023-08-17 23:44:40.156 [warning] [Decorations] CAPPING events from decorations provider vscode.git 258
2023-08-17 23:44:45.381 [warning] [Decorations] CAPPING events from decorations provider vscode.git 258
2023-08-17 23:44:50.660 [warning] [Decorations] CAPPING events from decorations provider vscode.git 258
2023-08-17 23:44:55.957 [warning] [Decorations] CAPPING events from decorations provider vscode.git 258
2023-08-17 23:45:01.266 [warning] [Decorations] CAPPING events from decorations provider vscode.git 258
2023-08-17 23:45:06.485 [warning] [Decorations] CAPPING events from decorations provider vscode.git 258
2023-08-17 23:45:11.686 [warning] [Decorations] CAPPING events from decorations provider vscode.git 258
2023-08-17 23:45:16.896 [warning] [Decorations] CAPPING events from decorations provider vscode.git 258
2023-08-17 23:45:22.107 [warning] [Decorations] CAPPING events from decorations provider vscode.git 258
2023-08-17 23:45:27.360 [warning] [Decorations] CAPPING events from decorations provider vscode.git 258
2023-08-17 23:45:32.555 [warning] [Decorations] CAPPING events from decorations provider vscode.git 258
2023-08-17 23:45:37.756 [warning] [Decorations] CAPPING events from decorations provider vscode.git 258
2023-08-17 23:45:42.955 [warning] [Decorations] CAPPING events from decorations provider vscode.git 258
2023-08-17 23:45:48.201 [warning] [Decorations] CAPPING events from decorations provider vscode.git 258
2023-08-17 23:45:53.481 [warning] [Decorations] CAPPING events from decorations provider vscode.git 258
2023-08-17 23:45:58.826 [warning] [Decorations] CAPPING events from decorations provider vscode.git 258
2023-08-17 23:46:04.046 [warning] [Decorations] CAPPING events from decorations provider vscode.git 258
2023-08-17 23:46:09.258 [warning] [Decorations] CAPPING events from decorations provider vscode.git 258
2023-08-17 23:46:14.469 [warning] [Decorations] CAPPING events from decorations provider vscode.git 258
2023-08-17 23:46:19.675 [warning] [Decorations] CAPPING events from decorations provider vscode.git 258
2023-08-17 23:46:24.887 [warning] [Decorations] CAPPING events from decorations provider vscode.git 258
2023-08-17 23:46:30.090 [warning] [Decorations] CAPPING events from decorations provider vscode.git 258
2023-08-17 23:46:35.323 [warning] [Decorations] CAPPING events from decorations provider vscode.git 258
2023-08-17 23:46:40.528 [warning] [Decorations] CAPPING events from decorations provider vscode.git 258
2023-08-17 23:46:45.734 [warning] [Decorations] CAPPING events from decorations provider vscode.git 258
2023-08-17 23:46:50.978 [warning] [Decorations] CAPPING events from decorations provider vscode.git 258
2023-08-17 23:46:56.245 [warning] [Decorations] CAPPING events from decorations provider vscode.git 258
2023-08-17 23:47:01.584 [warning] [Decorations] CAPPING events from decorations provider vscode.git 258
2023-08-17 23:47:06.781 [warning] [Decorations] CAPPING events from decorations provider vscode.git 258
2023-08-17 23:47:11.988 [warning] [Decorations] CAPPING events from decorations provider vscode.git 258
2023-08-17 23:47:17.202 [warning] [Decorations] CAPPING events from decorations provider vscode.git 258
2023-08-17 23:47:22.423 [warning] [Decorations] CAPPING events from decorations provider vscode.git 258
2023-08-17 23:47:27.639 [warning] [Decorations] CAPPING events from decorations provider vscode.git 258
2023-08-17 23:47:32.872 [warning] [Decorations] CAPPING events from decorations provider vscode.git 258
2023-08-17 23:47:38.078 [warning] [Decorations] CAPPING events from decorations provider vscode.git 258
2023-08-17 23:47:43.298 [warning] [Decorations] CAPPING events from decorations provider vscode.git 258
2023-08-17 23:47:48.505 [warning] [Decorations] CAPPING events from decorations provider vscode.git 258
2023-08-17 23:47:53.737 [warning] [Decorations] CAPPING events from decorations provider vscode.git 258
2023-08-17 23:47:59.011 [warning] [Decorations] CAPPING events from decorations provider vscode.git 258
2023-08-17 23:48:04.351 [warning] [Decorations] CAPPING events from decorations provider vscode.git 258
2023-08-17 23:48:09.578 [warning] [Decorations] CAPPING events from decorations provider vscode.git 258
2023-08-17 23:48:14.808 [warning] [Decorations] CAPPING events from decorations provider vscode.git 258
2023-08-17 23:48:20.005 [warning] [Decorations] CAPPING events from decorations provider vscode.git 258
2023-08-17 23:48:25.212 [warning] [Decorations] CAPPING events from decorations provider vscode.git 258
2023-08-17 23:48:30.416 [warning] [Decorations] CAPPING events from decorations provider vscode.git 258
2023-08-17 23:48:35.617 [warning] [Decorations] CAPPING events from decorations provider vscode.git 258
2023-08-17 23:48:40.819 [warning] [Decorations] CAPPING events from decorations provider vscode.git 258
2023-08-17 23:48:46.041 [warning] [Decorations] CAPPING events from decorations provider vscode.git 258
2023-08-17 23:48:51.250 [warning] [Decorations] CAPPING events from decorations provider vscode.git 258
2023-08-17 23:48:56.477 [warning] [Decorations] CAPPING events from decorations provider vscode.git 258
2023-08-17 23:49:01.795 [warning] [Decorations] CAPPING events from decorations provider vscode.git 258
2023-08-17 23:49:07.122 [warning] [Decorations] CAPPING events from decorations provider vscode.git 258
2023-08-17 23:49:12.338 [warning] [Decorations] CAPPING events from decorations provider vscode.git 258
2023-08-17 23:49:17.536 [warning] [Decorations] CAPPING events from decorations provider vscode.git 258
2023-08-17 23:49:22.761 [warning] [Decorations] CAPPING events from decorations provider vscode.git 258
2023-08-17 23:49:27.995 [warning] [Decorations] CAPPING events from decorations provider vscode.git 258
2023-08-17 23:49:33.212 [warning] [Decorations] CAPPING events from decorations provider vscode.git 258
2023-08-17 23:49:38.430 [warning] [Decorations] CAPPING events from decorations provider vscode.git 258
2023-08-17 23:49:43.663 [warning] [Decorations] CAPPING events from decorations provider vscode.git 258
2023-08-17 23:49:48.872 [warning] [Decorations] CAPPING events from decorations provider vscode.git 258
2023-08-17 23:49:54.084 [warning] [Decorations] CAPPING events from decorations provider vscode.git 258
2023-08-17 23:49:59.319 [warning] [Decorations] CAPPING events from decorations provider vscode.git 258
2023-08-17 23:50:04.591 [warning] [Decorations] CAPPING events from decorations provider vscode.git 258
2023-08-17 23:50:09.910 [warning] [Decorations] CAPPING events from decorations provider vscode.git 258
2023-08-17 23:50:15.121 [warning] [Decorations] CAPPING events from decorations provider vscode.git 258
2023-08-17 23:50:20.327 [warning] [Decorations] CAPPING events from decorations provider vscode.git 258
2023-08-17 23:50:25.533 [warning] [Decorations] CAPPING events from decorations provider vscode.git 258
2023-08-17 23:50:30.772 [warning] [Decorations] CAPPING events from decorations provider vscode.git 258
2023-08-17 23:50:35.975 [warning] [Decorations] CAPPING events from decorations provider vscode.git 258
2023-08-17 23:50:41.210 [warning] [Decorations] CAPPING events from decorations provider vscode.git 258
2023-08-17 23:50:46.451 [warning] [Decorations] CAPPING events from decorations provider vscode.git 258
2023-08-17 23:50:51.672 [warning] [Decorations] CAPPING events from decorations provider vscode.git 258
2023-08-17 23:50:56.879 [warning] [Decorations] CAPPING events from decorations provider vscode.git 258
2023-08-17 23:51:02.141 [warning] [Decorations] CAPPING events from decorations provider vscode.git 258
2023-08-17 23:51:07.437 [warning] [Decorations] CAPPING events from decorations provider vscode.git 258
2023-08-17 23:51:12.757 [warning] [Decorations] CAPPING events from decorations provider vscode.git 258
2023-08-17 23:51:17.959 [warning] [Decorations] CAPPING events from decorations provider vscode.git 258
2023-08-17 23:51:23.164 [warning] [Decorations] CAPPING events from decorations provider vscode.git 258
2023-08-17 23:51:28.393 [warning] [Decorations] CAPPING events from decorations provider vscode.git 258
2023-08-17 23:51:33.599 [warning] [Decorations] CAPPING events from decorations provider vscode.git 258
2023-08-17 23:51:38.800 [warning] [Decorations] CAPPING events from decorations provider vscode.git 258
2023-08-17 23:51:44.022 [warning] [Decorations] CAPPING events from decorations provider vscode.git 258
2023-08-17 23:51:49.223 [warning] [Decorations] CAPPING events from decorations provider vscode.git 258
2023-08-17 23:51:54.427 [warning] [Decorations] CAPPING events from decorations provider vscode.git 258
2023-08-17 23:51:59.632 [warning] [Decorations] CAPPING events from decorations provider vscode.git 258
2023-08-17 23:52:04.868 [warning] [Decorations] CAPPING events from decorations provider vscode.git 258
2023-08-17 23:52:10.147 [warning] [Decorations] CAPPING events from decorations provider vscode.git 258
2023-08-17 23:52:16.159 [warning] [Decorations] CAPPING events from decorations provider vscode.git 258
2023-08-17 23:52:21.369 [warning] [Decorations] CAPPING events from decorations provider vscode.git 258
2023-08-17 23:52:26.592 [warning] [Decorations] CAPPING events from decorations provider vscode.git 258
2023-08-17 23:52:31.800 [warning] [Decorations] CAPPING events from decorations provider vscode.git 258
2023-08-17 23:52:36.995 [warning] [Decorations] CAPPING events from decorations provider vscode.git 258
2023-08-17 23:52:42.195 [warning] [Decorations] CAPPING events from decorations provider vscode.git 258
2023-08-17 23:52:47.387 [warning] [Decorations] CAPPING events from decorations provider vscode.git 258
2023-08-17 23:52:52.583 [warning] [Decorations] CAPPING events from decorations provider vscode.git 258
2023-08-17 23:52:57.795 [warning] [Decorations] CAPPING events from decorations provider vscode.git 258
2023-08-17 23:53:03.009 [warning] [Decorations] CAPPING events from decorations provider vscode.git 258
2023-08-17 23:53:08.253 [warning] [Decorations] CAPPING events from decorations provider vscode.git 258
2023-08-17 23:53:13.566 [warning] [Decorations] CAPPING events from decorations provider vscode.git 258
2023-08-17 23:53:18.906 [warning] [Decorations] CAPPING events from decorations provider vscode.git 258
2023-08-17 23:53:24.127 [warning] [Decorations] CAPPING events from decorations provider vscode.git 258
2023-08-17 23:53:29.339 [warning] [Decorations] CAPPING events from decorations provider vscode.git 258
2023-08-17 23:53:34.551 [warning] [Decorations] CAPPING events from decorations provider vscode.git 258
2023-08-17 23:53:39.757 [warning] [Decorations] CAPPING events from decorations provider vscode.git 258
2023-08-17 23:53:44.997 [warning] [Decorations] CAPPING events from decorations provider vscode.git 258
2023-08-17 23:53:50.211 [warning] [Decorations] CAPPING events from decorations provider vscode.git 258
2023-08-17 23:53:55.420 [warning] [Decorations] CAPPING events from decorations provider vscode.git 258
2023-08-17 23:54:00.651 [warning] [Decorations] CAPPING events from decorations provider vscode.git 258
2023-08-17 23:54:05.861 [warning] [Decorations] CAPPING events from decorations provider vscode.git 258
2023-08-17 23:54:11.092 [warning] [Decorations] CAPPING events from decorations provider vscode.git 258
2023-08-17 23:54:16.364 [warning] [Decorations] CAPPING events from decorations provider vscode.git 258
2023-08-17 23:54:21.695 [warning] [Decorations] CAPPING events from decorations provider vscode.git 258
2023-08-17 23:54:26.904 [warning] [Decorations] CAPPING events from decorations provider vscode.git 258
2023-08-17 23:54:32.123 [warning] [Decorations] CAPPING events from decorations provider vscode.git 258
2023-08-17 23:54:37.329 [warning] [Decorations] CAPPING events from decorations provider vscode.git 258
2023-08-17 23:54:42.524 [warning] [Decorations] CAPPING events from decorations provider vscode.git 258
2023-08-17 23:54:47.733 [warning] [Decorations] CAPPING events from decorations provider vscode.git 258
2023-08-17 23:54:52.947 [warning] [Decorations] CAPPING events from decorations provider vscode.git 258
2023-08-17 23:54:58.153 [warning] [Decorations] CAPPING events from decorations provider vscode.git 258
2023-08-17 23:55:03.366 [warning] [Decorations] CAPPING events from decorations provider vscode.git 258
2023-08-17 23:55:08.565 [warning] [Decorations] CAPPING events from decorations provider vscode.git 258
2023-08-17 23:55:13.817 [warning] [Decorations] CAPPING events from decorations provider vscode.git 258
2023-08-17 23:55:19.081 [warning] [Decorations] CAPPING events from decorations provider vscode.git 258
2023-08-17 23:55:24.386 [warning] [Decorations] CAPPING events from decorations provider vscode.git 258
2023-08-17 23:55:29.589 [warning] [Decorations] CAPPING events from decorations provider vscode.git 258
2023-08-17 23:55:34.778 [warning] [Decorations] CAPPING events from decorations provider vscode.git 258
2023-08-17 23:55:39.978 [warning] [Decorations] CAPPING events from decorations provider vscode.git 258
2023-08-17 23:55:45.189 [warning] [Decorations] CAPPING events from decorations provider vscode.git 258
2023-08-17 23:55:50.385 [warning] [Decorations] CAPPING events from decorations provider vscode.git 258
2023-08-17 23:55:55.606 [warning] [Decorations] CAPPING events from decorations provider vscode.git 258
2023-08-17 23:56:00.812 [warning] [Decorations] CAPPING events from decorations provider vscode.git 258
2023-08-17 23:56:06.023 [warning] [Decorations] CAPPING events from decorations provider vscode.git 258
2023-08-17 23:56:11.242 [warning] [Decorations] CAPPING events from decorations provider vscode.git 258
2023-08-17 23:56:16.491 [warning] [Decorations] CAPPING events from decorations provider vscode.git 258
2023-08-17 23:56:21.766 [warning] [Decorations] CAPPING events from decorations provider vscode.git 258
2023-08-17 23:56:27.093 [warning] [Decorations] CAPPING events from decorations provider vscode.git 258
2023-08-17 23:56:32.309 [warning] [Decorations] CAPPING events from decorations provider vscode.git 261
2023-08-17 23:56:37.516 [warning] [Decorations] CAPPING events from decorations provider vscode.git 261
2023-08-17 23:56:42.711 [warning] [Decorations] CAPPING events from decorations provider vscode.git 261
2023-08-17 23:56:48.318 [warning] [Decorations] CAPPING events from decorations provider vscode.git 261
2023-08-17 23:56:53.546 [warning] [Decorations] CAPPING events from decorations provider vscode.git 261
2023-08-17 23:56:58.759 [warning] [Decorations] CAPPING events from decorations provider vscode.git 261
2023-08-17 23:57:03.973 [warning] [Decorations] CAPPING events from decorations provider vscode.git 261
2023-08-17 23:57:09.179 [warning] [Decorations] CAPPING events from decorations provider vscode.git 261
2023-08-17 23:57:14.394 [warning] [Decorations] CAPPING events from decorations provider vscode.git 261
2023-08-17 23:57:19.619 [warning] [Decorations] CAPPING events from decorations provider vscode.git 261
2023-08-17 23:57:24.912 [warning] [Decorations] CAPPING events from decorations provider vscode.git 261
2023-08-17 23:57:30.235 [warning] [Decorations] CAPPING events from decorations provider vscode.git 261
2023-08-17 23:57:35.445 [warning] [Decorations] CAPPING events from decorations provider vscode.git 261
2023-08-17 23:57:40.636 [warning] [Decorations] CAPPING events from decorations provider vscode.git 261
2023-08-17 23:57:45.840 [warning] [Decorations] CAPPING events from decorations provider vscode.git 261
2023-08-17 23:57:51.034 [warning] [Decorations] CAPPING events from decorations provider vscode.git 261
2023-08-17 23:57:56.233 [warning] [Decorations] CAPPING events from decorations provider vscode.git 261
2023-08-17 23:58:01.438 [warning] [Decorations] CAPPING events from decorations provider vscode.git 261
2023-08-17 23:58:06.656 [warning] [Decorations] CAPPING events from decorations provider vscode.git 261
2023-08-17 23:58:11.872 [warning] [Decorations] CAPPING events from decorations provider vscode.git 261
2023-08-17 23:58:17.079 [warning] [Decorations] CAPPING events from decorations provider vscode.git 261
2023-08-17 23:58:22.313 [warning] [Decorations] CAPPING events from decorations provider vscode.git 261
2023-08-17 23:58:27.586 [warning] [Decorations] CAPPING events from decorations provider vscode.git 261
2023-08-17 23:58:32.909 [warning] [Decorations] CAPPING events from decorations provider vscode.git 261
2023-08-17 23:58:38.115 [warning] [Decorations] CAPPING events from decorations provider vscode.git 261
2023-08-17 23:58:43.327 [warning] [Decorations] CAPPING events from decorations provider vscode.git 261
2023-08-17 23:58:48.539 [warning] [Decorations] CAPPING events from decorations provider vscode.git 261
2023-08-17 23:58:53.730 [warning] [Decorations] CAPPING events from decorations provider vscode.git 261
2023-08-17 23:58:58.953 [warning] [Decorations] CAPPING events from decorations provider vscode.git 261
2023-08-17 23:59:04.163 [warning] [Decorations] CAPPING events from decorations provider vscode.git 261
2023-08-17 23:59:09.363 [warning] [Decorations] CAPPING events from decorations provider vscode.git 261
2023-08-17 23:59:14.572 [warning] [Decorations] CAPPING events from decorations provider vscode.git 261
2023-08-17 23:59:19.783 [warning] [Decorations] CAPPING events from decorations provider vscode.git 261
2023-08-17 23:59:25.031 [warning] [Decorations] CAPPING events from decorations provider vscode.git 261
2023-08-17 23:59:30.293 [warning] [Decorations] CAPPING events from decorations provider vscode.git 261
2023-08-17 23:59:35.600 [warning] [Decorations] CAPPING events from decorations provider vscode.git 261
2023-08-17 23:59:40.808 [warning] [Decorations] CAPPING events from decorations provider vscode.git 261
2023-08-17 23:59:46.069 [warning] [Decorations] CAPPING events from decorations provider vscode.git 261
2023-08-17 23:59:51.286 [warning] [Decorations] CAPPING events from decorations provider vscode.git 261
2023-08-17 23:59:56.489 [warning] [Decorations] CAPPING events from decorations provider vscode.git 261
2023-08-18 00:00:01.916 [warning] [Decorations] CAPPING events from decorations provider vscode.git 261
2023-08-18 00:00:07.204 [warning] [Decorations] CAPPING events from decorations provider vscode.git 261
2023-08-18 00:00:12.855 [warning] [Decorations] CAPPING events from decorations provider vscode.git 261
2023-08-18 00:00:18.558 [warning] [Decorations] CAPPING events from decorations provider vscode.git 261
2023-08-18 00:00:24.081 [warning] [Decorations] CAPPING events from decorations provider vscode.git 261
2023-08-18 00:00:29.667 [warning] [Decorations] CAPPING events from decorations provider vscode.git 261
2023-08-18 00:00:35.511 [warning] [Decorations] CAPPING events from decorations provider vscode.git 261
2023-08-18 00:00:41.676 [warning] [Decorations] CAPPING events from decorations provider vscode.git 261
2023-08-18 00:00:47.260 [warning] [Decorations] CAPPING events from decorations provider vscode.git 261
2023-08-18 00:00:52.848 [warning] [Decorations] CAPPING events from decorations provider vscode.git 261
2023-08-18 00:00:58.416 [warning] [Decorations] CAPPING events from decorations provider vscode.git 261
2023-08-18 00:01:03.783 [warning] [Decorations] CAPPING events from decorations provider vscode.git 261
2023-08-18 00:01:09.385 [warning] [Decorations] CAPPING events from decorations provider vscode.git 261
2023-08-18 00:01:14.825 [warning] [Decorations] CAPPING events from decorations provider vscode.git 261
2023-08-18 00:01:20.349 [warning] [Decorations] CAPPING events from decorations provider vscode.git 261
2023-08-18 00:01:25.749 [warning] [Decorations] CAPPING events from decorations provider vscode.git 261
2023-08-18 00:01:31.670 [warning] [Decorations] CAPPING events from decorations provider vscode.git 261
2023-08-18 00:01:37.264 [warning] [Decorations] CAPPING events from decorations provider vscode.git 261
2023-08-18 00:01:42.922 [warning] [Decorations] CAPPING events from decorations provider vscode.git 261
2023-08-18 00:01:48.396 [warning] [Decorations] CAPPING events from decorations provider vscode.git 261
2023-08-18 00:01:53.700 [warning] [Decorations] CAPPING events from decorations provider vscode.git 261
2023-08-18 00:01:59.010 [warning] [Decorations] CAPPING events from decorations provider vscode.git 261
2023-08-18 00:02:04.741 [warning] [Decorations] CAPPING events from decorations provider vscode.git 261
2023-08-18 00:02:10.009 [warning] [Decorations] CAPPING events from decorations provider vscode.git 261
2023-08-18 00:02:15.454 [warning] [Decorations] CAPPING events from decorations provider vscode.git 261
2023-08-18 00:02:20.957 [warning] [Decorations] CAPPING events from decorations provider vscode.git 261
2023-08-18 00:02:26.708 [warning] [Decorations] CAPPING events from decorations provider vscode.git 261
2023-08-18 00:02:32.185 [warning] [Decorations] CAPPING events from decorations provider vscode.git 261
2023-08-18 00:02:37.653 [warning] [Decorations] CAPPING events from decorations provider vscode.git 261
2023-08-18 00:02:43.181 [warning] [Decorations] CAPPING events from decorations provider vscode.git 261
2023-08-18 00:02:48.868 [warning] [Decorations] CAPPING events from decorations provider vscode.git 261
2023-08-18 00:02:54.129 [warning] [Decorations] CAPPING events from decorations provider vscode.git 261
2023-08-18 00:02:59.433 [warning] [Decorations] CAPPING events from decorations provider vscode.git 261
2023-08-18 00:03:04.703 [warning] [Decorations] CAPPING events from decorations provider vscode.git 261
2023-08-18 00:03:10.039 [warning] [Decorations] CAPPING events from decorations provider vscode.git 261
2023-08-18 00:03:15.283 [warning] [Decorations] CAPPING events from decorations provider vscode.git 261
2023-08-18 00:03:20.573 [warning] [Decorations] CAPPING events from decorations provider vscode.git 261
2023-08-18 00:03:25.861 [warning] [Decorations] CAPPING events from decorations provider vscode.git 261
2023-08-18 00:03:31.175 [warning] [Decorations] CAPPING events from decorations provider vscode.git 261
2023-08-18 00:03:36.519 [warning] [Decorations] CAPPING events from decorations provider vscode.git 261
2023-08-18 00:03:41.938 [warning] [Decorations] CAPPING events from decorations provider vscode.git 261
2023-08-18 00:03:47.416 [warning] [Decorations] CAPPING events from decorations provider vscode.git 261
2023-08-18 00:03:52.768 [warning] [Decorations] CAPPING events from decorations provider vscode.git 261
2023-08-18 00:03:58.020 [warning] [Decorations] CAPPING events from decorations provider vscode.git 261
2023-08-18 00:04:03.278 [warning] [Decorations] CAPPING events from decorations provider vscode.git 261
2023-08-18 00:04:08.489 [warning] [Decorations] CAPPING events from decorations provider vscode.git 261
2023-08-18 00:04:13.722 [warning] [Decorations] CAPPING events from decorations provider vscode.git 261
2023-08-18 00:04:18.951 [warning] [Decorations] CAPPING events from decorations provider vscode.git 261
2023-08-18 00:04:24.189 [warning] [Decorations] CAPPING events from decorations provider vscode.git 261
2023-08-18 00:04:29.410 [warning] [Decorations] CAPPING events from decorations provider vscode.git 261
2023-08-18 00:04:34.643 [warning] [Decorations] CAPPING events from decorations provider vscode.git 261
2023-08-18 00:04:39.908 [warning] [Decorations] CAPPING events from decorations provider vscode.git 261
2023-08-18 00:04:45.218 [warning] [Decorations] CAPPING events from decorations provider vscode.git 261
2023-08-18 00:04:50.574 [warning] [Decorations] CAPPING events from decorations provider vscode.git 261
2023-08-18 00:04:55.792 [warning] [Decorations] CAPPING events from decorations provider vscode.git 261
2023-08-18 00:05:01.035 [warning] [Decorations] CAPPING events from decorations provider vscode.git 261
2023-08-18 00:05:06.288 [warning] [Decorations] CAPPING events from decorations provider vscode.git 261
2023-08-18 00:05:11.520 [warning] [Decorations] CAPPING events from decorations provider vscode.git 261
2023-08-18 00:05:16.750 [warning] [Decorations] CAPPING events from decorations provider vscode.git 261
2023-08-18 00:05:21.981 [warning] [Decorations] CAPPING events from decorations provider vscode.git 261
2023-08-18 00:05:27.226 [warning] [Decorations] CAPPING events from decorations provider vscode.git 261
2023-08-18 00:05:32.451 [warning] [Decorations] CAPPING events from decorations provider vscode.git 261
2023-08-18 00:05:37.688 [warning] [Decorations] CAPPING events from decorations provider vscode.git 261
2023-08-18 00:05:42.946 [warning] [Decorations] CAPPING events from decorations provider vscode.git 261
2023-08-18 00:05:48.268 [warning] [Decorations] CAPPING events from decorations provider vscode.git 261
2023-08-18 00:05:53.594 [warning] [Decorations] CAPPING events from decorations provider vscode.git 261
2023-08-18 00:05:58.801 [warning] [Decorations] CAPPING events from decorations provider vscode.git 261
2023-08-18 00:06:04.054 [warning] [Decorations] CAPPING events from decorations provider vscode.git 261
2023-08-18 00:06:09.269 [warning] [Decorations] CAPPING events from decorations provider vscode.git 261
2023-08-18 00:06:14.519 [warning] [Decorations] CAPPING events from decorations provider vscode.git 261
2023-08-18 00:06:19.730 [warning] [Decorations] CAPPING events from decorations provider vscode.git 261
2023-08-18 00:06:24.948 [warning] [Decorations] CAPPING events from decorations provider vscode.git 261
2023-08-18 00:06:30.161 [warning] [Decorations] CAPPING events from decorations provider vscode.git 261
2023-08-18 00:06:35.387 [warning] [Decorations] CAPPING events from decorations provider vscode.git 261
2023-08-18 00:06:40.600 [warning] [Decorations] CAPPING events from decorations provider vscode.git 261
2023-08-18 00:06:45.868 [warning] [Decorations] CAPPING events from decorations provider vscode.git 261
2023-08-18 00:06:51.193 [warning] [Decorations] CAPPING events from decorations provider vscode.git 261
2023-08-18 00:06:56.552 [warning] [Decorations] CAPPING events from decorations provider vscode.git 261
2023-08-18 00:07:01.774 [warning] [Decorations] CAPPING events from decorations provider vscode.git 261
2023-08-18 00:07:06.999 [warning] [Decorations] CAPPING events from decorations provider vscode.git 261
2023-08-18 00:07:12.241 [warning] [Decorations] CAPPING events from decorations provider vscode.git 261
2023-08-18 00:07:17.459 [warning] [Decorations] CAPPING events from decorations provider vscode.git 261
2023-08-18 00:07:22.713 [warning] [Decorations] CAPPING events from decorations provider vscode.git 261
2023-08-18 00:07:27.956 [warning] [Decorations] CAPPING events from decorations provider vscode.git 261
2023-08-18 00:07:33.171 [warning] [Decorations] CAPPING events from decorations provider vscode.git 264
2023-08-18 00:07:38.408 [warning] [Decorations] CAPPING events from decorations provider vscode.git 264
2023-08-18 00:07:43.620 [warning] [Decorations] CAPPING events from decorations provider vscode.git 264
2023-08-18 00:07:48.857 [warning] [Decorations] CAPPING events from decorations provider vscode.git 264
2023-08-18 00:07:54.182 [warning] [Decorations] CAPPING events from decorations provider vscode.git 264
2023-08-18 00:07:59.540 [warning] [Decorations] CAPPING events from decorations provider vscode.git 264
2023-08-18 00:08:04.768 [warning] [Decorations] CAPPING events from decorations provider vscode.git 264
2023-08-18 00:08:09.989 [warning] [Decorations] CAPPING events from decorations provider vscode.git 264
2023-08-18 00:08:15.207 [warning] [Decorations] CAPPING events from decorations provider vscode.git 264
2023-08-18 00:08:20.425 [warning] [Decorations] CAPPING events from decorations provider vscode.git 264
2023-08-18 00:08:25.629 [warning] [Decorations] CAPPING events from decorations provider vscode.git 264
2023-08-18 00:08:30.856 [warning] [Decorations] CAPPING events from decorations provider vscode.git 264
2023-08-18 00:08:36.105 [warning] [Decorations] CAPPING events from decorations provider vscode.git 264
2023-08-18 00:08:41.327 [warning] [Decorations] CAPPING events from decorations provider vscode.git 264
2023-08-18 00:08:46.589 [warning] [Decorations] CAPPING events from decorations provider vscode.git 264
2023-08-18 00:08:51.838 [warning] [Decorations] CAPPING events from decorations provider vscode.git 264
2023-08-18 00:08:57.113 [warning] [Decorations] CAPPING events from decorations provider vscode.git 264
2023-08-18 00:09:02.489 [warning] [Decorations] CAPPING events from decorations provider vscode.git 264
2023-08-18 00:09:07.707 [warning] [Decorations] CAPPING events from decorations provider vscode.git 264
2023-08-18 00:09:12.928 [warning] [Decorations] CAPPING events from decorations provider vscode.git 264
2023-08-18 00:09:18.158 [warning] [Decorations] CAPPING events from decorations provider vscode.git 264
2023-08-18 00:09:23.406 [warning] [Decorations] CAPPING events from decorations provider vscode.git 264
2023-08-18 00:09:28.627 [warning] [Decorations] CAPPING events from decorations provider vscode.git 264
2023-08-18 00:09:33.833 [warning] [Decorations] CAPPING events from decorations provider vscode.git 264
2023-08-18 00:09:39.059 [warning] [Decorations] CAPPING events from decorations provider vscode.git 264
2023-08-18 00:09:44.284 [warning] [Decorations] CAPPING events from decorations provider vscode.git 264
2023-08-18 00:09:49.500 [warning] [Decorations] CAPPING events from decorations provider vscode.git 264
2023-08-18 00:09:54.739 [warning] [Decorations] CAPPING events from decorations provider vscode.git 264
