2023-08-20 00:40:48.674 [info] Extension host with pid 54301 started
2023-08-20 00:40:48.674 [error] Error: EEXIST: file already exists, open '/var/www/.local/share/code-server/User/workspaceStorage/5e324e47/vscode.lock'
2023-08-20 00:40:48.681 [info] Lock '/var/www/.local/share/code-server/User/workspaceStorage/5e324e47/vscode.lock': Could not acquire lock, checking if the file is stale.
2023-08-20 00:40:48.685 [info] Lock '/var/www/.local/share/code-server/User/workspaceStorage/5e324e47/vscode.lock': The lock does not look stale, elapsed: 306 ms, giving up.
2023-08-20 00:40:48.686 [error] Error: EEXIST: file already exists, open '/var/www/.local/share/code-server/User/workspaceStorage/5e324e47-1/vscode.lock'
2023-08-20 00:40:48.693 [info] Lock '/var/www/.local/share/code-server/User/workspaceStorage/5e324e47-1/vscode.lock': Could not acquire lock, checking if the file is stale.
2023-08-20 00:40:48.695 [info] Lock '/var/www/.local/share/code-server/User/workspaceStorage/5e324e47-1/vscode.lock': The pid 11212 appears to be gone.
2023-08-20 00:40:48.695 [info] Lock '/var/www/.local/share/code-server/User/workspaceStorage/5e324e47-1/vscode.lock': Deleting a stale lock.
2023-08-20 00:40:48.699 [info] Lock '/var/www/.local/share/code-server/User/workspaceStorage/5e324e47-1/vscode.lock': Lock acquired.
2023-08-20 00:40:48.815 [info] ExtensionService#_doActivateExtension vscode.php-language-features, startup: false, activationEvent: 'onLanguage:php'
2023-08-20 00:40:48.816 [info] ExtensionService#_doActivateExtension vscode.emmet, startup: false, activationEvent: 'onLanguage'
2023-08-20 00:40:48.981 [info] ExtensionService#_doActivateExtension vscode.git-base, startup: true, activationEvent: '*', root cause: vscode.git
2023-08-20 00:40:49.029 [info] ExtensionService#_doActivateExtension vscode.git, startup: true, activationEvent: '*'
2023-08-20 00:40:49.030 [info] ExtensionService#_doActivateExtension vscode.github, startup: true, activationEvent: '*'
2023-08-20 00:40:49.223 [info] Eager extensions activated
2023-08-20 00:40:49.223 [info] ExtensionService#_doActivateExtension vscode.debug-auto-launch, startup: false, activationEvent: 'onStartupFinished'
2023-08-20 00:40:49.224 [info] ExtensionService#_doActivateExtension vscode.merge-conflict, startup: false, activationEvent: 'onStartupFinished'
2023-08-20 00:40:49.791 [warning] [Decorations] CAPPING events from decorations provider vscode.git 499
2023-08-20 00:40:50.126 [warning] [Decorations] CAPPING events from decorations provider vscode.git 499
2023-08-20 00:40:52.928 [warning] [Decorations] CAPPING events from decorations provider vscode.git 499
2023-08-20 00:46:45.429 [warning] [Decorations] CAPPING events from decorations provider vscode.git 501
2023-08-20 00:46:50.649 [warning] [Decorations] CAPPING events from decorations provider vscode.git 499
2023-08-20 00:46:55.864 [warning] [Decorations] CAPPING events from decorations provider vscode.git 499
2023-08-20 00:49:00.424 [warning] [Decorations] CAPPING events from decorations provider vscode.git 499
2023-08-20 00:49:05.636 [warning] [Decorations] CAPPING events from decorations provider vscode.git 500
2023-08-20 00:49:10.871 [warning] [Decorations] CAPPING events from decorations provider vscode.git 499
2023-08-20 00:49:16.097 [warning] [Decorations] CAPPING events from decorations provider vscode.git 499
2023-08-20 00:49:21.329 [warning] [Decorations] CAPPING events from decorations provider vscode.git 499
2023-08-20 00:49:31.250 [warning] [Decorations] CAPPING events from decorations provider vscode.git 499
2023-08-20 00:51:31.648 [warning] [Decorations] CAPPING events from decorations provider vscode.git 501
2023-08-20 01:13:59.557 [warning] [Decorations] CAPPING events from decorations provider vscode.git 512
2023-08-20 01:14:07.845 [warning] [Decorations] CAPPING events from decorations provider vscode.git 499
2023-08-20 01:16:20.436 [warning] [Decorations] CAPPING events from decorations provider vscode.git 500
2023-08-20 01:16:25.677 [warning] [Decorations] CAPPING events from decorations provider vscode.git 499
2023-08-20 01:16:30.904 [warning] [Decorations] CAPPING events from decorations provider vscode.git 499
2023-08-20 01:16:36.126 [warning] [Decorations] CAPPING events from decorations provider vscode.git 499
2023-08-20 01:16:45.205 [warning] [Decorations] CAPPING events from decorations provider vscode.git 499
2023-08-20 01:17:11.252 [warning] [Decorations] CAPPING events from decorations provider vscode.git 500
2023-08-20 01:17:24.392 [warning] [Decorations] CAPPING events from decorations provider vscode.git 499
2023-08-20 01:17:50.396 [warning] [Decorations] CAPPING events from decorations provider vscode.git 500
2023-08-20 01:17:55.655 [warning] [Decorations] CAPPING events from decorations provider vscode.git 499
2023-08-20 01:18:00.915 [warning] [Decorations] CAPPING events from decorations provider vscode.git 499
2023-08-20 01:18:06.175 [warning] [Decorations] CAPPING events from decorations provider vscode.git 499
2023-08-20 01:18:11.444 [warning] [Decorations] CAPPING events from decorations provider vscode.git 499
2023-08-20 01:18:26.389 [warning] [Decorations] CAPPING events from decorations provider vscode.git 500
2023-08-20 01:18:31.676 [warning] [Decorations] CAPPING events from decorations provider vscode.git 499
2023-08-20 01:18:36.963 [warning] [Decorations] CAPPING events from decorations provider vscode.git 499
2023-08-20 01:18:42.228 [warning] [Decorations] CAPPING events from decorations provider vscode.git 499
2023-08-20 01:18:44.894 [info] Extension host terminating: received terminate message from renderer
2023-08-20 01:18:44.895 [info] Lock '/var/www/.local/share/code-server/User/workspaceStorage/5e324e47-1/vscode.lock': Marking the lockfile as scheduled to be released in 6000 ms.
2023-08-20 01:18:44.908 [error] Canceled: Canceled
	at new l (/usr/local/code-server-4.13.0-linux-amd64/lib/vscode/out/vs/workbench/api/node/extensionHostProcess.js:98:104563)
	at a.O (/usr/local/code-server-4.13.0-linux-amd64/lib/vscode/out/vs/workbench/api/node/extensionHostProcess.js:110:11657)
	at Proxy.H.<computed>.V.charCodeAt.H.<computed> (/usr/local/code-server-4.13.0-linux-amd64/lib/vscode/out/vs/workbench/api/node/extensionHostProcess.js:110:8947)
	at e.ExtHostCommands.g (/usr/local/code-server-4.13.0-linux-amd64/lib/vscode/out/vs/workbench/api/node/extensionHostProcess.js:98:124729)
	at e.ExtHostCommands.executeCommand (/usr/local/code-server-4.13.0-linux-amd64/lib/vscode/out/vs/workbench/api/node/extensionHostProcess.js:98:124105)
	at C.registerCommand.description (/usr/local/code-server-4.13.0-linux-amd64/lib/vscode/out/vs/workbench/api/node/extensionHostProcess.js:98:123398)
	at e.ExtHostCommands.h (/usr/local/code-server-4.13.0-linux-amd64/lib/vscode/out/vs/workbench/api/node/extensionHostProcess.js:98:125315)
	at e.ExtHostCommands.g (/usr/local/code-server-4.13.0-linux-amd64/lib/vscode/out/vs/workbench/api/node/extensionHostProcess.js:98:124205)
	at e.ExtHostCommands.executeCommand (/usr/local/code-server-4.13.0-linux-amd64/lib/vscode/out/vs/workbench/api/node/extensionHostProcess.js:98:124105)
	at Object.executeCommand (/usr/local/code-server-4.13.0-linux-amd64/lib/vscode/out/vs/workbench/api/node/extensionHostProcess.js:116:24043)
	at D (/usr/local/code-server-4.13.0-linux-amd64/lib/vscode/extensions/git/dist/main.js:2:1259661)
	at v.invoke (/usr/local/code-server-4.13.0-linux-amd64/lib/vscode/out/vs/workbench/api/node/extensionHostProcess.js:60:145)
	at h.deliver (/usr/local/code-server-4.13.0-linux-amd64/lib/vscode/out/vs/workbench/api/node/extensionHostProcess.js:60:2121)
	at i.fire (/usr/local/code-server-4.13.0-linux-amd64/lib/vscode/out/vs/workbench/api/node/extensionHostProcess.js:60:1729)
	at Object.m [as dispose] (/usr/local/code-server-4.13.0-linux-amd64/lib/vscode/extensions/git/dist/main.js:2:1274494)
	at /usr/local/code-server-4.13.0-linux-amd64/lib/vscode/extensions/git/dist/main.js:2:1278940
	at Array.forEach (<anonymous>)
	at g.dispose (/usr/local/code-server-4.13.0-linux-amd64/lib/vscode/extensions/git/dist/main.js:2:1278926)
	at t.<anonymous> (/usr/local/code-server-4.13.0-linux-amd64/lib/vscode/out/vs/workbench/api/node/extensionHostProcess.js:96:12369)
	at t.dispose (/usr/local/code-server-4.13.0-linux-amd64/lib/vscode/out/vs/workbench/api/node/extensionHostProcess.js:96:12504)
	at t.<anonymous> (/usr/local/code-server-4.13.0-linux-amd64/lib/vscode/extensions/git/dist/main.js:2:1261791)
	at t.dispose (/usr/local/code-server-4.13.0-linux-amd64/lib/vscode/out/vs/workbench/api/node/extensionHostProcess.js:96:12504)
	at T (/usr/local/code-server-4.13.0-linux-amd64/lib/vscode/out/vs/workbench/api/node/extensionHostProcess.js:10:12080)
	at h.Y (/usr/local/code-server-4.13.0-linux-amd64/lib/vscode/out/vs/workbench/api/node/extensionHostProcess.js:112:11173)
	at /usr/local/code-server-4.13.0-linux-amd64/lib/vscode/out/vs/workbench/api/node/extensionHostProcess.js:112:9157
	at Array.map (<anonymous>)
	at h.R (/usr/local/code-server-4.13.0-linux-amd64/lib/vscode/out/vs/workbench/api/node/extensionHostProcess.js:112:9144)
	at h.terminate (/usr/local/code-server-4.13.0-linux-amd64/lib/vscode/out/vs/workbench/api/node/extensionHostProcess.js:112:9415)
	at d.terminate (/usr/local/code-server-4.13.0-linux-amd64/lib/vscode/out/vs/workbench/api/node/extensionHostProcess.js:116:1544)
	at g (/usr/local/code-server-4.13.0-linux-amd64/lib/vscode/out/vs/workbench/api/node/extensionHostProcess.js:126:34552)
	at /usr/local/code-server-4.13.0-linux-amd64/lib/vscode/out/vs/workbench/api/node/extensionHostProcess.js:126:32462
	at v.invoke (/usr/local/code-server-4.13.0-linux-amd64/lib/vscode/out/vs/workbench/api/node/extensionHostProcess.js:60:145)
	at h.deliver (/usr/local/code-server-4.13.0-linux-amd64/lib/vscode/out/vs/workbench/api/node/extensionHostProcess.js:60:2121)
	at i.fire (/usr/local/code-server-4.13.0-linux-amd64/lib/vscode/out/vs/workbench/api/node/extensionHostProcess.js:60:1729)
	at g.fire (/usr/local/code-server-4.13.0-linux-amd64/lib/vscode/out/vs/workbench/api/node/extensionHostProcess.js:71:14852)
	at u.E (/usr/local/code-server-4.13.0-linux-amd64/lib/vscode/out/vs/workbench/api/node/extensionHostProcess.js:71:18899)
	at /usr/local/code-server-4.13.0-linux-amd64/lib/vscode/out/vs/workbench/api/node/extensionHostProcess.js:71:16887
	at v.invoke (/usr/local/code-server-4.13.0-linux-amd64/lib/vscode/out/vs/workbench/api/node/extensionHostProcess.js:60:145)
	at h.deliver (/usr/local/code-server-4.13.0-linux-amd64/lib/vscode/out/vs/workbench/api/node/extensionHostProcess.js:60:2121)
	at i.fire (/usr/local/code-server-4.13.0-linux-amd64/lib/vscode/out/vs/workbench/api/node/extensionHostProcess.js:60:1729)
	at d.acceptChunk (/usr/local/code-server-4.13.0-linux-amd64/lib/vscode/out/vs/workbench/api/node/extensionHostProcess.js:71:12583)
	at /usr/local/code-server-4.13.0-linux-amd64/lib/vscode/out/vs/workbench/api/node/extensionHostProcess.js:71:11870
	at v.invoke (/usr/local/code-server-4.13.0-linux-amd64/lib/vscode/out/vs/workbench/api/node/extensionHostProcess.js:60:145)
	at h.deliver (/usr/local/code-server-4.13.0-linux-amd64/lib/vscode/out/vs/workbench/api/node/extensionHostProcess.js:60:2121)
	at i.fire (/usr/local/code-server-4.13.0-linux-amd64/lib/vscode/out/vs/workbench/api/node/extensionHostProcess.js:60:1729)
	at D.u (/usr/local/code-server-4.13.0-linux-amd64/lib/vscode/out/vs/workbench/api/node/extensionHostProcess.js:126:20019) setContext undefined
2023-08-20 01:18:44.909 [info] Extension host with pid 54301 exiting with code 0
