2023-08-20 00:40:49.586 [info] Log level: Info
2023-08-20 00:40:49.586 [info] Validating found git in: "git"
2023-08-20 00:40:49.586 [info] Using git "2.30.2" from "git"
2023-08-20 00:40:49.586 [info] > git rev-parse --show-toplevel [33ms]
2023-08-20 00:40:49.586 [info] > git rev-parse --git-dir --git-common-dir [2ms]
2023-08-20 00:40:49.586 [info] Open repository: /var/www
2023-08-20 00:40:49.586 [info] > git rev-parse --show-toplevel [6ms]
2023-08-20 00:40:49.586 [info] > git config --get commit.template [7ms]
2023-08-20 00:40:49.586 [info] No remotes found in the git config file.
2023-08-20 00:40:49.586 [info] > git rev-parse --show-toplevel [7ms]
2023-08-20 00:40:49.586 [info] > git for-each-ref --format=%(refname)%00%(upstream:short)%00%(objectname)%00%(upstream:track)%00%(upstream:remotename)%00%(upstream:remoteref) refs/heads/master refs/remotes/master [7ms]
2023-08-20 00:40:49.586 [info] > git rev-parse --show-toplevel [9ms]
2023-08-20 00:40:49.586 [info] > git rev-parse --show-toplevel [27ms]
2023-08-20 00:40:49.586 [info] > git rev-parse --show-toplevel [11ms]
2023-08-20 00:40:49.586 [info] > git rev-parse --show-toplevel [3ms]
2023-08-20 00:40:49.586 [info] > git rev-parse --show-toplevel [2ms]
2023-08-20 00:40:49.694 [info] > git show --textconv :html/webAppDev/assignment1/resources/views/pages/post_detail.blade.php [8ms]
2023-08-20 00:40:49.698 [info] > git ls-files --stage -- /var/www/html/webAppDev/assignment1/resources/views/pages/post_detail.blade.php [7ms]
2023-08-20 00:40:49.706 [info] > git cat-file -s 664666c20846321ab40cff475daa867115d97181 [4ms]
2023-08-20 00:40:49.773 [info] > git status -z -uall [462ms]
2023-08-20 00:40:49.808 [info] No remotes found in the git config file.
2023-08-20 00:40:49.809 [info] > git config --get commit.template [7ms]
2023-08-20 00:40:49.816 [info] > git for-each-ref --format=%(refname)%00%(upstream:short)%00%(objectname)%00%(upstream:track)%00%(upstream:remotename)%00%(upstream:remoteref) refs/heads/master refs/remotes/master [7ms]
2023-08-20 00:40:49.869 [info] > git check-ignore -v -z --stdin [9ms]
2023-08-20 00:40:50.117 [info] > git status -z -uall [297ms]
2023-08-20 00:40:52.722 [info] No remotes found in the git config file.
2023-08-20 00:40:52.723 [info] > git config --get commit.template [7ms]
2023-08-20 00:40:52.726 [info] > git for-each-ref --format=%(refname)%00%(upstream:short)%00%(objectname)%00%(upstream:track)%00%(upstream:remotename)%00%(upstream:remoteref) refs/heads/master refs/remotes/master [5ms]
2023-08-20 00:40:52.918 [info] > git status -z -uall [186ms]
2023-08-20 00:40:56.676 [info] > git show --textconv :html/webAppDev/assignment1/routes/web.php [7ms]
2023-08-20 00:40:56.678 [info] > git ls-files --stage -- /var/www/html/webAppDev/assignment1/routes/web.php [3ms]
2023-08-20 00:40:56.687 [info] > git cat-file -s 252dfec0507983a52e05bf84616b2c68b2384e06 [4ms]
2023-08-20 00:46:44.973 [info] No remotes found in the git config file.
2023-08-20 00:46:44.976 [info] > git config --get commit.template [8ms]
2023-08-20 00:46:44.979 [info] > git for-each-ref --format=%(refname)%00%(upstream:short)%00%(objectname)%00%(upstream:track)%00%(upstream:remotename)%00%(upstream:remoteref) refs/heads/master refs/remotes/master [7ms]
2023-08-20 00:46:45.412 [info] > git status -z -uall [429ms]
2023-08-20 00:46:50.441 [info] No remotes found in the git config file.
2023-08-20 00:46:50.446 [info] > git config --get commit.template [6ms]
2023-08-20 00:46:50.450 [info] > git for-each-ref --format=%(refname)%00%(upstream:short)%00%(objectname)%00%(upstream:track)%00%(upstream:remotename)%00%(upstream:remoteref) refs/heads/master refs/remotes/master [5ms]
2023-08-20 00:46:50.640 [info] > git status -z -uall [185ms]
2023-08-20 00:46:55.662 [info] No remotes found in the git config file.
2023-08-20 00:46:55.663 [info] > git config --get commit.template [5ms]
2023-08-20 00:46:55.666 [info] > git for-each-ref --format=%(refname)%00%(upstream:short)%00%(objectname)%00%(upstream:track)%00%(upstream:remotename)%00%(upstream:remoteref) refs/heads/master refs/remotes/master [4ms]
2023-08-20 00:46:55.854 [info] > git status -z -uall [184ms]
2023-08-20 00:48:59.882 [info] No remotes found in the git config file.
2023-08-20 00:48:59.884 [info] > git config --get commit.template [6ms]
2023-08-20 00:48:59.888 [info] > git for-each-ref --format=%(refname)%00%(upstream:short)%00%(objectname)%00%(upstream:track)%00%(upstream:remotename)%00%(upstream:remoteref) refs/heads/master refs/remotes/master [6ms]
2023-08-20 00:49:00.410 [info] > git status -z -uall [517ms]
2023-08-20 00:49:05.439 [info] No remotes found in the git config file.
2023-08-20 00:49:05.440 [info] > git config --get commit.template [6ms]
2023-08-20 00:49:05.444 [info] > git for-each-ref --format=%(refname)%00%(upstream:short)%00%(objectname)%00%(upstream:track)%00%(upstream:remotename)%00%(upstream:remoteref) refs/heads/master refs/remotes/master [5ms]
2023-08-20 00:49:05.623 [info] > git status -z -uall [174ms]
2023-08-20 00:49:10.651 [info] > git config --get commit.template [3ms]
2023-08-20 00:49:10.652 [info] No remotes found in the git config file.
2023-08-20 00:49:10.664 [info] > git for-each-ref --format=%(refname)%00%(upstream:short)%00%(objectname)%00%(upstream:track)%00%(upstream:remotename)%00%(upstream:remoteref) refs/heads/master refs/remotes/master [7ms]
2023-08-20 00:49:10.863 [info] > git status -z -uall [194ms]
2023-08-20 00:49:15.881 [info] No remotes found in the git config file.
2023-08-20 00:49:15.886 [info] > git config --get commit.template [5ms]
2023-08-20 00:49:15.890 [info] > git for-each-ref --format=%(refname)%00%(upstream:short)%00%(objectname)%00%(upstream:track)%00%(upstream:remotename)%00%(upstream:remoteref) refs/heads/master refs/remotes/master [4ms]
2023-08-20 00:49:16.090 [info] > git status -z -uall [197ms]
2023-08-20 00:49:21.109 [info] No remotes found in the git config file.
2023-08-20 00:49:21.116 [info] > git config --get commit.template [7ms]
2023-08-20 00:49:21.119 [info] > git for-each-ref --format=%(refname)%00%(upstream:short)%00%(objectname)%00%(upstream:track)%00%(upstream:remotename)%00%(upstream:remoteref) refs/heads/master refs/remotes/master [4ms]
2023-08-20 00:49:21.319 [info] > git status -z -uall [196ms]
2023-08-20 00:49:31.063 [info] No remotes found in the git config file.
2023-08-20 00:49:31.064 [info] > git config --get commit.template [7ms]
2023-08-20 00:49:31.066 [info] > git for-each-ref --format=%(refname)%00%(upstream:short)%00%(objectname)%00%(upstream:track)%00%(upstream:remotename)%00%(upstream:remoteref) refs/heads/master refs/remotes/master [4ms]
2023-08-20 00:49:31.236 [info] > git status -z -uall [166ms]
2023-08-20 00:50:14.311 [info] > git ls-files --stage -- /var/www/html/webAppDev/assignment1/resources/views/pages/post_list.blade.php [4ms]
2023-08-20 00:50:14.316 [info] > git show --textconv :html/webAppDev/assignment1/resources/views/pages/post_list.blade.php [13ms]
2023-08-20 00:50:14.319 [info] > git cat-file -s e04c3f8a0508c969f69a4b83fc8747e382895b88 [4ms]
2023-08-20 00:51:31.167 [info] No remotes found in the git config file.
2023-08-20 00:51:31.173 [info] > git config --get commit.template [6ms]
2023-08-20 00:51:31.177 [info] > git for-each-ref --format=%(refname)%00%(upstream:short)%00%(objectname)%00%(upstream:track)%00%(upstream:remotename)%00%(upstream:remoteref) refs/heads/master refs/remotes/master [5ms]
2023-08-20 00:51:31.636 [info] > git status -z -uall [454ms]
2023-08-20 01:13:57.952 [info] No remotes found in the git config file.
2023-08-20 01:13:59.013 [info] > git config --get commit.template [1061ms]
2023-08-20 01:13:59.016 [info] > git for-each-ref --format=%(refname)%00%(upstream:short)%00%(objectname)%00%(upstream:track)%00%(upstream:remotename)%00%(upstream:remoteref) refs/heads/master refs/remotes/master [1058ms]
2023-08-20 01:13:59.546 [info] > git status -z -uall [524ms]
2023-08-20 01:14:06.955 [info] No remotes found in the git config file.
2023-08-20 01:14:06.956 [info] > git config --get commit.template [6ms]
2023-08-20 01:14:07.647 [info] > git for-each-ref --format=%(refname)%00%(upstream:short)%00%(objectname)%00%(upstream:track)%00%(upstream:remotename)%00%(upstream:remoteref) refs/heads/master refs/remotes/master [692ms]
2023-08-20 01:14:07.836 [info] > git status -z -uall [182ms]
2023-08-20 01:16:19.955 [info] No remotes found in the git config file.
2023-08-20 01:16:19.956 [info] > git config --get commit.template [6ms]
2023-08-20 01:16:19.962 [info] > git for-each-ref --format=%(refname)%00%(upstream:short)%00%(objectname)%00%(upstream:track)%00%(upstream:remotename)%00%(upstream:remoteref) refs/heads/master refs/remotes/master [8ms]
2023-08-20 01:16:20.422 [info] > git status -z -uall [453ms]
2023-08-20 01:16:25.446 [info] No remotes found in the git config file.
2023-08-20 01:16:25.451 [info] > git config --get commit.template [6ms]
2023-08-20 01:16:25.456 [info] > git for-each-ref --format=%(refname)%00%(upstream:short)%00%(objectname)%00%(upstream:track)%00%(upstream:remotename)%00%(upstream:remoteref) refs/heads/master refs/remotes/master [6ms]
2023-08-20 01:16:25.667 [info] > git status -z -uall [207ms]
2023-08-20 01:16:29.578 [info] > git check-ignore -v -z --stdin [4ms]
2023-08-20 01:16:30.172 [info] > git check-ignore -v -z --stdin [6ms]
2023-08-20 01:16:30.688 [info] No remotes found in the git config file.
2023-08-20 01:16:30.694 [info] > git config --get commit.template [7ms]
2023-08-20 01:16:30.697 [info] > git for-each-ref --format=%(refname)%00%(upstream:short)%00%(objectname)%00%(upstream:track)%00%(upstream:remotename)%00%(upstream:remoteref) refs/heads/master refs/remotes/master [4ms]
2023-08-20 01:16:30.896 [info] > git status -z -uall [193ms]
2023-08-20 01:16:35.917 [info] No remotes found in the git config file.
2023-08-20 01:16:35.918 [info] > git config --get commit.template [6ms]
2023-08-20 01:16:35.922 [info] > git for-each-ref --format=%(refname)%00%(upstream:short)%00%(objectname)%00%(upstream:track)%00%(upstream:remotename)%00%(upstream:remoteref) refs/heads/master refs/remotes/master [5ms]
2023-08-20 01:16:36.114 [info] > git status -z -uall [189ms]
2023-08-20 01:16:44.961 [info] No remotes found in the git config file.
2023-08-20 01:16:44.968 [info] > git config --get commit.template [8ms]
2023-08-20 01:16:44.971 [info] > git for-each-ref --format=%(refname)%00%(upstream:short)%00%(objectname)%00%(upstream:track)%00%(upstream:remotename)%00%(upstream:remoteref) refs/heads/master refs/remotes/master [4ms]
2023-08-20 01:16:45.193 [info] > git status -z -uall [217ms]
2023-08-20 01:17:10.973 [info] No remotes found in the git config file.
2023-08-20 01:17:10.974 [info] > git config --get commit.template [8ms]
2023-08-20 01:17:10.979 [info] > git for-each-ref --format=%(refname)%00%(upstream:short)%00%(objectname)%00%(upstream:track)%00%(upstream:remotename)%00%(upstream:remoteref) refs/heads/master refs/remotes/master [7ms]
2023-08-20 01:17:11.241 [info] > git status -z -uall [256ms]
2023-08-20 01:17:23.987 [info] No remotes found in the git config file.
2023-08-20 01:17:23.989 [info] > git config --get commit.template [8ms]
2023-08-20 01:17:23.994 [info] > git for-each-ref --format=%(refname)%00%(upstream:short)%00%(objectname)%00%(upstream:track)%00%(upstream:remotename)%00%(upstream:remoteref) refs/heads/master refs/remotes/master [7ms]
2023-08-20 01:17:24.382 [info] > git status -z -uall [385ms]
2023-08-20 01:17:50.006 [info] No remotes found in the git config file.
2023-08-20 01:17:50.009 [info] > git config --get commit.template [8ms]
2023-08-20 01:17:50.011 [info] > git for-each-ref --format=%(refname)%00%(upstream:short)%00%(objectname)%00%(upstream:track)%00%(upstream:remotename)%00%(upstream:remoteref) refs/heads/master refs/remotes/master [5ms]
2023-08-20 01:17:50.386 [info] > git status -z -uall [371ms]
2023-08-20 01:17:55.408 [info] No remotes found in the git config file.
2023-08-20 01:17:55.413 [info] > git config --get commit.template [6ms]
2023-08-20 01:17:55.417 [info] > git for-each-ref --format=%(refname)%00%(upstream:short)%00%(objectname)%00%(upstream:track)%00%(upstream:remotename)%00%(upstream:remoteref) refs/heads/master refs/remotes/master [5ms]
2023-08-20 01:17:55.645 [info] > git status -z -uall [223ms]
2023-08-20 01:18:00.665 [info] No remotes found in the git config file.
2023-08-20 01:18:00.670 [info] > git config --get commit.template [6ms]
2023-08-20 01:18:00.675 [info] > git for-each-ref --format=%(refname)%00%(upstream:short)%00%(objectname)%00%(upstream:track)%00%(upstream:remotename)%00%(upstream:remoteref) refs/heads/master refs/remotes/master [6ms]
2023-08-20 01:18:00.905 [info] > git status -z -uall [226ms]
2023-08-20 01:18:05.929 [info] No remotes found in the git config file.
2023-08-20 01:18:05.930 [info] > git config --get commit.template [7ms]
2023-08-20 01:18:05.936 [info] > git for-each-ref --format=%(refname)%00%(upstream:short)%00%(objectname)%00%(upstream:track)%00%(upstream:remotename)%00%(upstream:remoteref) refs/heads/master refs/remotes/master [7ms]
2023-08-20 01:18:06.163 [info] > git status -z -uall [223ms]
2023-08-20 01:18:11.186 [info] No remotes found in the git config file.
2023-08-20 01:18:11.191 [info] > git config --get commit.template [6ms]
2023-08-20 01:18:11.195 [info] > git for-each-ref --format=%(refname)%00%(upstream:short)%00%(objectname)%00%(upstream:track)%00%(upstream:remotename)%00%(upstream:remoteref) refs/heads/master refs/remotes/master [5ms]
2023-08-20 01:18:11.436 [info] > git status -z -uall [237ms]
2023-08-20 01:18:26.030 [info] No remotes found in the git config file.
2023-08-20 01:18:26.036 [info] > git config --get commit.template [6ms]
2023-08-20 01:18:26.040 [info] > git for-each-ref --format=%(refname)%00%(upstream:short)%00%(objectname)%00%(upstream:track)%00%(upstream:remotename)%00%(upstream:remoteref) refs/heads/master refs/remotes/master [6ms]
2023-08-20 01:18:26.379 [info] > git status -z -uall [334ms]
2023-08-20 01:18:31.399 [info] No remotes found in the git config file.
2023-08-20 01:18:31.404 [info] > git config --get commit.template [6ms]
2023-08-20 01:18:31.411 [info] > git for-each-ref --format=%(refname)%00%(upstream:short)%00%(objectname)%00%(upstream:track)%00%(upstream:remotename)%00%(upstream:remoteref) refs/heads/master refs/remotes/master [8ms]
2023-08-20 01:18:31.666 [info] > git status -z -uall [250ms]
2023-08-20 01:18:36.691 [info] No remotes found in the git config file.
2023-08-20 01:18:36.692 [info] > git config --get commit.template [6ms]
2023-08-20 01:18:36.698 [info] > git for-each-ref --format=%(refname)%00%(upstream:short)%00%(objectname)%00%(upstream:track)%00%(upstream:remotename)%00%(upstream:remoteref) refs/heads/master refs/remotes/master [7ms]
2023-08-20 01:18:36.955 [info] > git status -z -uall [253ms]
2023-08-20 01:18:41.978 [info] No remotes found in the git config file.
2023-08-20 01:18:41.978 [info] > git config --get commit.template [5ms]
2023-08-20 01:18:41.983 [info] > git for-each-ref --format=%(refname)%00%(upstream:short)%00%(objectname)%00%(upstream:track)%00%(upstream:remotename)%00%(upstream:remoteref) refs/heads/master refs/remotes/master [6ms]
2023-08-20 01:18:42.216 [info] > git status -z -uall [229ms]
