2023-08-16 17:09:44.406 [info] Extension host with pid 578 started
2023-08-16 17:09:44.430 [info] Lock '/var/www/.local/share/code-server/User/workspaceStorage/5e324e47/vscode.lock': Lock acquired.
2023-08-16 17:09:44.504 [info] ExtensionService#_doActivateExtension vscode.css-language-features, startup: false, activationEvent: 'onLanguage:css'
2023-08-16 17:09:44.505 [info] ExtensionService#_doActivateExtension vscode.emmet, startup: false, activationEvent: 'onLanguage'
2023-08-16 17:09:44.851 [info] ExtensionService#_doActivateExtension vscode.git-base, startup: true, activationEvent: '*', root cause: vscode.git
2023-08-16 17:09:44.922 [info] ExtensionService#_doActivateExtension vscode.git, startup: true, activationEvent: '*'
2023-08-16 17:09:44.922 [info] ExtensionService#_doActivateExtension vscode.github, startup: true, activationEvent: '*'
2023-08-16 17:09:45.113 [info] Eager extensions activated
2023-08-16 17:09:45.113 [info] ExtensionService#_doActivateExtension vscode.debug-auto-launch, startup: false, activationEvent: 'onStartupFinished'
2023-08-16 17:09:45.113 [info] ExtensionService#_doActivateExtension vscode.merge-conflict, startup: false, activationEvent: 'onStartupFinished'
2023-08-16 17:13:40.548 [info] ExtensionService#_doActivateExtension vscode.php-language-features, startup: false, activationEvent: 'onLanguage:php'
2023-08-16 17:24:12.779 [warning] [Decorations] CAPPING events from decorations provider vscode.git 252
2023-08-16 17:24:18.010 [warning] [Decorations] CAPPING events from decorations provider vscode.git 252
2023-08-16 17:24:23.208 [warning] [Decorations] CAPPING events from decorations provider vscode.git 252
2023-08-16 17:24:28.560 [warning] [Decorations] CAPPING events from decorations provider vscode.git 252
2023-08-16 17:24:33.792 [warning] [Decorations] CAPPING events from decorations provider vscode.git 252
2023-08-16 17:24:38.986 [warning] [Decorations] CAPPING events from decorations provider vscode.git 252
2023-08-16 17:24:44.187 [warning] [Decorations] CAPPING events from decorations provider vscode.git 254
2023-08-16 17:24:49.389 [warning] [Decorations] CAPPING events from decorations provider vscode.git 254
2023-08-16 17:24:54.605 [warning] [Decorations] CAPPING events from decorations provider vscode.git 254
2023-08-16 17:24:59.934 [warning] [Decorations] CAPPING events from decorations provider vscode.git 254
2023-08-16 17:25:05.267 [warning] [Decorations] CAPPING events from decorations provider vscode.git 254
2023-08-16 17:25:10.542 [warning] [Decorations] CAPPING events from decorations provider vscode.git 255
2023-08-16 17:25:15.738 [warning] [Decorations] CAPPING events from decorations provider vscode.git 255
2023-08-16 17:25:21.006 [warning] [Decorations] CAPPING events from decorations provider vscode.git 265
2023-08-16 17:25:26.375 [warning] [Decorations] CAPPING events from decorations provider vscode.git 259
2023-08-16 17:25:31.752 [warning] [Decorations] CAPPING events from decorations provider vscode.git 259
2023-08-16 17:25:37.037 [warning] [Decorations] CAPPING events from decorations provider vscode.git 259
2023-08-16 17:25:42.235 [warning] [Decorations] CAPPING events from decorations provider vscode.git 259
2023-08-16 17:25:47.456 [warning] [Decorations] CAPPING events from decorations provider vscode.git 259
2023-08-16 17:25:52.652 [warning] [Decorations] CAPPING events from decorations provider vscode.git 259
2023-08-16 17:25:57.840 [warning] [Decorations] CAPPING events from decorations provider vscode.git 259
2023-08-16 17:26:03.036 [warning] [Decorations] CAPPING events from decorations provider vscode.git 259
2023-08-16 17:26:08.241 [warning] [Decorations] CAPPING events from decorations provider vscode.git 259
2023-08-16 17:26:13.438 [warning] [Decorations] CAPPING events from decorations provider vscode.git 259
2023-08-16 17:26:18.644 [warning] [Decorations] CAPPING events from decorations provider vscode.git 259
2023-08-16 17:26:23.884 [warning] [Decorations] CAPPING events from decorations provider vscode.git 259
2023-08-16 17:26:29.106 [warning] [Decorations] CAPPING events from decorations provider vscode.git 259
2023-08-16 17:26:34.442 [warning] [Decorations] CAPPING events from decorations provider vscode.git 259
2023-08-16 17:26:39.629 [warning] [Decorations] CAPPING events from decorations provider vscode.git 259
2023-08-16 17:26:44.823 [warning] [Decorations] CAPPING events from decorations provider vscode.git 259
2023-08-16 17:26:50.011 [warning] [Decorations] CAPPING events from decorations provider vscode.git 259
2023-08-16 17:26:55.203 [warning] [Decorations] CAPPING events from decorations provider vscode.git 259
2023-08-16 17:27:00.409 [warning] [Decorations] CAPPING events from decorations provider vscode.git 259
2023-08-16 17:27:05.602 [warning] [Decorations] CAPPING events from decorations provider vscode.git 259
2023-08-16 17:27:10.806 [warning] [Decorations] CAPPING events from decorations provider vscode.git 259
2023-08-16 17:27:16.017 [warning] [Decorations] CAPPING events from decorations provider vscode.git 259
2023-08-16 17:27:21.231 [warning] [Decorations] CAPPING events from decorations provider vscode.git 259
2023-08-16 17:27:26.464 [warning] [Decorations] CAPPING events from decorations provider vscode.git 259
2023-08-16 17:27:31.656 [warning] [Decorations] CAPPING events from decorations provider vscode.git 259
2023-08-16 17:27:37.023 [warning] [Decorations] CAPPING events from decorations provider vscode.git 259
2023-08-16 17:27:42.242 [warning] [Decorations] CAPPING events from decorations provider vscode.git 259
2023-08-16 17:27:47.449 [warning] [Decorations] CAPPING events from decorations provider vscode.git 259
2023-08-16 17:27:52.650 [warning] [Decorations] CAPPING events from decorations provider vscode.git 259
2023-08-16 17:27:57.836 [warning] [Decorations] CAPPING events from decorations provider vscode.git 259
2023-08-16 17:28:03.030 [warning] [Decorations] CAPPING events from decorations provider vscode.git 259
2023-08-16 17:28:08.216 [warning] [Decorations] CAPPING events from decorations provider vscode.git 259
2023-08-16 17:28:13.408 [warning] [Decorations] CAPPING events from decorations provider vscode.git 259
2023-08-16 17:28:18.621 [warning] [Decorations] CAPPING events from decorations provider vscode.git 259
2023-08-16 17:28:23.826 [warning] [Decorations] CAPPING events from decorations provider vscode.git 259
2023-08-16 17:28:29.063 [warning] [Decorations] CAPPING events from decorations provider vscode.git 259
2023-08-16 17:28:34.268 [warning] [Decorations] CAPPING events from decorations provider vscode.git 259
2023-08-16 17:28:39.675 [warning] [Decorations] CAPPING events from decorations provider vscode.git 259
2023-08-16 17:28:44.875 [warning] [Decorations] CAPPING events from decorations provider vscode.git 259
2023-08-16 17:28:50.075 [warning] [Decorations] CAPPING events from decorations provider vscode.git 259
2023-08-16 17:28:55.279 [warning] [Decorations] CAPPING events from decorations provider vscode.git 259
2023-08-16 17:29:00.483 [warning] [Decorations] CAPPING events from decorations provider vscode.git 259
2023-08-16 17:29:05.673 [warning] [Decorations] CAPPING events from decorations provider vscode.git 259
2023-08-16 17:29:11.141 [warning] [Decorations] CAPPING events from decorations provider vscode.git 259
2023-08-16 17:29:16.328 [warning] [Decorations] CAPPING events from decorations provider vscode.git 259
2023-08-16 17:29:21.529 [warning] [Decorations] CAPPING events from decorations provider vscode.git 259
2023-08-16 17:29:28.749 [warning] [Decorations] CAPPING events from decorations provider vscode.git 259
2023-08-16 17:29:33.982 [warning] [Decorations] CAPPING events from decorations provider vscode.git 259
2023-08-16 17:29:39.221 [warning] [Decorations] CAPPING events from decorations provider vscode.git 259
2023-08-16 17:29:45.412 [warning] [Decorations] CAPPING events from decorations provider vscode.git 262
2023-08-16 17:29:50.601 [warning] [Decorations] CAPPING events from decorations provider vscode.git 262
2023-08-16 17:29:55.796 [warning] [Decorations] CAPPING events from decorations provider vscode.git 262
2023-08-16 17:30:01.028 [warning] [Decorations] CAPPING events from decorations provider vscode.git 262
2023-08-16 17:30:06.226 [warning] [Decorations] CAPPING events from decorations provider vscode.git 264
2023-08-16 17:30:11.433 [warning] [Decorations] CAPPING events from decorations provider vscode.git 264
2023-08-16 17:30:16.648 [warning] [Decorations] CAPPING events from decorations provider vscode.git 264
2023-08-16 17:30:22.213 [warning] [Decorations] CAPPING events from decorations provider vscode.git 265
2023-08-16 17:30:27.442 [warning] [Decorations] CAPPING events from decorations provider vscode.git 265
2023-08-16 17:30:32.640 [warning] [Decorations] CAPPING events from decorations provider vscode.git 265
2023-08-16 17:30:37.909 [warning] [Decorations] CAPPING events from decorations provider vscode.git 265
2023-08-16 17:30:43.103 [warning] [Decorations] CAPPING events from decorations provider vscode.git 265
2023-08-16 17:30:48.442 [warning] [Decorations] CAPPING events from decorations provider vscode.git 265
2023-08-16 17:30:53.642 [warning] [Decorations] CAPPING events from decorations provider vscode.git 266
2023-08-16 17:30:58.856 [warning] [Decorations] CAPPING events from decorations provider vscode.git 266
2023-08-16 17:31:04.060 [warning] [Decorations] CAPPING events from decorations provider vscode.git 266
2023-08-16 17:31:10.231 [warning] [Decorations] CAPPING events from decorations provider vscode.git 266
2023-08-16 17:31:15.438 [warning] [Decorations] CAPPING events from decorations provider vscode.git 266
2023-08-16 17:31:20.630 [warning] [Decorations] CAPPING events from decorations provider vscode.git 266
2023-08-16 17:31:25.821 [warning] [Decorations] CAPPING events from decorations provider vscode.git 266
2023-08-16 17:31:31.022 [warning] [Decorations] CAPPING events from decorations provider vscode.git 266
2023-08-16 17:31:36.220 [warning] [Decorations] CAPPING events from decorations provider vscode.git 266
2023-08-16 17:31:41.463 [warning] [Decorations] CAPPING events from decorations provider vscode.git 267
2023-08-16 17:31:46.667 [warning] [Decorations] CAPPING events from decorations provider vscode.git 267
2023-08-16 17:31:52.026 [warning] [Decorations] CAPPING events from decorations provider vscode.git 267
2023-08-16 17:31:57.228 [warning] [Decorations] CAPPING events from decorations provider vscode.git 267
2023-08-16 17:32:02.421 [warning] [Decorations] CAPPING events from decorations provider vscode.git 267
2023-08-16 17:32:07.609 [warning] [Decorations] CAPPING events from decorations provider vscode.git 267
2023-08-16 17:32:12.799 [warning] [Decorations] CAPPING events from decorations provider vscode.git 267
2023-08-16 17:32:18.012 [warning] [Decorations] CAPPING events from decorations provider vscode.git 268
2023-08-16 17:32:23.207 [warning] [Decorations] CAPPING events from decorations provider vscode.git 268
2023-08-16 17:32:28.421 [warning] [Decorations] CAPPING events from decorations provider vscode.git 269
2023-08-16 17:32:33.645 [warning] [Decorations] CAPPING events from decorations provider vscode.git 269
2023-08-16 17:32:38.845 [warning] [Decorations] CAPPING events from decorations provider vscode.git 269
2023-08-16 17:32:44.090 [warning] [Decorations] CAPPING events from decorations provider vscode.git 269
2023-08-16 17:32:49.299 [warning] [Decorations] CAPPING events from decorations provider vscode.git 270
2023-08-16 17:32:54.650 [warning] [Decorations] CAPPING events from decorations provider vscode.git 270
2023-08-16 17:32:59.855 [warning] [Decorations] CAPPING events from decorations provider vscode.git 270
2023-08-16 17:33:05.050 [warning] [Decorations] CAPPING events from decorations provider vscode.git 271
2023-08-16 17:33:10.253 [warning] [Decorations] CAPPING events from decorations provider vscode.git 271
2023-08-16 17:33:15.458 [warning] [Decorations] CAPPING events from decorations provider vscode.git 271
2023-08-16 17:33:20.650 [warning] [Decorations] CAPPING events from decorations provider vscode.git 271
2023-08-16 17:33:25.841 [warning] [Decorations] CAPPING events from decorations provider vscode.git 271
2023-08-16 17:33:31.052 [warning] [Decorations] CAPPING events from decorations provider vscode.git 272
2023-08-16 17:33:36.249 [warning] [Decorations] CAPPING events from decorations provider vscode.git 272
2023-08-16 17:33:44.264 [warning] [Decorations] CAPPING events from decorations provider vscode.git 272
2023-08-16 17:33:49.465 [warning] [Decorations] CAPPING events from decorations provider vscode.git 272
2023-08-16 17:33:54.836 [warning] [Decorations] CAPPING events from decorations provider vscode.git 272
2023-08-16 17:34:00.073 [warning] [Decorations] CAPPING events from decorations provider vscode.git 272
2023-08-16 17:34:05.274 [warning] [Decorations] CAPPING events from decorations provider vscode.git 272
2023-08-16 17:34:10.498 [warning] [Decorations] CAPPING events from decorations provider vscode.git 272
2023-08-16 17:34:15.709 [warning] [Decorations] CAPPING events from decorations provider vscode.git 272
2023-08-16 17:34:20.912 [warning] [Decorations] CAPPING events from decorations provider vscode.git 272
2023-08-16 17:34:26.104 [warning] [Decorations] CAPPING events from decorations provider vscode.git 272
2023-08-16 17:34:31.312 [warning] [Decorations] CAPPING events from decorations provider vscode.git 272
2023-08-16 17:34:36.511 [warning] [Decorations] CAPPING events from decorations provider vscode.git 272
2023-08-16 17:34:41.712 [warning] [Decorations] CAPPING events from decorations provider vscode.git 272
2023-08-16 17:34:46.947 [warning] [Decorations] CAPPING events from decorations provider vscode.git 272
2023-08-16 17:34:52.152 [warning] [Decorations] CAPPING events from decorations provider vscode.git 272
2023-08-16 17:34:57.492 [warning] [Decorations] CAPPING events from decorations provider vscode.git 273
2023-08-16 17:35:02.685 [warning] [Decorations] CAPPING events from decorations provider vscode.git 273
2023-08-16 17:35:07.888 [warning] [Decorations] CAPPING events from decorations provider vscode.git 273
2023-08-16 17:35:16.314 [warning] [Decorations] CAPPING events from decorations provider vscode.git 275
2023-08-16 17:35:21.513 [warning] [Decorations] CAPPING events from decorations provider vscode.git 275
2023-08-16 17:35:26.714 [warning] [Decorations] CAPPING events from decorations provider vscode.git 275
2023-08-16 17:35:31.936 [warning] [Decorations] CAPPING events from decorations provider vscode.git 275
2023-08-16 17:35:37.155 [warning] [Decorations] CAPPING events from decorations provider vscode.git 275
2023-08-16 17:35:42.358 [warning] [Decorations] CAPPING events from decorations provider vscode.git 275
2023-08-16 17:35:47.631 [warning] [Decorations] CAPPING events from decorations provider vscode.git 275
2023-08-16 17:35:52.835 [warning] [Decorations] CAPPING events from decorations provider vscode.git 275
2023-08-16 17:35:58.182 [warning] [Decorations] CAPPING events from decorations provider vscode.git 275
2023-08-16 17:36:03.382 [warning] [Decorations] CAPPING events from decorations provider vscode.git 276
2023-08-16 17:36:08.579 [warning] [Decorations] CAPPING events from decorations provider vscode.git 276
2023-08-16 17:36:13.779 [warning] [Decorations] CAPPING events from decorations provider vscode.git 277
2023-08-16 17:36:18.976 [warning] [Decorations] CAPPING events from decorations provider vscode.git 277
2023-08-16 17:36:24.174 [warning] [Decorations] CAPPING events from decorations provider vscode.git 277
2023-08-16 17:36:29.384 [warning] [Decorations] CAPPING events from decorations provider vscode.git 277
2023-08-16 17:36:36.434 [warning] [Decorations] CAPPING events from decorations provider vscode.git 278
2023-08-16 17:36:41.635 [warning] [Decorations] CAPPING events from decorations provider vscode.git 278
2023-08-16 17:36:46.827 [warning] [Decorations] CAPPING events from decorations provider vscode.git 278
2023-08-16 17:36:52.063 [warning] [Decorations] CAPPING events from decorations provider vscode.git 278
2023-08-16 17:36:57.283 [warning] [Decorations] CAPPING events from decorations provider vscode.git 278
2023-08-16 17:37:02.660 [warning] [Decorations] CAPPING events from decorations provider vscode.git 278
2023-08-16 17:37:07.855 [warning] [Decorations] CAPPING events from decorations provider vscode.git 278
2023-08-16 17:37:13.068 [warning] [Decorations] CAPPING events from decorations provider vscode.git 278
2023-08-16 17:37:18.283 [warning] [Decorations] CAPPING events from decorations provider vscode.git 278
2023-08-16 17:37:23.489 [warning] [Decorations] CAPPING events from decorations provider vscode.git 278
2023-08-16 17:37:28.696 [warning] [Decorations] CAPPING events from decorations provider vscode.git 278
2023-08-16 17:37:33.890 [warning] [Decorations] CAPPING events from decorations provider vscode.git 278
2023-08-16 17:37:39.101 [warning] [Decorations] CAPPING events from decorations provider vscode.git 278
2023-08-16 17:37:44.306 [warning] [Decorations] CAPPING events from decorations provider vscode.git 278
2023-08-16 17:37:49.516 [warning] [Decorations] CAPPING events from decorations provider vscode.git 278
2023-08-16 17:37:54.768 [warning] [Decorations] CAPPING events from decorations provider vscode.git 278
2023-08-16 17:37:59.998 [warning] [Decorations] CAPPING events from decorations provider vscode.git 278
2023-08-16 17:38:05.354 [warning] [Decorations] CAPPING events from decorations provider vscode.git 278
2023-08-16 17:38:10.552 [warning] [Decorations] CAPPING events from decorations provider vscode.git 278
2023-08-16 17:38:15.763 [warning] [Decorations] CAPPING events from decorations provider vscode.git 278
2023-08-16 17:38:20.971 [warning] [Decorations] CAPPING events from decorations provider vscode.git 278
2023-08-16 17:38:26.161 [warning] [Decorations] CAPPING events from decorations provider vscode.git 278
2023-08-16 17:38:31.378 [warning] [Decorations] CAPPING events from decorations provider vscode.git 278
2023-08-16 17:38:36.578 [warning] [Decorations] CAPPING events from decorations provider vscode.git 278
2023-08-16 17:38:41.776 [warning] [Decorations] CAPPING events from decorations provider vscode.git 278
2023-08-16 17:38:46.977 [warning] [Decorations] CAPPING events from decorations provider vscode.git 278
2023-08-16 17:38:52.189 [warning] [Decorations] CAPPING events from decorations provider vscode.git 278
2023-08-16 17:38:57.436 [warning] [Decorations] CAPPING events from decorations provider vscode.git 278
2023-08-16 17:39:02.653 [warning] [Decorations] CAPPING events from decorations provider vscode.git 278
2023-08-16 17:39:08.037 [warning] [Decorations] CAPPING events from decorations provider vscode.git 278
2023-08-16 17:39:13.240 [warning] [Decorations] CAPPING events from decorations provider vscode.git 278
2023-08-16 17:39:18.464 [warning] [Decorations] CAPPING events from decorations provider vscode.git 278
2023-08-16 17:39:23.677 [warning] [Decorations] CAPPING events from decorations provider vscode.git 278
2023-08-16 17:39:28.882 [warning] [Decorations] CAPPING events from decorations provider vscode.git 278
2023-08-16 17:39:34.116 [warning] [Decorations] CAPPING events from decorations provider vscode.git 278
2023-08-16 17:39:39.320 [warning] [Decorations] CAPPING events from decorations provider vscode.git 278
2023-08-16 17:39:44.516 [warning] [Decorations] CAPPING events from decorations provider vscode.git 278
2023-08-16 17:39:49.736 [warning] [Decorations] CAPPING events from decorations provider vscode.git 278
2023-08-16 17:39:54.955 [warning] [Decorations] CAPPING events from decorations provider vscode.git 278
2023-08-16 17:40:00.239 [warning] [Decorations] CAPPING events from decorations provider vscode.git 278
2023-08-16 17:40:05.456 [warning] [Decorations] CAPPING events from decorations provider vscode.git 278
2023-08-16 17:40:10.847 [warning] [Decorations] CAPPING events from decorations provider vscode.git 278
2023-08-16 17:40:16.051 [warning] [Decorations] CAPPING events from decorations provider vscode.git 278
2023-08-16 17:40:21.252 [warning] [Decorations] CAPPING events from decorations provider vscode.git 278
2023-08-16 17:40:26.468 [warning] [Decorations] CAPPING events from decorations provider vscode.git 278
2023-08-16 17:40:31.682 [warning] [Decorations] CAPPING events from decorations provider vscode.git 278
2023-08-16 17:40:36.888 [warning] [Decorations] CAPPING events from decorations provider vscode.git 278
2023-08-16 17:40:42.096 [warning] [Decorations] CAPPING events from decorations provider vscode.git 278
2023-08-16 17:40:47.306 [warning] [Decorations] CAPPING events from decorations provider vscode.git 278
2023-08-16 17:40:52.518 [warning] [Decorations] CAPPING events from decorations provider vscode.git 278
2023-08-16 17:40:57.725 [warning] [Decorations] CAPPING events from decorations provider vscode.git 278
2023-08-16 17:41:02.979 [warning] [Decorations] CAPPING events from decorations provider vscode.git 278
2023-08-16 17:41:08.180 [warning] [Decorations] CAPPING events from decorations provider vscode.git 278
2023-08-16 17:41:13.539 [warning] [Decorations] CAPPING events from decorations provider vscode.git 278
2023-08-16 17:41:18.753 [warning] [Decorations] CAPPING events from decorations provider vscode.git 279
2023-08-16 17:41:23.972 [warning] [Decorations] CAPPING events from decorations provider vscode.git 279
2023-08-16 17:41:29.169 [warning] [Decorations] CAPPING events from decorations provider vscode.git 279
2023-08-16 17:41:34.359 [warning] [Decorations] CAPPING events from decorations provider vscode.git 279
2023-08-16 17:41:39.555 [warning] [Decorations] CAPPING events from decorations provider vscode.git 279
2023-08-16 17:41:44.783 [warning] [Decorations] CAPPING events from decorations provider vscode.git 279
2023-08-16 17:41:50.002 [warning] [Decorations] CAPPING events from decorations provider vscode.git 279
2023-08-16 17:41:55.193 [warning] [Decorations] CAPPING events from decorations provider vscode.git 279
2023-08-16 17:42:00.390 [warning] [Decorations] CAPPING events from decorations provider vscode.git 279
2023-08-16 17:42:05.635 [warning] [Decorations] CAPPING events from decorations provider vscode.git 279
2023-08-16 17:42:10.822 [warning] [Decorations] CAPPING events from decorations provider vscode.git 279
2023-08-16 17:42:21.919 [warning] [Decorations] CAPPING events from decorations provider vscode.git 279
2023-08-16 17:42:27.128 [warning] [Decorations] CAPPING events from decorations provider vscode.git 279
2023-08-16 17:42:32.329 [warning] [Decorations] CAPPING events from decorations provider vscode.git 280
2023-08-16 17:42:37.533 [warning] [Decorations] CAPPING events from decorations provider vscode.git 280
2023-08-16 17:42:42.733 [warning] [Decorations] CAPPING events from decorations provider vscode.git 280
2023-08-16 17:42:47.959 [warning] [Decorations] CAPPING events from decorations provider vscode.git 280
2023-08-16 17:42:53.170 [warning] [Decorations] CAPPING events from decorations provider vscode.git 280
2023-08-16 17:42:58.379 [warning] [Decorations] CAPPING events from decorations provider vscode.git 280
2023-08-16 17:43:03.581 [warning] [Decorations] CAPPING events from decorations provider vscode.git 280
2023-08-16 17:43:08.822 [warning] [Decorations] CAPPING events from decorations provider vscode.git 280
2023-08-16 17:43:14.027 [warning] [Decorations] CAPPING events from decorations provider vscode.git 280
2023-08-16 17:43:49.923 [warning] [Decorations] CAPPING events from decorations provider vscode.git 280
2023-08-16 17:43:55.127 [warning] [Decorations] CAPPING events from decorations provider vscode.git 280
2023-08-16 17:44:00.335 [warning] [Decorations] CAPPING events from decorations provider vscode.git 281
2023-08-16 17:44:16.605 [warning] [Decorations] CAPPING events from decorations provider vscode.git 281
2023-08-16 17:44:21.811 [warning] [Decorations] CAPPING events from decorations provider vscode.git 281
2023-08-16 17:44:27.006 [warning] [Decorations] CAPPING events from decorations provider vscode.git 281
2023-08-16 17:44:45.906 [warning] [Decorations] CAPPING events from decorations provider vscode.git 282
2023-08-16 17:44:51.241 [warning] [Decorations] CAPPING events from decorations provider vscode.git 282
2023-08-16 17:44:56.437 [warning] [Decorations] CAPPING events from decorations provider vscode.git 282
2023-08-16 17:45:01.650 [warning] [Decorations] CAPPING events from decorations provider vscode.git 282
2023-08-16 17:45:06.856 [warning] [Decorations] CAPPING events from decorations provider vscode.git 282
2023-08-16 17:45:12.044 [warning] [Decorations] CAPPING events from decorations provider vscode.git 283
2023-08-16 17:45:17.315 [warning] [Decorations] CAPPING events from decorations provider vscode.git 283
2023-08-16 17:45:22.511 [warning] [Decorations] CAPPING events from decorations provider vscode.git 283
2023-08-16 17:45:27.700 [warning] [Decorations] CAPPING events from decorations provider vscode.git 283
2023-08-16 17:45:32.898 [warning] [Decorations] CAPPING events from decorations provider vscode.git 283
2023-08-16 17:45:38.112 [warning] [Decorations] CAPPING events from decorations provider vscode.git 283
2023-08-16 17:45:43.308 [warning] [Decorations] CAPPING events from decorations provider vscode.git 283
2023-08-16 17:45:48.491 [warning] [Decorations] CAPPING events from decorations provider vscode.git 283
2023-08-16 17:45:53.820 [warning] [Decorations] CAPPING events from decorations provider vscode.git 283
2023-08-16 17:45:59.019 [warning] [Decorations] CAPPING events from decorations provider vscode.git 283
2023-08-16 17:46:04.234 [warning] [Decorations] CAPPING events from decorations provider vscode.git 283
2023-08-16 17:46:09.447 [warning] [Decorations] CAPPING events from decorations provider vscode.git 284
2023-08-16 17:46:14.647 [warning] [Decorations] CAPPING events from decorations provider vscode.git 284
2023-08-16 17:46:19.888 [warning] [Decorations] CAPPING events from decorations provider vscode.git 284
2023-08-16 17:46:25.088 [warning] [Decorations] CAPPING events from decorations provider vscode.git 284
2023-08-16 17:46:30.298 [warning] [Decorations] CAPPING events from decorations provider vscode.git 284
2023-08-16 17:46:35.521 [warning] [Decorations] CAPPING events from decorations provider vscode.git 284
2023-08-16 17:50:55.198 [warning] [Decorations] CAPPING events from decorations provider vscode.git 294
2023-08-16 17:51:47.896 [warning] [Decorations] CAPPING events from decorations provider vscode.git 294
2023-08-16 17:52:02.177 [warning] [Decorations] CAPPING events from decorations provider vscode.git 294
2023-08-16 17:52:07.395 [warning] [Decorations] CAPPING events from decorations provider vscode.git 294
2023-08-16 17:52:14.908 [warning] [Decorations] CAPPING events from decorations provider vscode.git 294
2023-08-16 17:53:20.658 [warning] [Decorations] CAPPING events from decorations provider vscode.git 294
2023-08-16 17:53:25.860 [warning] [Decorations] CAPPING events from decorations provider vscode.git 294
2023-08-16 17:53:36.913 [warning] [Decorations] CAPPING events from decorations provider vscode.git 294
2023-08-16 17:54:37.218 [warning] [Decorations] CAPPING events from decorations provider vscode.git 295
2023-08-16 17:55:25.993 [warning] [Decorations] CAPPING events from decorations provider vscode.git 296
2023-08-16 17:56:02.837 [warning] [Decorations] CAPPING events from decorations provider vscode.git 298
2023-08-16 17:56:08.032 [warning] [Decorations] CAPPING events from decorations provider vscode.git 298
2023-08-16 17:56:13.242 [warning] [Decorations] CAPPING events from decorations provider vscode.git 301
2023-08-16 17:56:24.564 [warning] [Decorations] CAPPING events from decorations provider vscode.git 301
2023-08-16 17:56:29.775 [warning] [Decorations] CAPPING events from decorations provider vscode.git 301
2023-08-16 17:56:34.991 [warning] [Decorations] CAPPING events from decorations provider vscode.git 301
2023-08-16 17:56:42.719 [warning] [Decorations] CAPPING events from decorations provider vscode.git 304
2023-08-16 17:56:49.636 [warning] [Decorations] CAPPING events from decorations provider vscode.git 304
2023-08-16 17:56:54.844 [warning] [Decorations] CAPPING events from decorations provider vscode.git 304
2023-08-16 17:57:27.181 [warning] [Decorations] CAPPING events from decorations provider vscode.git 305
2023-08-16 17:57:32.376 [warning] [Decorations] CAPPING events from decorations provider vscode.git 304
2023-08-16 17:57:38.554 [warning] [Decorations] CAPPING events from decorations provider vscode.git 304
2023-08-16 17:57:43.924 [warning] [Decorations] CAPPING events from decorations provider vscode.git 256
2023-08-16 17:57:49.297 [warning] [Decorations] CAPPING events from decorations provider vscode.git 256
2023-08-16 17:57:54.673 [warning] [Decorations] CAPPING events from decorations provider vscode.git 256
2023-08-16 17:58:00.120 [warning] [Decorations] CAPPING events from decorations provider vscode.git 256
2023-08-16 17:58:05.690 [warning] [Decorations] CAPPING events from decorations provider vscode.git 256
2023-08-16 17:58:11.098 [warning] [Decorations] CAPPING events from decorations provider vscode.git 256
2023-08-16 17:58:16.471 [warning] [Decorations] CAPPING events from decorations provider vscode.git 256
2023-08-16 17:58:21.870 [warning] [Decorations] CAPPING events from decorations provider vscode.git 256
2023-08-16 17:58:27.257 [warning] [Decorations] CAPPING events from decorations provider vscode.git 256
2023-08-16 17:58:32.626 [warning] [Decorations] CAPPING events from decorations provider vscode.git 256
2023-08-16 17:58:37.989 [warning] [Decorations] CAPPING events from decorations provider vscode.git 256
2023-08-16 17:58:43.187 [warning] [Decorations] CAPPING events from decorations provider vscode.git 256
