2023-08-16 17:46:39.411 [info] Extension host with pid 11212 started
2023-08-16 17:46:39.416 [error] Error: EEXIST: file already exists, open '/var/www/.local/share/code-server/User/workspaceStorage/5e324e47/vscode.lock'
2023-08-16 17:46:39.421 [info] Lock '/var/www/.local/share/code-server/User/workspaceStorage/5e324e47/vscode.lock': Could not acquire lock, checking if the file is stale.
2023-08-16 17:46:39.425 [info] Lock '/var/www/.local/share/code-server/User/workspaceStorage/5e324e47/vscode.lock': The lock does not look stale, elapsed: 135 ms, giving up.
2023-08-16 17:46:39.434 [info] Lock '/var/www/.local/share/code-server/User/workspaceStorage/5e324e47-1/vscode.lock': Lock acquired.
2023-08-16 17:46:39.536 [info] ExtensionService#_doActivateExtension vscode.php-language-features, startup: false, activationEvent: 'onLanguage:php'
2023-08-16 17:46:39.538 [info] ExtensionService#_doActivateExtension vscode.emmet, startup: false, activationEvent: 'onLanguage'
2023-08-16 17:46:39.861 [info] ExtensionService#_doActivateExtension vscode.git-base, startup: true, activationEvent: '*', root cause: vscode.git
2023-08-16 17:46:39.910 [info] ExtensionService#_doActivateExtension vscode.git, startup: true, activationEvent: '*'
2023-08-16 17:46:39.910 [info] ExtensionService#_doActivateExtension vscode.github, startup: true, activationEvent: '*'
2023-08-16 17:46:40.132 [info] Eager extensions activated
2023-08-16 17:46:40.133 [info] ExtensionService#_doActivateExtension vscode.debug-auto-launch, startup: false, activationEvent: 'onStartupFinished'
2023-08-16 17:46:40.133 [info] ExtensionService#_doActivateExtension vscode.merge-conflict, startup: false, activationEvent: 'onStartupFinished'
2023-08-16 17:46:40.445 [warning] [Decorations] CAPPING events from decorations provider vscode.git 286
2023-08-16 17:46:40.662 [warning] [Decorations] CAPPING events from decorations provider vscode.git 288
2023-08-16 17:46:43.927 [warning] [Decorations] CAPPING events from decorations provider vscode.git 288
2023-08-16 17:50:55.199 [warning] [Decorations] CAPPING events from decorations provider vscode.git 294
2023-08-16 17:51:47.896 [warning] [Decorations] CAPPING events from decorations provider vscode.git 294
2023-08-16 17:52:02.176 [warning] [Decorations] CAPPING events from decorations provider vscode.git 294
2023-08-16 17:52:07.396 [warning] [Decorations] CAPPING events from decorations provider vscode.git 294
2023-08-16 17:52:14.908 [warning] [Decorations] CAPPING events from decorations provider vscode.git 294
2023-08-16 17:53:04.107 [warning] [Decorations] CAPPING events from decorations provider vscode.git 294
2023-08-16 17:53:09.336 [warning] [Decorations] CAPPING events from decorations provider vscode.git 294
2023-08-16 17:53:36.913 [warning] [Decorations] CAPPING events from decorations provider vscode.git 294
2023-08-16 17:54:37.223 [warning] [Decorations] CAPPING events from decorations provider vscode.git 295
2023-08-16 17:55:25.994 [warning] [Decorations] CAPPING events from decorations provider vscode.git 296
2023-08-16 17:56:01.175 [warning] [Decorations] CAPPING events from decorations provider vscode.git 298
2023-08-16 17:56:06.382 [warning] [Decorations] CAPPING events from decorations provider vscode.git 298
2023-08-16 17:56:11.582 [warning] [Decorations] CAPPING events from decorations provider vscode.git 301
2023-08-16 17:56:16.939 [warning] [Decorations] CAPPING events from decorations provider vscode.git 301
2023-08-16 17:56:22.171 [warning] [Decorations] CAPPING events from decorations provider vscode.git 301
2023-08-16 17:56:27.388 [warning] [Decorations] CAPPING events from decorations provider vscode.git 301
2023-08-16 17:56:32.596 [warning] [Decorations] CAPPING events from decorations provider vscode.git 301
2023-08-16 17:56:37.796 [warning] [Decorations] CAPPING events from decorations provider vscode.git 304
2023-08-16 17:56:43.012 [warning] [Decorations] CAPPING events from decorations provider vscode.git 304
2023-08-16 17:56:48.201 [warning] [Decorations] CAPPING events from decorations provider vscode.git 304
2023-08-16 17:56:53.418 [warning] [Decorations] CAPPING events from decorations provider vscode.git 304
2023-08-16 17:56:58.618 [warning] [Decorations] CAPPING events from decorations provider vscode.git 305
2023-08-16 17:57:04.007 [warning] [Decorations] CAPPING events from decorations provider vscode.git 304
2023-08-16 17:57:09.205 [warning] [Decorations] CAPPING events from decorations provider vscode.git 304
2023-08-16 17:57:14.409 [warning] [Decorations] CAPPING events from decorations provider vscode.git 304
2023-08-16 17:57:19.615 [warning] [Decorations] CAPPING events from decorations provider vscode.git 304
2023-08-16 17:57:24.830 [warning] [Decorations] CAPPING events from decorations provider vscode.git 304
2023-08-16 17:57:30.034 [warning] [Decorations] CAPPING events from decorations provider vscode.git 304
2023-08-16 17:57:35.230 [warning] [Decorations] CAPPING events from decorations provider vscode.git 304
2023-08-16 17:57:40.615 [warning] [Decorations] CAPPING events from decorations provider vscode.git 304
2023-08-16 17:57:46.019 [warning] [Decorations] CAPPING events from decorations provider vscode.git 256
2023-08-16 17:57:51.396 [warning] [Decorations] CAPPING events from decorations provider vscode.git 256
2023-08-16 17:57:56.780 [warning] [Decorations] CAPPING events from decorations provider vscode.git 256
2023-08-16 17:58:02.178 [warning] [Decorations] CAPPING events from decorations provider vscode.git 256
2023-08-16 17:58:07.533 [warning] [Decorations] CAPPING events from decorations provider vscode.git 256
2023-08-16 17:58:12.915 [warning] [Decorations] CAPPING events from decorations provider vscode.git 256
2023-08-16 17:58:18.308 [warning] [Decorations] CAPPING events from decorations provider vscode.git 256
2023-08-16 17:58:23.679 [warning] [Decorations] CAPPING events from decorations provider vscode.git 256
2023-08-16 17:58:29.036 [warning] [Decorations] CAPPING events from decorations provider vscode.git 256
2023-08-16 17:58:34.410 [warning] [Decorations] CAPPING events from decorations provider vscode.git 256
2023-08-16 17:58:39.784 [warning] [Decorations] CAPPING events from decorations provider vscode.git 256
2023-08-16 17:58:44.976 [warning] [Decorations] CAPPING events from decorations provider vscode.git 256
