2023-08-07 14:31:41.102 [info] Log level: Info
2023-08-07 14:31:41.102 [info] Validating found git in: "git"
2023-08-07 14:31:41.102 [info] Using git "2.30.2" from "git"
2023-08-07 14:31:41.102 [info] > git rev-parse --show-toplevel [35ms]
2023-08-07 14:31:41.102 [info] fatal: not a git repository (or any parent up to mount point /var)
Stopping at filesystem boundary (GIT_DISCOVERY_ACROSS_FILESYSTEM not set).
2023-08-07 14:31:41.102 [info] > git rev-parse --show-toplevel [5ms]
2023-08-07 14:31:41.102 [info] fatal: not a git repository (or any parent up to mount point /var)
Stopping at filesystem boundary (GIT_DISCOVERY_ACROSS_FILESYSTEM not set).
2023-08-07 14:31:41.102 [info] > git rev-parse --show-toplevel [1ms]
2023-08-07 14:31:41.102 [info] fatal: not a git repository (or any parent up to mount point /var)
Stopping at filesystem boundary (GIT_DISCOVERY_ACROSS_FILESYSTEM not set).
2023-08-07 14:31:41.102 [info] > git rev-parse --show-toplevel [6ms]
2023-08-07 14:31:41.102 [info] fatal: not a git repository (or any parent up to mount point /var)
Stopping at filesystem boundary (GIT_DISCOVERY_ACROSS_FILESYSTEM not set).
2023-08-07 14:31:41.102 [info] > git rev-parse --show-toplevel [2ms]
2023-08-07 14:31:41.102 [info] fatal: not a git repository (or any parent up to mount point /var)
Stopping at filesystem boundary (GIT_DISCOVERY_ACROSS_FILESYSTEM not set).
2023-08-07 14:31:41.102 [info] > git rev-parse --show-toplevel [1ms]
2023-08-07 14:31:41.103 [info] fatal: not a git repository (or any parent up to mount point /var)
Stopping at filesystem boundary (GIT_DISCOVERY_ACROSS_FILESYSTEM not set).
2023-08-07 14:31:41.190 [info] > git rev-parse --show-toplevel [1ms]
2023-08-07 14:31:41.190 [info] fatal: not a git repository (or any parent up to mount point /var)
Stopping at filesystem boundary (GIT_DISCOVERY_ACROSS_FILESYSTEM not set).
2023-08-07 14:31:41.220 [info] > git rev-parse --show-toplevel [2ms]
2023-08-07 14:31:41.220 [info] fatal: not a git repository (or any parent up to mount point /var)
Stopping at filesystem boundary (GIT_DISCOVERY_ACROSS_FILESYSTEM not set).
2023-08-07 14:32:02.840 [info] > git rev-parse --show-toplevel [5ms]
2023-08-07 14:32:02.840 [info] fatal: not a git repository (or any parent up to mount point /var)
Stopping at filesystem boundary (GIT_DISCOVERY_ACROSS_FILESYSTEM not set).
2023-08-07 14:32:34.831 [info] > git rev-parse --show-toplevel [6ms]
2023-08-07 14:32:34.831 [info] fatal: not a git repository (or any parent up to mount point /var)
Stopping at filesystem boundary (GIT_DISCOVERY_ACROSS_FILESYSTEM not set).
2023-08-07 14:32:42.294 [info] > git rev-parse --show-toplevel [1ms]
2023-08-07 14:32:42.294 [info] fatal: not a git repository (or any parent up to mount point /var)
Stopping at filesystem boundary (GIT_DISCOVERY_ACROSS_FILESYSTEM not set).
2023-08-07 14:33:16.060 [info] > git rev-parse --show-toplevel [21ms]
2023-08-07 14:33:16.068 [info] > git rev-parse --git-dir --git-common-dir [1ms]
2023-08-07 14:33:16.081 [info] Open repository: /var/www/html/webAppDev/WebDev-Examples original
2023-08-07 14:33:16.096 [info] > git config --get commit.template [6ms]
2023-08-07 14:33:16.301 [info] > git for-each-ref --format=%(refname)%00%(upstream:short)%00%(objectname)%00%(upstream:track)%00%(upstream:remotename)%00%(upstream:remoteref) refs/heads/master refs/remotes/master [207ms]
2023-08-07 14:33:16.675 [info] > git check-ignore -v -z --stdin [20ms]
2023-08-07 14:33:16.677 [info] > git show --textconv :week3/gb-text-safe-comb/index.php [10ms]
2023-08-07 14:33:16.678 [info] > git ls-files --stage -- /var/www/html/webAppDev/WebDev-Examples original/week3/gb-text-safe-comb/index.php [5ms]
2023-08-07 14:33:16.687 [info] > git cat-file -s f2fc725ce43a2ea2cb5e22bbe26b2b6cd5310b65 [4ms]
2023-08-07 14:33:16.974 [info] > git show --textconv :week3/gb-text-safe-comb/includes/defs.php [7ms]
2023-08-07 14:33:16.976 [info] > git ls-files --stage -- /var/www/html/webAppDev/WebDev-Examples original/week3/gb-text-safe-comb/includes/defs.php [3ms]
2023-08-07 14:33:16.984 [info] > git cat-file -s b2df2ea74b5b4a6d634563af3f32503f53883a83 [4ms]
2023-08-07 14:33:18.033 [info] > git status -z -uall [1725ms]
2023-08-07 14:33:18.053 [info] > git config --get commit.template [7ms]
2023-08-07 14:33:18.057 [info] > git for-each-ref --format=%(refname)%00%(upstream:short)%00%(objectname)%00%(upstream:track)%00%(upstream:remotename)%00%(upstream:remoteref) refs/heads/master refs/remotes/master [4ms]
2023-08-07 14:33:18.105 [info] > git status -z -uall [44ms]
2023-08-07 14:33:24.214 [info] > git show --textconv :week3/gb-text-safe-comb/add_message.php [6ms]
2023-08-07 14:33:24.215 [info] > git ls-files --stage -- /var/www/html/webAppDev/WebDev-Examples original/week3/gb-text-safe-comb/add_message.php [3ms]
2023-08-07 14:33:24.223 [info] > git cat-file -s 9d356d0d2b39fbe5e4be4fbd97092404d70223d3 [4ms]
2023-08-07 14:33:40.054 [info] > git rev-parse --show-toplevel [1ms]
2023-08-07 14:33:40.054 [info] fatal: not a git repository (or any parent up to mount point /var)
Stopping at filesystem boundary (GIT_DISCOVERY_ACROSS_FILESYSTEM not set).
2023-08-07 14:33:46.224 [info] > git rev-parse --show-toplevel [2ms]
2023-08-07 14:33:46.225 [info] fatal: not a git repository (or any parent up to mount point /var)
Stopping at filesystem boundary (GIT_DISCOVERY_ACROSS_FILESYSTEM not set).
2023-08-07 14:34:03.401 [info] > git rev-parse --show-toplevel [5ms]
2023-08-07 14:34:03.401 [info] fatal: not a git repository (or any parent up to mount point /var)
Stopping at filesystem boundary (GIT_DISCOVERY_ACROSS_FILESYSTEM not set).
2023-08-07 14:34:09.780 [info] > git rev-parse --show-toplevel [2ms]
2023-08-07 14:34:09.781 [info] fatal: not a git repository (or any parent up to mount point /var)
Stopping at filesystem boundary (GIT_DISCOVERY_ACROSS_FILESYSTEM not set).
2023-08-07 14:34:13.819 [info] > git rev-parse --show-toplevel [2ms]
2023-08-07 14:34:13.819 [info] fatal: not a git repository (or any parent up to mount point /var)
Stopping at filesystem boundary (GIT_DISCOVERY_ACROSS_FILESYSTEM not set).
2023-08-07 14:36:18.450 [info] > git rev-parse --show-toplevel [1ms]
2023-08-07 14:36:18.450 [info] fatal: not a git repository (or any parent up to mount point /var)
Stopping at filesystem boundary (GIT_DISCOVERY_ACROSS_FILESYSTEM not set).
2023-08-07 14:51:31.761 [info] > git rev-parse --show-toplevel [2ms]
2023-08-07 14:51:31.761 [info] fatal: not a git repository (or any parent up to mount point /var)
Stopping at filesystem boundary (GIT_DISCOVERY_ACROSS_FILESYSTEM not set).
2023-08-07 14:56:57.418 [info] > git rev-parse --show-toplevel [2ms]
2023-08-07 14:56:57.418 [info] fatal: not a git repository (or any parent up to mount point /var)
Stopping at filesystem boundary (GIT_DISCOVERY_ACROSS_FILESYSTEM not set).
2023-08-07 14:56:58.712 [info] > git rev-parse --show-toplevel [1ms]
2023-08-07 14:56:58.712 [info] fatal: not a git repository (or any parent up to mount point /var)
Stopping at filesystem boundary (GIT_DISCOVERY_ACROSS_FILESYSTEM not set).
2023-08-07 14:57:38.190 [info] > git rev-parse --show-toplevel [1ms]
2023-08-07 14:57:38.190 [info] fatal: not a git repository (or any parent up to mount point /var)
Stopping at filesystem boundary (GIT_DISCOVERY_ACROSS_FILESYSTEM not set).
2023-08-07 14:57:43.002 [info] > git rev-parse --show-toplevel [1ms]
2023-08-07 14:57:43.002 [info] fatal: not a git repository (or any parent up to mount point /var)
Stopping at filesystem boundary (GIT_DISCOVERY_ACROSS_FILESYSTEM not set).
2023-08-07 14:57:53.600 [info] > git rev-parse --show-toplevel [2ms]
2023-08-07 14:57:53.600 [info] fatal: not a git repository (or any parent up to mount point /var)
Stopping at filesystem boundary (GIT_DISCOVERY_ACROSS_FILESYSTEM not set).
2023-08-07 14:57:58.183 [info] > git rev-parse --show-toplevel [2ms]
2023-08-07 14:57:58.183 [info] fatal: not a git repository (or any parent up to mount point /var)
Stopping at filesystem boundary (GIT_DISCOVERY_ACROSS_FILESYSTEM not set).
2023-08-07 14:58:02.882 [info] > git rev-parse --show-toplevel [1ms]
2023-08-07 14:58:02.882 [info] fatal: not a git repository (or any parent up to mount point /var)
Stopping at filesystem boundary (GIT_DISCOVERY_ACROSS_FILESYSTEM not set).
2023-08-07 14:58:50.917 [info] > git rev-parse --show-toplevel [2ms]
2023-08-07 14:58:50.918 [info] fatal: not a git repository (or any parent up to mount point /var)
Stopping at filesystem boundary (GIT_DISCOVERY_ACROSS_FILESYSTEM not set).
2023-08-07 14:59:57.692 [info] > git rev-parse --show-toplevel [2ms]
2023-08-07 14:59:57.692 [info] fatal: not a git repository (or any parent up to mount point /var)
Stopping at filesystem boundary (GIT_DISCOVERY_ACROSS_FILESYSTEM not set).
2023-08-07 15:00:22.903 [info] > git check-ignore -v -z --stdin [4ms]
2023-08-07 15:00:24.058 [info] > git check-ignore -v -z --stdin [2ms]
2023-08-07 15:00:24.675 [info] > git ls-files --stage -- /var/www/html/webAppDev/WebDev-Examples original/week3/factorise/includes/defs.php [2ms]
2023-08-07 15:00:24.680 [info] > git show --textconv :week3/factorise/includes/defs.php [13ms]
2023-08-07 15:00:24.683 [info] > git cat-file -s a6dc9a7ab811d2c2d265dcafef0fc6feba6d6794 [4ms]
2023-08-07 15:00:53.093 [info] > git rev-parse --show-toplevel [1ms]
2023-08-07 15:00:53.093 [info] fatal: not a git repository (or any parent up to mount point /var)
Stopping at filesystem boundary (GIT_DISCOVERY_ACROSS_FILESYSTEM not set).
2023-08-07 15:01:46.277 [info] > git rev-parse --show-toplevel [2ms]
2023-08-07 15:01:46.277 [info] fatal: not a git repository (or any parent up to mount point /var)
Stopping at filesystem boundary (GIT_DISCOVERY_ACROSS_FILESYSTEM not set).
2023-08-07 15:01:49.065 [info] > git rev-parse --show-toplevel [1ms]
2023-08-07 15:01:49.065 [info] fatal: not a git repository (or any parent up to mount point /var)
Stopping at filesystem boundary (GIT_DISCOVERY_ACROSS_FILESYSTEM not set).
2023-08-07 15:03:51.522 [info] > git rev-parse --show-toplevel [2ms]
2023-08-07 15:03:51.522 [info] fatal: not a git repository (or any parent up to mount point /var)
Stopping at filesystem boundary (GIT_DISCOVERY_ACROSS_FILESYSTEM not set).
2023-08-07 15:05:17.368 [info] > git rev-parse --show-toplevel [5ms]
2023-08-07 15:05:17.368 [info] fatal: not a git repository (or any parent up to mount point /var)
Stopping at filesystem boundary (GIT_DISCOVERY_ACROSS_FILESYSTEM not set).
2023-08-07 15:05:21.523 [info] > git rev-parse --show-toplevel [2ms]
2023-08-07 15:05:21.523 [info] fatal: not a git repository (or any parent up to mount point /var)
Stopping at filesystem boundary (GIT_DISCOVERY_ACROSS_FILESYSTEM not set).
2023-08-07 15:05:24.008 [info] > git rev-parse --show-toplevel [1ms]
2023-08-07 15:05:24.008 [info] fatal: not a git repository (or any parent up to mount point /var)
Stopping at filesystem boundary (GIT_DISCOVERY_ACROSS_FILESYSTEM not set).
2023-08-07 15:05:27.267 [info] > git rev-parse --show-toplevel [2ms]
2023-08-07 15:05:27.267 [info] fatal: not a git repository (or any parent up to mount point /var)
Stopping at filesystem boundary (GIT_DISCOVERY_ACROSS_FILESYSTEM not set).
2023-08-07 15:06:38.284 [info] > git rev-parse --show-toplevel [2ms]
2023-08-07 15:06:38.284 [info] fatal: not a git repository (or any parent up to mount point /var)
Stopping at filesystem boundary (GIT_DISCOVERY_ACROSS_FILESYSTEM not set).
2023-08-07 15:06:43.800 [info] > git rev-parse --show-toplevel [2ms]
2023-08-07 15:06:43.801 [info] fatal: not a git repository (or any parent up to mount point /var)
Stopping at filesystem boundary (GIT_DISCOVERY_ACROSS_FILESYSTEM not set).
2023-08-07 15:06:56.126 [info] > git rev-parse --show-toplevel [1ms]
2023-08-07 15:06:56.126 [info] fatal: not a git repository (or any parent up to mount point /var)
Stopping at filesystem boundary (GIT_DISCOVERY_ACROSS_FILESYSTEM not set).
2023-08-07 15:07:36.403 [info] > git rev-parse --show-toplevel [1ms]
2023-08-07 15:07:36.404 [info] fatal: not a git repository (or any parent up to mount point /var)
Stopping at filesystem boundary (GIT_DISCOVERY_ACROSS_FILESYSTEM not set).
2023-08-07 15:07:58.039 [info] > git rev-parse --show-toplevel [2ms]
2023-08-07 15:07:58.040 [info] fatal: not a git repository (or any parent up to mount point /var)
Stopping at filesystem boundary (GIT_DISCOVERY_ACROSS_FILESYSTEM not set).
2023-08-07 15:08:19.051 [info] > git rev-parse --show-toplevel [1ms]
2023-08-07 15:08:19.051 [info] fatal: not a git repository (or any parent up to mount point /var)
Stopping at filesystem boundary (GIT_DISCOVERY_ACROSS_FILESYSTEM not set).
2023-08-07 15:08:23.516 [info] > git rev-parse --show-toplevel [2ms]
2023-08-07 15:08:23.516 [info] fatal: not a git repository (or any parent up to mount point /var)
Stopping at filesystem boundary (GIT_DISCOVERY_ACROSS_FILESYSTEM not set).
2023-08-07 15:08:31.934 [info] > git rev-parse --show-toplevel [1ms]
2023-08-07 15:08:31.935 [info] fatal: not a git repository (or any parent up to mount point /var)
Stopping at filesystem boundary (GIT_DISCOVERY_ACROSS_FILESYSTEM not set).
2023-08-07 17:31:22.894 [info] > git rev-parse --show-toplevel [2ms]
2023-08-07 17:31:22.895 [info] fatal: not a git repository (or any parent up to mount point /var)
Stopping at filesystem boundary (GIT_DISCOVERY_ACROSS_FILESYSTEM not set).
2023-08-07 17:31:49.441 [info] > git ls-files --stage -- /var/www/html/webAppDev/WebDev-Examples original/week3/gb-text-safe-comb/add_message.php [3ms]
2023-08-07 17:31:49.446 [info] > git show --textconv :week3/gb-text-safe-comb/add_message.php [13ms]
2023-08-07 17:31:49.448 [info] > git cat-file -s 9d356d0d2b39fbe5e4be4fbd97092404d70223d3 [3ms]
2023-08-07 17:32:06.326 [info] > git check-ignore -v -z --stdin [3ms]
2023-08-07 17:32:46.022 [info] > git check-ignore -v -z --stdin [5ms]
2023-08-07 17:32:47.374 [info] > git check-ignore -v -z --stdin [3ms]
2023-08-07 17:32:50.625 [info] > git show --textconv :week3/gb-text/includes/defs.php [7ms]
2023-08-07 17:32:50.627 [info] > git ls-files --stage -- /var/www/html/webAppDev/WebDev-Examples original/week3/gb-text/includes/defs.php [2ms]
2023-08-07 17:32:50.652 [info] > git cat-file -s d1cdca2cb21f518f850913a5b46e27029849f602 [20ms]
2023-08-07 17:34:24.005 [info] > git ls-files --stage -- /var/www/html/webAppDev/WebDev-Examples original/week3/gb-text-safe-comb/index.php [3ms]
2023-08-07 17:34:24.010 [info] > git show --textconv :week3/gb-text-safe-comb/index.php [14ms]
2023-08-07 17:34:24.013 [info] > git cat-file -s f2fc725ce43a2ea2cb5e22bbe26b2b6cd5310b65 [4ms]
2023-08-07 17:34:46.979 [info] > git show --textconv :week3/gb-text-safe-comb/add_message.php [5ms]
2023-08-07 17:34:46.981 [info] > git ls-files --stage -- /var/www/html/webAppDev/WebDev-Examples original/week3/gb-text-safe-comb/add_message.php [3ms]
2023-08-07 17:34:46.988 [info] > git cat-file -s 9d356d0d2b39fbe5e4be4fbd97092404d70223d3 [3ms]
2023-08-07 17:36:03.224 [info] > git ls-files --stage -- /var/www/html/webAppDev/WebDev-Examples original/week3/gb-text-safe/index.php [2ms]
2023-08-07 17:36:03.230 [info] > git show --textconv :week3/gb-text-safe/index.php [14ms]
2023-08-07 17:36:03.232 [info] > git cat-file -s 75837b0192f404fd6d5c4b01929bc0126ab7bfc2 [3ms]
2023-08-07 17:36:08.572 [info] > git show --textconv :week3/gb-text-safe/add_form.html [6ms]
2023-08-07 17:36:08.574 [info] > git ls-files --stage -- /var/www/html/webAppDev/WebDev-Examples original/week3/gb-text-safe/add_form.html [2ms]
2023-08-07 17:36:08.583 [info] > git cat-file -s a475abb54e0dfd0dacf3326e8c78c221ff13857a [4ms]
2023-08-07 17:36:31.085 [info] > git show --textconv :week3/gb-text-safe/add_action.php [6ms]
2023-08-07 17:36:31.087 [info] > git ls-files --stage -- /var/www/html/webAppDev/WebDev-Examples original/week3/gb-text-safe/add_action.php [2ms]
2023-08-07 17:36:31.096 [info] > git cat-file -s 050eca618dccb49e56e5ce50079d439fc7815994 [4ms]
2023-08-07 17:36:35.843 [info] > git check-ignore -v -z --stdin [3ms]
2023-08-07 17:36:47.843 [info] > git show --textconv :week3/gb-text-safe/includes/defs.php [8ms]
2023-08-07 17:36:47.844 [info] > git ls-files --stage -- /var/www/html/webAppDev/WebDev-Examples original/week3/gb-text-safe/includes/defs.php [2ms]
2023-08-07 17:36:47.852 [info] > git cat-file -s 1d04674c4e4650780061d33a0c5a856632e28be4 [3ms]
2023-08-07 17:39:09.431 [info] > git ls-files --stage -- /var/www/html/webAppDev/WebDev-Examples original/week3/gb-text-safe/index.php [2ms]
2023-08-07 17:39:09.436 [info] > git show --textconv :week3/gb-text-safe/index.php [13ms]
2023-08-07 17:39:09.439 [info] > git cat-file -s 75837b0192f404fd6d5c4b01929bc0126ab7bfc2 [4ms]
2023-08-07 17:40:33.000 [info] > git show --textconv :week3/gb-text-safe/messages.txt [8ms]
2023-08-07 17:40:33.001 [info] > git ls-files --stage -- /var/www/html/webAppDev/WebDev-Examples original/week3/gb-text-safe/messages.txt [4ms]
2023-08-07 17:40:33.011 [info] > git cat-file -s da6b82c06ed15dfba57eb0323116a7ed29268e4d [5ms]
2023-08-07 17:40:34.014 [info] > git show --textconv :week3/gb-text-safe/index.php [5ms]
2023-08-07 17:40:34.016 [info] > git ls-files --stage -- /var/www/html/webAppDev/WebDev-Examples original/week3/gb-text-safe/index.php [2ms]
2023-08-07 17:40:34.024 [info] > git cat-file -s 75837b0192f404fd6d5c4b01929bc0126ab7bfc2 [3ms]
2023-08-07 17:41:01.400 [info] > git show --textconv :week3/gb-text-safe/add_form.html [8ms]
2023-08-07 17:41:01.402 [info] > git ls-files --stage -- /var/www/html/webAppDev/WebDev-Examples original/week3/gb-text-safe/add_form.html [1ms]
2023-08-07 17:41:01.410 [info] > git cat-file -s a475abb54e0dfd0dacf3326e8c78c221ff13857a [3ms]
2023-08-07 17:41:03.140 [info] > git show --textconv :week3/gb-text-safe/index.php [6ms]
2023-08-07 17:41:03.142 [info] > git ls-files --stage -- /var/www/html/webAppDev/WebDev-Examples original/week3/gb-text-safe/index.php [2ms]
2023-08-07 17:41:03.149 [info] > git cat-file -s 75837b0192f404fd6d5c4b01929bc0126ab7bfc2 [3ms]
2023-08-07 18:15:06.494 [info] > git show --textconv :week3/gb-text-safe/add_action.php [8ms]
2023-08-07 18:15:06.496 [info] > git ls-files --stage -- /var/www/html/webAppDev/WebDev-Examples original/week3/gb-text-safe/add_action.php [3ms]
2023-08-07 18:15:06.505 [info] > git cat-file -s 050eca618dccb49e56e5ce50079d439fc7815994 [4ms]
2023-08-07 18:15:11.877 [info] > git show --textconv :week3/gb-text-safe/includes/defs.php [8ms]
2023-08-07 18:15:11.878 [info] > git ls-files --stage -- /var/www/html/webAppDev/WebDev-Examples original/week3/gb-text-safe/includes/defs.php [3ms]
2023-08-07 18:15:11.886 [info] > git cat-file -s 1d04674c4e4650780061d33a0c5a856632e28be4 [3ms]
2023-08-07 18:15:16.316 [info] > git show --textconv :week3/gb-text-safe/add_form.html [6ms]
2023-08-07 18:15:16.318 [info] > git ls-files --stage -- /var/www/html/webAppDev/WebDev-Examples original/week3/gb-text-safe/add_form.html [3ms]
2023-08-07 18:15:16.326 [info] > git cat-file -s a475abb54e0dfd0dacf3326e8c78c221ff13857a [4ms]
2023-08-07 18:16:06.417 [info] > git rev-parse --show-toplevel [1ms]
2023-08-07 18:16:06.417 [info] fatal: not a git repository (or any parent up to mount point /var)
Stopping at filesystem boundary (GIT_DISCOVERY_ACROSS_FILESYSTEM not set).
2023-08-07 18:17:05.369 [info] > git rev-parse --show-toplevel [5ms]
2023-08-07 18:17:05.369 [info] fatal: not a git repository (or any parent up to mount point /var)
Stopping at filesystem boundary (GIT_DISCOVERY_ACROSS_FILESYSTEM not set).
2023-08-07 18:18:18.292 [info] > git rev-parse --show-toplevel [5ms]
2023-08-07 18:18:18.292 [info] fatal: not a git repository (or any parent up to mount point /var)
Stopping at filesystem boundary (GIT_DISCOVERY_ACROSS_FILESYSTEM not set).
2023-08-07 18:23:05.365 [info] > git rev-parse --show-toplevel [3ms]
2023-08-07 18:23:05.365 [info] fatal: not a git repository (or any parent up to mount point /var)
Stopping at filesystem boundary (GIT_DISCOVERY_ACROSS_FILESYSTEM not set).
2023-08-07 18:23:10.530 [info] > git rev-parse --show-toplevel [1ms]
2023-08-07 18:23:10.531 [info] fatal: not a git repository (or any parent up to mount point /var)
Stopping at filesystem boundary (GIT_DISCOVERY_ACROSS_FILESYSTEM not set).
2023-08-07 18:24:42.569 [info] > git rev-parse --show-toplevel [1ms]
2023-08-07 18:24:42.569 [info] fatal: not a git repository (or any parent up to mount point /var)
Stopping at filesystem boundary (GIT_DISCOVERY_ACROSS_FILESYSTEM not set).
2023-08-07 18:24:43.536 [info] > git rev-parse --show-toplevel [2ms]
2023-08-07 18:24:43.536 [info] fatal: not a git repository (or any parent up to mount point /var)
Stopping at filesystem boundary (GIT_DISCOVERY_ACROSS_FILESYSTEM not set).
2023-08-07 18:31:59.086 [info] > git ls-files --stage -- /var/www/html/webAppDev/WebDev-Examples original/week3/gb-text-safe/includes/defs.php [2ms]
2023-08-07 18:31:59.092 [info] > git show --textconv :week3/gb-text-safe/includes/defs.php [14ms]
2023-08-07 18:31:59.094 [info] > git cat-file -s 1d04674c4e4650780061d33a0c5a856632e28be4 [2ms]
2023-08-07 18:34:50.118 [info] > git rev-parse --show-toplevel [6ms]
2023-08-07 18:34:50.119 [info] fatal: not a git repository (or any parent up to mount point /var)
Stopping at filesystem boundary (GIT_DISCOVERY_ACROSS_FILESYSTEM not set).
2023-08-07 18:35:03.749 [info] > git rev-parse --show-toplevel [5ms]
2023-08-07 18:35:03.750 [info] fatal: not a git repository (or any parent up to mount point /var)
Stopping at filesystem boundary (GIT_DISCOVERY_ACROSS_FILESYSTEM not set).
2023-08-07 18:35:30.706 [info] > git rev-parse --show-toplevel [1ms]
2023-08-07 18:35:30.706 [info] fatal: not a git repository (or any parent up to mount point /var)
Stopping at filesystem boundary (GIT_DISCOVERY_ACROSS_FILESYSTEM not set).
2023-08-07 18:35:32.742 [info] > git rev-parse --show-toplevel [2ms]
2023-08-07 18:35:32.742 [info] fatal: not a git repository (or any parent up to mount point /var)
Stopping at filesystem boundary (GIT_DISCOVERY_ACROSS_FILESYSTEM not set).
2023-08-07 18:35:48.346 [info] > git rev-parse --show-toplevel [5ms]
2023-08-07 18:35:48.347 [info] fatal: not a git repository (or any parent up to mount point /var)
Stopping at filesystem boundary (GIT_DISCOVERY_ACROSS_FILESYSTEM not set).
2023-08-07 18:36:08.969 [info] > git rev-parse --show-toplevel [2ms]
2023-08-07 18:36:08.970 [info] fatal: not a git repository (or any parent up to mount point /var)
Stopping at filesystem boundary (GIT_DISCOVERY_ACROSS_FILESYSTEM not set).
2023-08-07 18:36:30.092 [info] > git rev-parse --show-toplevel [2ms]
2023-08-07 18:36:30.092 [info] fatal: not a git repository (or any parent up to mount point /var)
Stopping at filesystem boundary (GIT_DISCOVERY_ACROSS_FILESYSTEM not set).
2023-08-07 18:36:38.373 [info] > git rev-parse --show-toplevel [2ms]
2023-08-07 18:36:38.373 [info] fatal: not a git repository (or any parent up to mount point /var)
Stopping at filesystem boundary (GIT_DISCOVERY_ACROSS_FILESYSTEM not set).
2023-08-07 18:37:04.459 [info] > git rev-parse --show-toplevel [1ms]
2023-08-07 18:37:04.459 [info] fatal: not a git repository (or any parent up to mount point /var)
Stopping at filesystem boundary (GIT_DISCOVERY_ACROSS_FILESYSTEM not set).
2023-08-07 18:37:53.246 [info] > git rev-parse --show-toplevel [1ms]
2023-08-07 18:37:53.246 [info] fatal: not a git repository (or any parent up to mount point /var)
Stopping at filesystem boundary (GIT_DISCOVERY_ACROSS_FILESYSTEM not set).
2023-08-07 18:37:56.557 [info] > git rev-parse --show-toplevel [2ms]
2023-08-07 18:37:56.558 [info] fatal: not a git repository (or any parent up to mount point /var)
Stopping at filesystem boundary (GIT_DISCOVERY_ACROSS_FILESYSTEM not set).
2023-08-07 18:38:25.593 [info] > git rev-parse --show-toplevel [1ms]
2023-08-07 18:38:25.594 [info] fatal: not a git repository (or any parent up to mount point /var)
Stopping at filesystem boundary (GIT_DISCOVERY_ACROSS_FILESYSTEM not set).
2023-08-07 18:38:27.703 [info] > git rev-parse --show-toplevel [3ms]
2023-08-07 18:38:27.704 [info] fatal: not a git repository (or any parent up to mount point /var)
Stopping at filesystem boundary (GIT_DISCOVERY_ACROSS_FILESYSTEM not set).
2023-08-07 18:38:44.795 [info] > git rev-parse --show-toplevel [1ms]
2023-08-07 18:38:44.796 [info] fatal: not a git repository (or any parent up to mount point /var)
Stopping at filesystem boundary (GIT_DISCOVERY_ACROSS_FILESYSTEM not set).
2023-08-07 18:40:10.872 [info] > git rev-parse --show-toplevel [2ms]
2023-08-07 18:40:10.872 [info] fatal: not a git repository (or any parent up to mount point /var)
Stopping at filesystem boundary (GIT_DISCOVERY_ACROSS_FILESYSTEM not set).
2023-08-07 18:40:16.966 [info] > git rev-parse --show-toplevel [1ms]
2023-08-07 18:40:16.966 [info] fatal: not a git repository (or any parent up to mount point /var)
Stopping at filesystem boundary (GIT_DISCOVERY_ACROSS_FILESYSTEM not set).
2023-08-07 18:42:22.719 [info] > git rev-parse --show-toplevel [1ms]
2023-08-07 18:42:22.719 [info] fatal: not a git repository (or any parent up to mount point /var)
Stopping at filesystem boundary (GIT_DISCOVERY_ACROSS_FILESYSTEM not set).
2023-08-07 18:42:44.650 [info] > git rev-parse --show-toplevel [1ms]
2023-08-07 18:42:44.650 [info] fatal: not a git repository (or any parent up to mount point /var)
Stopping at filesystem boundary (GIT_DISCOVERY_ACROSS_FILESYSTEM not set).
2023-08-07 18:43:26.224 [info] > git rev-parse --show-toplevel [2ms]
2023-08-07 18:43:26.224 [info] fatal: not a git repository (or any parent up to mount point /var)
Stopping at filesystem boundary (GIT_DISCOVERY_ACROSS_FILESYSTEM not set).
2023-08-07 18:44:30.145 [info] > git rev-parse --show-toplevel [2ms]
2023-08-07 18:44:30.145 [info] fatal: not a git repository (or any parent up to mount point /var)
Stopping at filesystem boundary (GIT_DISCOVERY_ACROSS_FILESYSTEM not set).
2023-08-07 18:47:34.940 [info] > git rev-parse --show-toplevel [2ms]
2023-08-07 18:47:34.941 [info] fatal: not a git repository (or any parent up to mount point /var)
Stopping at filesystem boundary (GIT_DISCOVERY_ACROSS_FILESYSTEM not set).
2023-08-07 18:48:00.324 [info] > git rev-parse --show-toplevel [1ms]
2023-08-07 18:48:00.325 [info] fatal: not a git repository (or any parent up to mount point /var)
Stopping at filesystem boundary (GIT_DISCOVERY_ACROSS_FILESYSTEM not set).
2023-08-07 18:48:12.351 [info] > git rev-parse --show-toplevel [1ms]
2023-08-07 18:48:12.351 [info] fatal: not a git repository (or any parent up to mount point /var)
Stopping at filesystem boundary (GIT_DISCOVERY_ACROSS_FILESYSTEM not set).
2023-08-07 18:48:17.236 [info] > git rev-parse --show-toplevel [1ms]
2023-08-07 18:48:17.237 [info] fatal: not a git repository (or any parent up to mount point /var)
Stopping at filesystem boundary (GIT_DISCOVERY_ACROSS_FILESYSTEM not set).
2023-08-07 18:48:39.937 [info] > git rev-parse --show-toplevel [1ms]
2023-08-07 18:48:39.937 [info] fatal: not a git repository (or any parent up to mount point /var)
Stopping at filesystem boundary (GIT_DISCOVERY_ACROSS_FILESYSTEM not set).
2023-08-07 18:48:41.391 [info] > git rev-parse --show-toplevel [1ms]
2023-08-07 18:48:41.391 [info] fatal: not a git repository (or any parent up to mount point /var)
Stopping at filesystem boundary (GIT_DISCOVERY_ACROSS_FILESYSTEM not set).
2023-08-07 18:50:14.392 [info] > git rev-parse --show-toplevel [2ms]
2023-08-07 18:50:14.393 [info] fatal: not a git repository (or any parent up to mount point /var)
Stopping at filesystem boundary (GIT_DISCOVERY_ACROSS_FILESYSTEM not set).
2023-08-07 18:50:54.737 [info] > git show --textconv :week3/gb-text-safe/index.php [8ms]
2023-08-07 18:50:54.738 [info] > git ls-files --stage -- /var/www/html/webAppDev/WebDev-Examples original/week3/gb-text-safe/index.php [3ms]
2023-08-07 18:50:54.745 [info] > git cat-file -s 75837b0192f404fd6d5c4b01929bc0126ab7bfc2 [3ms]
2023-08-07 18:51:09.936 [info] > git show --textconv :week3/gb-text-safe/add_form.html [5ms]
2023-08-07 18:51:09.938 [info] > git ls-files --stage -- /var/www/html/webAppDev/WebDev-Examples original/week3/gb-text-safe/add_form.html [2ms]
2023-08-07 18:51:09.946 [info] > git cat-file -s a475abb54e0dfd0dacf3326e8c78c221ff13857a [3ms]
2023-08-07 18:51:24.683 [info] > git show --textconv :week3/gb-text-safe/add_action.php [6ms]
2023-08-07 18:51:24.684 [info] > git ls-files --stage -- /var/www/html/webAppDev/WebDev-Examples original/week3/gb-text-safe/add_action.php [3ms]
2023-08-07 18:51:24.691 [info] > git cat-file -s 050eca618dccb49e56e5ce50079d439fc7815994 [3ms]
2023-08-07 18:51:37.749 [info] > git show --textconv :week3/gb-text-safe/add_form.html [7ms]
2023-08-07 18:51:37.751 [info] > git ls-files --stage -- /var/www/html/webAppDev/WebDev-Examples original/week3/gb-text-safe/add_form.html [3ms]
2023-08-07 18:51:37.760 [info] > git cat-file -s a475abb54e0dfd0dacf3326e8c78c221ff13857a [3ms]
2023-08-07 18:51:43.486 [info] > git show --textconv :week3/gb-text-safe/index.php [6ms]
2023-08-07 18:51:43.488 [info] > git ls-files --stage -- /var/www/html/webAppDev/WebDev-Examples original/week3/gb-text-safe/index.php [3ms]
2023-08-07 18:51:43.495 [info] > git cat-file -s 75837b0192f404fd6d5c4b01929bc0126ab7bfc2 [3ms]
2023-08-07 18:51:56.471 [info] > git ls-files --stage -- /var/www/html/webAppDev/WebDev-Examples original/week3/gb-text-safe/add_form.html [2ms]
2023-08-07 18:51:56.476 [info] > git show --textconv :week3/gb-text-safe/add_form.html [13ms]
2023-08-07 18:51:56.479 [info] > git cat-file -s a475abb54e0dfd0dacf3326e8c78c221ff13857a [3ms]
2023-08-07 18:52:27.176 [info] > git show --textconv :week3/gb-text-safe/index.php [7ms]
2023-08-07 18:52:27.178 [info] > git ls-files --stage -- /var/www/html/webAppDev/WebDev-Examples original/week3/gb-text-safe/index.php [2ms]
2023-08-07 18:52:27.186 [info] > git cat-file -s 75837b0192f404fd6d5c4b01929bc0126ab7bfc2 [3ms]
2023-08-07 18:52:48.256 [info] > git rev-parse --show-toplevel [1ms]
2023-08-07 18:52:48.256 [info] fatal: not a git repository (or any parent up to mount point /var)
Stopping at filesystem boundary (GIT_DISCOVERY_ACROSS_FILESYSTEM not set).
2023-08-07 18:53:02.688 [info] > git rev-parse --show-toplevel [2ms]
2023-08-07 18:53:02.688 [info] fatal: not a git repository (or any parent up to mount point /var)
Stopping at filesystem boundary (GIT_DISCOVERY_ACROSS_FILESYSTEM not set).
2023-08-07 18:53:35.890 [info] > git rev-parse --show-toplevel [1ms]
2023-08-07 18:53:35.890 [info] fatal: not a git repository (or any parent up to mount point /var)
Stopping at filesystem boundary (GIT_DISCOVERY_ACROSS_FILESYSTEM not set).
2023-08-07 18:56:31.007 [info] > git rev-parse --show-toplevel [2ms]
2023-08-07 18:56:31.007 [info] fatal: not a git repository (or any parent up to mount point /var)
Stopping at filesystem boundary (GIT_DISCOVERY_ACROSS_FILESYSTEM not set).
2023-08-07 18:56:38.017 [info] > git rev-parse --show-toplevel [2ms]
2023-08-07 18:56:38.017 [info] fatal: not a git repository (or any parent up to mount point /var)
Stopping at filesystem boundary (GIT_DISCOVERY_ACROSS_FILESYSTEM not set).
2023-08-07 18:56:48.847 [info] > git rev-parse --show-toplevel [2ms]
2023-08-07 18:56:48.847 [info] fatal: not a git repository (or any parent up to mount point /var)
Stopping at filesystem boundary (GIT_DISCOVERY_ACROSS_FILESYSTEM not set).
2023-08-07 18:57:31.005 [info] > git rev-parse --show-toplevel [1ms]
2023-08-07 18:57:31.005 [info] fatal: not a git repository (or any parent up to mount point /var)
Stopping at filesystem boundary (GIT_DISCOVERY_ACROSS_FILESYSTEM not set).
2023-08-07 18:57:43.270 [info] > git rev-parse --show-toplevel [2ms]
2023-08-07 18:57:43.270 [info] fatal: not a git repository (or any parent up to mount point /var)
Stopping at filesystem boundary (GIT_DISCOVERY_ACROSS_FILESYSTEM not set).
2023-08-07 18:57:44.731 [info] > git rev-parse --show-toplevel [2ms]
2023-08-07 18:57:44.731 [info] fatal: not a git repository (or any parent up to mount point /var)
Stopping at filesystem boundary (GIT_DISCOVERY_ACROSS_FILESYSTEM not set).
2023-08-07 18:57:58.836 [info] > git ls-files --stage -- /var/www/html/webAppDev/WebDev-Examples original/week3/gb-text-safe/add_form.html [2ms]
2023-08-07 18:57:58.841 [info] > git show --textconv :week3/gb-text-safe/add_form.html [14ms]
2023-08-07 18:57:58.844 [info] > git cat-file -s a475abb54e0dfd0dacf3326e8c78c221ff13857a [3ms]
2023-08-07 18:58:06.407 [info] > git show --textconv :week3/gb-text-safe/add_action.php [7ms]
2023-08-07 18:58:06.409 [info] > git ls-files --stage -- /var/www/html/webAppDev/WebDev-Examples original/week3/gb-text-safe/add_action.php [3ms]
2023-08-07 18:58:06.418 [info] > git cat-file -s 050eca618dccb49e56e5ce50079d439fc7815994 [3ms]
2023-08-07 18:58:12.448 [info] > git show --textconv :week3/gb-text-safe/includes/defs.php [6ms]
2023-08-07 18:58:12.450 [info] > git ls-files --stage -- /var/www/html/webAppDev/WebDev-Examples original/week3/gb-text-safe/includes/defs.php [2ms]
2023-08-07 18:58:12.458 [info] > git cat-file -s 1d04674c4e4650780061d33a0c5a856632e28be4 [3ms]
2023-08-07 18:58:15.850 [info] > git show --textconv :week3/gb-text-safe/add_action.php [6ms]
2023-08-07 18:58:15.852 [info] > git ls-files --stage -- /var/www/html/webAppDev/WebDev-Examples original/week3/gb-text-safe/add_action.php [1ms]
2023-08-07 18:58:15.859 [info] > git cat-file -s 050eca618dccb49e56e5ce50079d439fc7815994 [3ms]
2023-08-07 18:58:24.331 [info] > git show --textconv :week3/gb-text-safe/add_form.html [6ms]
2023-08-07 18:58:24.333 [info] > git ls-files --stage -- /var/www/html/webAppDev/WebDev-Examples original/week3/gb-text-safe/add_form.html [3ms]
2023-08-07 18:58:24.340 [info] > git cat-file -s a475abb54e0dfd0dacf3326e8c78c221ff13857a [3ms]
2023-08-07 18:58:44.817 [info] > git show --textconv :week3/gb-text-safe/index.php [6ms]
2023-08-07 18:58:44.819 [info] > git ls-files --stage -- /var/www/html/webAppDev/WebDev-Examples original/week3/gb-text-safe/index.php [3ms]
2023-08-07 18:58:44.826 [info] > git cat-file -s 75837b0192f404fd6d5c4b01929bc0126ab7bfc2 [3ms]
2023-08-07 18:58:52.619 [info] > git show --textconv :week3/gb-text-safe/add_form.html [6ms]
2023-08-07 18:58:52.621 [info] > git ls-files --stage -- /var/www/html/webAppDev/WebDev-Examples original/week3/gb-text-safe/add_form.html [2ms]
2023-08-07 18:58:52.629 [info] > git cat-file -s a475abb54e0dfd0dacf3326e8c78c221ff13857a [4ms]
2023-08-07 18:59:10.716 [info] > git rev-parse --show-toplevel [1ms]
2023-08-07 18:59:10.717 [info] fatal: not a git repository (or any parent up to mount point /var)
Stopping at filesystem boundary (GIT_DISCOVERY_ACROSS_FILESYSTEM not set).
2023-08-07 18:59:37.778 [info] > git ls-files --stage -- /var/www/html/webAppDev/WebDev-Examples original/week3/gb-text-safe/includes/defs.php [2ms]
2023-08-07 18:59:37.783 [info] > git show --textconv :week3/gb-text-safe/includes/defs.php [13ms]
2023-08-07 18:59:37.786 [info] > git cat-file -s 1d04674c4e4650780061d33a0c5a856632e28be4 [2ms]
2023-08-07 18:59:46.179 [info] > git show --textconv :week3/gb-text-safe/add_action.php [7ms]
2023-08-07 18:59:46.181 [info] > git ls-files --stage -- /var/www/html/webAppDev/WebDev-Examples original/week3/gb-text-safe/add_action.php [3ms]
2023-08-07 18:59:46.189 [info] > git cat-file -s 050eca618dccb49e56e5ce50079d439fc7815994 [3ms]
2023-08-07 19:00:32.635 [info] > git config --get commit.template [6ms]
2023-08-07 19:00:32.640 [info] > git for-each-ref --format=%(refname)%00%(upstream:short)%00%(objectname)%00%(upstream:track)%00%(upstream:remotename)%00%(upstream:remoteref) refs/heads/master refs/remotes/master [7ms]
2023-08-07 19:00:32.743 [info] > git status -z -uall [96ms]
2023-08-07 19:01:21.441 [info] > git rev-parse --show-toplevel [2ms]
2023-08-07 19:01:21.442 [info] fatal: not a git repository (or any parent up to mount point /var)
Stopping at filesystem boundary (GIT_DISCOVERY_ACROSS_FILESYSTEM not set).
2023-08-07 19:01:37.045 [info] > git rev-parse --show-toplevel [2ms]
2023-08-07 19:01:37.046 [info] fatal: not a git repository (or any parent up to mount point /var)
Stopping at filesystem boundary (GIT_DISCOVERY_ACROSS_FILESYSTEM not set).
2023-08-07 19:01:38.335 [info] > git rev-parse --show-toplevel [2ms]
2023-08-07 19:01:38.335 [info] fatal: not a git repository (or any parent up to mount point /var)
Stopping at filesystem boundary (GIT_DISCOVERY_ACROSS_FILESYSTEM not set).
2023-08-07 19:01:53.086 [info] > git rev-parse --show-toplevel [1ms]
2023-08-07 19:01:53.086 [info] fatal: not a git repository (or any parent up to mount point /var)
Stopping at filesystem boundary (GIT_DISCOVERY_ACROSS_FILESYSTEM not set).
2023-08-07 19:02:02.468 [info] > git rev-parse --show-toplevel [6ms]
2023-08-07 19:02:02.469 [info] fatal: not a git repository (or any parent up to mount point /var)
Stopping at filesystem boundary (GIT_DISCOVERY_ACROSS_FILESYSTEM not set).
2023-08-07 19:06:32.035 [info] > git rev-parse --show-toplevel [2ms]
2023-08-07 19:06:32.035 [info] fatal: not a git repository (or any parent up to mount point /var)
Stopping at filesystem boundary (GIT_DISCOVERY_ACROSS_FILESYSTEM not set).
2023-08-07 19:07:21.439 [info] > git rev-parse --show-toplevel [1ms]
2023-08-07 19:07:21.439 [info] fatal: not a git repository (or any parent up to mount point /var)
Stopping at filesystem boundary (GIT_DISCOVERY_ACROSS_FILESYSTEM not set).
2023-08-07 19:08:21.047 [info] > git rev-parse --show-toplevel [2ms]
2023-08-07 19:08:21.047 [info] fatal: not a git repository (or any parent up to mount point /var)
Stopping at filesystem boundary (GIT_DISCOVERY_ACROSS_FILESYSTEM not set).
2023-08-07 19:08:52.349 [info] > git rev-parse --show-toplevel [6ms]
2023-08-07 19:08:52.350 [info] fatal: not a git repository (or any parent up to mount point /var)
Stopping at filesystem boundary (GIT_DISCOVERY_ACROSS_FILESYSTEM not set).
2023-08-07 19:09:50.821 [info] > git ls-files --stage -- /var/www/html/webAppDev/WebDev-Examples original/week3/gb-text-safe/add_action.php [2ms]
2023-08-07 19:09:50.826 [info] > git show --textconv :week3/gb-text-safe/add_action.php [13ms]
2023-08-07 19:09:50.828 [info] > git cat-file -s 050eca618dccb49e56e5ce50079d439fc7815994 [3ms]
2023-08-07 19:10:22.739 [info] > git rev-parse --show-toplevel [1ms]
2023-08-07 19:10:22.739 [info] fatal: not a git repository (or any parent up to mount point /var)
Stopping at filesystem boundary (GIT_DISCOVERY_ACROSS_FILESYSTEM not set).
2023-08-07 19:10:27.252 [info] > git rev-parse --show-toplevel [1ms]
2023-08-07 19:10:27.252 [info] fatal: not a git repository (or any parent up to mount point /var)
Stopping at filesystem boundary (GIT_DISCOVERY_ACROSS_FILESYSTEM not set).
2023-08-07 19:10:44.431 [info] > git rev-parse --show-toplevel [2ms]
2023-08-07 19:10:44.431 [info] fatal: not a git repository (or any parent up to mount point /var)
Stopping at filesystem boundary (GIT_DISCOVERY_ACROSS_FILESYSTEM not set).
2023-08-07 19:20:09.870 [info] > git rev-parse --show-toplevel [2ms]
2023-08-07 19:20:09.870 [info] fatal: not a git repository (or any parent up to mount point /var)
Stopping at filesystem boundary (GIT_DISCOVERY_ACROSS_FILESYSTEM not set).
2023-08-07 19:20:17.234 [info] > git rev-parse --show-toplevel [1ms]
2023-08-07 19:20:17.234 [info] fatal: not a git repository (or any parent up to mount point /var)
Stopping at filesystem boundary (GIT_DISCOVERY_ACROSS_FILESYSTEM not set).
2023-08-07 19:20:31.472 [info] > git rev-parse --show-toplevel [1ms]
2023-08-07 19:20:31.473 [info] fatal: not a git repository (or any parent up to mount point /var)
Stopping at filesystem boundary (GIT_DISCOVERY_ACROSS_FILESYSTEM not set).
2023-08-07 19:20:35.756 [info] > git rev-parse --show-toplevel [1ms]
2023-08-07 19:20:35.757 [info] fatal: not a git repository (or any parent up to mount point /var)
Stopping at filesystem boundary (GIT_DISCOVERY_ACROSS_FILESYSTEM not set).
2023-08-07 19:20:40.462 [info] > git rev-parse --show-toplevel [2ms]
2023-08-07 19:20:40.462 [info] fatal: not a git repository (or any parent up to mount point /var)
Stopping at filesystem boundary (GIT_DISCOVERY_ACROSS_FILESYSTEM not set).
2023-08-07 19:21:30.916 [info] > git rev-parse --show-toplevel [2ms]
2023-08-07 19:21:30.916 [info] fatal: not a git repository (or any parent up to mount point /var)
Stopping at filesystem boundary (GIT_DISCOVERY_ACROSS_FILESYSTEM not set).
2023-08-07 19:22:09.454 [info] > git rev-parse --show-toplevel [2ms]
2023-08-07 19:22:09.455 [info] fatal: not a git repository (or any parent up to mount point /var)
Stopping at filesystem boundary (GIT_DISCOVERY_ACROSS_FILESYSTEM not set).
2023-08-07 19:22:23.023 [info] > git rev-parse --show-toplevel [2ms]
2023-08-07 19:22:23.023 [info] fatal: not a git repository (or any parent up to mount point /var)
Stopping at filesystem boundary (GIT_DISCOVERY_ACROSS_FILESYSTEM not set).
2023-08-07 19:22:41.838 [info] > git rev-parse --show-toplevel [2ms]
2023-08-07 19:22:41.838 [info] fatal: not a git repository (or any parent up to mount point /var)
Stopping at filesystem boundary (GIT_DISCOVERY_ACROSS_FILESYSTEM not set).
2023-08-07 19:22:49.651 [info] > git rev-parse --show-toplevel [2ms]
2023-08-07 19:22:49.651 [info] fatal: not a git repository (or any parent up to mount point /var)
Stopping at filesystem boundary (GIT_DISCOVERY_ACROSS_FILESYSTEM not set).
2023-08-07 19:22:55.934 [info] > git rev-parse --show-toplevel [2ms]
2023-08-07 19:22:55.937 [info] fatal: not a git repository (or any parent up to mount point /var)
Stopping at filesystem boundary (GIT_DISCOVERY_ACROSS_FILESYSTEM not set).
2023-08-07 19:22:57.177 [info] > git rev-parse --show-toplevel [1ms]
2023-08-07 19:22:57.177 [info] fatal: not a git repository (or any parent up to mount point /var)
Stopping at filesystem boundary (GIT_DISCOVERY_ACROSS_FILESYSTEM not set).
2023-08-07 19:23:02.778 [info] > git rev-parse --show-toplevel [1ms]
2023-08-07 19:23:02.778 [info] fatal: not a git repository (or any parent up to mount point /var)
Stopping at filesystem boundary (GIT_DISCOVERY_ACROSS_FILESYSTEM not set).
2023-08-07 19:24:24.230 [info] > git rev-parse --show-toplevel [2ms]
2023-08-07 19:24:24.230 [info] fatal: not a git repository (or any parent up to mount point /var)
Stopping at filesystem boundary (GIT_DISCOVERY_ACROSS_FILESYSTEM not set).
2023-08-07 19:26:06.223 [info] > git rev-parse --show-toplevel [1ms]
2023-08-07 19:26:06.223 [info] fatal: not a git repository (or any parent up to mount point /var)
Stopping at filesystem boundary (GIT_DISCOVERY_ACROSS_FILESYSTEM not set).
2023-08-07 19:27:29.933 [info] > git rev-parse --show-toplevel [2ms]
2023-08-07 19:27:29.934 [info] fatal: not a git repository (or any parent up to mount point /var)
Stopping at filesystem boundary (GIT_DISCOVERY_ACROSS_FILESYSTEM not set).
2023-08-07 19:27:31.737 [info] > git rev-parse --show-toplevel [1ms]
2023-08-07 19:27:31.737 [info] fatal: not a git repository (or any parent up to mount point /var)
Stopping at filesystem boundary (GIT_DISCOVERY_ACROSS_FILESYSTEM not set).
2023-08-07 19:27:46.686 [info] > git rev-parse --show-toplevel [2ms]
2023-08-07 19:27:46.686 [info] fatal: not a git repository (or any parent up to mount point /var)
Stopping at filesystem boundary (GIT_DISCOVERY_ACROSS_FILESYSTEM not set).
2023-08-07 19:27:54.606 [info] > git rev-parse --show-toplevel [1ms]
2023-08-07 19:27:54.606 [info] fatal: not a git repository (or any parent up to mount point /var)
Stopping at filesystem boundary (GIT_DISCOVERY_ACROSS_FILESYSTEM not set).
2023-08-07 19:27:56.702 [info] > git rev-parse --show-toplevel [2ms]
2023-08-07 19:27:56.702 [info] fatal: not a git repository (or any parent up to mount point /var)
Stopping at filesystem boundary (GIT_DISCOVERY_ACROSS_FILESYSTEM not set).
2023-08-07 19:28:03.611 [info] > git rev-parse --show-toplevel [1ms]
2023-08-07 19:28:03.611 [info] fatal: not a git repository (or any parent up to mount point /var)
Stopping at filesystem boundary (GIT_DISCOVERY_ACROSS_FILESYSTEM not set).
2023-08-07 19:28:18.306 [info] > git rev-parse --show-toplevel [1ms]
2023-08-07 19:28:18.306 [info] fatal: not a git repository (or any parent up to mount point /var)
Stopping at filesystem boundary (GIT_DISCOVERY_ACROSS_FILESYSTEM not set).
2023-08-07 19:28:21.978 [info] > git rev-parse --show-toplevel [2ms]
2023-08-07 19:28:21.978 [info] fatal: not a git repository (or any parent up to mount point /var)
Stopping at filesystem boundary (GIT_DISCOVERY_ACROSS_FILESYSTEM not set).
2023-08-07 19:32:51.983 [info] > git rev-parse --show-toplevel [1ms]
2023-08-07 19:32:51.983 [info] fatal: not a git repository (or any parent up to mount point /var)
Stopping at filesystem boundary (GIT_DISCOVERY_ACROSS_FILESYSTEM not set).
2023-08-07 19:32:54.799 [info] > git rev-parse --show-toplevel [1ms]
2023-08-07 19:32:54.799 [info] fatal: not a git repository (or any parent up to mount point /var)
Stopping at filesystem boundary (GIT_DISCOVERY_ACROSS_FILESYSTEM not set).
2023-08-07 19:33:14.903 [info] > git rev-parse --show-toplevel [1ms]
2023-08-07 19:33:14.904 [info] fatal: not a git repository (or any parent up to mount point /var)
Stopping at filesystem boundary (GIT_DISCOVERY_ACROSS_FILESYSTEM not set).
2023-08-07 19:33:18.136 [info] > git rev-parse --show-toplevel [1ms]
2023-08-07 19:33:18.136 [info] fatal: not a git repository (or any parent up to mount point /var)
Stopping at filesystem boundary (GIT_DISCOVERY_ACROSS_FILESYSTEM not set).
2023-08-07 19:34:12.246 [info] > git rev-parse --show-toplevel [1ms]
2023-08-07 19:34:12.246 [info] fatal: not a git repository (or any parent up to mount point /var)
Stopping at filesystem boundary (GIT_DISCOVERY_ACROSS_FILESYSTEM not set).
2023-08-07 19:34:19.992 [info] > git rev-parse --show-toplevel [1ms]
2023-08-07 19:34:19.993 [info] fatal: not a git repository (or any parent up to mount point /var)
Stopping at filesystem boundary (GIT_DISCOVERY_ACROSS_FILESYSTEM not set).
2023-08-07 19:35:14.764 [info] > git rev-parse --show-toplevel [2ms]
2023-08-07 19:35:14.764 [info] fatal: not a git repository (or any parent up to mount point /var)
Stopping at filesystem boundary (GIT_DISCOVERY_ACROSS_FILESYSTEM not set).
2023-08-07 19:35:29.232 [info] > git rev-parse --show-toplevel [1ms]
2023-08-07 19:35:29.232 [info] fatal: not a git repository (or any parent up to mount point /var)
Stopping at filesystem boundary (GIT_DISCOVERY_ACROSS_FILESYSTEM not set).
2023-08-07 19:37:31.019 [info] > git rev-parse --show-toplevel [2ms]
2023-08-07 19:37:31.020 [info] fatal: not a git repository (or any parent up to mount point /var)
Stopping at filesystem boundary (GIT_DISCOVERY_ACROSS_FILESYSTEM not set).
2023-08-07 19:39:32.518 [info] > git rev-parse --show-toplevel [2ms]
2023-08-07 19:39:32.518 [info] fatal: not a git repository (or any parent up to mount point /var)
Stopping at filesystem boundary (GIT_DISCOVERY_ACROSS_FILESYSTEM not set).
2023-08-07 19:42:00.936 [info] > git rev-parse --show-toplevel [1ms]
2023-08-07 19:42:00.936 [info] fatal: not a git repository (or any parent up to mount point /var)
Stopping at filesystem boundary (GIT_DISCOVERY_ACROSS_FILESYSTEM not set).
2023-08-07 19:42:21.487 [info] > git rev-parse --show-toplevel [3ms]
2023-08-07 19:42:21.487 [info] fatal: not a git repository (or any parent up to mount point /var)
Stopping at filesystem boundary (GIT_DISCOVERY_ACROSS_FILESYSTEM not set).
2023-08-07 19:42:26.669 [info] > git rev-parse --show-toplevel [2ms]
2023-08-07 19:42:26.670 [info] fatal: not a git repository (or any parent up to mount point /var)
Stopping at filesystem boundary (GIT_DISCOVERY_ACROSS_FILESYSTEM not set).
2023-08-07 19:43:10.701 [info] > git rev-parse --show-toplevel [3ms]
2023-08-07 19:43:10.701 [info] fatal: not a git repository (or any parent up to mount point /var)
Stopping at filesystem boundary (GIT_DISCOVERY_ACROSS_FILESYSTEM not set).
2023-08-07 19:45:04.654 [info] > git rev-parse --show-toplevel [1ms]
2023-08-07 19:45:04.654 [info] fatal: not a git repository (or any parent up to mount point /var)
Stopping at filesystem boundary (GIT_DISCOVERY_ACROSS_FILESYSTEM not set).
2023-08-07 19:45:45.070 [info] > git rev-parse --show-toplevel [2ms]
2023-08-07 19:45:45.070 [info] fatal: not a git repository (or any parent up to mount point /var)
Stopping at filesystem boundary (GIT_DISCOVERY_ACROSS_FILESYSTEM not set).
