2023-08-07 19:51:51.582 [info] Log level: Info
2023-08-07 19:51:51.582 [info] Validating found git in: "git"
2023-08-07 19:51:51.582 [info] Using git "2.30.2" from "git"
2023-08-07 19:51:51.582 [info] > git rev-parse --show-toplevel [43ms]
2023-08-07 19:51:51.582 [info] fatal: not a git repository (or any parent up to mount point /var)
Stopping at filesystem boundary (GIT_DISCOVERY_ACROSS_FILESYSTEM not set).
2023-08-07 19:51:51.582 [info] > git rev-parse --show-toplevel [8ms]
2023-08-07 19:51:51.582 [info] fatal: not a git repository (or any parent up to mount point /var)
Stopping at filesystem boundary (GIT_DISCOVERY_ACROSS_FILESYSTEM not set).
2023-08-07 19:51:51.582 [info] > git rev-parse --show-toplevel [7ms]
2023-08-07 19:51:51.582 [info] fatal: not a git repository (or any parent up to mount point /var)
Stopping at filesystem boundary (GIT_DISCOVERY_ACROSS_FILESYSTEM not set).
2023-08-07 19:51:51.582 [info] > git rev-parse --show-toplevel [1ms]
2023-08-07 19:51:51.582 [info] fatal: not a git repository (or any parent up to mount point /var)
Stopping at filesystem boundary (GIT_DISCOVERY_ACROSS_FILESYSTEM not set).
2023-08-07 19:51:51.582 [info] > git rev-parse --show-toplevel [2ms]
2023-08-07 19:51:51.582 [info] fatal: not a git repository (or any parent up to mount point /var)
Stopping at filesystem boundary (GIT_DISCOVERY_ACROSS_FILESYSTEM not set).
2023-08-07 19:51:51.582 [info] > git rev-parse --show-toplevel [2ms]
2023-08-07 19:51:51.582 [info] fatal: not a git repository (or any parent up to mount point /var)
Stopping at filesystem boundary (GIT_DISCOVERY_ACROSS_FILESYSTEM not set).
2023-08-07 19:51:51.582 [info] > git rev-parse --show-toplevel [4ms]
2023-08-07 19:51:51.582 [info] fatal: not a git repository (or any parent up to mount point /var)
Stopping at filesystem boundary (GIT_DISCOVERY_ACROSS_FILESYSTEM not set).
2023-08-07 19:51:51.812 [info] > git rev-parse --show-toplevel [2ms]
2023-08-07 19:51:51.812 [info] fatal: not a git repository (or any parent up to mount point /var)
Stopping at filesystem boundary (GIT_DISCOVERY_ACROSS_FILESYSTEM not set).
2023-08-07 19:51:51.832 [info] > git rev-parse --show-toplevel [4ms]
2023-08-07 19:51:51.832 [info] fatal: not a git repository (or any parent up to mount point /var)
Stopping at filesystem boundary (GIT_DISCOVERY_ACROSS_FILESYSTEM not set).
2023-08-07 19:51:51.842 [info] > git rev-parse --show-toplevel [6ms]
2023-08-07 19:51:51.842 [info] fatal: not a git repository (or any parent up to mount point /var)
Stopping at filesystem boundary (GIT_DISCOVERY_ACROSS_FILESYSTEM not set).
2023-08-07 20:03:29.152 [info] > git rev-parse --show-toplevel [6ms]
2023-08-07 20:03:29.152 [info] fatal: not a git repository (or any parent up to mount point /var)
Stopping at filesystem boundary (GIT_DISCOVERY_ACROSS_FILESYSTEM not set).
2023-08-07 20:06:53.421 [info] > git rev-parse --show-toplevel [2ms]
2023-08-07 20:06:53.421 [info] fatal: not a git repository (or any parent up to mount point /var)
Stopping at filesystem boundary (GIT_DISCOVERY_ACROSS_FILESYSTEM not set).
