2023-08-09 13:04:16.691 [info] Log level: Info
2023-08-09 13:04:16.691 [info] Validating found git in: "git"
2023-08-09 13:04:16.691 [info] Using git "2.30.2" from "git"
2023-08-09 13:04:16.691 [info] > git rev-parse --show-toplevel [34ms]
2023-08-09 13:04:16.691 [info] fatal: not a git repository (or any parent up to mount point /var)
Stopping at filesystem boundary (GIT_DISCOVERY_ACROSS_FILESYSTEM not set).
2023-08-09 13:04:16.691 [info] > git rev-parse --show-toplevel [4ms]
2023-08-09 13:04:16.691 [info] > git rev-parse --git-dir --git-common-dir [1ms]
2023-08-09 13:04:16.691 [info] Open repository: /var/www/html/webAppDev/WebDev-Examples original
2023-08-09 13:04:16.691 [info] > git rev-parse --show-toplevel [7ms]
2023-08-09 13:04:16.691 [info] fatal: not a git repository (or any parent up to mount point /var)
Stopping at filesystem boundary (GIT_DISCOVERY_ACROSS_FILESYSTEM not set).
2023-08-09 13:04:16.691 [info] > git config --get commit.template [7ms]
2023-08-09 13:04:16.691 [info] > git rev-parse --show-toplevel [6ms]
2023-08-09 13:04:16.691 [info] fatal: not a git repository (or any parent up to mount point /var)
Stopping at filesystem boundary (GIT_DISCOVERY_ACROSS_FILESYSTEM not set).
2023-08-09 13:04:16.691 [info] > git rev-parse --show-toplevel [2ms]
2023-08-09 13:04:16.691 [info] fatal: not a git repository (or any parent up to mount point /var)
Stopping at filesystem boundary (GIT_DISCOVERY_ACROSS_FILESYSTEM not set).
2023-08-09 13:04:16.691 [info] > git for-each-ref --format=%(refname)%00%(upstream:short)%00%(objectname)%00%(upstream:track)%00%(upstream:remotename)%00%(upstream:remoteref) refs/heads/master refs/remotes/master [11ms]
2023-08-09 13:04:16.691 [info] > git rev-parse --show-toplevel [6ms]
2023-08-09 13:04:16.691 [info] fatal: not a git repository (or any parent up to mount point /var)
Stopping at filesystem boundary (GIT_DISCOVERY_ACROSS_FILESYSTEM not set).
2023-08-09 13:04:16.691 [info] > git status -z -uall [83ms]
2023-08-09 13:04:16.691 [info] > git for-each-ref --format=%(refname)%00%(upstream:short)%00%(objectname)%00%(upstream:track)%00%(upstream:remotename)%00%(upstream:remoteref) refs/heads/master refs/remotes/master [6ms]
2023-08-09 13:04:16.691 [info] > git config --get commit.template [11ms]
2023-08-09 13:04:16.691 [info] > git status -z -uall [43ms]
