2023-08-21 19:34:21.131 [info] Extension host with pid 24781 started
2023-08-21 19:34:21.137 [info] Lock '/var/www/.local/share/code-server/User/workspaceStorage/5e324e47/vscode.lock': Lock acquired.
2023-08-21 19:34:21.217 [info] ExtensionService#_doActivateExtension vscode.git-base, startup: true, activationEvent: '*', root cause: vscode.git
2023-08-21 19:34:21.336 [info] ExtensionService#_doActivateExtension vscode.php-language-features, startup: false, activationEvent: 'onLanguage:php'
2023-08-21 19:34:21.336 [info] ExtensionService#_doActivateExtension vscode.emmet, startup: false, activationEvent: 'onLanguage'
2023-08-21 19:34:21.370 [info] ExtensionService#_doActivateExtension vscode.git, startup: true, activationEvent: '*'
2023-08-21 19:34:21.370 [info] ExtensionService#_doActivateExtension vscode.github, startup: true, activationEvent: '*'
2023-08-21 19:34:21.647 [info] Eager extensions activated
2023-08-21 19:34:21.647 [info] ExtensionService#_doActivateExtension vscode.debug-auto-launch, startup: false, activationEvent: 'onStartupFinished'
2023-08-21 19:34:21.647 [info] ExtensionService#_doActivateExtension vscode.merge-conflict, startup: false, activationEvent: 'onStartupFinished'
2023-08-21 19:34:21.940 [warning] [Decorations] CAPPING events from decorations provider vscode.git 385
2023-08-21 19:34:22.146 [warning] [Decorations] CAPPING events from decorations provider vscode.git 385
2023-08-21 19:34:26.135 [warning] [Decorations] CAPPING events from decorations provider vscode.git 387
2023-08-21 19:34:51.560 [warning] [Decorations] CAPPING events from decorations provider vscode.git 387
2023-08-21 19:34:56.766 [warning] [Decorations] CAPPING events from decorations provider vscode.git 387
2023-08-21 19:35:01.963 [warning] [Decorations] CAPPING events from decorations provider vscode.git 387
2023-08-21 19:35:07.168 [warning] [Decorations] CAPPING events from decorations provider vscode.git 387
2023-08-21 19:35:12.383 [warning] [Decorations] CAPPING events from decorations provider vscode.git 387
2023-08-21 19:35:17.577 [warning] [Decorations] CAPPING events from decorations provider vscode.git 387
2023-08-21 19:35:22.773 [warning] [Decorations] CAPPING events from decorations provider vscode.git 387
2023-08-21 19:35:27.978 [warning] [Decorations] CAPPING events from decorations provider vscode.git 387
2023-08-21 19:35:33.195 [warning] [Decorations] CAPPING events from decorations provider vscode.git 388
2023-08-21 19:35:38.428 [warning] [Decorations] CAPPING events from decorations provider vscode.git 387
2023-08-21 19:35:43.638 [warning] [Decorations] CAPPING events from decorations provider vscode.git 387
2023-08-21 19:35:48.963 [warning] [Decorations] CAPPING events from decorations provider vscode.git 387
2023-08-21 19:35:54.238 [warning] [Decorations] CAPPING events from decorations provider vscode.git 387
2023-08-21 19:35:59.447 [warning] [Decorations] CAPPING events from decorations provider vscode.git 387
2023-08-21 19:36:04.649 [warning] [Decorations] CAPPING events from decorations provider vscode.git 387
2023-08-21 19:36:09.855 [warning] [Decorations] CAPPING events from decorations provider vscode.git 387
2023-08-21 19:36:15.054 [warning] [Decorations] CAPPING events from decorations provider vscode.git 387
2023-08-21 19:36:20.270 [warning] [Decorations] CAPPING events from decorations provider vscode.git 387
2023-08-21 19:36:25.474 [warning] [Decorations] CAPPING events from decorations provider vscode.git 387
2023-08-21 19:36:30.744 [warning] [Decorations] CAPPING events from decorations provider vscode.git 387
2023-08-21 19:36:35.954 [warning] [Decorations] CAPPING events from decorations provider vscode.git 387
2023-08-21 19:36:41.207 [warning] [Decorations] CAPPING events from decorations provider vscode.git 387
2023-08-21 19:36:46.562 [warning] [Decorations] CAPPING events from decorations provider vscode.git 387
2023-08-21 19:36:51.880 [warning] [Decorations] CAPPING events from decorations provider vscode.git 387
2023-08-21 19:36:57.174 [warning] [Decorations] CAPPING events from decorations provider vscode.git 387
2023-08-21 19:37:02.396 [warning] [Decorations] CAPPING events from decorations provider vscode.git 388
2023-08-21 19:37:07.600 [warning] [Decorations] CAPPING events from decorations provider vscode.git 387
2023-08-21 19:37:12.804 [warning] [Decorations] CAPPING events from decorations provider vscode.git 387
2023-08-21 19:37:17.998 [warning] [Decorations] CAPPING events from decorations provider vscode.git 387
2023-08-21 19:37:24.523 [warning] [Decorations] CAPPING events from decorations provider vscode.git 387
2023-08-21 19:37:29.730 [warning] [Decorations] CAPPING events from decorations provider vscode.git 387
2023-08-21 19:37:34.928 [warning] [Decorations] CAPPING events from decorations provider vscode.git 387
2023-08-21 19:37:40.150 [warning] [Decorations] CAPPING events from decorations provider vscode.git 387
2023-08-21 19:37:45.386 [warning] [Decorations] CAPPING events from decorations provider vscode.git 387
2023-08-21 19:37:50.591 [warning] [Decorations] CAPPING events from decorations provider vscode.git 387
2023-08-21 19:37:55.948 [warning] [Decorations] CAPPING events from decorations provider vscode.git 387
2023-08-21 19:38:01.274 [warning] [Decorations] CAPPING events from decorations provider vscode.git 387
2023-08-21 19:38:06.489 [warning] [Decorations] CAPPING events from decorations provider vscode.git 387
2023-08-21 19:38:11.708 [warning] [Decorations] CAPPING events from decorations provider vscode.git 387
2023-08-21 19:38:16.913 [warning] [Decorations] CAPPING events from decorations provider vscode.git 387
2023-08-21 19:38:22.134 [warning] [Decorations] CAPPING events from decorations provider vscode.git 387
2023-08-21 19:38:27.338 [warning] [Decorations] CAPPING events from decorations provider vscode.git 387
2023-08-21 19:38:32.531 [warning] [Decorations] CAPPING events from decorations provider vscode.git 387
2023-08-21 19:38:37.731 [warning] [Decorations] CAPPING events from decorations provider vscode.git 387
2023-08-21 19:38:42.944 [warning] [Decorations] CAPPING events from decorations provider vscode.git 387
2023-08-21 19:38:48.181 [warning] [Decorations] CAPPING events from decorations provider vscode.git 387
2023-08-21 19:38:53.403 [warning] [Decorations] CAPPING events from decorations provider vscode.git 387
2023-08-21 19:38:58.758 [warning] [Decorations] CAPPING events from decorations provider vscode.git 387
2023-08-21 19:39:04.067 [warning] [Decorations] CAPPING events from decorations provider vscode.git 387
2023-08-21 19:39:09.285 [warning] [Decorations] CAPPING events from decorations provider vscode.git 387
2023-08-21 19:39:14.485 [warning] [Decorations] CAPPING events from decorations provider vscode.git 387
2023-08-21 19:39:19.679 [warning] [Decorations] CAPPING events from decorations provider vscode.git 387
2023-08-21 19:39:24.880 [warning] [Decorations] CAPPING events from decorations provider vscode.git 387
2023-08-21 19:39:30.091 [warning] [Decorations] CAPPING events from decorations provider vscode.git 387
2023-08-21 19:39:35.288 [warning] [Decorations] CAPPING events from decorations provider vscode.git 387
2023-08-21 19:39:40.496 [warning] [Decorations] CAPPING events from decorations provider vscode.git 387
2023-08-21 19:39:45.724 [warning] [Decorations] CAPPING events from decorations provider vscode.git 387
2023-08-21 19:39:50.968 [warning] [Decorations] CAPPING events from decorations provider vscode.git 387
2023-08-21 19:39:56.193 [warning] [Decorations] CAPPING events from decorations provider vscode.git 387
2023-08-21 19:40:01.563 [warning] [Decorations] CAPPING events from decorations provider vscode.git 387
2023-08-21 19:40:06.836 [warning] [Decorations] CAPPING events from decorations provider vscode.git 387
2023-08-21 19:40:12.043 [warning] [Decorations] CAPPING events from decorations provider vscode.git 387
2023-08-21 19:40:17.256 [warning] [Decorations] CAPPING events from decorations provider vscode.git 387
2023-08-21 19:40:22.470 [warning] [Decorations] CAPPING events from decorations provider vscode.git 387
2023-08-21 19:40:27.664 [warning] [Decorations] CAPPING events from decorations provider vscode.git 387
2023-08-21 19:40:32.861 [warning] [Decorations] CAPPING events from decorations provider vscode.git 387
2023-08-21 19:40:38.075 [warning] [Decorations] CAPPING events from decorations provider vscode.git 387
2023-08-21 19:40:43.281 [warning] [Decorations] CAPPING events from decorations provider vscode.git 387
2023-08-21 19:40:48.501 [warning] [Decorations] CAPPING events from decorations provider vscode.git 387
2023-08-21 19:40:53.732 [warning] [Decorations] CAPPING events from decorations provider vscode.git 387
2023-08-21 19:40:58.944 [warning] [Decorations] CAPPING events from decorations provider vscode.git 388
2023-08-21 19:41:04.325 [warning] [Decorations] CAPPING events from decorations provider vscode.git 387
2023-08-21 19:41:09.602 [warning] [Decorations] CAPPING events from decorations provider vscode.git 387
2023-08-21 19:41:14.794 [warning] [Decorations] CAPPING events from decorations provider vscode.git 387
2023-08-21 19:41:20.005 [warning] [Decorations] CAPPING events from decorations provider vscode.git 387
2023-08-21 19:41:25.208 [warning] [Decorations] CAPPING events from decorations provider vscode.git 387
2023-08-21 19:41:30.397 [warning] [Decorations] CAPPING events from decorations provider vscode.git 387
2023-08-21 19:41:35.586 [warning] [Decorations] CAPPING events from decorations provider vscode.git 387
2023-08-21 19:41:40.779 [warning] [Decorations] CAPPING events from decorations provider vscode.git 387
2023-08-21 19:41:45.979 [warning] [Decorations] CAPPING events from decorations provider vscode.git 387
2023-08-21 19:41:51.204 [warning] [Decorations] CAPPING events from decorations provider vscode.git 387
2023-08-21 19:41:56.461 [warning] [Decorations] CAPPING events from decorations provider vscode.git 387
2023-08-21 19:42:01.663 [warning] [Decorations] CAPPING events from decorations provider vscode.git 387
2023-08-21 19:42:07.007 [warning] [Decorations] CAPPING events from decorations provider vscode.git 387
2023-08-21 19:42:12.290 [warning] [Decorations] CAPPING events from decorations provider vscode.git 387
2023-08-21 19:42:17.499 [warning] [Decorations] CAPPING events from decorations provider vscode.git 387
2023-08-21 19:42:22.709 [warning] [Decorations] CAPPING events from decorations provider vscode.git 387
2023-08-21 19:42:27.910 [warning] [Decorations] CAPPING events from decorations provider vscode.git 387
2023-08-21 19:42:33.113 [warning] [Decorations] CAPPING events from decorations provider vscode.git 387
2023-08-21 19:42:38.321 [warning] [Decorations] CAPPING events from decorations provider vscode.git 387
2023-08-21 19:42:43.524 [warning] [Decorations] CAPPING events from decorations provider vscode.git 387
2023-08-21 19:42:48.729 [warning] [Decorations] CAPPING events from decorations provider vscode.git 387
2023-08-21 19:42:53.971 [warning] [Decorations] CAPPING events from decorations provider vscode.git 387
2023-08-21 19:42:59.197 [warning] [Decorations] CAPPING events from decorations provider vscode.git 388
2023-08-21 19:43:04.414 [warning] [Decorations] CAPPING events from decorations provider vscode.git 387
2023-08-21 19:43:09.759 [warning] [Decorations] CAPPING events from decorations provider vscode.git 387
2023-08-21 19:43:15.034 [warning] [Decorations] CAPPING events from decorations provider vscode.git 387
2023-08-21 19:43:20.261 [warning] [Decorations] CAPPING events from decorations provider vscode.git 387
2023-08-21 19:43:25.472 [warning] [Decorations] CAPPING events from decorations provider vscode.git 387
2023-08-21 19:43:30.677 [warning] [Decorations] CAPPING events from decorations provider vscode.git 387
2023-08-21 19:43:35.867 [warning] [Decorations] CAPPING events from decorations provider vscode.git 387
2023-08-21 19:43:41.063 [warning] [Decorations] CAPPING events from decorations provider vscode.git 387
2023-08-21 19:43:46.258 [warning] [Decorations] CAPPING events from decorations provider vscode.git 387
2023-08-21 19:43:51.463 [warning] [Decorations] CAPPING events from decorations provider vscode.git 387
2023-08-21 19:43:56.689 [warning] [Decorations] CAPPING events from decorations provider vscode.git 387
2023-08-21 19:44:01.914 [warning] [Decorations] CAPPING events from decorations provider vscode.git 387
2023-08-21 19:44:07.136 [warning] [Decorations] CAPPING events from decorations provider vscode.git 387
2023-08-21 19:44:12.466 [warning] [Decorations] CAPPING events from decorations provider vscode.git 387
2023-08-21 19:44:17.739 [warning] [Decorations] CAPPING events from decorations provider vscode.git 387
2023-08-21 19:44:22.923 [warning] [Decorations] CAPPING events from decorations provider vscode.git 387
2023-08-21 19:44:28.140 [warning] [Decorations] CAPPING events from decorations provider vscode.git 387
2023-08-21 19:44:33.331 [warning] [Decorations] CAPPING events from decorations provider vscode.git 387
2023-08-21 19:44:38.540 [warning] [Decorations] CAPPING events from decorations provider vscode.git 387
2023-08-21 19:44:43.751 [warning] [Decorations] CAPPING events from decorations provider vscode.git 387
2023-08-21 19:44:48.956 [warning] [Decorations] CAPPING events from decorations provider vscode.git 387
2023-08-21 19:44:54.166 [warning] [Decorations] CAPPING events from decorations provider vscode.git 387
2023-08-21 19:44:59.374 [warning] [Decorations] CAPPING events from decorations provider vscode.git 387
2023-08-21 19:45:04.626 [warning] [Decorations] CAPPING events from decorations provider vscode.git 387
2023-08-21 19:45:09.829 [warning] [Decorations] CAPPING events from decorations provider vscode.git 387
2023-08-21 19:45:15.171 [warning] [Decorations] CAPPING events from decorations provider vscode.git 387
2023-08-21 19:45:30.235 [warning] [Decorations] CAPPING events from decorations provider vscode.git 387
2023-08-21 19:45:35.448 [warning] [Decorations] CAPPING events from decorations provider vscode.git 387
2023-08-21 19:45:40.656 [warning] [Decorations] CAPPING events from decorations provider vscode.git 387
2023-08-21 19:45:45.849 [warning] [Decorations] CAPPING events from decorations provider vscode.git 387
2023-08-21 19:45:51.052 [warning] [Decorations] CAPPING events from decorations provider vscode.git 387
2023-08-21 19:45:56.272 [warning] [Decorations] CAPPING events from decorations provider vscode.git 387
2023-08-21 19:46:01.480 [warning] [Decorations] CAPPING events from decorations provider vscode.git 387
2023-08-21 19:46:06.722 [warning] [Decorations] CAPPING events from decorations provider vscode.git 387
2023-08-21 19:46:11.942 [warning] [Decorations] CAPPING events from decorations provider vscode.git 387
2023-08-21 19:46:17.266 [warning] [Decorations] CAPPING events from decorations provider vscode.git 390
2023-08-21 19:46:24.763 [warning] [Decorations] CAPPING events from decorations provider vscode.git 390
2023-08-21 19:46:31.846 [warning] [Decorations] CAPPING events from decorations provider vscode.git 390
2023-08-21 19:46:38.773 [warning] [Decorations] CAPPING events from decorations provider vscode.git 390
2023-08-21 19:46:47.759 [warning] [Decorations] CAPPING events from decorations provider vscode.git 390
2023-08-21 19:46:52.965 [warning] [Decorations] CAPPING events from decorations provider vscode.git 390
2023-08-21 19:46:58.155 [warning] [Decorations] CAPPING events from decorations provider vscode.git 390
2023-08-21 19:47:03.386 [warning] [Decorations] CAPPING events from decorations provider vscode.git 390
2023-08-21 19:47:08.625 [warning] [Decorations] CAPPING events from decorations provider vscode.git 390
2023-08-21 19:47:13.829 [warning] [Decorations] CAPPING events from decorations provider vscode.git 390
2023-08-21 19:47:19.166 [warning] [Decorations] CAPPING events from decorations provider vscode.git 390
2023-08-21 19:47:24.356 [warning] [Decorations] CAPPING events from decorations provider vscode.git 390
2023-08-21 19:47:29.579 [warning] [Decorations] CAPPING events from decorations provider vscode.git 390
2023-08-21 19:47:34.847 [warning] [Decorations] CAPPING events from decorations provider vscode.git 390
2023-08-21 19:47:40.041 [warning] [Decorations] CAPPING events from decorations provider vscode.git 390
2023-08-21 19:47:45.241 [warning] [Decorations] CAPPING events from decorations provider vscode.git 390
2023-08-21 19:47:50.459 [warning] [Decorations] CAPPING events from decorations provider vscode.git 390
2023-08-21 19:47:55.656 [warning] [Decorations] CAPPING events from decorations provider vscode.git 390
2023-08-21 19:48:00.858 [warning] [Decorations] CAPPING events from decorations provider vscode.git 390
2023-08-21 19:48:06.069 [warning] [Decorations] CAPPING events from decorations provider vscode.git 390
2023-08-21 19:48:11.313 [warning] [Decorations] CAPPING events from decorations provider vscode.git 390
2023-08-21 19:48:16.515 [warning] [Decorations] CAPPING events from decorations provider vscode.git 390
2023-08-21 19:48:21.846 [warning] [Decorations] CAPPING events from decorations provider vscode.git 390
2023-08-21 19:48:27.048 [warning] [Decorations] CAPPING events from decorations provider vscode.git 390
2023-08-21 19:48:32.251 [warning] [Decorations] CAPPING events from decorations provider vscode.git 390
2023-08-21 19:48:37.530 [warning] [Decorations] CAPPING events from decorations provider vscode.git 390
2023-08-21 19:48:42.757 [warning] [Decorations] CAPPING events from decorations provider vscode.git 390
2023-08-21 19:48:47.969 [warning] [Decorations] CAPPING events from decorations provider vscode.git 390
2023-08-21 19:48:53.178 [warning] [Decorations] CAPPING events from decorations provider vscode.git 390
2023-08-21 19:48:58.377 [warning] [Decorations] CAPPING events from decorations provider vscode.git 390
2023-08-21 19:49:03.592 [warning] [Decorations] CAPPING events from decorations provider vscode.git 390
2023-08-21 19:49:08.825 [warning] [Decorations] CAPPING events from decorations provider vscode.git 390
2023-08-21 19:49:14.067 [warning] [Decorations] CAPPING events from decorations provider vscode.git 390
2023-08-21 19:49:19.282 [warning] [Decorations] CAPPING events from decorations provider vscode.git 390
2023-08-21 19:49:24.632 [warning] [Decorations] CAPPING events from decorations provider vscode.git 390
2023-08-21 19:49:29.845 [warning] [Decorations] CAPPING events from decorations provider vscode.git 390
2023-08-21 19:49:35.050 [warning] [Decorations] CAPPING events from decorations provider vscode.git 390
2023-08-21 19:49:40.315 [warning] [Decorations] CAPPING events from decorations provider vscode.git 390
2023-08-21 19:49:45.513 [warning] [Decorations] CAPPING events from decorations provider vscode.git 390
2023-08-21 19:49:50.723 [warning] [Decorations] CAPPING events from decorations provider vscode.git 390
2023-08-21 19:49:55.929 [warning] [Decorations] CAPPING events from decorations provider vscode.git 390
2023-08-21 19:50:01.145 [warning] [Decorations] CAPPING events from decorations provider vscode.git 390
2023-08-21 19:50:06.347 [warning] [Decorations] CAPPING events from decorations provider vscode.git 390
2023-08-21 19:50:11.587 [warning] [Decorations] CAPPING events from decorations provider vscode.git 390
2023-08-21 19:50:16.822 [warning] [Decorations] CAPPING events from decorations provider vscode.git 390
2023-08-21 19:50:22.033 [warning] [Decorations] CAPPING events from decorations provider vscode.git 390
2023-08-21 19:50:27.372 [warning] [Decorations] CAPPING events from decorations provider vscode.git 390
2023-08-21 19:50:32.566 [warning] [Decorations] CAPPING events from decorations provider vscode.git 390
2023-08-21 19:50:37.765 [warning] [Decorations] CAPPING events from decorations provider vscode.git 390
2023-08-21 19:50:43.044 [warning] [Decorations] CAPPING events from decorations provider vscode.git 390
2023-08-21 19:50:48.245 [warning] [Decorations] CAPPING events from decorations provider vscode.git 390
2023-08-21 19:50:53.446 [warning] [Decorations] CAPPING events from decorations provider vscode.git 390
2023-08-21 19:50:58.656 [warning] [Decorations] CAPPING events from decorations provider vscode.git 390
2023-08-21 19:51:03.857 [warning] [Decorations] CAPPING events from decorations provider vscode.git 390
2023-08-21 19:51:09.059 [warning] [Decorations] CAPPING events from decorations provider vscode.git 390
2023-08-21 19:51:14.274 [warning] [Decorations] CAPPING events from decorations provider vscode.git 390
2023-08-21 19:51:19.507 [warning] [Decorations] CAPPING events from decorations provider vscode.git 390
2023-08-21 19:51:24.718 [warning] [Decorations] CAPPING events from decorations provider vscode.git 390
2023-08-21 19:51:30.091 [warning] [Decorations] CAPPING events from decorations provider vscode.git 390
2023-08-21 19:51:35.294 [warning] [Decorations] CAPPING events from decorations provider vscode.git 390
2023-08-21 19:51:40.501 [warning] [Decorations] CAPPING events from decorations provider vscode.git 390
2023-08-21 19:51:45.805 [warning] [Decorations] CAPPING events from decorations provider vscode.git 390
2023-08-21 19:51:51.025 [warning] [Decorations] CAPPING events from decorations provider vscode.git 390
2023-08-21 19:51:56.244 [warning] [Decorations] CAPPING events from decorations provider vscode.git 390
2023-08-21 19:52:02.041 [warning] [Decorations] CAPPING events from decorations provider vscode.git 393
2023-08-21 19:52:07.255 [warning] [Decorations] CAPPING events from decorations provider vscode.git 393
2023-08-21 19:52:12.448 [warning] [Decorations] CAPPING events from decorations provider vscode.git 393
2023-08-21 19:52:17.669 [warning] [Decorations] CAPPING events from decorations provider vscode.git 393
2023-08-21 19:52:22.917 [warning] [Decorations] CAPPING events from decorations provider vscode.git 393
2023-08-21 19:52:28.133 [warning] [Decorations] CAPPING events from decorations provider vscode.git 393
2023-08-21 19:52:33.490 [warning] [Decorations] CAPPING events from decorations provider vscode.git 393
2023-08-21 19:52:38.687 [warning] [Decorations] CAPPING events from decorations provider vscode.git 393
2023-08-21 19:52:43.874 [warning] [Decorations] CAPPING events from decorations provider vscode.git 393
2023-08-21 19:52:49.160 [warning] [Decorations] CAPPING events from decorations provider vscode.git 393
2023-08-21 19:52:54.347 [warning] [Decorations] CAPPING events from decorations provider vscode.git 393
2023-08-21 19:52:59.547 [warning] [Decorations] CAPPING events from decorations provider vscode.git 393
2023-08-21 19:53:04.762 [warning] [Decorations] CAPPING events from decorations provider vscode.git 393
2023-08-21 19:53:09.975 [warning] [Decorations] CAPPING events from decorations provider vscode.git 393
2023-08-21 19:53:15.194 [warning] [Decorations] CAPPING events from decorations provider vscode.git 393
2023-08-21 19:53:20.417 [warning] [Decorations] CAPPING events from decorations provider vscode.git 393
2023-08-21 19:53:25.657 [warning] [Decorations] CAPPING events from decorations provider vscode.git 393
2023-08-21 19:53:30.859 [warning] [Decorations] CAPPING events from decorations provider vscode.git 393
2023-08-21 19:53:36.205 [warning] [Decorations] CAPPING events from decorations provider vscode.git 393
2023-08-21 19:53:41.410 [warning] [Decorations] CAPPING events from decorations provider vscode.git 393
2023-08-21 19:53:46.622 [warning] [Decorations] CAPPING events from decorations provider vscode.git 393
2023-08-21 19:53:51.890 [warning] [Decorations] CAPPING events from decorations provider vscode.git 393
2023-08-21 19:53:57.092 [warning] [Decorations] CAPPING events from decorations provider vscode.git 393
2023-08-21 19:54:02.290 [warning] [Decorations] CAPPING events from decorations provider vscode.git 393
2023-08-21 19:54:07.501 [warning] [Decorations] CAPPING events from decorations provider vscode.git 393
2023-08-21 19:54:12.701 [warning] [Decorations] CAPPING events from decorations provider vscode.git 393
2023-08-21 19:54:17.902 [warning] [Decorations] CAPPING events from decorations provider vscode.git 393
2023-08-21 19:54:23.129 [warning] [Decorations] CAPPING events from decorations provider vscode.git 393
2023-08-21 19:54:28.386 [warning] [Decorations] CAPPING events from decorations provider vscode.git 393
2023-08-21 19:54:33.620 [warning] [Decorations] CAPPING events from decorations provider vscode.git 393
2023-08-21 20:05:21.035 [warning] [Decorations] CAPPING events from decorations provider vscode.git 393
2023-08-21 20:05:26.262 [warning] [Decorations] CAPPING events from decorations provider vscode.git 393
2023-08-21 20:05:31.459 [warning] [Decorations] CAPPING events from decorations provider vscode.git 393
2023-08-21 20:05:36.670 [warning] [Decorations] CAPPING events from decorations provider vscode.git 393
2023-08-21 20:05:41.865 [warning] [Decorations] CAPPING events from decorations provider vscode.git 393
2023-08-21 20:05:47.073 [warning] [Decorations] CAPPING events from decorations provider vscode.git 393
2023-08-21 20:05:52.278 [warning] [Decorations] CAPPING events from decorations provider vscode.git 393
2023-08-21 20:05:57.465 [warning] [Decorations] CAPPING events from decorations provider vscode.git 393
2023-08-21 20:06:02.663 [warning] [Decorations] CAPPING events from decorations provider vscode.git 393
2023-08-21 20:06:07.865 [warning] [Decorations] CAPPING events from decorations provider vscode.git 393
2023-08-21 20:06:13.061 [warning] [Decorations] CAPPING events from decorations provider vscode.git 393
2023-08-21 20:06:18.264 [warning] [Decorations] CAPPING events from decorations provider vscode.git 393
2023-08-21 20:06:23.684 [warning] [Decorations] CAPPING events from decorations provider vscode.git 393
2023-08-21 20:06:28.882 [warning] [Decorations] CAPPING events from decorations provider vscode.git 393
2023-08-21 20:06:34.080 [warning] [Decorations] CAPPING events from decorations provider vscode.git 393
2023-08-21 20:06:39.288 [warning] [Decorations] CAPPING events from decorations provider vscode.git 393
2023-08-21 20:06:44.470 [warning] [Decorations] CAPPING events from decorations provider vscode.git 393
2023-08-21 20:07:02.357 [warning] [Decorations] CAPPING events from decorations provider vscode.git 393
2023-08-21 20:07:07.989 [warning] [Decorations] CAPPING events from decorations provider vscode.git 393
2023-08-21 20:07:13.297 [warning] [Decorations] CAPPING events from decorations provider vscode.git 393
2023-08-21 20:07:18.541 [warning] [Decorations] CAPPING events from decorations provider vscode.git 393
2023-08-21 20:07:24.023 [warning] [Decorations] CAPPING events from decorations provider vscode.git 393
2023-08-21 20:07:29.232 [warning] [Decorations] CAPPING events from decorations provider vscode.git 393
2023-08-21 20:07:34.453 [warning] [Decorations] CAPPING events from decorations provider vscode.git 393
2023-08-21 20:07:39.650 [warning] [Decorations] CAPPING events from decorations provider vscode.git 393
2023-08-21 20:07:44.880 [warning] [Decorations] CAPPING events from decorations provider vscode.git 393
2023-08-21 20:07:50.079 [warning] [Decorations] CAPPING events from decorations provider vscode.git 393
2023-08-21 20:07:55.294 [warning] [Decorations] CAPPING events from decorations provider vscode.git 393
2023-08-21 20:08:00.508 [warning] [Decorations] CAPPING events from decorations provider vscode.git 393
2023-08-21 20:08:05.708 [warning] [Decorations] CAPPING events from decorations provider vscode.git 393
2023-08-21 20:08:10.920 [warning] [Decorations] CAPPING events from decorations provider vscode.git 393
2023-08-21 20:08:16.120 [warning] [Decorations] CAPPING events from decorations provider vscode.git 393
2023-08-21 20:08:21.331 [warning] [Decorations] CAPPING events from decorations provider vscode.git 393
2023-08-21 20:08:26.726 [warning] [Decorations] CAPPING events from decorations provider vscode.git 393
2023-08-21 20:08:31.925 [warning] [Decorations] CAPPING events from decorations provider vscode.git 393
2023-08-21 20:08:37.125 [warning] [Decorations] CAPPING events from decorations provider vscode.git 393
2023-08-21 20:08:42.346 [warning] [Decorations] CAPPING events from decorations provider vscode.git 393
2023-08-21 20:08:47.553 [warning] [Decorations] CAPPING events from decorations provider vscode.git 393
2023-08-21 20:08:52.761 [warning] [Decorations] CAPPING events from decorations provider vscode.git 393
2023-08-21 20:08:57.952 [warning] [Decorations] CAPPING events from decorations provider vscode.git 393
2023-08-21 20:09:03.150 [warning] [Decorations] CAPPING events from decorations provider vscode.git 393
2023-08-21 20:09:08.373 [warning] [Decorations] CAPPING events from decorations provider vscode.git 393
2023-08-21 20:09:13.567 [warning] [Decorations] CAPPING events from decorations provider vscode.git 393
2023-08-21 20:09:18.770 [warning] [Decorations] CAPPING events from decorations provider vscode.git 393
2023-08-21 20:09:23.961 [warning] [Decorations] CAPPING events from decorations provider vscode.git 393
2023-08-21 20:09:29.395 [warning] [Decorations] CAPPING events from decorations provider vscode.git 393
2023-08-21 20:09:34.613 [warning] [Decorations] CAPPING events from decorations provider vscode.git 393
2023-08-21 20:09:39.809 [warning] [Decorations] CAPPING events from decorations provider vscode.git 393
2023-08-21 20:09:45.008 [warning] [Decorations] CAPPING events from decorations provider vscode.git 393
2023-08-21 20:09:50.215 [warning] [Decorations] CAPPING events from decorations provider vscode.git 393
2023-08-21 20:09:55.415 [warning] [Decorations] CAPPING events from decorations provider vscode.git 393
2023-08-21 20:10:00.626 [warning] [Decorations] CAPPING events from decorations provider vscode.git 393
2023-08-21 20:10:05.818 [warning] [Decorations] CAPPING events from decorations provider vscode.git 393
2023-08-21 20:10:11.033 [warning] [Decorations] CAPPING events from decorations provider vscode.git 393
2023-08-21 20:10:16.240 [warning] [Decorations] CAPPING events from decorations provider vscode.git 393
2023-08-21 20:10:21.448 [warning] [Decorations] CAPPING events from decorations provider vscode.git 393
2023-08-21 20:10:26.666 [warning] [Decorations] CAPPING events from decorations provider vscode.git 393
2023-08-21 20:10:32.053 [warning] [Decorations] CAPPING events from decorations provider vscode.git 393
2023-08-21 20:10:37.296 [warning] [Decorations] CAPPING events from decorations provider vscode.git 393
2023-08-21 20:10:42.500 [warning] [Decorations] CAPPING events from decorations provider vscode.git 393
2023-08-21 20:10:55.133 [warning] [Decorations] CAPPING events from decorations provider vscode.git 393
2023-08-21 20:11:05.332 [warning] [Decorations] CAPPING events from decorations provider vscode.git 393
2023-08-21 20:11:10.527 [warning] [Decorations] CAPPING events from decorations provider vscode.git 393
2023-08-21 20:11:15.719 [warning] [Decorations] CAPPING events from decorations provider vscode.git 393
2023-08-21 20:11:21.522 [warning] [Decorations] CAPPING events from decorations provider vscode.git 394
2023-08-21 20:11:26.718 [warning] [Decorations] CAPPING events from decorations provider vscode.git 394
2023-08-21 20:11:32.106 [warning] [Decorations] CAPPING events from decorations provider vscode.git 394
2023-08-21 20:11:37.546 [warning] [Decorations] CAPPING events from decorations provider vscode.git 394
2023-08-21 20:11:42.750 [warning] [Decorations] CAPPING events from decorations provider vscode.git 394
2023-08-21 20:11:47.936 [warning] [Decorations] CAPPING events from decorations provider vscode.git 394
2023-08-21 20:11:53.139 [warning] [Decorations] CAPPING events from decorations provider vscode.git 394
2023-08-21 20:11:58.343 [warning] [Decorations] CAPPING events from decorations provider vscode.git 394
2023-08-21 20:12:03.548 [warning] [Decorations] CAPPING events from decorations provider vscode.git 394
2023-08-21 20:12:08.751 [warning] [Decorations] CAPPING events from decorations provider vscode.git 394
2023-08-21 20:12:13.940 [warning] [Decorations] CAPPING events from decorations provider vscode.git 394
2023-08-21 20:12:19.145 [warning] [Decorations] CAPPING events from decorations provider vscode.git 395
2023-08-21 20:12:24.346 [warning] [Decorations] CAPPING events from decorations provider vscode.git 395
2023-08-21 20:12:29.539 [warning] [Decorations] CAPPING events from decorations provider vscode.git 395
2023-08-21 20:12:34.922 [warning] [Decorations] CAPPING events from decorations provider vscode.git 395
2023-08-21 20:12:40.123 [warning] [Decorations] CAPPING events from decorations provider vscode.git 395
2023-08-21 20:12:45.331 [warning] [Decorations] CAPPING events from decorations provider vscode.git 395
2023-08-21 20:12:50.533 [warning] [Decorations] CAPPING events from decorations provider vscode.git 395
2023-08-21 20:12:55.717 [warning] [Decorations] CAPPING events from decorations provider vscode.git 395
2023-08-21 20:13:00.929 [warning] [Decorations] CAPPING events from decorations provider vscode.git 395
2023-08-21 20:13:06.120 [warning] [Decorations] CAPPING events from decorations provider vscode.git 395
2023-08-21 20:13:11.337 [warning] [Decorations] CAPPING events from decorations provider vscode.git 395
2023-08-21 20:13:16.542 [warning] [Decorations] CAPPING events from decorations provider vscode.git 395
2023-08-21 20:13:21.734 [warning] [Decorations] CAPPING events from decorations provider vscode.git 395
2023-08-21 20:13:26.944 [warning] [Decorations] CAPPING events from decorations provider vscode.git 395
2023-08-21 20:13:32.140 [warning] [Decorations] CAPPING events from decorations provider vscode.git 395
2023-08-21 20:13:37.542 [warning] [Decorations] CAPPING events from decorations provider vscode.git 395
2023-08-21 20:13:42.750 [warning] [Decorations] CAPPING events from decorations provider vscode.git 395
2023-08-21 20:13:47.941 [warning] [Decorations] CAPPING events from decorations provider vscode.git 395
2023-08-21 20:13:53.141 [warning] [Decorations] CAPPING events from decorations provider vscode.git 395
2023-08-21 20:13:58.329 [warning] [Decorations] CAPPING events from decorations provider vscode.git 395
2023-08-21 20:14:03.530 [warning] [Decorations] CAPPING events from decorations provider vscode.git 395
2023-08-21 20:14:08.727 [warning] [Decorations] CAPPING events from decorations provider vscode.git 395
2023-08-21 20:14:13.922 [warning] [Decorations] CAPPING events from decorations provider vscode.git 395
2023-08-21 20:14:19.118 [warning] [Decorations] CAPPING events from decorations provider vscode.git 395
2023-08-21 20:14:24.325 [warning] [Decorations] CAPPING events from decorations provider vscode.git 395
2023-08-21 20:14:29.534 [warning] [Decorations] CAPPING events from decorations provider vscode.git 395
2023-08-21 20:14:34.731 [warning] [Decorations] CAPPING events from decorations provider vscode.git 395
2023-08-21 20:14:40.124 [warning] [Decorations] CAPPING events from decorations provider vscode.git 395
2023-08-21 20:14:45.325 [warning] [Decorations] CAPPING events from decorations provider vscode.git 395
2023-08-21 20:14:50.523 [warning] [Decorations] CAPPING events from decorations provider vscode.git 395
2023-08-21 20:14:55.722 [warning] [Decorations] CAPPING events from decorations provider vscode.git 395
2023-08-21 20:15:00.934 [warning] [Decorations] CAPPING events from decorations provider vscode.git 395
2023-08-21 20:15:06.151 [warning] [Decorations] CAPPING events from decorations provider vscode.git 395
2023-08-21 20:15:11.403 [warning] [Decorations] CAPPING events from decorations provider vscode.git 395
2023-08-21 20:15:16.605 [warning] [Decorations] CAPPING events from decorations provider vscode.git 395
2023-08-21 20:15:21.808 [warning] [Decorations] CAPPING events from decorations provider vscode.git 395
2023-08-21 20:15:27.012 [warning] [Decorations] CAPPING events from decorations provider vscode.git 396
2023-08-21 20:15:32.216 [warning] [Decorations] CAPPING events from decorations provider vscode.git 396
2023-08-21 20:15:37.444 [warning] [Decorations] CAPPING events from decorations provider vscode.git 396
2023-08-21 20:15:42.939 [warning] [Decorations] CAPPING events from decorations provider vscode.git 396
2023-08-21 20:15:48.141 [warning] [Decorations] CAPPING events from decorations provider vscode.git 397
2023-08-21 20:15:53.358 [warning] [Decorations] CAPPING events from decorations provider vscode.git 397
2023-08-21 20:15:58.563 [warning] [Decorations] CAPPING events from decorations provider vscode.git 397
2023-08-21 20:16:03.771 [warning] [Decorations] CAPPING events from decorations provider vscode.git 397
2023-08-21 20:16:08.997 [warning] [Decorations] CAPPING events from decorations provider vscode.git 398
2023-08-21 20:16:14.216 [warning] [Decorations] CAPPING events from decorations provider vscode.git 398
2023-08-21 20:16:23.742 [warning] [Decorations] CAPPING events from decorations provider vscode.git 398
2023-08-21 20:16:28.940 [warning] [Decorations] CAPPING events from decorations provider vscode.git 398
2023-08-21 20:16:34.148 [warning] [Decorations] CAPPING events from decorations provider vscode.git 398
2023-08-21 20:16:39.371 [warning] [Decorations] CAPPING events from decorations provider vscode.git 398
2023-08-21 20:16:44.765 [warning] [Decorations] CAPPING events from decorations provider vscode.git 398
2023-08-21 20:16:49.962 [warning] [Decorations] CAPPING events from decorations provider vscode.git 398
2023-08-21 20:16:55.173 [warning] [Decorations] CAPPING events from decorations provider vscode.git 398
2023-08-21 20:17:00.378 [warning] [Decorations] CAPPING events from decorations provider vscode.git 398
2023-08-21 20:17:05.592 [warning] [Decorations] CAPPING events from decorations provider vscode.git 398
2023-08-21 20:17:10.804 [warning] [Decorations] CAPPING events from decorations provider vscode.git 398
2023-08-21 20:17:16.003 [warning] [Decorations] CAPPING events from decorations provider vscode.git 398
2023-08-21 20:17:25.768 [warning] [Decorations] CAPPING events from decorations provider vscode.git 399
2023-08-21 20:17:30.961 [warning] [Decorations] CAPPING events from decorations provider vscode.git 399
2023-08-21 20:17:36.166 [warning] [Decorations] CAPPING events from decorations provider vscode.git 399
2023-08-21 20:17:41.392 [warning] [Decorations] CAPPING events from decorations provider vscode.git 399
2023-08-21 20:17:46.803 [warning] [Decorations] CAPPING events from decorations provider vscode.git 399
2023-08-21 20:17:52.009 [warning] [Decorations] CAPPING events from decorations provider vscode.git 400
2023-08-21 20:17:57.233 [warning] [Decorations] CAPPING events from decorations provider vscode.git 400
2023-08-21 20:18:03.791 [warning] [Decorations] CAPPING events from decorations provider vscode.git 401
2023-08-21 20:18:08.986 [warning] [Decorations] CAPPING events from decorations provider vscode.git 401
2023-08-21 20:18:14.185 [warning] [Decorations] CAPPING events from decorations provider vscode.git 401
2023-08-21 20:18:19.397 [warning] [Decorations] CAPPING events from decorations provider vscode.git 401
2023-08-21 20:18:23.088 [info] ExtensionService#_doActivateExtension vscode.css-language-features, startup: false, activationEvent: 'onLanguage:css'
2023-08-21 20:18:24.594 [warning] [Decorations] CAPPING events from decorations provider vscode.git 401
2023-08-21 20:18:29.794 [warning] [Decorations] CAPPING events from decorations provider vscode.git 401
2023-08-21 20:18:34.999 [warning] [Decorations] CAPPING events from decorations provider vscode.git 401
2023-08-21 20:18:40.220 [warning] [Decorations] CAPPING events from decorations provider vscode.git 401
2023-08-21 20:18:45.429 [warning] [Decorations] CAPPING events from decorations provider vscode.git 401
2023-08-21 20:18:50.821 [warning] [Decorations] CAPPING events from decorations provider vscode.git 401
2023-08-21 20:18:56.025 [warning] [Decorations] CAPPING events from decorations provider vscode.git 401
2023-08-21 20:19:01.232 [warning] [Decorations] CAPPING events from decorations provider vscode.git 401
2023-08-21 20:19:06.438 [warning] [Decorations] CAPPING events from decorations provider vscode.git 401
2023-08-21 20:19:11.673 [warning] [Decorations] CAPPING events from decorations provider vscode.git 406
2023-08-21 20:19:16.878 [warning] [Decorations] CAPPING events from decorations provider vscode.git 406
2023-08-21 20:19:22.083 [warning] [Decorations] CAPPING events from decorations provider vscode.git 406
2023-08-21 20:19:27.288 [warning] [Decorations] CAPPING events from decorations provider vscode.git 406
2023-08-21 20:19:32.492 [warning] [Decorations] CAPPING events from decorations provider vscode.git 406
2023-08-21 20:19:37.704 [warning] [Decorations] CAPPING events from decorations provider vscode.git 406
2023-08-21 20:19:42.919 [warning] [Decorations] CAPPING events from decorations provider vscode.git 406
2023-08-21 20:19:48.153 [warning] [Decorations] CAPPING events from decorations provider vscode.git 406
2023-08-21 20:19:53.637 [warning] [Decorations] CAPPING events from decorations provider vscode.git 406
2023-08-21 20:19:58.847 [warning] [Decorations] CAPPING events from decorations provider vscode.git 406
2023-08-21 20:20:04.059 [warning] [Decorations] CAPPING events from decorations provider vscode.git 407
2023-08-21 20:20:09.275 [warning] [Decorations] CAPPING events from decorations provider vscode.git 407
2023-08-21 20:20:14.494 [warning] [Decorations] CAPPING events from decorations provider vscode.git 407
2023-08-21 20:20:19.714 [warning] [Decorations] CAPPING events from decorations provider vscode.git 408
2023-08-21 20:20:24.918 [warning] [Decorations] CAPPING events from decorations provider vscode.git 408
2023-08-21 20:20:30.136 [warning] [Decorations] CAPPING events from decorations provider vscode.git 408
2023-08-21 20:20:35.336 [warning] [Decorations] CAPPING events from decorations provider vscode.git 408
2023-08-21 20:20:40.530 [warning] [Decorations] CAPPING events from decorations provider vscode.git 408
2023-08-21 20:20:45.729 [warning] [Decorations] CAPPING events from decorations provider vscode.git 408
2023-08-21 20:20:50.947 [warning] [Decorations] CAPPING events from decorations provider vscode.git 408
2023-08-21 20:20:56.374 [warning] [Decorations] CAPPING events from decorations provider vscode.git 408
2023-08-21 20:21:01.593 [warning] [Decorations] CAPPING events from decorations provider vscode.git 408
2023-08-21 20:21:06.796 [warning] [Decorations] CAPPING events from decorations provider vscode.git 408
2023-08-21 20:21:12.013 [warning] [Decorations] CAPPING events from decorations provider vscode.git 408
2023-08-21 20:21:17.226 [warning] [Decorations] CAPPING events from decorations provider vscode.git 408
2023-08-21 20:21:22.449 [warning] [Decorations] CAPPING events from decorations provider vscode.git 408
2023-08-21 20:21:27.651 [warning] [Decorations] CAPPING events from decorations provider vscode.git 408
2023-08-21 20:21:32.855 [warning] [Decorations] CAPPING events from decorations provider vscode.git 408
2023-08-21 20:21:38.068 [warning] [Decorations] CAPPING events from decorations provider vscode.git 408
2023-08-21 20:21:43.287 [warning] [Decorations] CAPPING events from decorations provider vscode.git 408
2023-08-21 20:21:48.494 [warning] [Decorations] CAPPING events from decorations provider vscode.git 408
2023-08-21 20:21:53.715 [warning] [Decorations] CAPPING events from decorations provider vscode.git 408
2023-08-21 20:21:59.113 [warning] [Decorations] CAPPING events from decorations provider vscode.git 408
2023-08-21 20:22:04.319 [warning] [Decorations] CAPPING events from decorations provider vscode.git 408
2023-08-21 20:22:09.527 [warning] [Decorations] CAPPING events from decorations provider vscode.git 408
2023-08-21 20:22:14.755 [warning] [Decorations] CAPPING events from decorations provider vscode.git 408
2023-08-21 20:22:19.963 [warning] [Decorations] CAPPING events from decorations provider vscode.git 409
2023-08-21 20:22:25.177 [warning] [Decorations] CAPPING events from decorations provider vscode.git 409
2023-08-21 20:22:30.401 [warning] [Decorations] CAPPING events from decorations provider vscode.git 409
2023-08-21 20:22:35.627 [warning] [Decorations] CAPPING events from decorations provider vscode.git 409
2023-08-21 20:22:40.840 [warning] [Decorations] CAPPING events from decorations provider vscode.git 409
2023-08-21 20:22:46.058 [warning] [Decorations] CAPPING events from decorations provider vscode.git 409
2023-08-21 20:22:51.290 [warning] [Decorations] CAPPING events from decorations provider vscode.git 409
2023-08-21 20:22:56.515 [warning] [Decorations] CAPPING events from decorations provider vscode.git 409
2023-08-21 20:23:02.004 [warning] [Decorations] CAPPING events from decorations provider vscode.git 409
2023-08-21 20:23:07.239 [warning] [Decorations] CAPPING events from decorations provider vscode.git 409
2023-08-21 20:23:12.482 [warning] [Decorations] CAPPING events from decorations provider vscode.git 409
2023-08-21 20:23:17.853 [warning] [Decorations] CAPPING events from decorations provider vscode.git 409
2023-08-21 20:23:23.055 [warning] [Decorations] CAPPING events from decorations provider vscode.git 409
2023-08-21 20:23:28.447 [warning] [Decorations] CAPPING events from decorations provider vscode.git 409
2023-08-21 20:23:33.952 [warning] [Decorations] CAPPING events from decorations provider vscode.git 409
2023-08-21 20:23:39.156 [warning] [Decorations] CAPPING events from decorations provider vscode.git 409
2023-08-21 20:23:44.359 [warning] [Decorations] CAPPING events from decorations provider vscode.git 409
2023-08-21 20:23:49.573 [warning] [Decorations] CAPPING events from decorations provider vscode.git 409
2023-08-21 20:23:54.773 [warning] [Decorations] CAPPING events from decorations provider vscode.git 409
2023-08-21 20:23:59.976 [warning] [Decorations] CAPPING events from decorations provider vscode.git 409
2023-08-21 20:24:05.388 [warning] [Decorations] CAPPING events from decorations provider vscode.git 409
2023-08-21 20:24:10.589 [warning] [Decorations] CAPPING events from decorations provider vscode.git 409
2023-08-21 20:24:15.783 [warning] [Decorations] CAPPING events from decorations provider vscode.git 409
2023-08-21 20:24:21.010 [warning] [Decorations] CAPPING events from decorations provider vscode.git 409
2023-08-21 20:24:26.247 [warning] [Decorations] CAPPING events from decorations provider vscode.git 409
2023-08-21 20:24:31.461 [warning] [Decorations] CAPPING events from decorations provider vscode.git 409
2023-08-21 20:24:36.680 [warning] [Decorations] CAPPING events from decorations provider vscode.git 409
2023-08-21 20:24:41.890 [warning] [Decorations] CAPPING events from decorations provider vscode.git 409
2023-08-21 20:24:47.109 [warning] [Decorations] CAPPING events from decorations provider vscode.git 409
2023-08-21 20:24:52.329 [warning] [Decorations] CAPPING events from decorations provider vscode.git 409
2023-08-21 20:24:57.538 [warning] [Decorations] CAPPING events from decorations provider vscode.git 409
2023-08-21 20:25:02.740 [warning] [Decorations] CAPPING events from decorations provider vscode.git 409
2023-08-21 20:25:08.138 [warning] [Decorations] CAPPING events from decorations provider vscode.git 409
2023-08-21 20:25:13.355 [warning] [Decorations] CAPPING events from decorations provider vscode.git 409
2023-08-21 20:25:18.563 [warning] [Decorations] CAPPING events from decorations provider vscode.git 409
2023-08-21 20:25:23.777 [warning] [Decorations] CAPPING events from decorations provider vscode.git 409
2023-08-21 20:25:28.987 [warning] [Decorations] CAPPING events from decorations provider vscode.git 409
2023-08-21 20:25:34.465 [warning] [Decorations] CAPPING events from decorations provider vscode.git 410
2023-08-21 20:25:39.673 [warning] [Decorations] CAPPING events from decorations provider vscode.git 410
2023-08-21 20:25:44.882 [warning] [Decorations] CAPPING events from decorations provider vscode.git 410
2023-08-21 20:25:50.087 [warning] [Decorations] CAPPING events from decorations provider vscode.git 410
2023-08-21 20:25:55.296 [warning] [Decorations] CAPPING events from decorations provider vscode.git 410
2023-08-21 20:26:00.510 [warning] [Decorations] CAPPING events from decorations provider vscode.git 410
2023-08-21 20:26:06.045 [warning] [Decorations] CAPPING events from decorations provider vscode.git 410
2023-08-21 20:26:12.436 [warning] [Decorations] CAPPING events from decorations provider vscode.git 411
2023-08-21 20:26:17.803 [warning] [Decorations] CAPPING events from decorations provider vscode.git 411
2023-08-21 20:26:27.050 [warning] [Decorations] CAPPING events from decorations provider vscode.git 411
2023-08-21 20:26:32.283 [warning] [Decorations] CAPPING events from decorations provider vscode.git 411
2023-08-21 20:26:37.485 [warning] [Decorations] CAPPING events from decorations provider vscode.git 412
2023-08-21 20:26:42.696 [warning] [Decorations] CAPPING events from decorations provider vscode.git 412
2023-08-21 20:26:48.092 [warning] [Decorations] CAPPING events from decorations provider vscode.git 412
2023-08-21 20:26:53.306 [warning] [Decorations] CAPPING events from decorations provider vscode.git 413
2023-08-21 20:26:58.517 [warning] [Decorations] CAPPING events from decorations provider vscode.git 413
2023-08-21 20:27:03.742 [warning] [Decorations] CAPPING events from decorations provider vscode.git 413
2023-08-21 20:27:08.949 [warning] [Decorations] CAPPING events from decorations provider vscode.git 414
2023-08-21 20:27:14.365 [warning] [Decorations] CAPPING events from decorations provider vscode.git 414
2023-08-21 20:27:19.580 [warning] [Decorations] CAPPING events from decorations provider vscode.git 414
2023-08-21 20:27:24.805 [warning] [Decorations] CAPPING events from decorations provider vscode.git 414
2023-08-21 20:27:30.014 [warning] [Decorations] CAPPING events from decorations provider vscode.git 415
2023-08-21 20:27:35.213 [warning] [Decorations] CAPPING events from decorations provider vscode.git 415
2023-08-21 20:27:42.395 [warning] [Decorations] CAPPING events from decorations provider vscode.git 415
2023-08-21 20:27:47.601 [warning] [Decorations] CAPPING events from decorations provider vscode.git 415
2023-08-21 20:27:52.804 [warning] [Decorations] CAPPING events from decorations provider vscode.git 416
2023-08-21 20:27:58.302 [warning] [Decorations] CAPPING events from decorations provider vscode.git 416
2023-08-21 20:28:03.505 [warning] [Decorations] CAPPING events from decorations provider vscode.git 416
2023-08-21 20:28:08.710 [warning] [Decorations] CAPPING events from decorations provider vscode.git 416
2023-08-21 20:28:13.935 [warning] [Decorations] CAPPING events from decorations provider vscode.git 417
2023-08-21 20:28:19.357 [warning] [Decorations] CAPPING events from decorations provider vscode.git 417
2023-08-21 20:28:24.576 [warning] [Decorations] CAPPING events from decorations provider vscode.git 417
2023-08-21 20:28:29.798 [warning] [Decorations] CAPPING events from decorations provider vscode.git 417
2023-08-21 20:28:34.994 [warning] [Decorations] CAPPING events from decorations provider vscode.git 417
2023-08-21 20:28:40.207 [warning] [Decorations] CAPPING events from decorations provider vscode.git 417
2023-08-21 20:28:45.404 [warning] [Decorations] CAPPING events from decorations provider vscode.git 417
2023-08-21 20:28:50.610 [warning] [Decorations] CAPPING events from decorations provider vscode.git 417
2023-08-21 20:28:55.829 [warning] [Decorations] CAPPING events from decorations provider vscode.git 418
2023-08-21 20:29:01.128 [warning] [Decorations] CAPPING events from decorations provider vscode.git 418
2023-08-21 20:29:06.335 [warning] [Decorations] CAPPING events from decorations provider vscode.git 418
2023-08-21 20:29:11.549 [warning] [Decorations] CAPPING events from decorations provider vscode.git 418
2023-08-21 20:29:16.756 [warning] [Decorations] CAPPING events from decorations provider vscode.git 418
2023-08-21 20:29:22.153 [warning] [Decorations] CAPPING events from decorations provider vscode.git 418
2023-08-21 20:29:27.351 [warning] [Decorations] CAPPING events from decorations provider vscode.git 419
2023-08-21 20:29:32.552 [warning] [Decorations] CAPPING events from decorations provider vscode.git 419
2023-08-21 20:29:37.755 [warning] [Decorations] CAPPING events from decorations provider vscode.git 419
2023-08-21 20:29:42.960 [warning] [Decorations] CAPPING events from decorations provider vscode.git 419
2023-08-21 20:29:48.164 [warning] [Decorations] CAPPING events from decorations provider vscode.git 419
2023-08-21 20:29:53.381 [warning] [Decorations] CAPPING events from decorations provider vscode.git 419
2023-08-21 20:29:58.583 [warning] [Decorations] CAPPING events from decorations provider vscode.git 419
2023-08-21 20:30:03.805 [warning] [Decorations] CAPPING events from decorations provider vscode.git 419
2023-08-21 20:30:09.011 [warning] [Decorations] CAPPING events from decorations provider vscode.git 419
2023-08-21 20:30:14.244 [warning] [Decorations] CAPPING events from decorations provider vscode.git 420
2023-08-21 20:30:19.455 [warning] [Decorations] CAPPING events from decorations provider vscode.git 420
2023-08-21 20:30:28.598 [warning] [Decorations] CAPPING events from decorations provider vscode.git 420
2023-08-21 20:30:33.805 [warning] [Decorations] CAPPING events from decorations provider vscode.git 420
2023-08-21 20:30:39.010 [warning] [Decorations] CAPPING events from decorations provider vscode.git 420
2023-08-21 20:30:44.242 [warning] [Decorations] CAPPING events from decorations provider vscode.git 420
2023-08-21 20:30:49.439 [warning] [Decorations] CAPPING events from decorations provider vscode.git 420
2023-08-21 20:30:54.643 [warning] [Decorations] CAPPING events from decorations provider vscode.git 420
2023-08-21 20:30:59.843 [warning] [Decorations] CAPPING events from decorations provider vscode.git 420
2023-08-21 20:31:05.049 [warning] [Decorations] CAPPING events from decorations provider vscode.git 420
2023-08-21 20:31:10.261 [warning] [Decorations] CAPPING events from decorations provider vscode.git 420
2023-08-21 20:31:15.477 [warning] [Decorations] CAPPING events from decorations provider vscode.git 420
2023-08-21 20:31:20.701 [warning] [Decorations] CAPPING events from decorations provider vscode.git 420
2023-08-21 20:31:26.005 [warning] [Decorations] CAPPING events from decorations provider vscode.git 420
2023-08-21 20:31:31.319 [warning] [Decorations] CAPPING events from decorations provider vscode.git 420
2023-08-21 20:31:36.530 [warning] [Decorations] CAPPING events from decorations provider vscode.git 420
2023-08-21 20:31:41.752 [warning] [Decorations] CAPPING events from decorations provider vscode.git 420
2023-08-21 20:31:46.964 [warning] [Decorations] CAPPING events from decorations provider vscode.git 420
2023-08-21 20:31:52.169 [warning] [Decorations] CAPPING events from decorations provider vscode.git 420
2023-08-21 20:31:57.383 [warning] [Decorations] CAPPING events from decorations provider vscode.git 420
2023-08-21 20:32:02.583 [warning] [Decorations] CAPPING events from decorations provider vscode.git 420
2023-08-21 20:32:07.793 [warning] [Decorations] CAPPING events from decorations provider vscode.git 420
2023-08-21 20:32:13.002 [warning] [Decorations] CAPPING events from decorations provider vscode.git 420
2023-08-21 20:32:18.226 [warning] [Decorations] CAPPING events from decorations provider vscode.git 420
2023-08-21 20:32:23.425 [warning] [Decorations] CAPPING events from decorations provider vscode.git 420
2023-08-21 20:32:28.707 [warning] [Decorations] CAPPING events from decorations provider vscode.git 420
2023-08-21 20:32:34.010 [warning] [Decorations] CAPPING events from decorations provider vscode.git 420
2023-08-21 20:32:39.234 [warning] [Decorations] CAPPING events from decorations provider vscode.git 420
2023-08-21 20:32:44.441 [warning] [Decorations] CAPPING events from decorations provider vscode.git 420
2023-08-21 20:32:49.665 [warning] [Decorations] CAPPING events from decorations provider vscode.git 420
2023-08-21 20:32:54.875 [warning] [Decorations] CAPPING events from decorations provider vscode.git 420
2023-08-21 20:33:00.101 [warning] [Decorations] CAPPING events from decorations provider vscode.git 420
2023-08-21 20:33:05.344 [warning] [Decorations] CAPPING events from decorations provider vscode.git 420
2023-08-21 20:33:10.559 [warning] [Decorations] CAPPING events from decorations provider vscode.git 420
2023-08-21 20:33:15.758 [warning] [Decorations] CAPPING events from decorations provider vscode.git 420
2023-08-21 20:33:21.001 [warning] [Decorations] CAPPING events from decorations provider vscode.git 420
2023-08-21 20:33:26.212 [warning] [Decorations] CAPPING events from decorations provider vscode.git 420
2023-08-21 20:33:31.500 [warning] [Decorations] CAPPING events from decorations provider vscode.git 420
2023-08-21 20:33:36.803 [warning] [Decorations] CAPPING events from decorations provider vscode.git 420
2023-08-21 20:33:42.002 [warning] [Decorations] CAPPING events from decorations provider vscode.git 420
2023-08-21 20:33:47.222 [warning] [Decorations] CAPPING events from decorations provider vscode.git 420
2023-08-21 20:33:52.425 [warning] [Decorations] CAPPING events from decorations provider vscode.git 420
2023-08-21 20:33:57.643 [warning] [Decorations] CAPPING events from decorations provider vscode.git 420
2023-08-21 20:34:02.841 [warning] [Decorations] CAPPING events from decorations provider vscode.git 420
2023-08-21 20:34:08.035 [warning] [Decorations] CAPPING events from decorations provider vscode.git 420
2023-08-21 20:34:13.275 [warning] [Decorations] CAPPING events from decorations provider vscode.git 420
2023-08-21 20:34:18.496 [warning] [Decorations] CAPPING events from decorations provider vscode.git 420
2023-08-21 20:34:23.717 [warning] [Decorations] CAPPING events from decorations provider vscode.git 420
2023-08-21 20:34:28.916 [warning] [Decorations] CAPPING events from decorations provider vscode.git 420
2023-08-21 20:34:34.190 [warning] [Decorations] CAPPING events from decorations provider vscode.git 420
2023-08-21 20:34:39.484 [warning] [Decorations] CAPPING events from decorations provider vscode.git 420
2023-08-21 20:34:44.686 [warning] [Decorations] CAPPING events from decorations provider vscode.git 420
2023-08-21 20:34:49.885 [warning] [Decorations] CAPPING events from decorations provider vscode.git 423
2023-08-21 20:34:55.090 [warning] [Decorations] CAPPING events from decorations provider vscode.git 423
2023-08-21 20:35:00.307 [warning] [Decorations] CAPPING events from decorations provider vscode.git 423
2023-08-21 20:35:05.512 [warning] [Decorations] CAPPING events from decorations provider vscode.git 423
2023-08-21 20:35:10.710 [warning] [Decorations] CAPPING events from decorations provider vscode.git 423
2023-08-21 20:35:15.910 [warning] [Decorations] CAPPING events from decorations provider vscode.git 423
2023-08-21 20:35:21.136 [warning] [Decorations] CAPPING events from decorations provider vscode.git 423
2023-08-21 20:35:26.345 [warning] [Decorations] CAPPING events from decorations provider vscode.git 423
2023-08-21 20:35:31.553 [warning] [Decorations] CAPPING events from decorations provider vscode.git 423
2023-08-21 20:35:36.835 [warning] [Decorations] CAPPING events from decorations provider vscode.git 423
2023-08-21 20:35:42.137 [warning] [Decorations] CAPPING events from decorations provider vscode.git 423
2023-08-21 20:35:47.336 [warning] [Decorations] CAPPING events from decorations provider vscode.git 423
2023-08-21 20:35:52.559 [warning] [Decorations] CAPPING events from decorations provider vscode.git 423
2023-08-21 20:35:57.786 [warning] [Decorations] CAPPING events from decorations provider vscode.git 423
2023-08-21 20:36:02.992 [warning] [Decorations] CAPPING events from decorations provider vscode.git 423
2023-08-21 20:36:08.202 [warning] [Decorations] CAPPING events from decorations provider vscode.git 423
2023-08-21 20:36:13.427 [warning] [Decorations] CAPPING events from decorations provider vscode.git 423
2023-08-21 20:36:18.648 [warning] [Decorations] CAPPING events from decorations provider vscode.git 423
2023-08-21 20:36:23.871 [warning] [Decorations] CAPPING events from decorations provider vscode.git 423
2023-08-21 20:36:29.083 [warning] [Decorations] CAPPING events from decorations provider vscode.git 423
2023-08-21 20:36:34.646 [warning] [Decorations] CAPPING events from decorations provider vscode.git 423
2023-08-21 20:36:39.954 [warning] [Decorations] CAPPING events from decorations provider vscode.git 423
2023-08-21 20:36:45.493 [warning] [Decorations] CAPPING events from decorations provider vscode.git 423
2023-08-21 20:36:50.714 [warning] [Decorations] CAPPING events from decorations provider vscode.git 423
2023-08-21 20:36:55.920 [warning] [Decorations] CAPPING events from decorations provider vscode.git 423
2023-08-21 20:37:01.140 [warning] [Decorations] CAPPING events from decorations provider vscode.git 423
2023-08-21 20:37:06.349 [warning] [Decorations] CAPPING events from decorations provider vscode.git 423
2023-08-21 20:37:11.564 [warning] [Decorations] CAPPING events from decorations provider vscode.git 426
2023-08-21 20:37:17.434 [warning] [Decorations] CAPPING events from decorations provider vscode.git 426
2023-08-21 20:37:22.640 [warning] [Decorations] CAPPING events from decorations provider vscode.git 426
2023-08-21 20:37:27.849 [warning] [Decorations] CAPPING events from decorations provider vscode.git 426
2023-08-21 20:37:33.058 [warning] [Decorations] CAPPING events from decorations provider vscode.git 429
2023-08-21 20:37:38.269 [warning] [Decorations] CAPPING events from decorations provider vscode.git 429
2023-08-21 20:37:43.575 [warning] [Decorations] CAPPING events from decorations provider vscode.git 429
2023-08-21 20:37:48.888 [warning] [Decorations] CAPPING events from decorations provider vscode.git 429
2023-08-21 20:37:54.110 [warning] [Decorations] CAPPING events from decorations provider vscode.git 432
2023-08-21 20:37:59.341 [warning] [Decorations] CAPPING events from decorations provider vscode.git 432
2023-08-21 20:38:04.558 [warning] [Decorations] CAPPING events from decorations provider vscode.git 432
2023-08-21 20:38:09.761 [warning] [Decorations] CAPPING events from decorations provider vscode.git 432
2023-08-21 20:38:17.464 [warning] [Decorations] CAPPING events from decorations provider vscode.git 441
2023-08-21 20:38:22.670 [warning] [Decorations] CAPPING events from decorations provider vscode.git 441
2023-08-21 20:38:27.877 [warning] [Decorations] CAPPING events from decorations provider vscode.git 441
2023-08-21 20:38:33.101 [warning] [Decorations] CAPPING events from decorations provider vscode.git 441
2023-08-21 20:38:38.858 [warning] [Decorations] CAPPING events from decorations provider vscode.git 442
2023-08-21 20:38:44.248 [warning] [Decorations] CAPPING events from decorations provider vscode.git 444
2023-08-21 20:38:49.589 [warning] [Decorations] CAPPING events from decorations provider vscode.git 444
2023-08-21 20:38:54.807 [warning] [Decorations] CAPPING events from decorations provider vscode.git 444
2023-08-21 20:39:00.035 [warning] [Decorations] CAPPING events from decorations provider vscode.git 444
2023-08-21 20:39:05.257 [warning] [Decorations] CAPPING events from decorations provider vscode.git 444
2023-08-21 20:39:10.482 [warning] [Decorations] CAPPING events from decorations provider vscode.git 444
2023-08-21 20:39:15.707 [warning] [Decorations] CAPPING events from decorations provider vscode.git 444
2023-08-21 20:39:20.936 [warning] [Decorations] CAPPING events from decorations provider vscode.git 444
2023-08-21 20:39:26.147 [warning] [Decorations] CAPPING events from decorations provider vscode.git 444
2023-08-21 20:39:31.350 [warning] [Decorations] CAPPING events from decorations provider vscode.git 447
2023-08-21 20:39:36.566 [warning] [Decorations] CAPPING events from decorations provider vscode.git 447
2023-08-21 20:39:41.799 [warning] [Decorations] CAPPING events from decorations provider vscode.git 447
2023-08-21 20:39:47.096 [warning] [Decorations] CAPPING events from decorations provider vscode.git 447
2023-08-21 20:39:52.412 [warning] [Decorations] CAPPING events from decorations provider vscode.git 447
2023-08-21 20:39:57.713 [warning] [Decorations] CAPPING events from decorations provider vscode.git 447
2023-08-21 20:40:03.191 [warning] [Decorations] CAPPING events from decorations provider vscode.git 447
2023-08-21 20:40:08.604 [warning] [Decorations] CAPPING events from decorations provider vscode.git 447
2023-08-21 20:40:13.838 [warning] [Decorations] CAPPING events from decorations provider vscode.git 447
2023-08-21 20:40:19.064 [warning] [Decorations] CAPPING events from decorations provider vscode.git 447
2023-08-21 20:40:24.268 [warning] [Decorations] CAPPING events from decorations provider vscode.git 447
2023-08-21 20:40:29.483 [warning] [Decorations] CAPPING events from decorations provider vscode.git 447
2023-08-21 20:40:34.718 [warning] [Decorations] CAPPING events from decorations provider vscode.git 447
2023-08-21 20:40:39.952 [warning] [Decorations] CAPPING events from decorations provider vscode.git 447
2023-08-21 20:40:45.168 [warning] [Decorations] CAPPING events from decorations provider vscode.git 447
2023-08-21 20:40:50.458 [warning] [Decorations] CAPPING events from decorations provider vscode.git 447
2023-08-21 20:40:55.758 [warning] [Decorations] CAPPING events from decorations provider vscode.git 447
2023-08-21 20:41:01.534 [warning] [Decorations] CAPPING events from decorations provider vscode.git 447
2023-08-21 20:41:07.582 [warning] [Decorations] CAPPING events from decorations provider vscode.git 447
2023-08-21 20:41:13.308 [warning] [Decorations] CAPPING events from decorations provider vscode.git 447
2023-08-21 20:41:19.160 [warning] [Decorations] CAPPING events from decorations provider vscode.git 447
2023-08-21 20:41:24.441 [warning] [Decorations] CAPPING events from decorations provider vscode.git 447
2023-08-21 20:41:29.653 [warning] [Decorations] CAPPING events from decorations provider vscode.git 447
2023-08-21 20:41:34.863 [warning] [Decorations] CAPPING events from decorations provider vscode.git 447
2023-08-21 20:41:40.091 [warning] [Decorations] CAPPING events from decorations provider vscode.git 447
2023-08-21 20:41:45.307 [warning] [Decorations] CAPPING events from decorations provider vscode.git 447
2023-08-21 20:41:50.598 [warning] [Decorations] CAPPING events from decorations provider vscode.git 447
2023-08-21 20:41:55.909 [warning] [Decorations] CAPPING events from decorations provider vscode.git 447
2023-08-21 20:42:01.125 [warning] [Decorations] CAPPING events from decorations provider vscode.git 447
2023-08-21 20:42:06.344 [warning] [Decorations] CAPPING events from decorations provider vscode.git 447
2023-08-21 20:42:11.558 [warning] [Decorations] CAPPING events from decorations provider vscode.git 447
2023-08-21 20:42:16.786 [warning] [Decorations] CAPPING events from decorations provider vscode.git 447
2023-08-21 20:42:22.002 [warning] [Decorations] CAPPING events from decorations provider vscode.git 447
2023-08-21 20:42:27.207 [warning] [Decorations] CAPPING events from decorations provider vscode.git 447
2023-08-21 20:42:32.427 [warning] [Decorations] CAPPING events from decorations provider vscode.git 447
2023-08-21 20:42:37.637 [warning] [Decorations] CAPPING events from decorations provider vscode.git 447
2023-08-21 20:42:43.471 [warning] [Decorations] CAPPING events from decorations provider vscode.git 447
2023-08-21 20:42:48.683 [warning] [Decorations] CAPPING events from decorations provider vscode.git 447
2023-08-21 20:42:54.013 [warning] [Decorations] CAPPING events from decorations provider vscode.git 448
2023-08-21 20:42:59.460 [warning] [Decorations] CAPPING events from decorations provider vscode.git 447
2023-08-21 20:43:04.683 [warning] [Decorations] CAPPING events from decorations provider vscode.git 447
2023-08-21 20:43:09.886 [warning] [Decorations] CAPPING events from decorations provider vscode.git 447
2023-08-21 20:43:15.100 [warning] [Decorations] CAPPING events from decorations provider vscode.git 447
2023-08-21 20:43:20.323 [warning] [Decorations] CAPPING events from decorations provider vscode.git 448
2023-08-21 20:43:25.634 [warning] [Decorations] CAPPING events from decorations provider vscode.git 447
2023-08-21 20:43:30.908 [warning] [Decorations] CAPPING events from decorations provider vscode.git 447
2023-08-21 20:43:36.126 [warning] [Decorations] CAPPING events from decorations provider vscode.git 448
2023-08-21 20:43:41.357 [warning] [Decorations] CAPPING events from decorations provider vscode.git 448
2023-08-21 20:43:47.622 [warning] [Decorations] CAPPING events from decorations provider vscode.git 447
2023-08-21 20:43:52.836 [warning] [Decorations] CAPPING events from decorations provider vscode.git 447
2023-08-21 20:43:58.126 [warning] [Decorations] CAPPING events from decorations provider vscode.git 447
2023-08-21 20:44:03.426 [warning] [Decorations] CAPPING events from decorations provider vscode.git 447
2023-08-21 20:44:08.633 [warning] [Decorations] CAPPING events from decorations provider vscode.git 447
