2023-08-09 12:27:39.899 [info] Log level: Info
2023-08-09 12:27:39.899 [info] Validating found git in: "git"
2023-08-09 12:27:39.899 [info] Using git "2.30.2" from "git"
2023-08-09 12:27:39.899 [info] > git rev-parse --show-toplevel [40ms]
2023-08-09 12:27:39.899 [info] fatal: not a git repository (or any parent up to mount point /var)
Stopping at filesystem boundary (GIT_DISCOVERY_ACROSS_FILESYSTEM not set).
2023-08-09 12:27:39.899 [info] > git rev-parse --show-toplevel [1ms]
2023-08-09 12:27:39.899 [info] fatal: not a git repository (or any parent up to mount point /var)
Stopping at filesystem boundary (GIT_DISCOVERY_ACROSS_FILESYSTEM not set).
2023-08-09 12:27:39.899 [info] > git rev-parse --show-toplevel [1ms]
2023-08-09 12:27:39.899 [info] fatal: not a git repository (or any parent up to mount point /var)
Stopping at filesystem boundary (GIT_DISCOVERY_ACROSS_FILESYSTEM not set).
2023-08-09 12:27:39.899 [info] > git rev-parse --show-toplevel [22ms]
2023-08-09 12:27:39.899 [info] fatal: not a git repository (or any parent up to mount point /var)
Stopping at filesystem boundary (GIT_DISCOVERY_ACROSS_FILESYSTEM not set).
2023-08-09 12:27:39.899 [info] > git rev-parse --show-toplevel [26ms]
2023-08-09 12:27:39.899 [info] fatal: not a git repository (or any parent up to mount point /var)
Stopping at filesystem boundary (GIT_DISCOVERY_ACROSS_FILESYSTEM not set).
2023-08-09 12:28:59.633 [info] > git rev-parse --show-toplevel [87ms]
2023-08-09 12:28:59.644 [info] > git rev-parse --git-dir --git-common-dir [3ms]
2023-08-09 12:28:59.659 [info] Open repository: /var/www/html/webAppDev/WebDev-Examples original
2023-08-09 12:28:59.676 [info] > git config --get commit.template [8ms]
2023-08-09 12:28:59.725 [info] > git for-each-ref --format=%(refname)%00%(upstream:short)%00%(objectname)%00%(upstream:track)%00%(upstream:remotename)%00%(upstream:remoteref) refs/heads/master refs/remotes/master [51ms]
2023-08-09 12:28:59.843 [info] > git status -z -uall [111ms]
2023-08-09 12:28:59.870 [info] > git config --get commit.template [11ms]
2023-08-09 12:28:59.876 [info] > git for-each-ref --format=%(refname)%00%(upstream:short)%00%(objectname)%00%(upstream:track)%00%(upstream:remotename)%00%(upstream:remoteref) refs/heads/master refs/remotes/master [10ms]
2023-08-09 12:28:59.927 [info] > git status -z -uall [45ms]
2023-08-09 12:29:00.253 [info] > git check-ignore -v -z --stdin [4ms]
2023-08-09 12:29:00.309 [info] > git show --textconv :week3/personal-details/index.html [9ms]
2023-08-09 12:29:00.310 [info] > git ls-files --stage -- /var/www/html/webAppDev/WebDev-Examples original/week3/personal-details/index.html [3ms]
2023-08-09 12:29:00.350 [info] > git cat-file -s 9193b0002bf107d90110a962566b4bca92aab815 [33ms]
2023-08-09 12:29:34.894 [info] > git show --textconv :week3/personal-details/show_details.php [9ms]
2023-08-09 12:29:34.896 [info] > git ls-files --stage -- /var/www/html/webAppDev/WebDev-Examples original/week3/personal-details/show_details.php [3ms]
2023-08-09 12:29:34.906 [info] > git cat-file -s 2ddbb40632c4ec26181bacd4e69ad38b3b0d53e4 [3ms]
2023-08-09 12:29:51.740 [info] > git show --textconv :week3/personal-details/show.php [6ms]
2023-08-09 12:29:51.742 [info] > git ls-files --stage -- /var/www/html/webAppDev/WebDev-Examples original/week3/personal-details/show.php [2ms]
2023-08-09 12:29:51.751 [info] > git cat-file -s 5eb8b3b1bcda77af3f39d6d0ed3b4f441de03fab [4ms]
2023-08-09 12:30:12.634 [info] > git ls-files --stage -- /var/www/html/webAppDev/WebDev-Examples original/week3/personal-details/show_details.php [3ms]
2023-08-09 12:30:12.641 [info] > git show --textconv :week3/personal-details/show_details.php [16ms]
2023-08-09 12:30:12.643 [info] > git cat-file -s 2ddbb40632c4ec26181bacd4e69ad38b3b0d53e4 [3ms]
2023-08-09 12:34:50.313 [info] > git rev-parse --show-toplevel [4ms]
2023-08-09 12:34:50.313 [info] fatal: not a git repository (or any parent up to mount point /var)
Stopping at filesystem boundary (GIT_DISCOVERY_ACROSS_FILESYSTEM not set).
2023-08-09 12:35:00.878 [info] > git rev-parse --show-toplevel [6ms]
2023-08-09 12:35:00.879 [info] fatal: not a git repository (or any parent up to mount point /var)
Stopping at filesystem boundary (GIT_DISCOVERY_ACROSS_FILESYSTEM not set).
2023-08-09 12:42:22.218 [info] > git rev-parse --show-toplevel [6ms]
2023-08-09 12:42:22.219 [info] fatal: not a git repository (or any parent up to mount point /var)
Stopping at filesystem boundary (GIT_DISCOVERY_ACROSS_FILESYSTEM not set).
2023-08-09 12:42:23.161 [info] > git rev-parse --show-toplevel [3ms]
2023-08-09 12:42:23.161 [info] fatal: not a git repository (or any parent up to mount point /var)
Stopping at filesystem boundary (GIT_DISCOVERY_ACROSS_FILESYSTEM not set).
2023-08-09 12:42:30.495 [info] > git rev-parse --show-toplevel [5ms]
2023-08-09 12:42:30.495 [info] fatal: not a git repository (or any parent up to mount point /var)
Stopping at filesystem boundary (GIT_DISCOVERY_ACROSS_FILESYSTEM not set).
2023-08-09 12:42:32.294 [info] > git rev-parse --show-toplevel [1ms]
2023-08-09 12:42:32.294 [info] fatal: not a git repository (or any parent up to mount point /var)
Stopping at filesystem boundary (GIT_DISCOVERY_ACROSS_FILESYSTEM not set).
2023-08-09 12:44:14.514 [info] > git rev-parse --show-toplevel [8ms]
2023-08-09 12:44:14.514 [info] fatal: not a git repository (or any parent up to mount point /var)
Stopping at filesystem boundary (GIT_DISCOVERY_ACROSS_FILESYSTEM not set).
2023-08-09 12:44:41.938 [info] > git rev-parse --show-toplevel [7ms]
2023-08-09 12:44:41.939 [info] fatal: not a git repository (or any parent up to mount point /var)
Stopping at filesystem boundary (GIT_DISCOVERY_ACROSS_FILESYSTEM not set).
2023-08-09 12:44:59.889 [info] > git rev-parse --show-toplevel [5ms]
2023-08-09 12:44:59.889 [info] fatal: not a git repository (or any parent up to mount point /var)
Stopping at filesystem boundary (GIT_DISCOVERY_ACROSS_FILESYSTEM not set).
2023-08-09 12:45:02.066 [info] > git rev-parse --show-toplevel [5ms]
2023-08-09 12:45:02.066 [info] fatal: not a git repository (or any parent up to mount point /var)
Stopping at filesystem boundary (GIT_DISCOVERY_ACROSS_FILESYSTEM not set).
2023-08-09 12:55:41.960 [info] > git ls-files --stage -- /var/www/html/webAppDev/WebDev-Examples original/week3/personal-details/index.html [4ms]
2023-08-09 12:55:41.992 [info] > git cat-file -s 9193b0002bf107d90110a962566b4bca92aab815 [25ms]
2023-08-09 12:55:41.993 [info] > git show --textconv :week3/personal-details/index.html [46ms]
2023-08-09 13:15:40.479 [info] > git ls-files --stage -- /var/www/html/webAppDev/WebDev-Examples original/week3/personal-details/show_details.php [2ms]
2023-08-09 13:15:40.491 [info] > git cat-file -s 2ddbb40632c4ec26181bacd4e69ad38b3b0d53e4 [7ms]
2023-08-09 13:15:40.492 [info] > git show --textconv :week3/personal-details/show_details.php [22ms]
2023-08-09 13:16:02.061 [info] > git show --textconv :week3/personal-details/show.php [7ms]
2023-08-09 13:16:02.063 [info] > git ls-files --stage -- /var/www/html/webAppDev/WebDev-Examples original/week3/personal-details/show.php [2ms]
2023-08-09 13:16:02.071 [info] > git cat-file -s 5eb8b3b1bcda77af3f39d6d0ed3b4f441de03fab [4ms]
2023-08-09 13:18:22.572 [info] > git rev-parse --show-toplevel [2ms]
2023-08-09 13:18:22.573 [info] fatal: not a git repository (or any parent up to mount point /var)
Stopping at filesystem boundary (GIT_DISCOVERY_ACROSS_FILESYSTEM not set).
2023-08-09 13:18:26.498 [info] > git rev-parse --show-toplevel [6ms]
2023-08-09 13:18:26.498 [info] fatal: not a git repository (or any parent up to mount point /var)
Stopping at filesystem boundary (GIT_DISCOVERY_ACROSS_FILESYSTEM not set).
2023-08-09 13:20:28.552 [info] > git rev-parse --show-toplevel [5ms]
2023-08-09 13:20:28.552 [info] fatal: not a git repository (or any parent up to mount point /var)
Stopping at filesystem boundary (GIT_DISCOVERY_ACROSS_FILESYSTEM not set).
2023-08-09 13:20:34.492 [info] > git rev-parse --show-toplevel [5ms]
2023-08-09 13:20:34.492 [info] fatal: not a git repository (or any parent up to mount point /var)
Stopping at filesystem boundary (GIT_DISCOVERY_ACROSS_FILESYSTEM not set).
2023-08-09 13:20:35.127 [info] > git rev-parse --show-toplevel [2ms]
2023-08-09 13:20:35.127 [info] fatal: not a git repository (or any parent up to mount point /var)
Stopping at filesystem boundary (GIT_DISCOVERY_ACROSS_FILESYSTEM not set).
2023-08-09 13:20:37.666 [info] > git rev-parse --show-toplevel [6ms]
2023-08-09 13:20:37.666 [info] fatal: not a git repository (or any parent up to mount point /var)
Stopping at filesystem boundary (GIT_DISCOVERY_ACROSS_FILESYSTEM not set).
2023-08-09 13:20:54.613 [info] > git rev-parse --show-toplevel [6ms]
2023-08-09 13:20:54.613 [info] fatal: not a git repository (or any parent up to mount point /var)
Stopping at filesystem boundary (GIT_DISCOVERY_ACROSS_FILESYSTEM not set).
2023-08-09 13:22:14.510 [info] > git rev-parse --show-toplevel [6ms]
2023-08-09 13:22:14.510 [info] fatal: not a git repository (or any parent up to mount point /var)
Stopping at filesystem boundary (GIT_DISCOVERY_ACROSS_FILESYSTEM not set).
2023-08-09 13:22:16.078 [info] > git rev-parse --show-toplevel [4ms]
2023-08-09 13:22:16.078 [info] fatal: not a git repository (or any parent up to mount point /var)
Stopping at filesystem boundary (GIT_DISCOVERY_ACROSS_FILESYSTEM not set).
2023-08-09 13:22:21.392 [info] > git rev-parse --show-toplevel [6ms]
2023-08-09 13:22:21.392 [info] fatal: not a git repository (or any parent up to mount point /var)
Stopping at filesystem boundary (GIT_DISCOVERY_ACROSS_FILESYSTEM not set).
2023-08-09 13:29:22.028 [info] > git rev-parse --show-toplevel [2ms]
2023-08-09 13:29:22.028 [info] fatal: not a git repository (or any parent up to mount point /var)
Stopping at filesystem boundary (GIT_DISCOVERY_ACROSS_FILESYSTEM not set).
2023-08-09 13:29:30.915 [info] > git rev-parse --show-toplevel [2ms]
2023-08-09 13:29:30.915 [info] fatal: not a git repository (or any parent up to mount point /var)
Stopping at filesystem boundary (GIT_DISCOVERY_ACROSS_FILESYSTEM not set).
2023-08-09 13:37:03.813 [info] > git rev-parse --show-toplevel [2ms]
2023-08-09 13:37:03.814 [info] fatal: not a git repository (or any parent up to mount point /var)
Stopping at filesystem boundary (GIT_DISCOVERY_ACROSS_FILESYSTEM not set).
2023-08-09 13:37:04.974 [info] > git rev-parse --show-toplevel [2ms]
2023-08-09 13:37:04.974 [info] fatal: not a git repository (or any parent up to mount point /var)
Stopping at filesystem boundary (GIT_DISCOVERY_ACROSS_FILESYSTEM not set).
2023-08-09 13:37:05.898 [info] > git rev-parse --show-toplevel [2ms]
2023-08-09 13:37:05.898 [info] fatal: not a git repository (or any parent up to mount point /var)
Stopping at filesystem boundary (GIT_DISCOVERY_ACROSS_FILESYSTEM not set).
2023-08-09 13:37:06.775 [info] > git rev-parse --show-toplevel [2ms]
2023-08-09 13:37:06.775 [info] fatal: not a git repository (or any parent up to mount point /var)
Stopping at filesystem boundary (GIT_DISCOVERY_ACROSS_FILESYSTEM not set).
2023-08-09 13:37:14.658 [info] > git rev-parse --show-toplevel [1ms]
2023-08-09 13:37:14.661 [info] fatal: not a git repository (or any parent up to mount point /var)
Stopping at filesystem boundary (GIT_DISCOVERY_ACROSS_FILESYSTEM not set).
2023-08-09 13:37:18.990 [info] > git rev-parse --show-toplevel [2ms]
2023-08-09 13:37:18.991 [info] fatal: not a git repository (or any parent up to mount point /var)
Stopping at filesystem boundary (GIT_DISCOVERY_ACROSS_FILESYSTEM not set).
2023-08-09 13:42:56.099 [info] > git rev-parse --show-toplevel [7ms]
2023-08-09 13:42:56.099 [info] fatal: not a git repository (or any parent up to mount point /var)
Stopping at filesystem boundary (GIT_DISCOVERY_ACROSS_FILESYSTEM not set).
2023-08-09 13:43:06.426 [info] > git rev-parse --show-toplevel [6ms]
2023-08-09 13:43:06.426 [info] fatal: not a git repository (or any parent up to mount point /var)
Stopping at filesystem boundary (GIT_DISCOVERY_ACROSS_FILESYSTEM not set).
2023-08-09 13:43:34.529 [info] > git rev-parse --show-toplevel [7ms]
2023-08-09 13:43:34.530 [info] fatal: not a git repository (or any parent up to mount point /var)
Stopping at filesystem boundary (GIT_DISCOVERY_ACROSS_FILESYSTEM not set).
2023-08-09 13:43:39.255 [info] > git rev-parse --show-toplevel [5ms]
2023-08-09 13:43:39.256 [info] fatal: not a git repository (or any parent up to mount point /var)
Stopping at filesystem boundary (GIT_DISCOVERY_ACROSS_FILESYSTEM not set).
2023-08-09 13:43:56.424 [info] > git rev-parse --show-toplevel [6ms]
2023-08-09 13:43:56.425 [info] fatal: not a git repository (or any parent up to mount point /var)
Stopping at filesystem boundary (GIT_DISCOVERY_ACROSS_FILESYSTEM not set).
2023-08-09 13:56:04.479 [info] > git rev-parse --show-toplevel [2ms]
2023-08-09 13:56:04.479 [info] fatal: not a git repository (or any parent up to mount point /var)
Stopping at filesystem boundary (GIT_DISCOVERY_ACROSS_FILESYSTEM not set).
2023-08-09 13:56:17.196 [info] > git rev-parse --show-toplevel [2ms]
2023-08-09 13:56:17.196 [info] fatal: not a git repository (or any parent up to mount point /var)
Stopping at filesystem boundary (GIT_DISCOVERY_ACROSS_FILESYSTEM not set).
2023-08-09 14:01:59.340 [info] > git rev-parse --show-toplevel [9ms]
2023-08-09 14:01:59.341 [info] fatal: not a git repository (or any parent up to mount point /var)
Stopping at filesystem boundary (GIT_DISCOVERY_ACROSS_FILESYSTEM not set).
2023-08-09 14:02:00.408 [info] > git rev-parse --show-toplevel [6ms]
2023-08-09 14:02:00.408 [info] fatal: not a git repository (or any parent up to mount point /var)
Stopping at filesystem boundary (GIT_DISCOVERY_ACROSS_FILESYSTEM not set).
2023-08-09 14:03:52.944 [info] > git rev-parse --show-toplevel [4ms]
2023-08-09 14:03:52.944 [info] fatal: not a git repository (or any parent up to mount point /var)
Stopping at filesystem boundary (GIT_DISCOVERY_ACROSS_FILESYSTEM not set).
2023-08-09 14:17:16.239 [info] > git rev-parse --show-toplevel [6ms]
2023-08-09 14:17:16.239 [info] fatal: not a git repository (or any parent up to mount point /var)
Stopping at filesystem boundary (GIT_DISCOVERY_ACROSS_FILESYSTEM not set).
